[0.492s] Invoking command in '/home/hikari/ROScribe/ros_ws/src/build/action_msgs': AMENT_PREFIX_PATH=/home/hikari/ROScribe/ros_ws/src/install/unique_identifier_msgs:/home/hikari/ROScribe/ros_ws/src/install/builtin_interfaces:/home/hikari/ROScribe/ros_ws/src/install/rosidl_default_runtime:/home/hikari/ROScribe/ros_ws/src/install/rosidl_default_generators:/home/hikari/ROScribe/ros_ws/src/install/rosidl_generator_rs:/home/hikari/ROScribe/ros_ws/src/install/rosidl_runtime_rs:${AMENT_PREFIX_PATH} CMAKE_PREFIX_PATH=/home/hikari/ROScribe/ros_ws/src/install/unique_identifier_msgs:/home/hikari/ROScribe/ros_ws/src/install/builtin_interfaces:/home/hikari/ROScribe/ros_ws/src/install/rosidl_default_runtime:/home/hikari/ROScribe/ros_ws/src/install/rosidl_default_generators:/home/hikari/ROScribe/ros_ws/src/install/rosidl_generator_rs:/opt/ros/humble LD_LIBRARY_PATH=/home/hikari/ROScribe/ros_ws/src/install/unique_identifier_msgs/lib:/home/hikari/ROScribe/ros_ws/src/install/builtin_interfaces/lib:${LD_LIBRARY_PATH} PYTHONPATH=/home/hikari/ROScribe/ros_ws/src/install/unique_identifier_msgs/local/lib/python3.10/dist-packages:/home/hikari/ROScribe/ros_ws/src/install/builtin_interfaces/local/lib/python3.10/dist-packages:/home/hikari/ROScribe/ros_ws/src/install/rosidl_generator_rs/local/lib/python3.10/dist-packages:${PYTHONPATH} /usr/local/bin/cmake /home/hikari/ROScribe/ros_ws/src/ros2/rcl_interfaces/action_msgs -DCMAKE_INSTALL_PREFIX=/home/hikari/ROScribe/ros_ws/src/install/action_msgs
[0.764s] -- The C compiler identification is GNU 11.4.0
[1.155s] -- The CXX compiler identification is GNU 11.4.0
[1.266s] -- Detecting C compiler ABI info
[1.399s] -- Detecting C compiler ABI info - done
[1.427s] -- Check for working C compiler: /usr/lib/ccache/cc - skipped
[1.428s] -- Detecting C compile features
[1.429s] -- Detecting C compile features - done
[1.440s] -- Detecting CXX compiler ABI info
[1.612s] -- Detecting CXX compiler ABI info - done
[1.638s] -- Check for working CXX compiler: /usr/lib/ccache/c++ - skipped
[1.638s] -- Detecting CXX compile features
[1.639s] -- Detecting CXX compile features - done
[1.652s] -- Found ament_cmake: 1.3.5 (/opt/ros/humble/share/ament_cmake/cmake)
[4.657s] -- Found Python3: /usr/bin/python3.10 (found version "3.10.12") found components: Interpreter 
[4.993s] -- Found builtin_interfaces: 1.2.1 (/home/hikari/ROScribe/ros_ws/src/install/builtin_interfaces/share/builtin_interfaces/cmake)
[5.278s] -- Found rosidl_generator_c: 3.1.5 (/opt/ros/humble/share/rosidl_generator_c/cmake)
[5.297s] -- Found rosidl_adapter: 3.1.5 (/opt/ros/humble/share/rosidl_adapter/cmake)
[5.332s] -- Found rosidl_generator_cpp: 3.1.5 (/opt/ros/humble/share/rosidl_generator_cpp/cmake)
[5.377s] -- Using all available rosidl_typesupport_c: rosidl_typesupport_fastrtps_c;rosidl_typesupport_introspection_c
[5.433s] -- Using all available rosidl_typesupport_cpp: rosidl_typesupport_fastrtps_cpp;rosidl_typesupport_introspection_cpp
[5.497s] -- Found rosidl_default_generators: 1.2.0 (/home/hikari/ROScribe/ros_ws/src/install/rosidl_default_generators/share/rosidl_default_generators/cmake)
[5.525s] -- Found unique_identifier_msgs: 2.2.1 (/home/hikari/ROScribe/ros_ws/src/install/unique_identifier_msgs/share/unique_identifier_msgs/cmake)
[6.226s] -- Found ament_cmake_cppcheck: 0.12.8 (/opt/ros/humble/share/ament_cmake_cppcheck/cmake)
[6.232s] -- Found ament_cmake_cpplint: 0.12.8 (/opt/ros/humble/share/ament_cmake_cpplint/cmake)
[6.246s] -- Found ament_cmake_uncrustify: 0.12.8 (/opt/ros/humble/share/ament_cmake_uncrustify/cmake)
[6.256s] -- Found ament_cmake_ros: 0.10.0 (/opt/ros/humble/share/ament_cmake_ros/cmake)
[6.891s] -- Using all available rosidl_typesupport_c: rosidl_typesupport_fastrtps_c;rosidl_typesupport_introspection_c
[7.094s] -- Using all available rosidl_typesupport_cpp: rosidl_typesupport_fastrtps_cpp;rosidl_typesupport_introspection_cpp
[7.112s] -- Found rmw_implementation_cmake: 6.1.1 (/opt/ros/humble/share/rmw_implementation_cmake/cmake)
[8.211s] -- Found OpenSSL: /usr/lib/x86_64-linux-gnu/libcrypto.so (found version "3.0.2")  
[8.969s] -- Found FastRTPS: /opt/ros/humble/include  
[10.304s] -- Found PythonInterp: /usr/bin/python3 (found suitable version "3.10.12", minimum required is "3.6") 
[10.308s] -- Found python_cmake_module: 0.10.0 (/opt/ros/humble/share/python_cmake_module/cmake)
[10.503s] -- Found PythonLibs: /usr/lib/x86_64-linux-gnu/libpython3.10.so (found suitable version "3.10.12", minimum required is "3.5") 
[10.504s] -- Using PYTHON_EXECUTABLE: /usr/bin/python3
[10.504s] -- Using PYTHON_INCLUDE_DIRS: /usr/include/python3.10
[10.504s] -- Using PYTHON_LIBRARIES: /usr/lib/x86_64-linux-gnu/libpython3.10.so
[10.585s] -- Found PythonExtra: .so  
[10.774s] -- Found ament_cmake_flake8: 0.12.8 (/opt/ros/humble/share/ament_cmake_flake8/cmake)
[10.787s] -- Found ament_cmake_pep257: 0.12.8 (/opt/ros/humble/share/ament_cmake_pep257/cmake)
[10.803s] -- Found ament_lint_auto: 0.12.8 (/opt/ros/humble/share/ament_lint_auto/cmake)
[10.873s] -- Added test 'copyright' to check source files copyright and LICENSE
[10.876s] -- Added test 'lint_cmake' to check CMake code style
[10.880s] -- Added test 'xmllint' to check XML markup files
[10.900s] -- Configuring done
[11.145s] -- Generating done
[11.157s] -- Build files have been written to: /home/hikari/ROScribe/ros_ws/src/build/action_msgs
[11.371s] Invoked command in '/home/hikari/ROScribe/ros_ws/src/build/action_msgs' returned '0': AMENT_PREFIX_PATH=/home/hikari/ROScribe/ros_ws/src/install/unique_identifier_msgs:/home/hikari/ROScribe/ros_ws/src/install/builtin_interfaces:/home/hikari/ROScribe/ros_ws/src/install/rosidl_default_runtime:/home/hikari/ROScribe/ros_ws/src/install/rosidl_default_generators:/home/hikari/ROScribe/ros_ws/src/install/rosidl_generator_rs:/home/hikari/ROScribe/ros_ws/src/install/rosidl_runtime_rs:${AMENT_PREFIX_PATH} CMAKE_PREFIX_PATH=/home/hikari/ROScribe/ros_ws/src/install/unique_identifier_msgs:/home/hikari/ROScribe/ros_ws/src/install/builtin_interfaces:/home/hikari/ROScribe/ros_ws/src/install/rosidl_default_runtime:/home/hikari/ROScribe/ros_ws/src/install/rosidl_default_generators:/home/hikari/ROScribe/ros_ws/src/install/rosidl_generator_rs:/opt/ros/humble LD_LIBRARY_PATH=/home/hikari/ROScribe/ros_ws/src/install/unique_identifier_msgs/lib:/home/hikari/ROScribe/ros_ws/src/install/builtin_interfaces/lib:${LD_LIBRARY_PATH} PYTHONPATH=/home/hikari/ROScribe/ros_ws/src/install/unique_identifier_msgs/local/lib/python3.10/dist-packages:/home/hikari/ROScribe/ros_ws/src/install/builtin_interfaces/local/lib/python3.10/dist-packages:/home/hikari/ROScribe/ros_ws/src/install/rosidl_generator_rs/local/lib/python3.10/dist-packages:${PYTHONPATH} /usr/local/bin/cmake /home/hikari/ROScribe/ros_ws/src/ros2/rcl_interfaces/action_msgs -DCMAKE_INSTALL_PREFIX=/home/hikari/ROScribe/ros_ws/src/install/action_msgs
[11.385s] Invoking command in '/home/hikari/ROScribe/ros_ws/src/build/action_msgs': AMENT_PREFIX_PATH=/home/hikari/ROScribe/ros_ws/src/install/unique_identifier_msgs:/home/hikari/ROScribe/ros_ws/src/install/builtin_interfaces:/home/hikari/ROScribe/ros_ws/src/install/rosidl_default_runtime:/home/hikari/ROScribe/ros_ws/src/install/rosidl_default_generators:/home/hikari/ROScribe/ros_ws/src/install/rosidl_generator_rs:/home/hikari/ROScribe/ros_ws/src/install/rosidl_runtime_rs:${AMENT_PREFIX_PATH} CMAKE_PREFIX_PATH=/home/hikari/ROScribe/ros_ws/src/install/unique_identifier_msgs:/home/hikari/ROScribe/ros_ws/src/install/builtin_interfaces:/home/hikari/ROScribe/ros_ws/src/install/rosidl_default_runtime:/home/hikari/ROScribe/ros_ws/src/install/rosidl_default_generators:/home/hikari/ROScribe/ros_ws/src/install/rosidl_generator_rs:/opt/ros/humble LD_LIBRARY_PATH=/home/hikari/ROScribe/ros_ws/src/install/unique_identifier_msgs/lib:/home/hikari/ROScribe/ros_ws/src/install/builtin_interfaces/lib:${LD_LIBRARY_PATH} PYTHONPATH=/home/hikari/ROScribe/ros_ws/src/install/unique_identifier_msgs/local/lib/python3.10/dist-packages:/home/hikari/ROScribe/ros_ws/src/install/builtin_interfaces/local/lib/python3.10/dist-packages:/home/hikari/ROScribe/ros_ws/src/install/rosidl_generator_rs/local/lib/python3.10/dist-packages:${PYTHONPATH} /usr/local/bin/cmake --build /home/hikari/ROScribe/ros_ws/src/build/action_msgs -- -j8 -l8
[11.853s] [  1%] [34m[1mGenerating Rust code for ROS interfaces[0m
[13.193s] [  1%] Built target action_msgs__rs
[13.213s] [  1%] Built target ament_cmake_python_copy_action_msgs
[13.232s] [  3%] [34m[1mGenerating C++ code for ROS interfaces[0m
[15.262s] [  3%] Built target action_msgs__cpp
[16.092s] running egg_info
[16.095s] creating action_msgs.egg-info
[16.168s] writing action_msgs.egg-info/PKG-INFO
[16.170s] writing dependency_links to action_msgs.egg-info/dependency_links.txt
[16.172s] writing top-level names to action_msgs.egg-info/top_level.txt
[16.173s] writing manifest file 'action_msgs.egg-info/SOURCES.txt'
[16.402s] reading manifest file 'action_msgs.egg-info/SOURCES.txt'
[16.404s] writing manifest file 'action_msgs.egg-info/SOURCES.txt'
[16.464s] [  3%] Built target ament_cmake_python_build_action_msgs_egg
[16.477s] [  5%] [34m[1mGenerating C++ type support dispatch for ROS interfaces[0m
[18.227s] [  7%] [32mBuilding CXX object CMakeFiles/action_msgs__rosidl_typesupport_cpp.dir/rosidl_typesupport_cpp/action_msgs/msg/goal_info__type_support.cpp.o[0m
[19.211s] [  8%] [32mBuilding CXX object CMakeFiles/action_msgs__rosidl_typesupport_cpp.dir/rosidl_typesupport_cpp/action_msgs/srv/cancel_goal__type_support.cpp.o[0m
[20.268s] [ 10%] [32mBuilding CXX object CMakeFiles/action_msgs__rosidl_typesupport_cpp.dir/rosidl_typesupport_cpp/action_msgs/msg/goal_status_array__type_support.cpp.o[0m
[21.141s] [ 12%] [32mBuilding CXX object CMakeFiles/action_msgs__rosidl_typesupport_cpp.dir/rosidl_typesupport_cpp/action_msgs/msg/goal_status__type_support.cpp.o[0m
[22.126s] [ 14%] [32m[1mLinking CXX shared library libaction_msgs__rosidl_typesupport_cpp.so[0m
[22.219s] [ 14%] Built target action_msgs__rosidl_typesupport_cpp
[22.229s] [ 16%] [34m[1mGenerating C++ introspection for ROS interfaces[0m
[24.164s] [ 17%] [32mBuilding CXX object CMakeFiles/action_msgs__rosidl_typesupport_introspection_cpp.dir/rosidl_typesupport_introspection_cpp/action_msgs/msg/detail/goal_info__type_support.cpp.o[0m
[25.596s] [ 19%] [32mBuilding CXX object CMakeFiles/action_msgs__rosidl_typesupport_introspection_cpp.dir/rosidl_typesupport_introspection_cpp/action_msgs/srv/detail/cancel_goal__type_support.cpp.o[0m
[27.002s] [ 21%] [32mBuilding CXX object CMakeFiles/action_msgs__rosidl_typesupport_introspection_cpp.dir/rosidl_typesupport_introspection_cpp/action_msgs/msg/detail/goal_status_array__type_support.cpp.o[0m
[28.299s] [ 23%] [32mBuilding CXX object CMakeFiles/action_msgs__rosidl_typesupport_introspection_cpp.dir/rosidl_typesupport_introspection_cpp/action_msgs/msg/detail/goal_status__type_support.cpp.o[0m
[29.461s] [ 25%] [32m[1mLinking CXX shared library libaction_msgs__rosidl_typesupport_introspection_cpp.so[0m
[29.716s] [ 25%] Built target action_msgs__rosidl_typesupport_introspection_cpp
[29.721s] [ 26%] [34m[1mGenerating C++ type support for eProsima Fast-RTPS[0m
[31.862s] [ 28%] [32mBuilding CXX object CMakeFiles/action_msgs__rosidl_typesupport_fastrtps_cpp.dir/rosidl_typesupport_fastrtps_cpp/action_msgs/msg/detail/dds_fastrtps/goal_info__type_support.cpp.o[0m
[31.883s] [ 30%] [32mBuilding CXX object CMakeFiles/action_msgs__rosidl_typesupport_fastrtps_cpp.dir/rosidl_typesupport_fastrtps_cpp/action_msgs/msg/detail/dds_fastrtps/goal_status__type_support.cpp.o[0m
[34.212s] [ 32%] [32mBuilding CXX object CMakeFiles/action_msgs__rosidl_typesupport_fastrtps_cpp.dir/rosidl_typesupport_fastrtps_cpp/action_msgs/srv/detail/dds_fastrtps/cancel_goal__type_support.cpp.o[0m
[34.294s] [ 33%] [32mBuilding CXX object CMakeFiles/action_msgs__rosidl_typesupport_fastrtps_cpp.dir/rosidl_typesupport_fastrtps_cpp/action_msgs/msg/detail/dds_fastrtps/goal_status_array__type_support.cpp.o[0m
[37.669s] [ 35%] [32m[1mLinking CXX shared library libaction_msgs__rosidl_typesupport_fastrtps_cpp.so[0m
[37.919s] [ 35%] Built target action_msgs__rosidl_typesupport_fastrtps_cpp
[37.928s] [ 37%] [34m[1mGenerating C code for ROS interfaces[0m
[40.122s] [ 39%] [32mBuilding C object CMakeFiles/action_msgs__rosidl_generator_c.dir/rosidl_generator_c/action_msgs/msg/detail/goal_info__functions.c.o[0m
[40.265s] [ 41%] [32mBuilding C object CMakeFiles/action_msgs__rosidl_generator_c.dir/rosidl_generator_c/action_msgs/srv/detail/cancel_goal__functions.c.o[0m
[40.427s] [ 42%] [32mBuilding C object CMakeFiles/action_msgs__rosidl_generator_c.dir/rosidl_generator_c/action_msgs/msg/detail/goal_status_array__functions.c.o[0m
[40.571s] [ 44%] [32mBuilding C object CMakeFiles/action_msgs__rosidl_generator_c.dir/rosidl_generator_c/action_msgs/msg/detail/goal_status__functions.c.o[0m
[40.706s] [ 46%] [32m[1mLinking C shared library libaction_msgs__rosidl_generator_c.so[0m
[40.833s] [ 46%] Built target action_msgs__rosidl_generator_c
[40.843s] [ 48%] [34m[1mGenerating C type support for eProsima Fast-RTPS[0m
[42.713s] [ 50%] [32mBuilding CXX object CMakeFiles/action_msgs__rosidl_typesupport_fastrtps_c.dir/rosidl_typesupport_fastrtps_c/action_msgs/msg/detail/goal_info__type_support_c.cpp.o[0m
[43.888s] [ 51%] [32mBuilding CXX object CMakeFiles/action_msgs__rosidl_typesupport_fastrtps_c.dir/rosidl_typesupport_fastrtps_c/action_msgs/srv/detail/cancel_goal__type_support_c.cpp.o[0m
[45.049s] [ 53%] [32mBuilding CXX object CMakeFiles/action_msgs__rosidl_typesupport_fastrtps_c.dir/rosidl_typesupport_fastrtps_c/action_msgs/msg/detail/goal_status_array__type_support_c.cpp.o[0m
[46.122s] [ 55%] [32mBuilding CXX object CMakeFiles/action_msgs__rosidl_typesupport_fastrtps_c.dir/rosidl_typesupport_fastrtps_c/action_msgs/msg/detail/goal_status__type_support_c.cpp.o[0m
[47.116s] [ 57%] [32m[1mLinking CXX shared library libaction_msgs__rosidl_typesupport_fastrtps_c.so[0m
[47.342s] [ 57%] Built target action_msgs__rosidl_typesupport_fastrtps_c
[47.350s] [ 58%] [34m[1mGenerating C type support dispatch for ROS interfaces[0m
[48.907s] [ 60%] [32mBuilding CXX object CMakeFiles/action_msgs__rosidl_typesupport_c.dir/rosidl_typesupport_c/action_msgs/msg/goal_info__type_support.cpp.o[0m
[48.995s] [ 62%] [32mBuilding CXX object CMakeFiles/action_msgs__rosidl_typesupport_c.dir/rosidl_typesupport_c/action_msgs/srv/cancel_goal__type_support.cpp.o[0m
[49.081s] [ 64%] [32mBuilding CXX object CMakeFiles/action_msgs__rosidl_typesupport_c.dir/rosidl_typesupport_c/action_msgs/msg/goal_status_array__type_support.cpp.o[0m
[49.165s] [ 66%] [32mBuilding CXX object CMakeFiles/action_msgs__rosidl_typesupport_c.dir/rosidl_typesupport_c/action_msgs/msg/goal_status__type_support.cpp.o[0m
[49.242s] [ 67%] [32m[1mLinking CXX shared library libaction_msgs__rosidl_typesupport_c.so[0m
[49.359s] [ 67%] Built target action_msgs__rosidl_typesupport_c
[49.368s] [ 69%] [34m[1mGenerating C introspection for ROS interfaces[0m
[51.058s] [ 71%] [32mBuilding C object CMakeFiles/action_msgs__rosidl_typesupport_introspection_c.dir/rosidl_typesupport_introspection_c/action_msgs/msg/detail/goal_info__type_support.c.o[0m
[51.173s] [ 73%] [32mBuilding C object CMakeFiles/action_msgs__rosidl_typesupport_introspection_c.dir/rosidl_typesupport_introspection_c/action_msgs/srv/detail/cancel_goal__type_support.c.o[0m
[51.284s] [ 75%] [32mBuilding C object CMakeFiles/action_msgs__rosidl_typesupport_introspection_c.dir/rosidl_typesupport_introspection_c/action_msgs/msg/detail/goal_status_array__type_support.c.o[0m
[51.394s] [ 76%] [32mBuilding C object CMakeFiles/action_msgs__rosidl_typesupport_introspection_c.dir/rosidl_typesupport_introspection_c/action_msgs/msg/detail/goal_status__type_support.c.o[0m
[51.495s] [ 78%] [32m[1mLinking C shared library libaction_msgs__rosidl_typesupport_introspection_c.so[0m
[51.595s] [ 78%] Built target action_msgs__rosidl_typesupport_introspection_c
[51.612s] [ 78%] Built target action_msgs
[51.630s] [ 80%] [34m[1mGenerating Python code for ROS interfaces[0m
[54.906s] [ 80%] Built target action_msgs__py
[54.925s] [ 82%] [32mBuilding C object CMakeFiles/action_msgs__rosidl_generator_py.dir/rosidl_generator_py/action_msgs/msg/_goal_info_s.c.o[0m
[55.307s] [ 83%] [32mBuilding C object CMakeFiles/action_msgs__rosidl_generator_py.dir/rosidl_generator_py/action_msgs/srv/_cancel_goal_s.c.o[0m
[55.747s] [ 85%] [32mBuilding C object CMakeFiles/action_msgs__rosidl_generator_py.dir/rosidl_generator_py/action_msgs/msg/_goal_status_array_s.c.o[0m
[56.338s] [ 87%] [32mBuilding C object CMakeFiles/action_msgs__rosidl_generator_py.dir/rosidl_generator_py/action_msgs/msg/_goal_status_s.c.o[0m
[57.141s] [ 89%] [32m[1mLinking C shared library rosidl_generator_py/action_msgs/libaction_msgs__rosidl_generator_py.so[0m
[57.932s] [ 89%] Built target action_msgs__rosidl_generator_py
[57.966s] [ 91%] [32mBuilding C object CMakeFiles/action_msgs__rosidl_typesupport_fastrtps_c__pyext.dir/rosidl_generator_py/action_msgs/_action_msgs_s.ep.rosidl_typesupport_fastrtps_c.c.o[0m
[58.700s] [ 92%] [32m[1mLinking C shared library rosidl_generator_py/action_msgs/action_msgs_s__rosidl_typesupport_fastrtps_c.cpython-310-x86_64-linux-gnu.so[0m
[58.897s] [ 92%] Built target action_msgs__rosidl_typesupport_fastrtps_c__pyext
[58.926s] [ 94%] [32mBuilding C object CMakeFiles/action_msgs__rosidl_typesupport_c__pyext.dir/rosidl_generator_py/action_msgs/_action_msgs_s.ep.rosidl_typesupport_c.c.o[0m
[59.709s] [ 96%] [32m[1mLinking C shared library rosidl_generator_py/action_msgs/action_msgs_s__rosidl_typesupport_c.cpython-310-x86_64-linux-gnu.so[0m
[59.861s] [ 96%] Built target action_msgs__rosidl_typesupport_c__pyext
[59.882s] [ 98%] [32mBuilding C object CMakeFiles/action_msgs__rosidl_typesupport_introspection_c__pyext.dir/rosidl_generator_py/action_msgs/_action_msgs_s.ep.rosidl_typesupport_introspection_c.c.o[0m
[60.391s] [100%] [32m[1mLinking C shared library rosidl_generator_py/action_msgs/action_msgs_s__rosidl_typesupport_introspection_c.cpython-310-x86_64-linux-gnu.so[0m
[60.544s] [100%] Built target action_msgs__rosidl_typesupport_introspection_c__pyext
[60.677s] Invoked command in '/home/hikari/ROScribe/ros_ws/src/build/action_msgs' returned '0': AMENT_PREFIX_PATH=/home/hikari/ROScribe/ros_ws/src/install/unique_identifier_msgs:/home/hikari/ROScribe/ros_ws/src/install/builtin_interfaces:/home/hikari/ROScribe/ros_ws/src/install/rosidl_default_runtime:/home/hikari/ROScribe/ros_ws/src/install/rosidl_default_generators:/home/hikari/ROScribe/ros_ws/src/install/rosidl_generator_rs:/home/hikari/ROScribe/ros_ws/src/install/rosidl_runtime_rs:${AMENT_PREFIX_PATH} CMAKE_PREFIX_PATH=/home/hikari/ROScribe/ros_ws/src/install/unique_identifier_msgs:/home/hikari/ROScribe/ros_ws/src/install/builtin_interfaces:/home/hikari/ROScribe/ros_ws/src/install/rosidl_default_runtime:/home/hikari/ROScribe/ros_ws/src/install/rosidl_default_generators:/home/hikari/ROScribe/ros_ws/src/install/rosidl_generator_rs:/opt/ros/humble LD_LIBRARY_PATH=/home/hikari/ROScribe/ros_ws/src/install/unique_identifier_msgs/lib:/home/hikari/ROScribe/ros_ws/src/install/builtin_interfaces/lib:${LD_LIBRARY_PATH} PYTHONPATH=/home/hikari/ROScribe/ros_ws/src/install/unique_identifier_msgs/local/lib/python3.10/dist-packages:/home/hikari/ROScribe/ros_ws/src/install/builtin_interfaces/local/lib/python3.10/dist-packages:/home/hikari/ROScribe/ros_ws/src/install/rosidl_generator_rs/local/lib/python3.10/dist-packages:${PYTHONPATH} /usr/local/bin/cmake --build /home/hikari/ROScribe/ros_ws/src/build/action_msgs -- -j8 -l8
[61.051s] Invoking command in '/home/hikari/ROScribe/ros_ws/src/build/action_msgs': AMENT_PREFIX_PATH=/home/hikari/ROScribe/ros_ws/src/install/unique_identifier_msgs:/home/hikari/ROScribe/ros_ws/src/install/builtin_interfaces:/home/hikari/ROScribe/ros_ws/src/install/rosidl_default_runtime:/home/hikari/ROScribe/ros_ws/src/install/rosidl_default_generators:/home/hikari/ROScribe/ros_ws/src/install/rosidl_generator_rs:/home/hikari/ROScribe/ros_ws/src/install/rosidl_runtime_rs:${AMENT_PREFIX_PATH} CMAKE_PREFIX_PATH=/home/hikari/ROScribe/ros_ws/src/install/unique_identifier_msgs:/home/hikari/ROScribe/ros_ws/src/install/builtin_interfaces:/home/hikari/ROScribe/ros_ws/src/install/rosidl_default_runtime:/home/hikari/ROScribe/ros_ws/src/install/rosidl_default_generators:/home/hikari/ROScribe/ros_ws/src/install/rosidl_generator_rs:/opt/ros/humble LD_LIBRARY_PATH=/home/hikari/ROScribe/ros_ws/src/install/unique_identifier_msgs/lib:/home/hikari/ROScribe/ros_ws/src/install/builtin_interfaces/lib:${LD_LIBRARY_PATH} PYTHONPATH=/home/hikari/ROScribe/ros_ws/src/install/unique_identifier_msgs/local/lib/python3.10/dist-packages:/home/hikari/ROScribe/ros_ws/src/install/builtin_interfaces/local/lib/python3.10/dist-packages:/home/hikari/ROScribe/ros_ws/src/install/rosidl_generator_rs/local/lib/python3.10/dist-packages:${PYTHONPATH} /usr/local/bin/cmake --install /home/hikari/ROScribe/ros_ws/src/build/action_msgs
[61.156s] -- Install configuration: ""
[61.158s] -- Installing: /home/hikari/ROScribe/ros_ws/src/install/action_msgs/share/ament_index/resource_index/rosidl_interfaces/action_msgs
[61.159s] -- Installing: /home/hikari/ROScribe/ros_ws/src/install/action_msgs/include/action_msgs/action_msgs
[61.159s] -- Installing: /home/hikari/ROScribe/ros_ws/src/install/action_msgs/include/action_msgs/action_msgs/srv
[61.160s] -- Installing: /home/hikari/ROScribe/ros_ws/src/install/action_msgs/include/action_msgs/action_msgs/srv/cancel_goal.h
[61.160s] -- Installing: /home/hikari/ROScribe/ros_ws/src/install/action_msgs/include/action_msgs/action_msgs/srv/detail
[61.160s] -- Installing: /home/hikari/ROScribe/ros_ws/src/install/action_msgs/include/action_msgs/action_msgs/srv/detail/cancel_goal__functions.h
[61.160s] -- Installing: /home/hikari/ROScribe/ros_ws/src/install/action_msgs/include/action_msgs/action_msgs/srv/detail/cancel_goal__type_support.h
[61.161s] -- Installing: /home/hikari/ROScribe/ros_ws/src/install/action_msgs/include/action_msgs/action_msgs/srv/detail/cancel_goal__functions.c
[61.161s] -- Installing: /home/hikari/ROScribe/ros_ws/src/install/action_msgs/include/action_msgs/action_msgs/srv/detail/cancel_goal__struct.h
[61.163s] -- Installing: /home/hikari/ROScribe/ros_ws/src/install/action_msgs/include/action_msgs/action_msgs/msg
[61.163s] -- Installing: /home/hikari/ROScribe/ros_ws/src/install/action_msgs/include/action_msgs/action_msgs/msg/goal_status.h
[61.163s] -- Installing: /home/hikari/ROScribe/ros_ws/src/install/action_msgs/include/action_msgs/action_msgs/msg/goal_info.h
[61.164s] -- Installing: /home/hikari/ROScribe/ros_ws/src/install/action_msgs/include/action_msgs/action_msgs/msg/goal_status_array.h
[61.165s] -- Installing: /home/hikari/ROScribe/ros_ws/src/install/action_msgs/include/action_msgs/action_msgs/msg/rosidl_generator_c__visibility_control.h
[61.166s] -- Installing: /home/hikari/ROScribe/ros_ws/src/install/action_msgs/include/action_msgs/action_msgs/msg/detail
[61.167s] -- Installing: /home/hikari/ROScribe/ros_ws/src/install/action_msgs/include/action_msgs/action_msgs/msg/detail/goal_status_array__struct.h
[61.168s] -- Installing: /home/hikari/ROScribe/ros_ws/src/install/action_msgs/include/action_msgs/action_msgs/msg/detail/goal_status__type_support.h
[61.168s] -- Installing: /home/hikari/ROScribe/ros_ws/src/install/action_msgs/include/action_msgs/action_msgs/msg/detail/goal_status_array__functions.h
[61.172s] -- Installing: /home/hikari/ROScribe/ros_ws/src/install/action_msgs/include/action_msgs/action_msgs/msg/detail/goal_info__struct.h
[61.172s] -- Installing: /home/hikari/ROScribe/ros_ws/src/install/action_msgs/include/action_msgs/action_msgs/msg/detail/goal_status_array__functions.c
[61.172s] -- Installing: /home/hikari/ROScribe/ros_ws/src/install/action_msgs/include/action_msgs/action_msgs/msg/detail/goal_info__functions.c
[61.173s] -- Installing: /home/hikari/ROScribe/ros_ws/src/install/action_msgs/include/action_msgs/action_msgs/msg/detail/goal_status_array__type_support.h
[61.173s] -- Installing: /home/hikari/ROScribe/ros_ws/src/install/action_msgs/include/action_msgs/action_msgs/msg/detail/goal_info__type_support.h
[61.173s] -- Installing: /home/hikari/ROScribe/ros_ws/src/install/action_msgs/include/action_msgs/action_msgs/msg/detail/goal_status__functions.c
[61.173s] -- Installing: /home/hikari/ROScribe/ros_ws/src/install/action_msgs/include/action_msgs/action_msgs/msg/detail/goal_info__functions.h
[61.173s] -- Installing: /home/hikari/ROScribe/ros_ws/src/install/action_msgs/include/action_msgs/action_msgs/msg/detail/goal_status__functions.h
[61.175s] -- Installing: /home/hikari/ROScribe/ros_ws/src/install/action_msgs/include/action_msgs/action_msgs/msg/detail/goal_status__struct.h
[61.177s] -- Installing: /home/hikari/ROScribe/ros_ws/src/install/action_msgs/share/action_msgs/environment/library_path.sh
[61.177s] -- Installing: /home/hikari/ROScribe/ros_ws/src/install/action_msgs/share/action_msgs/environment/library_path.dsv
[61.177s] -- Installing: /home/hikari/ROScribe/ros_ws/src/install/action_msgs/lib/libaction_msgs__rosidl_generator_c.so
[61.178s] -- Set runtime path of "/home/hikari/ROScribe/ros_ws/src/install/action_msgs/lib/libaction_msgs__rosidl_generator_c.so" to ""
[61.178s] -- Up-to-date: /home/hikari/ROScribe/ros_ws/src/install/action_msgs/include/action_msgs/action_msgs
[61.178s] -- Up-to-date: /home/hikari/ROScribe/ros_ws/src/install/action_msgs/include/action_msgs/action_msgs/srv
[61.178s] -- Up-to-date: /home/hikari/ROScribe/ros_ws/src/install/action_msgs/include/action_msgs/action_msgs/srv/detail
[61.179s] -- Installing: /home/hikari/ROScribe/ros_ws/src/install/action_msgs/include/action_msgs/action_msgs/srv/detail/cancel_goal__rosidl_typesupport_fastrtps_c.h
[61.179s] -- Up-to-date: /home/hikari/ROScribe/ros_ws/src/install/action_msgs/include/action_msgs/action_msgs/msg
[61.179s] -- Installing: /home/hikari/ROScribe/ros_ws/src/install/action_msgs/include/action_msgs/action_msgs/msg/rosidl_typesupport_fastrtps_c__visibility_control.h
[61.179s] -- Up-to-date: /home/hikari/ROScribe/ros_ws/src/install/action_msgs/include/action_msgs/action_msgs/msg/detail
[61.183s] -- Installing: /home/hikari/ROScribe/ros_ws/src/install/action_msgs/include/action_msgs/action_msgs/msg/detail/goal_info__rosidl_typesupport_fastrtps_c.h
[61.184s] -- Installing: /home/hikari/ROScribe/ros_ws/src/install/action_msgs/include/action_msgs/action_msgs/msg/detail/goal_status__rosidl_typesupport_fastrtps_c.h
[61.184s] -- Installing: /home/hikari/ROScribe/ros_ws/src/install/action_msgs/include/action_msgs/action_msgs/msg/detail/goal_status_array__rosidl_typesupport_fastrtps_c.h
[61.185s] -- Installing: /home/hikari/ROScribe/ros_ws/src/install/action_msgs/lib/libaction_msgs__rosidl_typesupport_fastrtps_c.so
[61.185s] -- Set runtime path of "/home/hikari/ROScribe/ros_ws/src/install/action_msgs/lib/libaction_msgs__rosidl_typesupport_fastrtps_c.so" to ""
[61.185s] -- Up-to-date: /home/hikari/ROScribe/ros_ws/src/install/action_msgs/include/action_msgs/action_msgs
[61.186s] -- Up-to-date: /home/hikari/ROScribe/ros_ws/src/install/action_msgs/include/action_msgs/action_msgs/srv
[61.186s] -- Installing: /home/hikari/ROScribe/ros_ws/src/install/action_msgs/include/action_msgs/action_msgs/srv/cancel_goal.hpp
[61.186s] -- Up-to-date: /home/hikari/ROScribe/ros_ws/src/install/action_msgs/include/action_msgs/action_msgs/srv/detail
[61.187s] -- Installing: /home/hikari/ROScribe/ros_ws/src/install/action_msgs/include/action_msgs/action_msgs/srv/detail/cancel_goal__builder.hpp
[61.187s] -- Installing: /home/hikari/ROScribe/ros_ws/src/install/action_msgs/include/action_msgs/action_msgs/srv/detail/cancel_goal__struct.hpp
[61.187s] -- Installing: /home/hikari/ROScribe/ros_ws/src/install/action_msgs/include/action_msgs/action_msgs/srv/detail/cancel_goal__traits.hpp
[61.187s] -- Up-to-date: /home/hikari/ROScribe/ros_ws/src/install/action_msgs/include/action_msgs/action_msgs/msg
[61.188s] -- Installing: /home/hikari/ROScribe/ros_ws/src/install/action_msgs/include/action_msgs/action_msgs/msg/goal_status.hpp
[61.188s] -- Installing: /home/hikari/ROScribe/ros_ws/src/install/action_msgs/include/action_msgs/action_msgs/msg/goal_info.hpp
[61.188s] -- Installing: /home/hikari/ROScribe/ros_ws/src/install/action_msgs/include/action_msgs/action_msgs/msg/goal_status_array.hpp
[61.188s] -- Up-to-date: /home/hikari/ROScribe/ros_ws/src/install/action_msgs/include/action_msgs/action_msgs/msg/detail
[61.189s] -- Installing: /home/hikari/ROScribe/ros_ws/src/install/action_msgs/include/action_msgs/action_msgs/msg/detail/goal_status_array__builder.hpp
[61.192s] -- Installing: /home/hikari/ROScribe/ros_ws/src/install/action_msgs/include/action_msgs/action_msgs/msg/detail/goal_status__struct.hpp
[61.192s] -- Installing: /home/hikari/ROScribe/ros_ws/src/install/action_msgs/include/action_msgs/action_msgs/msg/detail/goal_status__traits.hpp
[61.193s] -- Installing: /home/hikari/ROScribe/ros_ws/src/install/action_msgs/include/action_msgs/action_msgs/msg/detail/goal_status__builder.hpp
[61.193s] -- Installing: /home/hikari/ROScribe/ros_ws/src/install/action_msgs/include/action_msgs/action_msgs/msg/detail/goal_info__traits.hpp
[61.193s] -- Installing: /home/hikari/ROScribe/ros_ws/src/install/action_msgs/include/action_msgs/action_msgs/msg/detail/goal_status_array__struct.hpp
[61.193s] -- Installing: /home/hikari/ROScribe/ros_ws/src/install/action_msgs/include/action_msgs/action_msgs/msg/detail/goal_info__builder.hpp
[61.193s] -- Installing: /home/hikari/ROScribe/ros_ws/src/install/action_msgs/include/action_msgs/action_msgs/msg/detail/goal_info__struct.hpp
[61.193s] -- Installing: /home/hikari/ROScribe/ros_ws/src/install/action_msgs/include/action_msgs/action_msgs/msg/detail/goal_status_array__traits.hpp
[61.193s] -- Up-to-date: /home/hikari/ROScribe/ros_ws/src/install/action_msgs/include/action_msgs/action_msgs
[61.195s] -- Up-to-date: /home/hikari/ROScribe/ros_ws/src/install/action_msgs/include/action_msgs/action_msgs/srv
[61.195s] -- Up-to-date: /home/hikari/ROScribe/ros_ws/src/install/action_msgs/include/action_msgs/action_msgs/srv/detail
[61.195s] -- Installing: /home/hikari/ROScribe/ros_ws/src/install/action_msgs/include/action_msgs/action_msgs/srv/detail/dds_fastrtps
[61.195s] -- Installing: /home/hikari/ROScribe/ros_ws/src/install/action_msgs/include/action_msgs/action_msgs/srv/detail/cancel_goal__rosidl_typesupport_fastrtps_cpp.hpp
[61.196s] -- Up-to-date: /home/hikari/ROScribe/ros_ws/src/install/action_msgs/include/action_msgs/action_msgs/msg
[61.196s] -- Installing: /home/hikari/ROScribe/ros_ws/src/install/action_msgs/include/action_msgs/action_msgs/msg/rosidl_typesupport_fastrtps_cpp__visibility_control.h
[61.196s] -- Up-to-date: /home/hikari/ROScribe/ros_ws/src/install/action_msgs/include/action_msgs/action_msgs/msg/detail
[61.196s] -- Installing: /home/hikari/ROScribe/ros_ws/src/install/action_msgs/include/action_msgs/action_msgs/msg/detail/goal_status__rosidl_typesupport_fastrtps_cpp.hpp
[61.208s] -- Installing: /home/hikari/ROScribe/ros_ws/src/install/action_msgs/include/action_msgs/action_msgs/msg/detail/goal_status_array__rosidl_typesupport_fastrtps_cpp.hpp
[61.209s] -- Installing: /home/hikari/ROScribe/ros_ws/src/install/action_msgs/include/action_msgs/action_msgs/msg/detail/goal_info__rosidl_typesupport_fastrtps_cpp.hpp
[61.209s] -- Installing: /home/hikari/ROScribe/ros_ws/src/install/action_msgs/include/action_msgs/action_msgs/msg/detail/dds_fastrtps
[61.209s] -- Installing: /home/hikari/ROScribe/ros_ws/src/install/action_msgs/lib/libaction_msgs__rosidl_typesupport_fastrtps_cpp.so
[61.209s] -- Set runtime path of "/home/hikari/ROScribe/ros_ws/src/install/action_msgs/lib/libaction_msgs__rosidl_typesupport_fastrtps_cpp.so" to ""
[61.210s] -- Up-to-date: /home/hikari/ROScribe/ros_ws/src/install/action_msgs/include/action_msgs/action_msgs
[61.210s] -- Up-to-date: /home/hikari/ROScribe/ros_ws/src/install/action_msgs/include/action_msgs/action_msgs/srv
[61.210s] -- Up-to-date: /home/hikari/ROScribe/ros_ws/src/install/action_msgs/include/action_msgs/action_msgs/srv/detail
[61.211s] -- Installing: /home/hikari/ROScribe/ros_ws/src/install/action_msgs/include/action_msgs/action_msgs/srv/detail/cancel_goal__rosidl_typesupport_introspection_c.h
[61.211s] -- Installing: /home/hikari/ROScribe/ros_ws/src/install/action_msgs/include/action_msgs/action_msgs/srv/detail/cancel_goal__type_support.c
[61.212s] -- Up-to-date: /home/hikari/ROScribe/ros_ws/src/install/action_msgs/include/action_msgs/action_msgs/msg
[61.212s] -- Installing: /home/hikari/ROScribe/ros_ws/src/install/action_msgs/include/action_msgs/action_msgs/msg/rosidl_typesupport_introspection_c__visibility_control.h
[61.212s] -- Up-to-date: /home/hikari/ROScribe/ros_ws/src/install/action_msgs/include/action_msgs/action_msgs/msg/detail
[61.213s] -- Installing: /home/hikari/ROScribe/ros_ws/src/install/action_msgs/include/action_msgs/action_msgs/msg/detail/goal_status__type_support.c
[61.213s] -- Installing: /home/hikari/ROScribe/ros_ws/src/install/action_msgs/include/action_msgs/action_msgs/msg/detail/goal_status_array__rosidl_typesupport_introspection_c.h
[61.213s] -- Installing: /home/hikari/ROScribe/ros_ws/src/install/action_msgs/include/action_msgs/action_msgs/msg/detail/goal_info__type_support.c
[61.213s] -- Installing: /home/hikari/ROScribe/ros_ws/src/install/action_msgs/include/action_msgs/action_msgs/msg/detail/goal_status__rosidl_typesupport_introspection_c.h
[61.214s] -- Installing: /home/hikari/ROScribe/ros_ws/src/install/action_msgs/include/action_msgs/action_msgs/msg/detail/goal_status_array__type_support.c
[61.214s] -- Installing: /home/hikari/ROScribe/ros_ws/src/install/action_msgs/include/action_msgs/action_msgs/msg/detail/goal_info__rosidl_typesupport_introspection_c.h
[61.214s] -- Installing: /home/hikari/ROScribe/ros_ws/src/install/action_msgs/lib/libaction_msgs__rosidl_typesupport_introspection_c.so
[61.214s] -- Set runtime path of "/home/hikari/ROScribe/ros_ws/src/install/action_msgs/lib/libaction_msgs__rosidl_typesupport_introspection_c.so" to ""
[61.215s] -- Installing: /home/hikari/ROScribe/ros_ws/src/install/action_msgs/lib/libaction_msgs__rosidl_typesupport_c.so
[61.215s] -- Set runtime path of "/home/hikari/ROScribe/ros_ws/src/install/action_msgs/lib/libaction_msgs__rosidl_typesupport_c.so" to ""
[61.215s] -- Up-to-date: /home/hikari/ROScribe/ros_ws/src/install/action_msgs/include/action_msgs/action_msgs
[61.216s] -- Up-to-date: /home/hikari/ROScribe/ros_ws/src/install/action_msgs/include/action_msgs/action_msgs/srv
[61.216s] -- Up-to-date: /home/hikari/ROScribe/ros_ws/src/install/action_msgs/include/action_msgs/action_msgs/srv/detail
[61.216s] -- Installing: /home/hikari/ROScribe/ros_ws/src/install/action_msgs/include/action_msgs/action_msgs/srv/detail/cancel_goal__type_support.cpp
[61.216s] -- Installing: /home/hikari/ROScribe/ros_ws/src/install/action_msgs/include/action_msgs/action_msgs/srv/detail/cancel_goal__rosidl_typesupport_introspection_cpp.hpp
[61.216s] -- Up-to-date: /home/hikari/ROScribe/ros_ws/src/install/action_msgs/include/action_msgs/action_msgs/msg
[61.217s] -- Up-to-date: /home/hikari/ROScribe/ros_ws/src/install/action_msgs/include/action_msgs/action_msgs/msg/detail
[61.217s] -- Installing: /home/hikari/ROScribe/ros_ws/src/install/action_msgs/include/action_msgs/action_msgs/msg/detail/goal_info__type_support.cpp
[61.217s] -- Installing: /home/hikari/ROScribe/ros_ws/src/install/action_msgs/include/action_msgs/action_msgs/msg/detail/goal_info__rosidl_typesupport_introspection_cpp.hpp
[61.217s] -- Installing: /home/hikari/ROScribe/ros_ws/src/install/action_msgs/include/action_msgs/action_msgs/msg/detail/goal_status__type_support.cpp
[61.217s] -- Installing: /home/hikari/ROScribe/ros_ws/src/install/action_msgs/include/action_msgs/action_msgs/msg/detail/goal_status__rosidl_typesupport_introspection_cpp.hpp
[61.218s] -- Installing: /home/hikari/ROScribe/ros_ws/src/install/action_msgs/include/action_msgs/action_msgs/msg/detail/goal_status_array__type_support.cpp
[61.218s] -- Installing: /home/hikari/ROScribe/ros_ws/src/install/action_msgs/include/action_msgs/action_msgs/msg/detail/goal_status_array__rosidl_typesupport_introspection_cpp.hpp
[61.218s] -- Installing: /home/hikari/ROScribe/ros_ws/src/install/action_msgs/lib/libaction_msgs__rosidl_typesupport_introspection_cpp.so
[61.219s] -- Set runtime path of "/home/hikari/ROScribe/ros_ws/src/install/action_msgs/lib/libaction_msgs__rosidl_typesupport_introspection_cpp.so" to ""
[61.219s] -- Installing: /home/hikari/ROScribe/ros_ws/src/install/action_msgs/lib/libaction_msgs__rosidl_typesupport_cpp.so
[61.219s] -- Set runtime path of "/home/hikari/ROScribe/ros_ws/src/install/action_msgs/lib/libaction_msgs__rosidl_typesupport_cpp.so" to ""
[61.220s] -- Installing: /home/hikari/ROScribe/ros_ws/src/install/action_msgs/share/ament_index/resource_index/rust_packages/action_msgs
[61.221s] -- Installing: /home/hikari/ROScribe/ros_ws/src/install/action_msgs/share/action_msgs/rust
[61.221s] -- Installing: /home/hikari/ROScribe/ros_ws/src/install/action_msgs/share/action_msgs/rust/src
[61.222s] -- Installing: /home/hikari/ROScribe/ros_ws/src/install/action_msgs/share/action_msgs/rust/src/msg.rs
[61.222s] -- Installing: /home/hikari/ROScribe/ros_ws/src/install/action_msgs/share/action_msgs/rust/src/srv.rs
[61.222s] -- Installing: /home/hikari/ROScribe/ros_ws/src/install/action_msgs/share/action_msgs/rust/src/lib.rs
[61.222s] -- Installing: /home/hikari/ROScribe/ros_ws/src/install/action_msgs/share/action_msgs/rust/Cargo.toml
[61.223s] -- Installing: /home/hikari/ROScribe/ros_ws/src/install/action_msgs/share/action_msgs/rust/build.rs
[61.223s] -- Up-to-date: /home/hikari/ROScribe/ros_ws/src/install/action_msgs/share/action_msgs/rust
[61.223s] -- Up-to-date: /home/hikari/ROScribe/ros_ws/src/install/action_msgs/share/action_msgs/rust/src
[61.224s] -- Up-to-date: /home/hikari/ROScribe/ros_ws/src/install/action_msgs/share/action_msgs/rust/src/msg.rs
[61.224s] -- Up-to-date: /home/hikari/ROScribe/ros_ws/src/install/action_msgs/share/action_msgs/rust/src/srv.rs
[61.225s] -- Up-to-date: /home/hikari/ROScribe/ros_ws/src/install/action_msgs/share/action_msgs/rust/src/lib.rs
[61.225s] -- Up-to-date: /home/hikari/ROScribe/ros_ws/src/install/action_msgs/share/action_msgs/rust/Cargo.toml
[61.225s] -- Up-to-date: /home/hikari/ROScribe/ros_ws/src/install/action_msgs/share/action_msgs/rust/build.rs
[61.226s] -- Up-to-date: /home/hikari/ROScribe/ros_ws/src/install/action_msgs/share/action_msgs/rust
[61.226s] -- Up-to-date: /home/hikari/ROScribe/ros_ws/src/install/action_msgs/share/action_msgs/rust/src
[61.226s] -- Up-to-date: /home/hikari/ROScribe/ros_ws/src/install/action_msgs/share/action_msgs/rust/src/msg.rs
[61.227s] -- Up-to-date: /home/hikari/ROScribe/ros_ws/src/install/action_msgs/share/action_msgs/rust/src/srv.rs
[61.228s] -- Up-to-date: /home/hikari/ROScribe/ros_ws/src/install/action_msgs/share/action_msgs/rust/src/lib.rs
[61.228s] -- Up-to-date: /home/hikari/ROScribe/ros_ws/src/install/action_msgs/share/action_msgs/rust/Cargo.toml
[61.229s] -- Up-to-date: /home/hikari/ROScribe/ros_ws/src/install/action_msgs/share/action_msgs/rust/build.rs
[61.229s] -- Installing: /home/hikari/ROScribe/ros_ws/src/install/action_msgs/share/action_msgs/environment/pythonpath.sh
[61.229s] -- Installing: /home/hikari/ROScribe/ros_ws/src/install/action_msgs/share/action_msgs/environment/pythonpath.dsv
[61.230s] -- Installing: /home/hikari/ROScribe/ros_ws/src/install/action_msgs/local/lib/python3.10/dist-packages/action_msgs-1.2.1-py3.10.egg-info
[61.230s] -- Installing: /home/hikari/ROScribe/ros_ws/src/install/action_msgs/local/lib/python3.10/dist-packages/action_msgs-1.2.1-py3.10.egg-info/top_level.txt
[61.230s] -- Installing: /home/hikari/ROScribe/ros_ws/src/install/action_msgs/local/lib/python3.10/dist-packages/action_msgs-1.2.1-py3.10.egg-info/dependency_links.txt
[61.230s] -- Installing: /home/hikari/ROScribe/ros_ws/src/install/action_msgs/local/lib/python3.10/dist-packages/action_msgs-1.2.1-py3.10.egg-info/SOURCES.txt
[61.230s] -- Installing: /home/hikari/ROScribe/ros_ws/src/install/action_msgs/local/lib/python3.10/dist-packages/action_msgs-1.2.1-py3.10.egg-info/PKG-INFO
[61.231s] -- Installing: /home/hikari/ROScribe/ros_ws/src/install/action_msgs/local/lib/python3.10/dist-packages/action_msgs
[61.231s] -- Installing: /home/hikari/ROScribe/ros_ws/src/install/action_msgs/local/lib/python3.10/dist-packages/action_msgs/srv
[61.232s] -- Installing: /home/hikari/ROScribe/ros_ws/src/install/action_msgs/local/lib/python3.10/dist-packages/action_msgs/srv/_cancel_goal_s.c
[61.232s] -- Installing: /home/hikari/ROScribe/ros_ws/src/install/action_msgs/local/lib/python3.10/dist-packages/action_msgs/srv/_cancel_goal.py
[61.233s] -- Installing: /home/hikari/ROScribe/ros_ws/src/install/action_msgs/local/lib/python3.10/dist-packages/action_msgs/srv/__init__.py
[61.233s] -- Installing: /home/hikari/ROScribe/ros_ws/src/install/action_msgs/local/lib/python3.10/dist-packages/action_msgs/action_msgs_s__rosidl_typesupport_c.cpython-310-x86_64-linux-gnu.so
[61.234s] -- Installing: /home/hikari/ROScribe/ros_ws/src/install/action_msgs/local/lib/python3.10/dist-packages/action_msgs/action_msgs_s__rosidl_typesupport_fastrtps_c.cpython-310-x86_64-linux-gnu.so
[61.234s] -- Installing: /home/hikari/ROScribe/ros_ws/src/install/action_msgs/local/lib/python3.10/dist-packages/action_msgs/libaction_msgs__rosidl_generator_py.so
[61.234s] -- Installing: /home/hikari/ROScribe/ros_ws/src/install/action_msgs/local/lib/python3.10/dist-packages/action_msgs/msg
[61.235s] -- Installing: /home/hikari/ROScribe/ros_ws/src/install/action_msgs/local/lib/python3.10/dist-packages/action_msgs/msg/_goal_info.py
[61.236s] -- Installing: /home/hikari/ROScribe/ros_ws/src/install/action_msgs/local/lib/python3.10/dist-packages/action_msgs/msg/_goal_info_s.c
[61.236s] -- Installing: /home/hikari/ROScribe/ros_ws/src/install/action_msgs/local/lib/python3.10/dist-packages/action_msgs/msg/_goal_status_s.c
[61.236s] -- Installing: /home/hikari/ROScribe/ros_ws/src/install/action_msgs/local/lib/python3.10/dist-packages/action_msgs/msg/_goal_status_array_s.c
[61.237s] -- Installing: /home/hikari/ROScribe/ros_ws/src/install/action_msgs/local/lib/python3.10/dist-packages/action_msgs/msg/_goal_status_array.py
[61.238s] -- Installing: /home/hikari/ROScribe/ros_ws/src/install/action_msgs/local/lib/python3.10/dist-packages/action_msgs/msg/__init__.py
[61.238s] -- Installing: /home/hikari/ROScribe/ros_ws/src/install/action_msgs/local/lib/python3.10/dist-packages/action_msgs/msg/_goal_status.py
[61.238s] -- Installing: /home/hikari/ROScribe/ros_ws/src/install/action_msgs/local/lib/python3.10/dist-packages/action_msgs/_action_msgs_s.ep.rosidl_typesupport_c.c
[61.240s] -- Installing: /home/hikari/ROScribe/ros_ws/src/install/action_msgs/local/lib/python3.10/dist-packages/action_msgs/action_msgs_s__rosidl_typesupport_introspection_c.cpython-310-x86_64-linux-gnu.so
[61.240s] -- Installing: /home/hikari/ROScribe/ros_ws/src/install/action_msgs/local/lib/python3.10/dist-packages/action_msgs/_action_msgs_s.ep.rosidl_typesupport_introspection_c.c
[61.242s] -- Installing: /home/hikari/ROScribe/ros_ws/src/install/action_msgs/local/lib/python3.10/dist-packages/action_msgs/_action_msgs_s.ep.rosidl_typesupport_fastrtps_c.c
[61.242s] -- Installing: /home/hikari/ROScribe/ros_ws/src/install/action_msgs/local/lib/python3.10/dist-packages/action_msgs/__init__.py
[61.367s] Listing '/home/hikari/ROScribe/ros_ws/src/install/action_msgs/local/lib/python3.10/dist-packages/action_msgs'...
[61.368s] Compiling '/home/hikari/ROScribe/ros_ws/src/install/action_msgs/local/lib/python3.10/dist-packages/action_msgs/__init__.py'...
[61.368s] Listing '/home/hikari/ROScribe/ros_ws/src/install/action_msgs/local/lib/python3.10/dist-packages/action_msgs/msg'...
[61.368s] Compiling '/home/hikari/ROScribe/ros_ws/src/install/action_msgs/local/lib/python3.10/dist-packages/action_msgs/msg/__init__.py'...
[61.368s] Compiling '/home/hikari/ROScribe/ros_ws/src/install/action_msgs/local/lib/python3.10/dist-packages/action_msgs/msg/_goal_info.py'...
[61.368s] Compiling '/home/hikari/ROScribe/ros_ws/src/install/action_msgs/local/lib/python3.10/dist-packages/action_msgs/msg/_goal_status.py'...
[61.368s] Compiling '/home/hikari/ROScribe/ros_ws/src/install/action_msgs/local/lib/python3.10/dist-packages/action_msgs/msg/_goal_status_array.py'...
[61.369s] Listing '/home/hikari/ROScribe/ros_ws/src/install/action_msgs/local/lib/python3.10/dist-packages/action_msgs/srv'...
[61.369s] Compiling '/home/hikari/ROScribe/ros_ws/src/install/action_msgs/local/lib/python3.10/dist-packages/action_msgs/srv/__init__.py'...
[61.369s] Compiling '/home/hikari/ROScribe/ros_ws/src/install/action_msgs/local/lib/python3.10/dist-packages/action_msgs/srv/_cancel_goal.py'...
[61.399s] -- Installing: /home/hikari/ROScribe/ros_ws/src/install/action_msgs/local/lib/python3.10/dist-packages/action_msgs/action_msgs_s__rosidl_typesupport_fastrtps_c.cpython-310-x86_64-linux-gnu.so
[61.400s] -- Set runtime path of "/home/hikari/ROScribe/ros_ws/src/install/action_msgs/local/lib/python3.10/dist-packages/action_msgs/action_msgs_s__rosidl_typesupport_fastrtps_c.cpython-310-x86_64-linux-gnu.so" to ""
[61.400s] -- Installing: /home/hikari/ROScribe/ros_ws/src/install/action_msgs/local/lib/python3.10/dist-packages/action_msgs/action_msgs_s__rosidl_typesupport_introspection_c.cpython-310-x86_64-linux-gnu.so
[61.403s] -- Set runtime path of "/home/hikari/ROScribe/ros_ws/src/install/action_msgs/local/lib/python3.10/dist-packages/action_msgs/action_msgs_s__rosidl_typesupport_introspection_c.cpython-310-x86_64-linux-gnu.so" to ""
[61.404s] -- Installing: /home/hikari/ROScribe/ros_ws/src/install/action_msgs/local/lib/python3.10/dist-packages/action_msgs/action_msgs_s__rosidl_typesupport_c.cpython-310-x86_64-linux-gnu.so
[61.404s] -- Set runtime path of "/home/hikari/ROScribe/ros_ws/src/install/action_msgs/local/lib/python3.10/dist-packages/action_msgs/action_msgs_s__rosidl_typesupport_c.cpython-310-x86_64-linux-gnu.so" to ""
[61.404s] -- Installing: /home/hikari/ROScribe/ros_ws/src/install/action_msgs/lib/libaction_msgs__rosidl_generator_py.so
[61.405s] -- Set runtime path of "/home/hikari/ROScribe/ros_ws/src/install/action_msgs/lib/libaction_msgs__rosidl_generator_py.so" to ""
[61.405s] -- Installing: /home/hikari/ROScribe/ros_ws/src/install/action_msgs/share/action_msgs/msg/GoalInfo.idl
[61.406s] -- Installing: /home/hikari/ROScribe/ros_ws/src/install/action_msgs/share/action_msgs/msg/GoalStatus.idl
[61.407s] -- Installing: /home/hikari/ROScribe/ros_ws/src/install/action_msgs/share/action_msgs/msg/GoalStatusArray.idl
[61.408s] -- Installing: /home/hikari/ROScribe/ros_ws/src/install/action_msgs/share/action_msgs/srv/CancelGoal.idl
[61.408s] -- Installing: /home/hikari/ROScribe/ros_ws/src/install/action_msgs/share/action_msgs/msg/GoalInfo.msg
[61.408s] -- Installing: /home/hikari/ROScribe/ros_ws/src/install/action_msgs/share/action_msgs/msg/GoalStatus.msg
[61.408s] -- Installing: /home/hikari/ROScribe/ros_ws/src/install/action_msgs/share/action_msgs/msg/GoalStatusArray.msg
[61.409s] -- Installing: /home/hikari/ROScribe/ros_ws/src/install/action_msgs/share/action_msgs/srv/CancelGoal.srv
[61.409s] -- Installing: /home/hikari/ROScribe/ros_ws/src/install/action_msgs/share/action_msgs/srv/CancelGoal_Request.msg
[61.409s] -- Installing: /home/hikari/ROScribe/ros_ws/src/install/action_msgs/share/action_msgs/srv/CancelGoal_Response.msg
[61.410s] -- Installing: /home/hikari/ROScribe/ros_ws/src/install/action_msgs/share/ament_index/resource_index/package_run_dependencies/action_msgs
[61.410s] -- Installing: /home/hikari/ROScribe/ros_ws/src/install/action_msgs/share/ament_index/resource_index/parent_prefix_path/action_msgs
[61.410s] -- Installing: /home/hikari/ROScribe/ros_ws/src/install/action_msgs/share/action_msgs/environment/ament_prefix_path.sh
[61.410s] -- Installing: /home/hikari/ROScribe/ros_ws/src/install/action_msgs/share/action_msgs/environment/ament_prefix_path.dsv
[61.411s] -- Installing: /home/hikari/ROScribe/ros_ws/src/install/action_msgs/share/action_msgs/environment/path.sh
[61.411s] -- Installing: /home/hikari/ROScribe/ros_ws/src/install/action_msgs/share/action_msgs/environment/path.dsv
[61.411s] -- Installing: /home/hikari/ROScribe/ros_ws/src/install/action_msgs/share/action_msgs/local_setup.bash
[61.418s] -- Installing: /home/hikari/ROScribe/ros_ws/src/install/action_msgs/share/action_msgs/local_setup.sh
[61.420s] -- Installing: /home/hikari/ROScribe/ros_ws/src/install/action_msgs/share/action_msgs/local_setup.zsh
[61.422s] -- Installing: /home/hikari/ROScribe/ros_ws/src/install/action_msgs/share/action_msgs/local_setup.dsv
[61.422s] -- Installing: /home/hikari/ROScribe/ros_ws/src/install/action_msgs/share/action_msgs/package.dsv
[61.423s] -- Installing: /home/hikari/ROScribe/ros_ws/src/install/action_msgs/share/ament_index/resource_index/packages/action_msgs
[61.423s] -- Installing: /home/hikari/ROScribe/ros_ws/src/install/action_msgs/share/action_msgs/cmake/export_action_msgs__rosidl_generator_cExport.cmake
[61.423s] -- Installing: /home/hikari/ROScribe/ros_ws/src/install/action_msgs/share/action_msgs/cmake/export_action_msgs__rosidl_generator_cExport-noconfig.cmake
[61.424s] -- Installing: /home/hikari/ROScribe/ros_ws/src/install/action_msgs/share/action_msgs/cmake/export_action_msgs__rosidl_typesupport_fastrtps_cExport.cmake
[61.424s] -- Installing: /home/hikari/ROScribe/ros_ws/src/install/action_msgs/share/action_msgs/cmake/export_action_msgs__rosidl_typesupport_fastrtps_cExport-noconfig.cmake
[61.424s] -- Installing: /home/hikari/ROScribe/ros_ws/src/install/action_msgs/share/action_msgs/cmake/export_action_msgs__rosidl_generator_cppExport.cmake
[61.424s] -- Installing: /home/hikari/ROScribe/ros_ws/src/install/action_msgs/share/action_msgs/cmake/export_action_msgs__rosidl_typesupport_fastrtps_cppExport.cmake
[61.425s] -- Installing: /home/hikari/ROScribe/ros_ws/src/install/action_msgs/share/action_msgs/cmake/export_action_msgs__rosidl_typesupport_fastrtps_cppExport-noconfig.cmake
[61.425s] -- Installing: /home/hikari/ROScribe/ros_ws/src/install/action_msgs/share/action_msgs/cmake/action_msgs__rosidl_typesupport_introspection_cExport.cmake
[61.425s] -- Installing: /home/hikari/ROScribe/ros_ws/src/install/action_msgs/share/action_msgs/cmake/action_msgs__rosidl_typesupport_introspection_cExport-noconfig.cmake
[61.425s] -- Installing: /home/hikari/ROScribe/ros_ws/src/install/action_msgs/share/action_msgs/cmake/action_msgs__rosidl_typesupport_cExport.cmake
[61.426s] -- Installing: /home/hikari/ROScribe/ros_ws/src/install/action_msgs/share/action_msgs/cmake/action_msgs__rosidl_typesupport_cExport-noconfig.cmake
[61.426s] -- Installing: /home/hikari/ROScribe/ros_ws/src/install/action_msgs/share/action_msgs/cmake/action_msgs__rosidl_typesupport_introspection_cppExport.cmake
[61.426s] -- Installing: /home/hikari/ROScribe/ros_ws/src/install/action_msgs/share/action_msgs/cmake/action_msgs__rosidl_typesupport_introspection_cppExport-noconfig.cmake
[61.426s] -- Installing: /home/hikari/ROScribe/ros_ws/src/install/action_msgs/share/action_msgs/cmake/action_msgs__rosidl_typesupport_cppExport.cmake
[61.427s] -- Installing: /home/hikari/ROScribe/ros_ws/src/install/action_msgs/share/action_msgs/cmake/action_msgs__rosidl_typesupport_cppExport-noconfig.cmake
[61.427s] -- Installing: /home/hikari/ROScribe/ros_ws/src/install/action_msgs/share/action_msgs/cmake/export_action_msgs__rosidl_generator_pyExport.cmake
[61.427s] -- Installing: /home/hikari/ROScribe/ros_ws/src/install/action_msgs/share/action_msgs/cmake/export_action_msgs__rosidl_generator_pyExport-noconfig.cmake
[61.427s] -- Installing: /home/hikari/ROScribe/ros_ws/src/install/action_msgs/share/action_msgs/cmake/rosidl_cmake-extras.cmake
[61.428s] -- Installing: /home/hikari/ROScribe/ros_ws/src/install/action_msgs/share/action_msgs/cmake/ament_cmake_export_dependencies-extras.cmake
[61.428s] -- Installing: /home/hikari/ROScribe/ros_ws/src/install/action_msgs/share/action_msgs/cmake/ament_cmake_export_include_directories-extras.cmake
[61.428s] -- Installing: /home/hikari/ROScribe/ros_ws/src/install/action_msgs/share/action_msgs/cmake/ament_cmake_export_libraries-extras.cmake
[61.429s] -- Installing: /home/hikari/ROScribe/ros_ws/src/install/action_msgs/share/action_msgs/cmake/ament_cmake_export_targets-extras.cmake
[61.430s] -- Installing: /home/hikari/ROScribe/ros_ws/src/install/action_msgs/share/action_msgs/cmake/rosidl_cmake_export_typesupport_targets-extras.cmake
[61.431s] -- Installing: /home/hikari/ROScribe/ros_ws/src/install/action_msgs/share/action_msgs/cmake/rosidl_cmake_export_typesupport_libraries-extras.cmake
[61.431s] -- Installing: /home/hikari/ROScribe/ros_ws/src/install/action_msgs/share/action_msgs/cmake/action_msgsConfig.cmake
[61.432s] -- Installing: /home/hikari/ROScribe/ros_ws/src/install/action_msgs/share/action_msgs/cmake/action_msgsConfig-version.cmake
[61.433s] -- Installing: /home/hikari/ROScribe/ros_ws/src/install/action_msgs/share/action_msgs/package.xml
[61.721s] Invoked command in '/home/hikari/ROScribe/ros_ws/src/build/action_msgs' returned '0': AMENT_PREFIX_PATH=/home/hikari/ROScribe/ros_ws/src/install/unique_identifier_msgs:/home/hikari/ROScribe/ros_ws/src/install/builtin_interfaces:/home/hikari/ROScribe/ros_ws/src/install/rosidl_default_runtime:/home/hikari/ROScribe/ros_ws/src/install/rosidl_default_generators:/home/hikari/ROScribe/ros_ws/src/install/rosidl_generator_rs:/home/hikari/ROScribe/ros_ws/src/install/rosidl_runtime_rs:${AMENT_PREFIX_PATH} CMAKE_PREFIX_PATH=/home/hikari/ROScribe/ros_ws/src/install/unique_identifier_msgs:/home/hikari/ROScribe/ros_ws/src/install/builtin_interfaces:/home/hikari/ROScribe/ros_ws/src/install/rosidl_default_runtime:/home/hikari/ROScribe/ros_ws/src/install/rosidl_default_generators:/home/hikari/ROScribe/ros_ws/src/install/rosidl_generator_rs:/opt/ros/humble LD_LIBRARY_PATH=/home/hikari/ROScribe/ros_ws/src/install/unique_identifier_msgs/lib:/home/hikari/ROScribe/ros_ws/src/install/builtin_interfaces/lib:${LD_LIBRARY_PATH} PYTHONPATH=/home/hikari/ROScribe/ros_ws/src/install/unique_identifier_msgs/local/lib/python3.10/dist-packages:/home/hikari/ROScribe/ros_ws/src/install/builtin_interfaces/local/lib/python3.10/dist-packages:/home/hikari/ROScribe/ros_ws/src/install/rosidl_generator_rs/local/lib/python3.10/dist-packages:${PYTHONPATH} /usr/local/bin/cmake --install /home/hikari/ROScribe/ros_ws/src/build/action_msgs
