[0.599s] Invoking command in '/home/hikari/ROScribe/ros_ws/src/build/actionlib_msgs': AMENT_PREFIX_PATH=/home/hikari/ROScribe/ros_ws/src/install/std_msgs:/home/hikari/ROScribe/ros_ws/src/install/builtin_interfaces:/home/hikari/ROScribe/ros_ws/src/install/rosidl_default_runtime:/home/hikari/ROScribe/ros_ws/src/install/rosidl_default_generators:/home/hikari/ROScribe/ros_ws/src/install/rosidl_generator_rs:/home/hikari/ROScribe/ros_ws/src/install/rosidl_runtime_rs:${AMENT_PREFIX_PATH} CMAKE_PREFIX_PATH=/home/hikari/ROScribe/ros_ws/src/install/std_msgs:/home/hikari/ROScribe/ros_ws/src/install/builtin_interfaces:/home/hikari/ROScribe/ros_ws/src/install/rosidl_default_runtime:/home/hikari/ROScribe/ros_ws/src/install/rosidl_default_generators:/home/hikari/ROScribe/ros_ws/src/install/rosidl_generator_rs:/opt/ros/humble LD_LIBRARY_PATH=/home/hikari/ROScribe/ros_ws/src/install/std_msgs/lib:/home/hikari/ROScribe/ros_ws/src/install/builtin_interfaces/lib:${LD_LIBRARY_PATH} PYTHONPATH=/home/hikari/ROScribe/ros_ws/src/install/std_msgs/local/lib/python3.10/dist-packages:/home/hikari/ROScribe/ros_ws/src/install/builtin_interfaces/local/lib/python3.10/dist-packages:/home/hikari/ROScribe/ros_ws/src/install/rosidl_generator_rs/local/lib/python3.10/dist-packages:${PYTHONPATH} /usr/local/bin/cmake /home/hikari/ROScribe/ros_ws/src/ros2/common_interfaces/actionlib_msgs -DCMAKE_INSTALL_PREFIX=/home/hikari/ROScribe/ros_ws/src/install/actionlib_msgs
[0.892s] -- The C compiler identification is GNU 11.4.0
[1.272s] -- The CXX compiler identification is GNU 11.4.0
[1.493s] -- Detecting C compiler ABI info
[1.646s] -- Detecting C compiler ABI info - done
[1.678s] -- Check for working C compiler: /usr/lib/ccache/cc - skipped
[1.679s] -- Detecting C compile features
[1.682s] -- Detecting C compile features - done
[1.693s] -- Detecting CXX compiler ABI info
[1.908s] -- Detecting CXX compiler ABI info - done
[1.935s] -- Check for working CXX compiler: /usr/lib/ccache/c++ - skipped
[1.936s] -- Detecting CXX compile features
[1.941s] -- Detecting CXX compile features - done
[1.948s] -- Found ament_cmake: 1.3.5 (/opt/ros/humble/share/ament_cmake/cmake)
[5.993s] -- Found Python3: /usr/bin/python3.10 (found version "3.10.12") found components: Interpreter 
[6.234s] -- Found builtin_interfaces: 1.2.1 (/home/hikari/ROScribe/ros_ws/src/install/builtin_interfaces/share/builtin_interfaces/cmake)
[6.446s] -- Found rosidl_generator_c: 3.1.5 (/opt/ros/humble/share/rosidl_generator_c/cmake)
[6.461s] -- Found rosidl_adapter: 3.1.5 (/opt/ros/humble/share/rosidl_adapter/cmake)
[6.487s] -- Found rosidl_generator_cpp: 3.1.5 (/opt/ros/humble/share/rosidl_generator_cpp/cmake)
[6.526s] -- Using all available rosidl_typesupport_c: rosidl_typesupport_fastrtps_c;rosidl_typesupport_introspection_c
[6.589s] -- Using all available rosidl_typesupport_cpp: rosidl_typesupport_fastrtps_cpp;rosidl_typesupport_introspection_cpp
[6.648s] -- Found rosidl_default_generators: 1.2.0 (/home/hikari/ROScribe/ros_ws/src/install/rosidl_default_generators/share/rosidl_default_generators/cmake)
[6.674s] -- Found std_msgs: 4.2.3 (/home/hikari/ROScribe/ros_ws/src/install/std_msgs/share/std_msgs/cmake)
[7.493s] -- Found ament_cmake_cppcheck: 0.12.8 (/opt/ros/humble/share/ament_cmake_cppcheck/cmake)
[7.501s] -- Found ament_cmake_cpplint: 0.12.8 (/opt/ros/humble/share/ament_cmake_cpplint/cmake)
[7.507s] -- Found ament_cmake_uncrustify: 0.12.8 (/opt/ros/humble/share/ament_cmake_uncrustify/cmake)
[7.516s] -- Found ament_cmake_ros: 0.10.0 (/opt/ros/humble/share/ament_cmake_ros/cmake)
[8.424s] -- Using all available rosidl_typesupport_c: rosidl_typesupport_fastrtps_c;rosidl_typesupport_introspection_c
[8.770s] -- Using all available rosidl_typesupport_cpp: rosidl_typesupport_fastrtps_cpp;rosidl_typesupport_introspection_cpp
[8.780s] -- Found rmw_implementation_cmake: 6.1.1 (/opt/ros/humble/share/rmw_implementation_cmake/cmake)
[10.801s] -- Found OpenSSL: /usr/lib/x86_64-linux-gnu/libcrypto.so (found version "3.0.2")  
[12.886s] -- Found FastRTPS: /opt/ros/humble/include  
[18.416s] -- Found PythonInterp: /usr/bin/python3 (found suitable version "3.10.12", minimum required is "3.6") 
[18.418s] -- Found python_cmake_module: 0.10.0 (/opt/ros/humble/share/python_cmake_module/cmake)
[19.029s] -- Found PythonLibs: /usr/lib/x86_64-linux-gnu/libpython3.10.so (found suitable version "3.10.12", minimum required is "3.5") 
[19.031s] -- Using PYTHON_EXECUTABLE: /usr/bin/python3
[19.031s] -- Using PYTHON_INCLUDE_DIRS: /usr/include/python3.10
[19.032s] -- Using PYTHON_LIBRARIES: /usr/lib/x86_64-linux-gnu/libpython3.10.so
[19.570s] -- Found PythonExtra: .so  
[20.681s] -- Found ament_cmake_flake8: 0.12.8 (/opt/ros/humble/share/ament_cmake_flake8/cmake)
[20.740s] -- Found ament_cmake_pep257: 0.12.8 (/opt/ros/humble/share/ament_cmake_pep257/cmake)
[20.847s] -- Configuring done
[21.736s] -- Generating done
[21.962s] -- Build files have been written to: /home/hikari/ROScribe/ros_ws/src/build/actionlib_msgs
[22.109s] Invoked command in '/home/hikari/ROScribe/ros_ws/src/build/actionlib_msgs' returned '0': AMENT_PREFIX_PATH=/home/hikari/ROScribe/ros_ws/src/install/std_msgs:/home/hikari/ROScribe/ros_ws/src/install/builtin_interfaces:/home/hikari/ROScribe/ros_ws/src/install/rosidl_default_runtime:/home/hikari/ROScribe/ros_ws/src/install/rosidl_default_generators:/home/hikari/ROScribe/ros_ws/src/install/rosidl_generator_rs:/home/hikari/ROScribe/ros_ws/src/install/rosidl_runtime_rs:${AMENT_PREFIX_PATH} CMAKE_PREFIX_PATH=/home/hikari/ROScribe/ros_ws/src/install/std_msgs:/home/hikari/ROScribe/ros_ws/src/install/builtin_interfaces:/home/hikari/ROScribe/ros_ws/src/install/rosidl_default_runtime:/home/hikari/ROScribe/ros_ws/src/install/rosidl_default_generators:/home/hikari/ROScribe/ros_ws/src/install/rosidl_generator_rs:/opt/ros/humble LD_LIBRARY_PATH=/home/hikari/ROScribe/ros_ws/src/install/std_msgs/lib:/home/hikari/ROScribe/ros_ws/src/install/builtin_interfaces/lib:${LD_LIBRARY_PATH} PYTHONPATH=/home/hikari/ROScribe/ros_ws/src/install/std_msgs/local/lib/python3.10/dist-packages:/home/hikari/ROScribe/ros_ws/src/install/builtin_interfaces/local/lib/python3.10/dist-packages:/home/hikari/ROScribe/ros_ws/src/install/rosidl_generator_rs/local/lib/python3.10/dist-packages:${PYTHONPATH} /usr/local/bin/cmake /home/hikari/ROScribe/ros_ws/src/ros2/common_interfaces/actionlib_msgs -DCMAKE_INSTALL_PREFIX=/home/hikari/ROScribe/ros_ws/src/install/actionlib_msgs
[22.111s] Invoking command in '/home/hikari/ROScribe/ros_ws/src/build/actionlib_msgs': AMENT_PREFIX_PATH=/home/hikari/ROScribe/ros_ws/src/install/std_msgs:/home/hikari/ROScribe/ros_ws/src/install/builtin_interfaces:/home/hikari/ROScribe/ros_ws/src/install/rosidl_default_runtime:/home/hikari/ROScribe/ros_ws/src/install/rosidl_default_generators:/home/hikari/ROScribe/ros_ws/src/install/rosidl_generator_rs:/home/hikari/ROScribe/ros_ws/src/install/rosidl_runtime_rs:${AMENT_PREFIX_PATH} CMAKE_PREFIX_PATH=/home/hikari/ROScribe/ros_ws/src/install/std_msgs:/home/hikari/ROScribe/ros_ws/src/install/builtin_interfaces:/home/hikari/ROScribe/ros_ws/src/install/rosidl_default_runtime:/home/hikari/ROScribe/ros_ws/src/install/rosidl_default_generators:/home/hikari/ROScribe/ros_ws/src/install/rosidl_generator_rs:/opt/ros/humble LD_LIBRARY_PATH=/home/hikari/ROScribe/ros_ws/src/install/std_msgs/lib:/home/hikari/ROScribe/ros_ws/src/install/builtin_interfaces/lib:${LD_LIBRARY_PATH} PYTHONPATH=/home/hikari/ROScribe/ros_ws/src/install/std_msgs/local/lib/python3.10/dist-packages:/home/hikari/ROScribe/ros_ws/src/install/builtin_interfaces/local/lib/python3.10/dist-packages:/home/hikari/ROScribe/ros_ws/src/install/rosidl_generator_rs/local/lib/python3.10/dist-packages:${PYTHONPATH} /usr/local/bin/cmake --build /home/hikari/ROScribe/ros_ws/src/build/actionlib_msgs -- -j8 -l8
[23.680s] [  2%] [34m[1mGenerating Rust code for ROS interfaces[0m
[28.830s] [  2%] Built target actionlib_msgs__rs
[30.565s] [  2%] Built target ament_cmake_python_copy_actionlib_msgs
[31.019s] [  4%] [34m[1mGenerating C++ code for ROS interfaces[0m
[38.990s] [  4%] Built target actionlib_msgs__cpp
[43.487s] running egg_info
[43.509s] creating actionlib_msgs.egg-info
[43.695s] writing actionlib_msgs.egg-info/PKG-INFO
[43.719s] writing dependency_links to actionlib_msgs.egg-info/dependency_links.txt
[43.721s] writing top-level names to actionlib_msgs.egg-info/top_level.txt
[43.725s] writing manifest file 'actionlib_msgs.egg-info/SOURCES.txt'
[44.199s] reading manifest file 'actionlib_msgs.egg-info/SOURCES.txt'
[44.202s] writing manifest file 'actionlib_msgs.egg-info/SOURCES.txt'
[44.378s] [  4%] Built target ament_cmake_python_build_actionlib_msgs_egg
[44.526s] [  6%] [34m[1mGenerating C++ type support dispatch for ROS interfaces[0m
[52.475s] [  8%] [32mBuilding CXX object CMakeFiles/actionlib_msgs__rosidl_typesupport_cpp.dir/rosidl_typesupport_cpp/actionlib_msgs/msg/goal_id__type_support.cpp.o[0m
[56.471s] [ 10%] [32mBuilding CXX object CMakeFiles/actionlib_msgs__rosidl_typesupport_cpp.dir/rosidl_typesupport_cpp/actionlib_msgs/msg/goal_status_array__type_support.cpp.o[0m
[60.453s] [ 12%] [32mBuilding CXX object CMakeFiles/actionlib_msgs__rosidl_typesupport_cpp.dir/rosidl_typesupport_cpp/actionlib_msgs/msg/goal_status__type_support.cpp.o[0m
[65.030s] [ 14%] [32m[1mLinking CXX shared library libactionlib_msgs__rosidl_typesupport_cpp.so[0m
[65.724s] [ 14%] Built target actionlib_msgs__rosidl_typesupport_cpp
[65.790s] [ 16%] [34m[1mGenerating C++ introspection for ROS interfaces[0m
[70.699s] [ 18%] [32mBuilding CXX object CMakeFiles/actionlib_msgs__rosidl_typesupport_introspection_cpp.dir/rosidl_typesupport_introspection_cpp/actionlib_msgs/msg/detail/goal_id__type_support.cpp.o[0m
[74.992s] [ 20%] [32mBuilding CXX object CMakeFiles/actionlib_msgs__rosidl_typesupport_introspection_cpp.dir/rosidl_typesupport_introspection_cpp/actionlib_msgs/msg/detail/goal_status_array__type_support.cpp.o[0m
[78.129s] [ 22%] [32mBuilding CXX object CMakeFiles/actionlib_msgs__rosidl_typesupport_introspection_cpp.dir/rosidl_typesupport_introspection_cpp/actionlib_msgs/msg/detail/goal_status__type_support.cpp.o[0m
[81.581s] [ 25%] [32m[1mLinking CXX shared library libactionlib_msgs__rosidl_typesupport_introspection_cpp.so[0m
[82.301s] [ 25%] Built target actionlib_msgs__rosidl_typesupport_introspection_cpp
[82.361s] [ 27%] [34m[1mGenerating C++ type support for eProsima Fast-RTPS[0m
[85.580s] [ 29%] [32mBuilding CXX object CMakeFiles/actionlib_msgs__rosidl_typesupport_fastrtps_cpp.dir/rosidl_typesupport_fastrtps_cpp/actionlib_msgs/msg/detail/dds_fastrtps/goal_id__type_support.cpp.o[0m
[88.125s] [ 31%] [32mBuilding CXX object CMakeFiles/actionlib_msgs__rosidl_typesupport_fastrtps_cpp.dir/rosidl_typesupport_fastrtps_cpp/actionlib_msgs/msg/detail/dds_fastrtps/goal_status_array__type_support.cpp.o[0m
[91.903s] [ 33%] [32mBuilding CXX object CMakeFiles/actionlib_msgs__rosidl_typesupport_fastrtps_cpp.dir/rosidl_typesupport_fastrtps_cpp/actionlib_msgs/msg/detail/dds_fastrtps/goal_status__type_support.cpp.o[0m
[94.934s] [ 35%] [32m[1mLinking CXX shared library libactionlib_msgs__rosidl_typesupport_fastrtps_cpp.so[0m
[95.305s] [ 35%] Built target actionlib_msgs__rosidl_typesupport_fastrtps_cpp
[95.337s] [ 37%] [34m[1mGenerating C code for ROS interfaces[0m
[97.740s] [ 39%] [32mBuilding C object CMakeFiles/actionlib_msgs__rosidl_generator_c.dir/rosidl_generator_c/actionlib_msgs/msg/detail/goal_id__functions.c.o[0m
[97.977s] [ 41%] [32mBuilding C object CMakeFiles/actionlib_msgs__rosidl_generator_c.dir/rosidl_generator_c/actionlib_msgs/msg/detail/goal_status_array__functions.c.o[0m
[98.176s] [ 43%] [32mBuilding C object CMakeFiles/actionlib_msgs__rosidl_generator_c.dir/rosidl_generator_c/actionlib_msgs/msg/detail/goal_status__functions.c.o[0m
[98.356s] [ 45%] [32m[1mLinking C shared library libactionlib_msgs__rosidl_generator_c.so[0m
[98.500s] [ 45%] Built target actionlib_msgs__rosidl_generator_c
[98.518s] [ 47%] [34m[1mGenerating C type support for eProsima Fast-RTPS[0m
[99.999s] [ 50%] [32mBuilding CXX object CMakeFiles/actionlib_msgs__rosidl_typesupport_fastrtps_c.dir/rosidl_typesupport_fastrtps_c/actionlib_msgs/msg/detail/goal_id__type_support_c.cpp.o[0m
[101.429s] [ 52%] [32mBuilding CXX object CMakeFiles/actionlib_msgs__rosidl_typesupport_fastrtps_c.dir/rosidl_typesupport_fastrtps_c/actionlib_msgs/msg/detail/goal_status_array__type_support_c.cpp.o[0m
[103.011s] [ 54%] [32mBuilding CXX object CMakeFiles/actionlib_msgs__rosidl_typesupport_fastrtps_c.dir/rosidl_typesupport_fastrtps_c/actionlib_msgs/msg/detail/goal_status__type_support_c.cpp.o[0m
[104.430s] [ 56%] [32m[1mLinking CXX shared library libactionlib_msgs__rosidl_typesupport_fastrtps_c.so[0m
[104.646s] [ 56%] Built target actionlib_msgs__rosidl_typesupport_fastrtps_c
[104.656s] [ 58%] [34m[1mGenerating C type support dispatch for ROS interfaces[0m
[106.034s] [ 60%] [32mBuilding CXX object CMakeFiles/actionlib_msgs__rosidl_typesupport_c.dir/rosidl_typesupport_c/actionlib_msgs/msg/goal_id__type_support.cpp.o[0m
[106.147s] [ 62%] [32mBuilding CXX object CMakeFiles/actionlib_msgs__rosidl_typesupport_c.dir/rosidl_typesupport_c/actionlib_msgs/msg/goal_status_array__type_support.cpp.o[0m
[106.262s] [ 64%] [32mBuilding CXX object CMakeFiles/actionlib_msgs__rosidl_typesupport_c.dir/rosidl_typesupport_c/actionlib_msgs/msg/goal_status__type_support.cpp.o[0m
[106.361s] [ 66%] [32m[1mLinking CXX shared library libactionlib_msgs__rosidl_typesupport_c.so[0m
[106.512s] [ 66%] Built target actionlib_msgs__rosidl_typesupport_c
[106.524s] [ 68%] [34m[1mGenerating C introspection for ROS interfaces[0m
[108.022s] [ 70%] [32mBuilding C object CMakeFiles/actionlib_msgs__rosidl_typesupport_introspection_c.dir/rosidl_typesupport_introspection_c/actionlib_msgs/msg/detail/goal_id__type_support.c.o[0m
[108.162s] [ 72%] [32mBuilding C object CMakeFiles/actionlib_msgs__rosidl_typesupport_introspection_c.dir/rosidl_typesupport_introspection_c/actionlib_msgs/msg/detail/goal_status_array__type_support.c.o[0m
[108.297s] [ 75%] [32mBuilding C object CMakeFiles/actionlib_msgs__rosidl_typesupport_introspection_c.dir/rosidl_typesupport_introspection_c/actionlib_msgs/msg/detail/goal_status__type_support.c.o[0m
[108.435s] [ 77%] [32m[1mLinking C shared library libactionlib_msgs__rosidl_typesupport_introspection_c.so[0m
[108.560s] [ 77%] Built target actionlib_msgs__rosidl_typesupport_introspection_c
[108.581s] [ 77%] Built target actionlib_msgs
[108.609s] [ 79%] [34m[1mGenerating Python code for ROS interfaces[0m
[112.313s] [ 79%] Built target actionlib_msgs__py
[112.342s] [ 81%] [32mBuilding C object CMakeFiles/actionlib_msgs__rosidl_generator_py.dir/rosidl_generator_py/actionlib_msgs/msg/_goal_id_s.c.o[0m
[113.198s] [ 83%] [32mBuilding C object CMakeFiles/actionlib_msgs__rosidl_generator_py.dir/rosidl_generator_py/actionlib_msgs/msg/_goal_status_array_s.c.o[0m
[114.094s] [ 85%] [32mBuilding C object CMakeFiles/actionlib_msgs__rosidl_generator_py.dir/rosidl_generator_py/actionlib_msgs/msg/_goal_status_s.c.o[0m
[117.795s] [ 87%] [32m[1mLinking C shared library rosidl_generator_py/actionlib_msgs/libactionlib_msgs__rosidl_generator_py.so[0m
[118.027s] [ 87%] Built target actionlib_msgs__rosidl_generator_py
[118.121s] [ 89%] [32mBuilding C object CMakeFiles/actionlib_msgs__rosidl_typesupport_fastrtps_c__pyext.dir/rosidl_generator_py/actionlib_msgs/_actionlib_msgs_s.ep.rosidl_typesupport_fastrtps_c.c.o[0m
[118.712s] [ 91%] [32m[1mLinking C shared library rosidl_generator_py/actionlib_msgs/actionlib_msgs_s__rosidl_typesupport_fastrtps_c.cpython-310-x86_64-linux-gnu.so[0m
[119.060s] [ 91%] Built target actionlib_msgs__rosidl_typesupport_fastrtps_c__pyext
[119.150s] [ 93%] [32mBuilding C object CMakeFiles/actionlib_msgs__rosidl_typesupport_c__pyext.dir/rosidl_generator_py/actionlib_msgs/_actionlib_msgs_s.ep.rosidl_typesupport_c.c.o[0m
[119.710s] [ 95%] [32m[1mLinking C shared library rosidl_generator_py/actionlib_msgs/actionlib_msgs_s__rosidl_typesupport_c.cpython-310-x86_64-linux-gnu.so[0m
[119.856s] [ 95%] Built target actionlib_msgs__rosidl_typesupport_c__pyext
[119.879s] [ 97%] [32mBuilding C object CMakeFiles/actionlib_msgs__rosidl_typesupport_introspection_c__pyext.dir/rosidl_generator_py/actionlib_msgs/_actionlib_msgs_s.ep.rosidl_typesupport_introspection_c.c.o[0m
[120.371s] [100%] [32m[1mLinking C shared library rosidl_generator_py/actionlib_msgs/actionlib_msgs_s__rosidl_typesupport_introspection_c.cpython-310-x86_64-linux-gnu.so[0m
[120.591s] [100%] Built target actionlib_msgs__rosidl_typesupport_introspection_c__pyext
[121.465s] Invoked command in '/home/hikari/ROScribe/ros_ws/src/build/actionlib_msgs' returned '0': AMENT_PREFIX_PATH=/home/hikari/ROScribe/ros_ws/src/install/std_msgs:/home/hikari/ROScribe/ros_ws/src/install/builtin_interfaces:/home/hikari/ROScribe/ros_ws/src/install/rosidl_default_runtime:/home/hikari/ROScribe/ros_ws/src/install/rosidl_default_generators:/home/hikari/ROScribe/ros_ws/src/install/rosidl_generator_rs:/home/hikari/ROScribe/ros_ws/src/install/rosidl_runtime_rs:${AMENT_PREFIX_PATH} CMAKE_PREFIX_PATH=/home/hikari/ROScribe/ros_ws/src/install/std_msgs:/home/hikari/ROScribe/ros_ws/src/install/builtin_interfaces:/home/hikari/ROScribe/ros_ws/src/install/rosidl_default_runtime:/home/hikari/ROScribe/ros_ws/src/install/rosidl_default_generators:/home/hikari/ROScribe/ros_ws/src/install/rosidl_generator_rs:/opt/ros/humble LD_LIBRARY_PATH=/home/hikari/ROScribe/ros_ws/src/install/std_msgs/lib:/home/hikari/ROScribe/ros_ws/src/install/builtin_interfaces/lib:${LD_LIBRARY_PATH} PYTHONPATH=/home/hikari/ROScribe/ros_ws/src/install/std_msgs/local/lib/python3.10/dist-packages:/home/hikari/ROScribe/ros_ws/src/install/builtin_interfaces/local/lib/python3.10/dist-packages:/home/hikari/ROScribe/ros_ws/src/install/rosidl_generator_rs/local/lib/python3.10/dist-packages:${PYTHONPATH} /usr/local/bin/cmake --build /home/hikari/ROScribe/ros_ws/src/build/actionlib_msgs -- -j8 -l8
[122.114s] Invoking command in '/home/hikari/ROScribe/ros_ws/src/build/actionlib_msgs': AMENT_PREFIX_PATH=/home/hikari/ROScribe/ros_ws/src/install/std_msgs:/home/hikari/ROScribe/ros_ws/src/install/builtin_interfaces:/home/hikari/ROScribe/ros_ws/src/install/rosidl_default_runtime:/home/hikari/ROScribe/ros_ws/src/install/rosidl_default_generators:/home/hikari/ROScribe/ros_ws/src/install/rosidl_generator_rs:/home/hikari/ROScribe/ros_ws/src/install/rosidl_runtime_rs:${AMENT_PREFIX_PATH} CMAKE_PREFIX_PATH=/home/hikari/ROScribe/ros_ws/src/install/std_msgs:/home/hikari/ROScribe/ros_ws/src/install/builtin_interfaces:/home/hikari/ROScribe/ros_ws/src/install/rosidl_default_runtime:/home/hikari/ROScribe/ros_ws/src/install/rosidl_default_generators:/home/hikari/ROScribe/ros_ws/src/install/rosidl_generator_rs:/opt/ros/humble LD_LIBRARY_PATH=/home/hikari/ROScribe/ros_ws/src/install/std_msgs/lib:/home/hikari/ROScribe/ros_ws/src/install/builtin_interfaces/lib:${LD_LIBRARY_PATH} PYTHONPATH=/home/hikari/ROScribe/ros_ws/src/install/std_msgs/local/lib/python3.10/dist-packages:/home/hikari/ROScribe/ros_ws/src/install/builtin_interfaces/local/lib/python3.10/dist-packages:/home/hikari/ROScribe/ros_ws/src/install/rosidl_generator_rs/local/lib/python3.10/dist-packages:${PYTHONPATH} /usr/local/bin/cmake --install /home/hikari/ROScribe/ros_ws/src/build/actionlib_msgs
[122.193s] -- Install configuration: ""
[122.194s] -- Installing: /home/hikari/ROScribe/ros_ws/src/install/actionlib_msgs/share/ament_index/resource_index/rosidl_interfaces/actionlib_msgs
[122.194s] -- Installing: /home/hikari/ROScribe/ros_ws/src/install/actionlib_msgs/include/actionlib_msgs/actionlib_msgs
[122.195s] -- Installing: /home/hikari/ROScribe/ros_ws/src/install/actionlib_msgs/include/actionlib_msgs/actionlib_msgs/msg
[122.195s] -- Installing: /home/hikari/ROScribe/ros_ws/src/install/actionlib_msgs/include/actionlib_msgs/actionlib_msgs/msg/goal_status.h
[122.195s] -- Installing: /home/hikari/ROScribe/ros_ws/src/install/actionlib_msgs/include/actionlib_msgs/actionlib_msgs/msg/goal_status_array.h
[122.196s] -- Installing: /home/hikari/ROScribe/ros_ws/src/install/actionlib_msgs/include/actionlib_msgs/actionlib_msgs/msg/goal_id.h
[122.196s] -- Installing: /home/hikari/ROScribe/ros_ws/src/install/actionlib_msgs/include/actionlib_msgs/actionlib_msgs/msg/rosidl_generator_c__visibility_control.h
[122.199s] -- Installing: /home/hikari/ROScribe/ros_ws/src/install/actionlib_msgs/include/actionlib_msgs/actionlib_msgs/msg/detail
[122.202s] -- Installing: /home/hikari/ROScribe/ros_ws/src/install/actionlib_msgs/include/actionlib_msgs/actionlib_msgs/msg/detail/goal_status_array__struct.h
[122.202s] -- Installing: /home/hikari/ROScribe/ros_ws/src/install/actionlib_msgs/include/actionlib_msgs/actionlib_msgs/msg/detail/goal_status__type_support.h
[122.203s] -- Installing: /home/hikari/ROScribe/ros_ws/src/install/actionlib_msgs/include/actionlib_msgs/actionlib_msgs/msg/detail/goal_status_array__functions.h
[122.203s] -- Installing: /home/hikari/ROScribe/ros_ws/src/install/actionlib_msgs/include/actionlib_msgs/actionlib_msgs/msg/detail/goal_status_array__functions.c
[122.203s] -- Installing: /home/hikari/ROScribe/ros_ws/src/install/actionlib_msgs/include/actionlib_msgs/actionlib_msgs/msg/detail/goal_id__struct.h
[122.206s] -- Installing: /home/hikari/ROScribe/ros_ws/src/install/actionlib_msgs/include/actionlib_msgs/actionlib_msgs/msg/detail/goal_status_array__type_support.h
[122.207s] -- Installing: /home/hikari/ROScribe/ros_ws/src/install/actionlib_msgs/include/actionlib_msgs/actionlib_msgs/msg/detail/goal_id__type_support.h
[122.207s] -- Installing: /home/hikari/ROScribe/ros_ws/src/install/actionlib_msgs/include/actionlib_msgs/actionlib_msgs/msg/detail/goal_status__functions.c
[122.208s] -- Installing: /home/hikari/ROScribe/ros_ws/src/install/actionlib_msgs/include/actionlib_msgs/actionlib_msgs/msg/detail/goal_status__functions.h
[122.208s] -- Installing: /home/hikari/ROScribe/ros_ws/src/install/actionlib_msgs/include/actionlib_msgs/actionlib_msgs/msg/detail/goal_id__functions.c
[122.212s] -- Installing: /home/hikari/ROScribe/ros_ws/src/install/actionlib_msgs/include/actionlib_msgs/actionlib_msgs/msg/detail/goal_id__functions.h
[122.212s] -- Installing: /home/hikari/ROScribe/ros_ws/src/install/actionlib_msgs/include/actionlib_msgs/actionlib_msgs/msg/detail/goal_status__struct.h
[122.212s] -- Installing: /home/hikari/ROScribe/ros_ws/src/install/actionlib_msgs/share/actionlib_msgs/environment/library_path.sh
[122.213s] -- Installing: /home/hikari/ROScribe/ros_ws/src/install/actionlib_msgs/share/actionlib_msgs/environment/library_path.dsv
[122.216s] -- Installing: /home/hikari/ROScribe/ros_ws/src/install/actionlib_msgs/lib/libactionlib_msgs__rosidl_generator_c.so
[122.216s] -- Set runtime path of "/home/hikari/ROScribe/ros_ws/src/install/actionlib_msgs/lib/libactionlib_msgs__rosidl_generator_c.so" to ""
[122.217s] -- Up-to-date: /home/hikari/ROScribe/ros_ws/src/install/actionlib_msgs/include/actionlib_msgs/actionlib_msgs
[122.218s] -- Up-to-date: /home/hikari/ROScribe/ros_ws/src/install/actionlib_msgs/include/actionlib_msgs/actionlib_msgs/msg
[122.218s] -- Installing: /home/hikari/ROScribe/ros_ws/src/install/actionlib_msgs/include/actionlib_msgs/actionlib_msgs/msg/rosidl_typesupport_fastrtps_c__visibility_control.h
[122.218s] -- Up-to-date: /home/hikari/ROScribe/ros_ws/src/install/actionlib_msgs/include/actionlib_msgs/actionlib_msgs/msg/detail
[122.218s] -- Installing: /home/hikari/ROScribe/ros_ws/src/install/actionlib_msgs/include/actionlib_msgs/actionlib_msgs/msg/detail/goal_status__rosidl_typesupport_fastrtps_c.h
[122.219s] -- Installing: /home/hikari/ROScribe/ros_ws/src/install/actionlib_msgs/include/actionlib_msgs/actionlib_msgs/msg/detail/goal_id__rosidl_typesupport_fastrtps_c.h
[122.219s] -- Installing: /home/hikari/ROScribe/ros_ws/src/install/actionlib_msgs/include/actionlib_msgs/actionlib_msgs/msg/detail/goal_status_array__rosidl_typesupport_fastrtps_c.h
[122.220s] -- Installing: /home/hikari/ROScribe/ros_ws/src/install/actionlib_msgs/lib/libactionlib_msgs__rosidl_typesupport_fastrtps_c.so
[122.222s] -- Set runtime path of "/home/hikari/ROScribe/ros_ws/src/install/actionlib_msgs/lib/libactionlib_msgs__rosidl_typesupport_fastrtps_c.so" to ""
[122.222s] -- Up-to-date: /home/hikari/ROScribe/ros_ws/src/install/actionlib_msgs/include/actionlib_msgs/actionlib_msgs
[122.223s] -- Up-to-date: /home/hikari/ROScribe/ros_ws/src/install/actionlib_msgs/include/actionlib_msgs/actionlib_msgs/msg
[122.223s] -- Installing: /home/hikari/ROScribe/ros_ws/src/install/actionlib_msgs/include/actionlib_msgs/actionlib_msgs/msg/goal_status.hpp
[122.223s] -- Installing: /home/hikari/ROScribe/ros_ws/src/install/actionlib_msgs/include/actionlib_msgs/actionlib_msgs/msg/goal_id.hpp
[122.224s] -- Installing: /home/hikari/ROScribe/ros_ws/src/install/actionlib_msgs/include/actionlib_msgs/actionlib_msgs/msg/goal_status_array.hpp
[122.224s] -- Up-to-date: /home/hikari/ROScribe/ros_ws/src/install/actionlib_msgs/include/actionlib_msgs/actionlib_msgs/msg/detail
[122.224s] -- Installing: /home/hikari/ROScribe/ros_ws/src/install/actionlib_msgs/include/actionlib_msgs/actionlib_msgs/msg/detail/goal_status_array__builder.hpp
[122.224s] -- Installing: /home/hikari/ROScribe/ros_ws/src/install/actionlib_msgs/include/actionlib_msgs/actionlib_msgs/msg/detail/goal_id__struct.hpp
[122.224s] -- Installing: /home/hikari/ROScribe/ros_ws/src/install/actionlib_msgs/include/actionlib_msgs/actionlib_msgs/msg/detail/goal_status__struct.hpp
[122.225s] -- Installing: /home/hikari/ROScribe/ros_ws/src/install/actionlib_msgs/include/actionlib_msgs/actionlib_msgs/msg/detail/goal_status__traits.hpp
[122.225s] -- Installing: /home/hikari/ROScribe/ros_ws/src/install/actionlib_msgs/include/actionlib_msgs/actionlib_msgs/msg/detail/goal_id__traits.hpp
[122.225s] -- Installing: /home/hikari/ROScribe/ros_ws/src/install/actionlib_msgs/include/actionlib_msgs/actionlib_msgs/msg/detail/goal_id__builder.hpp
[122.225s] -- Installing: /home/hikari/ROScribe/ros_ws/src/install/actionlib_msgs/include/actionlib_msgs/actionlib_msgs/msg/detail/goal_status__builder.hpp
[122.225s] -- Installing: /home/hikari/ROScribe/ros_ws/src/install/actionlib_msgs/include/actionlib_msgs/actionlib_msgs/msg/detail/goal_status_array__struct.hpp
[122.225s] -- Installing: /home/hikari/ROScribe/ros_ws/src/install/actionlib_msgs/include/actionlib_msgs/actionlib_msgs/msg/detail/goal_status_array__traits.hpp
[122.225s] -- Up-to-date: /home/hikari/ROScribe/ros_ws/src/install/actionlib_msgs/include/actionlib_msgs/actionlib_msgs
[122.225s] -- Up-to-date: /home/hikari/ROScribe/ros_ws/src/install/actionlib_msgs/include/actionlib_msgs/actionlib_msgs/msg
[122.225s] -- Installing: /home/hikari/ROScribe/ros_ws/src/install/actionlib_msgs/include/actionlib_msgs/actionlib_msgs/msg/rosidl_typesupport_fastrtps_cpp__visibility_control.h
[122.226s] -- Up-to-date: /home/hikari/ROScribe/ros_ws/src/install/actionlib_msgs/include/actionlib_msgs/actionlib_msgs/msg/detail
[122.227s] -- Installing: /home/hikari/ROScribe/ros_ws/src/install/actionlib_msgs/include/actionlib_msgs/actionlib_msgs/msg/detail/goal_status__rosidl_typesupport_fastrtps_cpp.hpp
[122.227s] -- Installing: /home/hikari/ROScribe/ros_ws/src/install/actionlib_msgs/include/actionlib_msgs/actionlib_msgs/msg/detail/goal_id__rosidl_typesupport_fastrtps_cpp.hpp
[122.228s] -- Installing: /home/hikari/ROScribe/ros_ws/src/install/actionlib_msgs/include/actionlib_msgs/actionlib_msgs/msg/detail/goal_status_array__rosidl_typesupport_fastrtps_cpp.hpp
[122.229s] -- Installing: /home/hikari/ROScribe/ros_ws/src/install/actionlib_msgs/include/actionlib_msgs/actionlib_msgs/msg/detail/dds_fastrtps
[122.230s] -- Installing: /home/hikari/ROScribe/ros_ws/src/install/actionlib_msgs/lib/libactionlib_msgs__rosidl_typesupport_fastrtps_cpp.so
[122.230s] -- Set runtime path of "/home/hikari/ROScribe/ros_ws/src/install/actionlib_msgs/lib/libactionlib_msgs__rosidl_typesupport_fastrtps_cpp.so" to ""
[122.231s] -- Up-to-date: /home/hikari/ROScribe/ros_ws/src/install/actionlib_msgs/include/actionlib_msgs/actionlib_msgs
[122.231s] -- Up-to-date: /home/hikari/ROScribe/ros_ws/src/install/actionlib_msgs/include/actionlib_msgs/actionlib_msgs/msg
[122.233s] -- Installing: /home/hikari/ROScribe/ros_ws/src/install/actionlib_msgs/include/actionlib_msgs/actionlib_msgs/msg/rosidl_typesupport_introspection_c__visibility_control.h
[122.233s] -- Up-to-date: /home/hikari/ROScribe/ros_ws/src/install/actionlib_msgs/include/actionlib_msgs/actionlib_msgs/msg/detail
[122.233s] -- Installing: /home/hikari/ROScribe/ros_ws/src/install/actionlib_msgs/include/actionlib_msgs/actionlib_msgs/msg/detail/goal_status__type_support.c
[122.233s] -- Installing: /home/hikari/ROScribe/ros_ws/src/install/actionlib_msgs/include/actionlib_msgs/actionlib_msgs/msg/detail/goal_status_array__rosidl_typesupport_introspection_c.h
[122.233s] -- Installing: /home/hikari/ROScribe/ros_ws/src/install/actionlib_msgs/include/actionlib_msgs/actionlib_msgs/msg/detail/goal_id__rosidl_typesupport_introspection_c.h
[122.234s] -- Installing: /home/hikari/ROScribe/ros_ws/src/install/actionlib_msgs/include/actionlib_msgs/actionlib_msgs/msg/detail/goal_status__rosidl_typesupport_introspection_c.h
[122.235s] -- Installing: /home/hikari/ROScribe/ros_ws/src/install/actionlib_msgs/include/actionlib_msgs/actionlib_msgs/msg/detail/goal_status_array__type_support.c
[122.235s] -- Installing: /home/hikari/ROScribe/ros_ws/src/install/actionlib_msgs/include/actionlib_msgs/actionlib_msgs/msg/detail/goal_id__type_support.c
[122.236s] -- Installing: /home/hikari/ROScribe/ros_ws/src/install/actionlib_msgs/lib/libactionlib_msgs__rosidl_typesupport_introspection_c.so
[122.236s] -- Set runtime path of "/home/hikari/ROScribe/ros_ws/src/install/actionlib_msgs/lib/libactionlib_msgs__rosidl_typesupport_introspection_c.so" to ""
[122.237s] -- Installing: /home/hikari/ROScribe/ros_ws/src/install/actionlib_msgs/lib/libactionlib_msgs__rosidl_typesupport_c.so
[122.238s] -- Set runtime path of "/home/hikari/ROScribe/ros_ws/src/install/actionlib_msgs/lib/libactionlib_msgs__rosidl_typesupport_c.so" to ""
[122.238s] -- Up-to-date: /home/hikari/ROScribe/ros_ws/src/install/actionlib_msgs/include/actionlib_msgs/actionlib_msgs
[122.238s] -- Up-to-date: /home/hikari/ROScribe/ros_ws/src/install/actionlib_msgs/include/actionlib_msgs/actionlib_msgs/msg
[122.239s] -- Up-to-date: /home/hikari/ROScribe/ros_ws/src/install/actionlib_msgs/include/actionlib_msgs/actionlib_msgs/msg/detail
[122.243s] -- Installing: /home/hikari/ROScribe/ros_ws/src/install/actionlib_msgs/include/actionlib_msgs/actionlib_msgs/msg/detail/goal_id__rosidl_typesupport_introspection_cpp.hpp
[122.243s] -- Installing: /home/hikari/ROScribe/ros_ws/src/install/actionlib_msgs/include/actionlib_msgs/actionlib_msgs/msg/detail/goal_status__type_support.cpp
[122.243s] -- Installing: /home/hikari/ROScribe/ros_ws/src/install/actionlib_msgs/include/actionlib_msgs/actionlib_msgs/msg/detail/goal_status__rosidl_typesupport_introspection_cpp.hpp
[122.243s] -- Installing: /home/hikari/ROScribe/ros_ws/src/install/actionlib_msgs/include/actionlib_msgs/actionlib_msgs/msg/detail/goal_status_array__type_support.cpp
[122.244s] -- Installing: /home/hikari/ROScribe/ros_ws/src/install/actionlib_msgs/include/actionlib_msgs/actionlib_msgs/msg/detail/goal_status_array__rosidl_typesupport_introspection_cpp.hpp
[122.244s] -- Installing: /home/hikari/ROScribe/ros_ws/src/install/actionlib_msgs/include/actionlib_msgs/actionlib_msgs/msg/detail/goal_id__type_support.cpp
[122.244s] -- Installing: /home/hikari/ROScribe/ros_ws/src/install/actionlib_msgs/lib/libactionlib_msgs__rosidl_typesupport_introspection_cpp.so
[122.245s] -- Set runtime path of "/home/hikari/ROScribe/ros_ws/src/install/actionlib_msgs/lib/libactionlib_msgs__rosidl_typesupport_introspection_cpp.so" to ""
[122.245s] -- Installing: /home/hikari/ROScribe/ros_ws/src/install/actionlib_msgs/lib/libactionlib_msgs__rosidl_typesupport_cpp.so
[122.246s] -- Set runtime path of "/home/hikari/ROScribe/ros_ws/src/install/actionlib_msgs/lib/libactionlib_msgs__rosidl_typesupport_cpp.so" to ""
[122.247s] -- Installing: /home/hikari/ROScribe/ros_ws/src/install/actionlib_msgs/share/ament_index/resource_index/rust_packages/actionlib_msgs
[122.247s] -- Installing: /home/hikari/ROScribe/ros_ws/src/install/actionlib_msgs/share/actionlib_msgs/rust
[122.247s] -- Installing: /home/hikari/ROScribe/ros_ws/src/install/actionlib_msgs/share/actionlib_msgs/rust/src
[122.248s] -- Installing: /home/hikari/ROScribe/ros_ws/src/install/actionlib_msgs/share/actionlib_msgs/rust/src/msg.rs
[122.248s] -- Installing: /home/hikari/ROScribe/ros_ws/src/install/actionlib_msgs/share/actionlib_msgs/rust/src/lib.rs
[122.248s] -- Installing: /home/hikari/ROScribe/ros_ws/src/install/actionlib_msgs/share/actionlib_msgs/rust/Cargo.toml
[122.249s] -- Installing: /home/hikari/ROScribe/ros_ws/src/install/actionlib_msgs/share/actionlib_msgs/rust/build.rs
[122.249s] -- Up-to-date: /home/hikari/ROScribe/ros_ws/src/install/actionlib_msgs/share/actionlib_msgs/rust
[122.249s] -- Up-to-date: /home/hikari/ROScribe/ros_ws/src/install/actionlib_msgs/share/actionlib_msgs/rust/src
[122.250s] -- Up-to-date: /home/hikari/ROScribe/ros_ws/src/install/actionlib_msgs/share/actionlib_msgs/rust/src/msg.rs
[122.250s] -- Up-to-date: /home/hikari/ROScribe/ros_ws/src/install/actionlib_msgs/share/actionlib_msgs/rust/src/lib.rs
[122.251s] -- Up-to-date: /home/hikari/ROScribe/ros_ws/src/install/actionlib_msgs/share/actionlib_msgs/rust/Cargo.toml
[122.251s] -- Up-to-date: /home/hikari/ROScribe/ros_ws/src/install/actionlib_msgs/share/actionlib_msgs/rust/build.rs
[122.252s] -- Up-to-date: /home/hikari/ROScribe/ros_ws/src/install/actionlib_msgs/share/actionlib_msgs/rust
[122.252s] -- Up-to-date: /home/hikari/ROScribe/ros_ws/src/install/actionlib_msgs/share/actionlib_msgs/rust/src
[122.252s] -- Up-to-date: /home/hikari/ROScribe/ros_ws/src/install/actionlib_msgs/share/actionlib_msgs/rust/src/msg.rs
[122.252s] -- Up-to-date: /home/hikari/ROScribe/ros_ws/src/install/actionlib_msgs/share/actionlib_msgs/rust/src/lib.rs
[122.252s] -- Up-to-date: /home/hikari/ROScribe/ros_ws/src/install/actionlib_msgs/share/actionlib_msgs/rust/Cargo.toml
[122.252s] -- Up-to-date: /home/hikari/ROScribe/ros_ws/src/install/actionlib_msgs/share/actionlib_msgs/rust/build.rs
[122.253s] -- Installing: /home/hikari/ROScribe/ros_ws/src/install/actionlib_msgs/share/actionlib_msgs/environment/pythonpath.sh
[122.253s] -- Installing: /home/hikari/ROScribe/ros_ws/src/install/actionlib_msgs/share/actionlib_msgs/environment/pythonpath.dsv
[122.253s] -- Installing: /home/hikari/ROScribe/ros_ws/src/install/actionlib_msgs/local/lib/python3.10/dist-packages/actionlib_msgs-4.2.3-py3.10.egg-info
[122.254s] -- Installing: /home/hikari/ROScribe/ros_ws/src/install/actionlib_msgs/local/lib/python3.10/dist-packages/actionlib_msgs-4.2.3-py3.10.egg-info/top_level.txt
[122.254s] -- Installing: /home/hikari/ROScribe/ros_ws/src/install/actionlib_msgs/local/lib/python3.10/dist-packages/actionlib_msgs-4.2.3-py3.10.egg-info/dependency_links.txt
[122.255s] -- Installing: /home/hikari/ROScribe/ros_ws/src/install/actionlib_msgs/local/lib/python3.10/dist-packages/actionlib_msgs-4.2.3-py3.10.egg-info/SOURCES.txt
[122.255s] -- Installing: /home/hikari/ROScribe/ros_ws/src/install/actionlib_msgs/local/lib/python3.10/dist-packages/actionlib_msgs-4.2.3-py3.10.egg-info/PKG-INFO
[122.255s] -- Installing: /home/hikari/ROScribe/ros_ws/src/install/actionlib_msgs/local/lib/python3.10/dist-packages/actionlib_msgs
[122.256s] -- Installing: /home/hikari/ROScribe/ros_ws/src/install/actionlib_msgs/local/lib/python3.10/dist-packages/actionlib_msgs/_actionlib_msgs_s.ep.rosidl_typesupport_c.c
[122.257s] -- Installing: /home/hikari/ROScribe/ros_ws/src/install/actionlib_msgs/local/lib/python3.10/dist-packages/actionlib_msgs/_actionlib_msgs_s.ep.rosidl_typesupport_introspection_c.c
[122.257s] -- Installing: /home/hikari/ROScribe/ros_ws/src/install/actionlib_msgs/local/lib/python3.10/dist-packages/actionlib_msgs/msg
[122.257s] -- Installing: /home/hikari/ROScribe/ros_ws/src/install/actionlib_msgs/local/lib/python3.10/dist-packages/actionlib_msgs/msg/_goal_id_s.c
[122.260s] -- Installing: /home/hikari/ROScribe/ros_ws/src/install/actionlib_msgs/local/lib/python3.10/dist-packages/actionlib_msgs/msg/_goal_status_s.c
[122.263s] -- Installing: /home/hikari/ROScribe/ros_ws/src/install/actionlib_msgs/local/lib/python3.10/dist-packages/actionlib_msgs/msg/_goal_status_array_s.c
[122.263s] -- Installing: /home/hikari/ROScribe/ros_ws/src/install/actionlib_msgs/local/lib/python3.10/dist-packages/actionlib_msgs/msg/_goal_id.py
[122.264s] -- Installing: /home/hikari/ROScribe/ros_ws/src/install/actionlib_msgs/local/lib/python3.10/dist-packages/actionlib_msgs/msg/_goal_status_array.py
[122.264s] -- Installing: /home/hikari/ROScribe/ros_ws/src/install/actionlib_msgs/local/lib/python3.10/dist-packages/actionlib_msgs/msg/__init__.py
[122.264s] -- Installing: /home/hikari/ROScribe/ros_ws/src/install/actionlib_msgs/local/lib/python3.10/dist-packages/actionlib_msgs/msg/_goal_status.py
[122.265s] -- Installing: /home/hikari/ROScribe/ros_ws/src/install/actionlib_msgs/local/lib/python3.10/dist-packages/actionlib_msgs/libactionlib_msgs__rosidl_generator_py.so
[122.265s] -- Installing: /home/hikari/ROScribe/ros_ws/src/install/actionlib_msgs/local/lib/python3.10/dist-packages/actionlib_msgs/actionlib_msgs_s__rosidl_typesupport_fastrtps_c.cpython-310-x86_64-linux-gnu.so
[122.266s] -- Installing: /home/hikari/ROScribe/ros_ws/src/install/actionlib_msgs/local/lib/python3.10/dist-packages/actionlib_msgs/_actionlib_msgs_s.ep.rosidl_typesupport_fastrtps_c.c
[122.268s] -- Installing: /home/hikari/ROScribe/ros_ws/src/install/actionlib_msgs/local/lib/python3.10/dist-packages/actionlib_msgs/actionlib_msgs_s__rosidl_typesupport_introspection_c.cpython-310-x86_64-linux-gnu.so
[122.268s] -- Installing: /home/hikari/ROScribe/ros_ws/src/install/actionlib_msgs/local/lib/python3.10/dist-packages/actionlib_msgs/__init__.py
[122.268s] -- Installing: /home/hikari/ROScribe/ros_ws/src/install/actionlib_msgs/local/lib/python3.10/dist-packages/actionlib_msgs/actionlib_msgs_s__rosidl_typesupport_c.cpython-310-x86_64-linux-gnu.so
[122.361s] Listing '/home/hikari/ROScribe/ros_ws/src/install/actionlib_msgs/local/lib/python3.10/dist-packages/actionlib_msgs'...
[122.361s] Compiling '/home/hikari/ROScribe/ros_ws/src/install/actionlib_msgs/local/lib/python3.10/dist-packages/actionlib_msgs/__init__.py'...
[122.361s] Listing '/home/hikari/ROScribe/ros_ws/src/install/actionlib_msgs/local/lib/python3.10/dist-packages/actionlib_msgs/msg'...
[122.361s] Compiling '/home/hikari/ROScribe/ros_ws/src/install/actionlib_msgs/local/lib/python3.10/dist-packages/actionlib_msgs/msg/__init__.py'...
[122.361s] Compiling '/home/hikari/ROScribe/ros_ws/src/install/actionlib_msgs/local/lib/python3.10/dist-packages/actionlib_msgs/msg/_goal_id.py'...
[122.362s] Compiling '/home/hikari/ROScribe/ros_ws/src/install/actionlib_msgs/local/lib/python3.10/dist-packages/actionlib_msgs/msg/_goal_status.py'...
[122.362s] Compiling '/home/hikari/ROScribe/ros_ws/src/install/actionlib_msgs/local/lib/python3.10/dist-packages/actionlib_msgs/msg/_goal_status_array.py'...
[122.371s] -- Installing: /home/hikari/ROScribe/ros_ws/src/install/actionlib_msgs/local/lib/python3.10/dist-packages/actionlib_msgs/actionlib_msgs_s__rosidl_typesupport_fastrtps_c.cpython-310-x86_64-linux-gnu.so
[122.372s] -- Set runtime path of "/home/hikari/ROScribe/ros_ws/src/install/actionlib_msgs/local/lib/python3.10/dist-packages/actionlib_msgs/actionlib_msgs_s__rosidl_typesupport_fastrtps_c.cpython-310-x86_64-linux-gnu.so" to ""
[122.372s] -- Installing: /home/hikari/ROScribe/ros_ws/src/install/actionlib_msgs/local/lib/python3.10/dist-packages/actionlib_msgs/actionlib_msgs_s__rosidl_typesupport_introspection_c.cpython-310-x86_64-linux-gnu.so
[122.373s] -- Set runtime path of "/home/hikari/ROScribe/ros_ws/src/install/actionlib_msgs/local/lib/python3.10/dist-packages/actionlib_msgs/actionlib_msgs_s__rosidl_typesupport_introspection_c.cpython-310-x86_64-linux-gnu.so" to ""
[122.373s] -- Installing: /home/hikari/ROScribe/ros_ws/src/install/actionlib_msgs/local/lib/python3.10/dist-packages/actionlib_msgs/actionlib_msgs_s__rosidl_typesupport_c.cpython-310-x86_64-linux-gnu.so
[122.374s] -- Set runtime path of "/home/hikari/ROScribe/ros_ws/src/install/actionlib_msgs/local/lib/python3.10/dist-packages/actionlib_msgs/actionlib_msgs_s__rosidl_typesupport_c.cpython-310-x86_64-linux-gnu.so" to ""
[122.374s] -- Installing: /home/hikari/ROScribe/ros_ws/src/install/actionlib_msgs/lib/libactionlib_msgs__rosidl_generator_py.so
[122.374s] -- Set runtime path of "/home/hikari/ROScribe/ros_ws/src/install/actionlib_msgs/lib/libactionlib_msgs__rosidl_generator_py.so" to ""
[122.375s] -- Installing: /home/hikari/ROScribe/ros_ws/src/install/actionlib_msgs/share/actionlib_msgs/msg/GoalID.idl
[122.375s] -- Installing: /home/hikari/ROScribe/ros_ws/src/install/actionlib_msgs/share/actionlib_msgs/msg/GoalStatus.idl
[122.375s] -- Installing: /home/hikari/ROScribe/ros_ws/src/install/actionlib_msgs/share/actionlib_msgs/msg/GoalStatusArray.idl
[122.376s] -- Installing: /home/hikari/ROScribe/ros_ws/src/install/actionlib_msgs/share/actionlib_msgs/msg/GoalID.msg
[122.379s] -- Installing: /home/hikari/ROScribe/ros_ws/src/install/actionlib_msgs/share/actionlib_msgs/msg/GoalStatus.msg
[122.379s] -- Installing: /home/hikari/ROScribe/ros_ws/src/install/actionlib_msgs/share/actionlib_msgs/msg/GoalStatusArray.msg
[122.380s] -- Installing: /home/hikari/ROScribe/ros_ws/src/install/actionlib_msgs/share/ament_index/resource_index/package_run_dependencies/actionlib_msgs
[122.381s] -- Installing: /home/hikari/ROScribe/ros_ws/src/install/actionlib_msgs/share/ament_index/resource_index/parent_prefix_path/actionlib_msgs
[122.382s] -- Installing: /home/hikari/ROScribe/ros_ws/src/install/actionlib_msgs/share/actionlib_msgs/environment/ament_prefix_path.sh
[122.382s] -- Installing: /home/hikari/ROScribe/ros_ws/src/install/actionlib_msgs/share/actionlib_msgs/environment/ament_prefix_path.dsv
[122.383s] -- Installing: /home/hikari/ROScribe/ros_ws/src/install/actionlib_msgs/share/actionlib_msgs/environment/path.sh
[122.384s] -- Installing: /home/hikari/ROScribe/ros_ws/src/install/actionlib_msgs/share/actionlib_msgs/environment/path.dsv
[122.384s] -- Installing: /home/hikari/ROScribe/ros_ws/src/install/actionlib_msgs/share/actionlib_msgs/local_setup.bash
[122.385s] -- Installing: /home/hikari/ROScribe/ros_ws/src/install/actionlib_msgs/share/actionlib_msgs/local_setup.sh
[122.388s] -- Installing: /home/hikari/ROScribe/ros_ws/src/install/actionlib_msgs/share/actionlib_msgs/local_setup.zsh
[122.388s] -- Installing: /home/hikari/ROScribe/ros_ws/src/install/actionlib_msgs/share/actionlib_msgs/local_setup.dsv
[122.389s] -- Installing: /home/hikari/ROScribe/ros_ws/src/install/actionlib_msgs/share/actionlib_msgs/package.dsv
[122.389s] -- Installing: /home/hikari/ROScribe/ros_ws/src/install/actionlib_msgs/share/ament_index/resource_index/packages/actionlib_msgs
[122.390s] -- Installing: /home/hikari/ROScribe/ros_ws/src/install/actionlib_msgs/share/actionlib_msgs/cmake/export_actionlib_msgs__rosidl_generator_cExport.cmake
[122.390s] -- Installing: /home/hikari/ROScribe/ros_ws/src/install/actionlib_msgs/share/actionlib_msgs/cmake/export_actionlib_msgs__rosidl_generator_cExport-noconfig.cmake
[122.390s] -- Installing: /home/hikari/ROScribe/ros_ws/src/install/actionlib_msgs/share/actionlib_msgs/cmake/export_actionlib_msgs__rosidl_typesupport_fastrtps_cExport.cmake
[122.391s] -- Installing: /home/hikari/ROScribe/ros_ws/src/install/actionlib_msgs/share/actionlib_msgs/cmake/export_actionlib_msgs__rosidl_typesupport_fastrtps_cExport-noconfig.cmake
[122.391s] -- Installing: /home/hikari/ROScribe/ros_ws/src/install/actionlib_msgs/share/actionlib_msgs/cmake/export_actionlib_msgs__rosidl_generator_cppExport.cmake
[122.392s] -- Installing: /home/hikari/ROScribe/ros_ws/src/install/actionlib_msgs/share/actionlib_msgs/cmake/export_actionlib_msgs__rosidl_typesupport_fastrtps_cppExport.cmake
[122.392s] -- Installing: /home/hikari/ROScribe/ros_ws/src/install/actionlib_msgs/share/actionlib_msgs/cmake/export_actionlib_msgs__rosidl_typesupport_fastrtps_cppExport-noconfig.cmake
[122.393s] -- Installing: /home/hikari/ROScribe/ros_ws/src/install/actionlib_msgs/share/actionlib_msgs/cmake/actionlib_msgs__rosidl_typesupport_introspection_cExport.cmake
[122.393s] -- Installing: /home/hikari/ROScribe/ros_ws/src/install/actionlib_msgs/share/actionlib_msgs/cmake/actionlib_msgs__rosidl_typesupport_introspection_cExport-noconfig.cmake
[122.397s] -- Installing: /home/hikari/ROScribe/ros_ws/src/install/actionlib_msgs/share/actionlib_msgs/cmake/actionlib_msgs__rosidl_typesupport_cExport.cmake
[122.397s] -- Installing: /home/hikari/ROScribe/ros_ws/src/install/actionlib_msgs/share/actionlib_msgs/cmake/actionlib_msgs__rosidl_typesupport_cExport-noconfig.cmake
[122.398s] -- Installing: /home/hikari/ROScribe/ros_ws/src/install/actionlib_msgs/share/actionlib_msgs/cmake/actionlib_msgs__rosidl_typesupport_introspection_cppExport.cmake
[122.398s] -- Installing: /home/hikari/ROScribe/ros_ws/src/install/actionlib_msgs/share/actionlib_msgs/cmake/actionlib_msgs__rosidl_typesupport_introspection_cppExport-noconfig.cmake
[122.399s] -- Installing: /home/hikari/ROScribe/ros_ws/src/install/actionlib_msgs/share/actionlib_msgs/cmake/actionlib_msgs__rosidl_typesupport_cppExport.cmake
[122.399s] -- Installing: /home/hikari/ROScribe/ros_ws/src/install/actionlib_msgs/share/actionlib_msgs/cmake/actionlib_msgs__rosidl_typesupport_cppExport-noconfig.cmake
[122.402s] -- Installing: /home/hikari/ROScribe/ros_ws/src/install/actionlib_msgs/share/actionlib_msgs/cmake/export_actionlib_msgs__rosidl_generator_pyExport.cmake
[122.402s] -- Installing: /home/hikari/ROScribe/ros_ws/src/install/actionlib_msgs/share/actionlib_msgs/cmake/export_actionlib_msgs__rosidl_generator_pyExport-noconfig.cmake
[122.403s] -- Installing: /home/hikari/ROScribe/ros_ws/src/install/actionlib_msgs/share/actionlib_msgs/cmake/rosidl_cmake-extras.cmake
[122.403s] -- Installing: /home/hikari/ROScribe/ros_ws/src/install/actionlib_msgs/share/actionlib_msgs/cmake/ament_cmake_export_dependencies-extras.cmake
[122.404s] -- Installing: /home/hikari/ROScribe/ros_ws/src/install/actionlib_msgs/share/actionlib_msgs/cmake/ament_cmake_export_include_directories-extras.cmake
[122.404s] -- Installing: /home/hikari/ROScribe/ros_ws/src/install/actionlib_msgs/share/actionlib_msgs/cmake/ament_cmake_export_libraries-extras.cmake
[122.405s] -- Installing: /home/hikari/ROScribe/ros_ws/src/install/actionlib_msgs/share/actionlib_msgs/cmake/ament_cmake_export_targets-extras.cmake
[122.405s] -- Installing: /home/hikari/ROScribe/ros_ws/src/install/actionlib_msgs/share/actionlib_msgs/cmake/rosidl_cmake_export_typesupport_targets-extras.cmake
[122.406s] -- Installing: /home/hikari/ROScribe/ros_ws/src/install/actionlib_msgs/share/actionlib_msgs/cmake/rosidl_cmake_export_typesupport_libraries-extras.cmake
[122.406s] -- Installing: /home/hikari/ROScribe/ros_ws/src/install/actionlib_msgs/share/actionlib_msgs/cmake/actionlib_msgsConfig.cmake
[122.407s] -- Installing: /home/hikari/ROScribe/ros_ws/src/install/actionlib_msgs/share/actionlib_msgs/cmake/actionlib_msgsConfig-version.cmake
[122.407s] -- Installing: /home/hikari/ROScribe/ros_ws/src/install/actionlib_msgs/share/actionlib_msgs/package.xml
[122.424s] Invoked command in '/home/hikari/ROScribe/ros_ws/src/build/actionlib_msgs' returned '0': AMENT_PREFIX_PATH=/home/hikari/ROScribe/ros_ws/src/install/std_msgs:/home/hikari/ROScribe/ros_ws/src/install/builtin_interfaces:/home/hikari/ROScribe/ros_ws/src/install/rosidl_default_runtime:/home/hikari/ROScribe/ros_ws/src/install/rosidl_default_generators:/home/hikari/ROScribe/ros_ws/src/install/rosidl_generator_rs:/home/hikari/ROScribe/ros_ws/src/install/rosidl_runtime_rs:${AMENT_PREFIX_PATH} CMAKE_PREFIX_PATH=/home/hikari/ROScribe/ros_ws/src/install/std_msgs:/home/hikari/ROScribe/ros_ws/src/install/builtin_interfaces:/home/hikari/ROScribe/ros_ws/src/install/rosidl_default_runtime:/home/hikari/ROScribe/ros_ws/src/install/rosidl_default_generators:/home/hikari/ROScribe/ros_ws/src/install/rosidl_generator_rs:/opt/ros/humble LD_LIBRARY_PATH=/home/hikari/ROScribe/ros_ws/src/install/std_msgs/lib:/home/hikari/ROScribe/ros_ws/src/install/builtin_interfaces/lib:${LD_LIBRARY_PATH} PYTHONPATH=/home/hikari/ROScribe/ros_ws/src/install/std_msgs/local/lib/python3.10/dist-packages:/home/hikari/ROScribe/ros_ws/src/install/builtin_interfaces/local/lib/python3.10/dist-packages:/home/hikari/ROScribe/ros_ws/src/install/rosidl_generator_rs/local/lib/python3.10/dist-packages:${PYTHONPATH} /usr/local/bin/cmake --install /home/hikari/ROScribe/ros_ws/src/build/actionlib_msgs
