-- The C compiler identification is GNU 11.4.0
-- The CXX compiler identification is GNU 11.4.0
-- Detecting C compiler ABI info
-- Detecting C compiler ABI info - done
-- Check for working C compiler: /usr/lib/ccache/cc - skipped
-- Detecting C compile features
-- Detecting C compile features - done
-- Detecting CXX compiler ABI info
-- Detecting CXX compiler ABI info - done
-- Check for working CXX compiler: /usr/lib/ccache/c++ - skipped
-- Detecting CXX compile features
-- Detecting CXX compile features - done
-- Found ament_cmake: 1.3.5 (/opt/ros/humble/share/ament_cmake/cmake)
-- Found Python3: /usr/bin/python3.10 (found version "3.10.12") found components: Interpreter 
-- Found rosidl_default_generators: 1.2.0 (/home/hikari/ROScribe/ros_ws/src/install/rosidl_default_generators/share/rosidl_default_generators/cmake)
-- Using all available rosidl_typesupport_c: rosidl_typesupport_fastrtps_c;rosidl_typesupport_introspection_c
-- Found rosidl_adapter: 3.1.5 (/opt/ros/humble/share/rosidl_adapter/cmake)
-- Using all available rosidl_typesupport_cpp: rosidl_typesupport_fastrtps_cpp;rosidl_typesupport_introspection_cpp
-- Found sensor_msgs: 4.2.3 (/home/hikari/ROScribe/ros_ws/src/install/sensor_msgs/share/sensor_msgs/cmake)
-- Found ament_cmake_cppcheck: 0.12.8 (/opt/ros/humble/share/ament_cmake_cppcheck/cmake)
-- Found ament_cmake_cpplint: 0.12.8 (/opt/ros/humble/share/ament_cmake_cpplint/cmake)
-- Found ament_cmake_uncrustify: 0.12.8 (/opt/ros/humble/share/ament_cmake_uncrustify/cmake)
-- Found ament_cmake_ros: 0.10.0 (/opt/ros/humble/share/ament_cmake_ros/cmake)
-- Using all available rosidl_typesupport_c: rosidl_typesupport_fastrtps_c;rosidl_typesupport_introspection_c
-- Using all available rosidl_typesupport_cpp: rosidl_typesupport_fastrtps_cpp;rosidl_typesupport_introspection_cpp
-- Found rmw_implementation_cmake: 6.1.1 (/opt/ros/humble/share/rmw_implementation_cmake/cmake)
-- Found OpenSSL: /usr/lib/x86_64-linux-gnu/libcrypto.so (found version "3.0.2")  
-- Found FastRTPS: /opt/ros/humble/include  
-- Found PythonInterp: /usr/bin/python3 (found suitable version "3.10.12", minimum required is "3.6") 
-- Found python_cmake_module: 0.10.0 (/opt/ros/humble/share/python_cmake_module/cmake)
-- Found PythonLibs: /usr/lib/x86_64-linux-gnu/libpython3.10.so (found suitable version "3.10.12", minimum required is "3.5") 
-- Using PYTHON_EXECUTABLE: /usr/bin/python3
-- Using PYTHON_INCLUDE_DIRS: /usr/include/python3.10
-- Using PYTHON_LIBRARIES: /usr/lib/x86_64-linux-gnu/libpython3.10.so
-- Found PythonExtra: .so  
-- Found ament_cmake_flake8: 0.12.8 (/opt/ros/humble/share/ament_cmake_flake8/cmake)
-- Found ament_cmake_pep257: 0.12.8 (/opt/ros/humble/share/ament_cmake_pep257/cmake)
-- Configuring done
-- Generating done
-- Build files have been written to: /home/hikari/ROScribe/ros_ws/src/build/stereo_msgs
[  3%] [34m[1mGenerating C code for ROS interfaces[0m
[  9%] [34m[1mGenerating C++ code for ROS interfaces[0m
[  9%] [34m[1mGenerating Rust code for ROS interfaces[0m
[  9%] Built target ament_cmake_python_copy_stereo_msgs
running egg_info
creating stereo_msgs.egg-info
writing stereo_msgs.egg-info/PKG-INFO
writing dependency_links to stereo_msgs.egg-info/dependency_links.txt
writing top-level names to stereo_msgs.egg-info/top_level.txt
writing manifest file 'stereo_msgs.egg-info/SOURCES.txt'
[  9%] Built target stereo_msgs__rs
[  9%] Built target stereo_msgs__cpp
[ 12%] [34m[1mGenerating C++ type support for eProsima Fast-RTPS[0m
[ 15%] [34m[1mGenerating C++ introspection for ROS interfaces[0m
[ 18%] [34m[1mGenerating C++ type support dispatch for ROS interfaces[0m
[ 21%] [32mBuilding C object CMakeFiles/stereo_msgs__rosidl_generator_c.dir/rosidl_generator_c/stereo_msgs/msg/detail/disparity_image__functions.c.o[0m
reading manifest file 'stereo_msgs.egg-info/SOURCES.txt'
writing manifest file 'stereo_msgs.egg-info/SOURCES.txt'
[ 21%] Built target ament_cmake_python_build_stereo_msgs_egg
[ 25%] [32m[1mLinking C shared library libstereo_msgs__rosidl_generator_c.so[0m
[ 25%] Built target stereo_msgs__rosidl_generator_c
[ 28%] [34m[1mGenerating C type support for eProsima Fast-RTPS[0m
[ 31%] [34m[1mGenerating C introspection for ROS interfaces[0m
[ 34%] [34m[1mGenerating C type support dispatch for ROS interfaces[0m
[ 37%] [32mBuilding CXX object CMakeFiles/stereo_msgs__rosidl_typesupport_cpp.dir/rosidl_typesupport_cpp/stereo_msgs/msg/disparity_image__type_support.cpp.o[0m
[ 40%] [32mBuilding CXX object CMakeFiles/stereo_msgs__rosidl_typesupport_introspection_cpp.dir/rosidl_typesupport_introspection_cpp/stereo_msgs/msg/detail/disparity_image__type_support.cpp.o[0m
[ 43%] [32mBuilding CXX object CMakeFiles/stereo_msgs__rosidl_typesupport_fastrtps_cpp.dir/rosidl_typesupport_fastrtps_cpp/stereo_msgs/msg/detail/dds_fastrtps/disparity_image__type_support.cpp.o[0m
[ 46%] [32mBuilding CXX object CMakeFiles/stereo_msgs__rosidl_typesupport_fastrtps_c.dir/rosidl_typesupport_fastrtps_c/stereo_msgs/msg/detail/disparity_image__type_support_c.cpp.o[0m
[ 50%] [32mBuilding CXX object CMakeFiles/stereo_msgs__rosidl_typesupport_c.dir/rosidl_typesupport_c/stereo_msgs/msg/disparity_image__type_support.cpp.o[0m
[ 53%] [32m[1mLinking CXX shared library libstereo_msgs__rosidl_typesupport_c.so[0m
[ 56%] [32mBuilding C object CMakeFiles/stereo_msgs__rosidl_typesupport_introspection_c.dir/rosidl_typesupport_introspection_c/stereo_msgs/msg/detail/disparity_image__type_support.c.o[0m
[ 56%] Built target stereo_msgs__rosidl_typesupport_c
[ 59%] [32m[1mLinking C shared library libstereo_msgs__rosidl_typesupport_introspection_c.so[0m
[ 59%] Built target stereo_msgs__rosidl_typesupport_introspection_c
[ 62%] [32m[1mLinking CXX shared library libstereo_msgs__rosidl_typesupport_cpp.so[0m
[ 62%] Built target stereo_msgs__rosidl_typesupport_cpp
[ 65%] [32m[1mLinking CXX shared library libstereo_msgs__rosidl_typesupport_introspection_cpp.so[0m
[ 68%] [32m[1mLinking CXX shared library libstereo_msgs__rosidl_typesupport_fastrtps_c.so[0m
[ 68%] Built target stereo_msgs__rosidl_typesupport_introspection_cpp
[ 71%] [32m[1mLinking CXX shared library libstereo_msgs__rosidl_typesupport_fastrtps_cpp.so[0m
[ 71%] Built target stereo_msgs__rosidl_typesupport_fastrtps_c
[ 71%] Built target stereo_msgs__rosidl_typesupport_fastrtps_cpp
[ 71%] Built target stereo_msgs
[ 75%] [34m[1mGenerating Python code for ROS interfaces[0m
[ 75%] Built target stereo_msgs__py
[ 78%] [32mBuilding C object CMakeFiles/stereo_msgs__rosidl_generator_py.dir/rosidl_generator_py/stereo_msgs/msg/_disparity_image_s.c.o[0m
[ 81%] [32m[1mLinking C shared library rosidl_generator_py/stereo_msgs/libstereo_msgs__rosidl_generator_py.so[0m
[ 81%] Built target stereo_msgs__rosidl_generator_py
[ 84%] [32mBuilding C object CMakeFiles/stereo_msgs__rosidl_typesupport_fastrtps_c__pyext.dir/rosidl_generator_py/stereo_msgs/_stereo_msgs_s.ep.rosidl_typesupport_fastrtps_c.c.o[0m
[ 87%] [32mBuilding C object CMakeFiles/stereo_msgs__rosidl_typesupport_introspection_c__pyext.dir/rosidl_generator_py/stereo_msgs/_stereo_msgs_s.ep.rosidl_typesupport_introspection_c.c.o[0m
[ 90%] [32mBuilding C object CMakeFiles/stereo_msgs__rosidl_typesupport_c__pyext.dir/rosidl_generator_py/stereo_msgs/_stereo_msgs_s.ep.rosidl_typesupport_c.c.o[0m
[ 93%] [32m[1mLinking C shared library rosidl_generator_py/stereo_msgs/stereo_msgs_s__rosidl_typesupport_fastrtps_c.cpython-310-x86_64-linux-gnu.so[0m
[ 96%] [32m[1mLinking C shared library rosidl_generator_py/stereo_msgs/stereo_msgs_s__rosidl_typesupport_introspection_c.cpython-310-x86_64-linux-gnu.so[0m
[100%] [32m[1mLinking C shared library rosidl_generator_py/stereo_msgs/stereo_msgs_s__rosidl_typesupport_c.cpython-310-x86_64-linux-gnu.so[0m
[100%] Built target stereo_msgs__rosidl_typesupport_c__pyext
[100%] Built target stereo_msgs__rosidl_typesupport_introspection_c__pyext
[100%] Built target stereo_msgs__rosidl_typesupport_fastrtps_c__pyext
-- Install configuration: ""
-- Installing: /home/hikari/ROScribe/ros_ws/src/install/stereo_msgs/share/ament_index/resource_index/rosidl_interfaces/stereo_msgs
-- Installing: /home/hikari/ROScribe/ros_ws/src/install/stereo_msgs/include/stereo_msgs/stereo_msgs
-- Installing: /home/hikari/ROScribe/ros_ws/src/install/stereo_msgs/include/stereo_msgs/stereo_msgs/msg
-- Installing: /home/hikari/ROScribe/ros_ws/src/install/stereo_msgs/include/stereo_msgs/stereo_msgs/msg/disparity_image.h
-- Installing: /home/hikari/ROScribe/ros_ws/src/install/stereo_msgs/include/stereo_msgs/stereo_msgs/msg/rosidl_generator_c__visibility_control.h
-- Installing: /home/hikari/ROScribe/ros_ws/src/install/stereo_msgs/include/stereo_msgs/stereo_msgs/msg/detail
-- Installing: /home/hikari/ROScribe/ros_ws/src/install/stereo_msgs/include/stereo_msgs/stereo_msgs/msg/detail/disparity_image__functions.h
-- Installing: /home/hikari/ROScribe/ros_ws/src/install/stereo_msgs/include/stereo_msgs/stereo_msgs/msg/detail/disparity_image__functions.c
-- Installing: /home/hikari/ROScribe/ros_ws/src/install/stereo_msgs/include/stereo_msgs/stereo_msgs/msg/detail/disparity_image__struct.h
-- Installing: /home/hikari/ROScribe/ros_ws/src/install/stereo_msgs/include/stereo_msgs/stereo_msgs/msg/detail/disparity_image__type_support.h
-- Installing: /home/hikari/ROScribe/ros_ws/src/install/stereo_msgs/share/stereo_msgs/environment/library_path.sh
-- Installing: /home/hikari/ROScribe/ros_ws/src/install/stereo_msgs/share/stereo_msgs/environment/library_path.dsv
-- Installing: /home/hikari/ROScribe/ros_ws/src/install/stereo_msgs/lib/libstereo_msgs__rosidl_generator_c.so
-- Set runtime path of "/home/hikari/ROScribe/ros_ws/src/install/stereo_msgs/lib/libstereo_msgs__rosidl_generator_c.so" to ""
-- Up-to-date: /home/hikari/ROScribe/ros_ws/src/install/stereo_msgs/include/stereo_msgs/stereo_msgs
-- Up-to-date: /home/hikari/ROScribe/ros_ws/src/install/stereo_msgs/include/stereo_msgs/stereo_msgs/msg
-- Installing: /home/hikari/ROScribe/ros_ws/src/install/stereo_msgs/include/stereo_msgs/stereo_msgs/msg/rosidl_typesupport_fastrtps_c__visibility_control.h
-- Up-to-date: /home/hikari/ROScribe/ros_ws/src/install/stereo_msgs/include/stereo_msgs/stereo_msgs/msg/detail
-- Installing: /home/hikari/ROScribe/ros_ws/src/install/stereo_msgs/include/stereo_msgs/stereo_msgs/msg/detail/disparity_image__rosidl_typesupport_fastrtps_c.h
-- Installing: /home/hikari/ROScribe/ros_ws/src/install/stereo_msgs/lib/libstereo_msgs__rosidl_typesupport_fastrtps_c.so
-- Set runtime path of "/home/hikari/ROScribe/ros_ws/src/install/stereo_msgs/lib/libstereo_msgs__rosidl_typesupport_fastrtps_c.so" to ""
-- Up-to-date: /home/hikari/ROScribe/ros_ws/src/install/stereo_msgs/include/stereo_msgs/stereo_msgs
-- Up-to-date: /home/hikari/ROScribe/ros_ws/src/install/stereo_msgs/include/stereo_msgs/stereo_msgs/msg
-- Installing: /home/hikari/ROScribe/ros_ws/src/install/stereo_msgs/include/stereo_msgs/stereo_msgs/msg/rosidl_typesupport_introspection_c__visibility_control.h
-- Up-to-date: /home/hikari/ROScribe/ros_ws/src/install/stereo_msgs/include/stereo_msgs/stereo_msgs/msg/detail
-- Installing: /home/hikari/ROScribe/ros_ws/src/install/stereo_msgs/include/stereo_msgs/stereo_msgs/msg/detail/disparity_image__rosidl_typesupport_introspection_c.h
-- Installing: /home/hikari/ROScribe/ros_ws/src/install/stereo_msgs/include/stereo_msgs/stereo_msgs/msg/detail/disparity_image__type_support.c
-- Installing: /home/hikari/ROScribe/ros_ws/src/install/stereo_msgs/lib/libstereo_msgs__rosidl_typesupport_introspection_c.so
-- Set runtime path of "/home/hikari/ROScribe/ros_ws/src/install/stereo_msgs/lib/libstereo_msgs__rosidl_typesupport_introspection_c.so" to ""
-- Installing: /home/hikari/ROScribe/ros_ws/src/install/stereo_msgs/lib/libstereo_msgs__rosidl_typesupport_c.so
-- Set runtime path of "/home/hikari/ROScribe/ros_ws/src/install/stereo_msgs/lib/libstereo_msgs__rosidl_typesupport_c.so" to ""
-- Up-to-date: /home/hikari/ROScribe/ros_ws/src/install/stereo_msgs/include/stereo_msgs/stereo_msgs
-- Up-to-date: /home/hikari/ROScribe/ros_ws/src/install/stereo_msgs/include/stereo_msgs/stereo_msgs/msg
-- Installing: /home/hikari/ROScribe/ros_ws/src/install/stereo_msgs/include/stereo_msgs/stereo_msgs/msg/disparity_image.hpp
-- Up-to-date: /home/hikari/ROScribe/ros_ws/src/install/stereo_msgs/include/stereo_msgs/stereo_msgs/msg/detail
-- Installing: /home/hikari/ROScribe/ros_ws/src/install/stereo_msgs/include/stereo_msgs/stereo_msgs/msg/detail/disparity_image__struct.hpp
-- Installing: /home/hikari/ROScribe/ros_ws/src/install/stereo_msgs/include/stereo_msgs/stereo_msgs/msg/detail/disparity_image__builder.hpp
-- Installing: /home/hikari/ROScribe/ros_ws/src/install/stereo_msgs/include/stereo_msgs/stereo_msgs/msg/detail/disparity_image__traits.hpp
-- Up-to-date: /home/hikari/ROScribe/ros_ws/src/install/stereo_msgs/include/stereo_msgs/stereo_msgs
-- Up-to-date: /home/hikari/ROScribe/ros_ws/src/install/stereo_msgs/include/stereo_msgs/stereo_msgs/msg
-- Installing: /home/hikari/ROScribe/ros_ws/src/install/stereo_msgs/include/stereo_msgs/stereo_msgs/msg/rosidl_typesupport_fastrtps_cpp__visibility_control.h
-- Up-to-date: /home/hikari/ROScribe/ros_ws/src/install/stereo_msgs/include/stereo_msgs/stereo_msgs/msg/detail
-- Installing: /home/hikari/ROScribe/ros_ws/src/install/stereo_msgs/include/stereo_msgs/stereo_msgs/msg/detail/dds_fastrtps
-- Installing: /home/hikari/ROScribe/ros_ws/src/install/stereo_msgs/include/stereo_msgs/stereo_msgs/msg/detail/disparity_image__rosidl_typesupport_fastrtps_cpp.hpp
-- Installing: /home/hikari/ROScribe/ros_ws/src/install/stereo_msgs/lib/libstereo_msgs__rosidl_typesupport_fastrtps_cpp.so
-- Set runtime path of "/home/hikari/ROScribe/ros_ws/src/install/stereo_msgs/lib/libstereo_msgs__rosidl_typesupport_fastrtps_cpp.so" to ""
-- Up-to-date: /home/hikari/ROScribe/ros_ws/src/install/stereo_msgs/include/stereo_msgs/stereo_msgs
-- Up-to-date: /home/hikari/ROScribe/ros_ws/src/install/stereo_msgs/include/stereo_msgs/stereo_msgs/msg
-- Up-to-date: /home/hikari/ROScribe/ros_ws/src/install/stereo_msgs/include/stereo_msgs/stereo_msgs/msg/detail
-- Installing: /home/hikari/ROScribe/ros_ws/src/install/stereo_msgs/include/stereo_msgs/stereo_msgs/msg/detail/disparity_image__type_support.cpp
-- Installing: /home/hikari/ROScribe/ros_ws/src/install/stereo_msgs/include/stereo_msgs/stereo_msgs/msg/detail/disparity_image__rosidl_typesupport_introspection_cpp.hpp
-- Installing: /home/hikari/ROScribe/ros_ws/src/install/stereo_msgs/lib/libstereo_msgs__rosidl_typesupport_introspection_cpp.so
-- Set runtime path of "/home/hikari/ROScribe/ros_ws/src/install/stereo_msgs/lib/libstereo_msgs__rosidl_typesupport_introspection_cpp.so" to ""
-- Installing: /home/hikari/ROScribe/ros_ws/src/install/stereo_msgs/lib/libstereo_msgs__rosidl_typesupport_cpp.so
-- Set runtime path of "/home/hikari/ROScribe/ros_ws/src/install/stereo_msgs/lib/libstereo_msgs__rosidl_typesupport_cpp.so" to ""
-- Installing: /home/hikari/ROScribe/ros_ws/src/install/stereo_msgs/share/ament_index/resource_index/rust_packages/stereo_msgs
-- Installing: /home/hikari/ROScribe/ros_ws/src/install/stereo_msgs/share/stereo_msgs/rust
-- Installing: /home/hikari/ROScribe/ros_ws/src/install/stereo_msgs/share/stereo_msgs/rust/src
-- Installing: /home/hikari/ROScribe/ros_ws/src/install/stereo_msgs/share/stereo_msgs/rust/src/msg.rs
-- Installing: /home/hikari/ROScribe/ros_ws/src/install/stereo_msgs/share/stereo_msgs/rust/src/lib.rs
-- Installing: /home/hikari/ROScribe/ros_ws/src/install/stereo_msgs/share/stereo_msgs/rust/Cargo.toml
-- Installing: /home/hikari/ROScribe/ros_ws/src/install/stereo_msgs/share/stereo_msgs/rust/build.rs
-- Up-to-date: /home/hikari/ROScribe/ros_ws/src/install/stereo_msgs/share/stereo_msgs/rust
-- Up-to-date: /home/hikari/ROScribe/ros_ws/src/install/stereo_msgs/share/stereo_msgs/rust/src
-- Up-to-date: /home/hikari/ROScribe/ros_ws/src/install/stereo_msgs/share/stereo_msgs/rust/src/msg.rs
-- Up-to-date: /home/hikari/ROScribe/ros_ws/src/install/stereo_msgs/share/stereo_msgs/rust/src/lib.rs
-- Up-to-date: /home/hikari/ROScribe/ros_ws/src/install/stereo_msgs/share/stereo_msgs/rust/Cargo.toml
-- Up-to-date: /home/hikari/ROScribe/ros_ws/src/install/stereo_msgs/share/stereo_msgs/rust/build.rs
-- Up-to-date: /home/hikari/ROScribe/ros_ws/src/install/stereo_msgs/share/stereo_msgs/rust
-- Up-to-date: /home/hikari/ROScribe/ros_ws/src/install/stereo_msgs/share/stereo_msgs/rust/src
-- Up-to-date: /home/hikari/ROScribe/ros_ws/src/install/stereo_msgs/share/stereo_msgs/rust/src/msg.rs
-- Up-to-date: /home/hikari/ROScribe/ros_ws/src/install/stereo_msgs/share/stereo_msgs/rust/src/lib.rs
-- Up-to-date: /home/hikari/ROScribe/ros_ws/src/install/stereo_msgs/share/stereo_msgs/rust/Cargo.toml
-- Up-to-date: /home/hikari/ROScribe/ros_ws/src/install/stereo_msgs/share/stereo_msgs/rust/build.rs
-- Installing: /home/hikari/ROScribe/ros_ws/src/install/stereo_msgs/share/stereo_msgs/environment/pythonpath.sh
-- Installing: /home/hikari/ROScribe/ros_ws/src/install/stereo_msgs/share/stereo_msgs/environment/pythonpath.dsv
-- Installing: /home/hikari/ROScribe/ros_ws/src/install/stereo_msgs/local/lib/python3.10/dist-packages/stereo_msgs-4.2.3-py3.10.egg-info
-- Installing: /home/hikari/ROScribe/ros_ws/src/install/stereo_msgs/local/lib/python3.10/dist-packages/stereo_msgs-4.2.3-py3.10.egg-info/top_level.txt
-- Installing: /home/hikari/ROScribe/ros_ws/src/install/stereo_msgs/local/lib/python3.10/dist-packages/stereo_msgs-4.2.3-py3.10.egg-info/dependency_links.txt
-- Installing: /home/hikari/ROScribe/ros_ws/src/install/stereo_msgs/local/lib/python3.10/dist-packages/stereo_msgs-4.2.3-py3.10.egg-info/SOURCES.txt
-- Installing: /home/hikari/ROScribe/ros_ws/src/install/stereo_msgs/local/lib/python3.10/dist-packages/stereo_msgs-4.2.3-py3.10.egg-info/PKG-INFO
-- Installing: /home/hikari/ROScribe/ros_ws/src/install/stereo_msgs/local/lib/python3.10/dist-packages/stereo_msgs
-- Installing: /home/hikari/ROScribe/ros_ws/src/install/stereo_msgs/local/lib/python3.10/dist-packages/stereo_msgs/stereo_msgs_s__rosidl_typesupport_introspection_c.cpython-310-x86_64-linux-gnu.so
-- Installing: /home/hikari/ROScribe/ros_ws/src/install/stereo_msgs/local/lib/python3.10/dist-packages/stereo_msgs/libstereo_msgs__rosidl_generator_py.so
-- Installing: /home/hikari/ROScribe/ros_ws/src/install/stereo_msgs/local/lib/python3.10/dist-packages/stereo_msgs/_stereo_msgs_s.ep.rosidl_typesupport_introspection_c.c
-- Installing: /home/hikari/ROScribe/ros_ws/src/install/stereo_msgs/local/lib/python3.10/dist-packages/stereo_msgs/stereo_msgs_s__rosidl_typesupport_c.cpython-310-x86_64-linux-gnu.so
-- Installing: /home/hikari/ROScribe/ros_ws/src/install/stereo_msgs/local/lib/python3.10/dist-packages/stereo_msgs/msg
-- Installing: /home/hikari/ROScribe/ros_ws/src/install/stereo_msgs/local/lib/python3.10/dist-packages/stereo_msgs/msg/_disparity_image.py
-- Installing: /home/hikari/ROScribe/ros_ws/src/install/stereo_msgs/local/lib/python3.10/dist-packages/stereo_msgs/msg/_disparity_image_s.c
-- Installing: /home/hikari/ROScribe/ros_ws/src/install/stereo_msgs/local/lib/python3.10/dist-packages/stereo_msgs/msg/__init__.py
-- Installing: /home/hikari/ROScribe/ros_ws/src/install/stereo_msgs/local/lib/python3.10/dist-packages/stereo_msgs/stereo_msgs_s__rosidl_typesupport_fastrtps_c.cpython-310-x86_64-linux-gnu.so
-- Installing: /home/hikari/ROScribe/ros_ws/src/install/stereo_msgs/local/lib/python3.10/dist-packages/stereo_msgs/_stereo_msgs_s.ep.rosidl_typesupport_c.c
-- Installing: /home/hikari/ROScribe/ros_ws/src/install/stereo_msgs/local/lib/python3.10/dist-packages/stereo_msgs/_stereo_msgs_s.ep.rosidl_typesupport_fastrtps_c.c
-- Installing: /home/hikari/ROScribe/ros_ws/src/install/stereo_msgs/local/lib/python3.10/dist-packages/stereo_msgs/__init__.py
Listing '/home/hikari/ROScribe/ros_ws/src/install/stereo_msgs/local/lib/python3.10/dist-packages/stereo_msgs'...
Compiling '/home/hikari/ROScribe/ros_ws/src/install/stereo_msgs/local/lib/python3.10/dist-packages/stereo_msgs/__init__.py'...
Listing '/home/hikari/ROScribe/ros_ws/src/install/stereo_msgs/local/lib/python3.10/dist-packages/stereo_msgs/msg'...
Compiling '/home/hikari/ROScribe/ros_ws/src/install/stereo_msgs/local/lib/python3.10/dist-packages/stereo_msgs/msg/__init__.py'...
Compiling '/home/hikari/ROScribe/ros_ws/src/install/stereo_msgs/local/lib/python3.10/dist-packages/stereo_msgs/msg/_disparity_image.py'...
-- Installing: /home/hikari/ROScribe/ros_ws/src/install/stereo_msgs/local/lib/python3.10/dist-packages/stereo_msgs/stereo_msgs_s__rosidl_typesupport_fastrtps_c.cpython-310-x86_64-linux-gnu.so
-- Set runtime path of "/home/hikari/ROScribe/ros_ws/src/install/stereo_msgs/local/lib/python3.10/dist-packages/stereo_msgs/stereo_msgs_s__rosidl_typesupport_fastrtps_c.cpython-310-x86_64-linux-gnu.so" to ""
-- Installing: /home/hikari/ROScribe/ros_ws/src/install/stereo_msgs/local/lib/python3.10/dist-packages/stereo_msgs/stereo_msgs_s__rosidl_typesupport_introspection_c.cpython-310-x86_64-linux-gnu.so
-- Set runtime path of "/home/hikari/ROScribe/ros_ws/src/install/stereo_msgs/local/lib/python3.10/dist-packages/stereo_msgs/stereo_msgs_s__rosidl_typesupport_introspection_c.cpython-310-x86_64-linux-gnu.so" to ""
-- Installing: /home/hikari/ROScribe/ros_ws/src/install/stereo_msgs/local/lib/python3.10/dist-packages/stereo_msgs/stereo_msgs_s__rosidl_typesupport_c.cpython-310-x86_64-linux-gnu.so
-- Set runtime path of "/home/hikari/ROScribe/ros_ws/src/install/stereo_msgs/local/lib/python3.10/dist-packages/stereo_msgs/stereo_msgs_s__rosidl_typesupport_c.cpython-310-x86_64-linux-gnu.so" to ""
-- Installing: /home/hikari/ROScribe/ros_ws/src/install/stereo_msgs/lib/libstereo_msgs__rosidl_generator_py.so
-- Set runtime path of "/home/hikari/ROScribe/ros_ws/src/install/stereo_msgs/lib/libstereo_msgs__rosidl_generator_py.so" to ""
-- Installing: /home/hikari/ROScribe/ros_ws/src/install/stereo_msgs/share/stereo_msgs/msg/DisparityImage.idl
-- Installing: /home/hikari/ROScribe/ros_ws/src/install/stereo_msgs/share/stereo_msgs/msg/DisparityImage.msg
-- Installing: /home/hikari/ROScribe/ros_ws/src/install/stereo_msgs/share/ament_index/resource_index/package_run_dependencies/stereo_msgs
-- Installing: /home/hikari/ROScribe/ros_ws/src/install/stereo_msgs/share/ament_index/resource_index/parent_prefix_path/stereo_msgs
-- Installing: /home/hikari/ROScribe/ros_ws/src/install/stereo_msgs/share/stereo_msgs/environment/ament_prefix_path.sh
-- Installing: /home/hikari/ROScribe/ros_ws/src/install/stereo_msgs/share/stereo_msgs/environment/ament_prefix_path.dsv
-- Installing: /home/hikari/ROScribe/ros_ws/src/install/stereo_msgs/share/stereo_msgs/environment/path.sh
-- Installing: /home/hikari/ROScribe/ros_ws/src/install/stereo_msgs/share/stereo_msgs/environment/path.dsv
-- Installing: /home/hikari/ROScribe/ros_ws/src/install/stereo_msgs/share/stereo_msgs/local_setup.bash
-- Installing: /home/hikari/ROScribe/ros_ws/src/install/stereo_msgs/share/stereo_msgs/local_setup.sh
-- Installing: /home/hikari/ROScribe/ros_ws/src/install/stereo_msgs/share/stereo_msgs/local_setup.zsh
-- Installing: /home/hikari/ROScribe/ros_ws/src/install/stereo_msgs/share/stereo_msgs/local_setup.dsv
-- Installing: /home/hikari/ROScribe/ros_ws/src/install/stereo_msgs/share/stereo_msgs/package.dsv
-- Installing: /home/hikari/ROScribe/ros_ws/src/install/stereo_msgs/share/ament_index/resource_index/packages/stereo_msgs
-- Installing: /home/hikari/ROScribe/ros_ws/src/install/stereo_msgs/share/stereo_msgs/cmake/export_stereo_msgs__rosidl_generator_cExport.cmake
-- Installing: /home/hikari/ROScribe/ros_ws/src/install/stereo_msgs/share/stereo_msgs/cmake/export_stereo_msgs__rosidl_generator_cExport-noconfig.cmake
-- Installing: /home/hikari/ROScribe/ros_ws/src/install/stereo_msgs/share/stereo_msgs/cmake/export_stereo_msgs__rosidl_typesupport_fastrtps_cExport.cmake
-- Installing: /home/hikari/ROScribe/ros_ws/src/install/stereo_msgs/share/stereo_msgs/cmake/export_stereo_msgs__rosidl_typesupport_fastrtps_cExport-noconfig.cmake
-- Installing: /home/hikari/ROScribe/ros_ws/src/install/stereo_msgs/share/stereo_msgs/cmake/stereo_msgs__rosidl_typesupport_introspection_cExport.cmake
-- Installing: /home/hikari/ROScribe/ros_ws/src/install/stereo_msgs/share/stereo_msgs/cmake/stereo_msgs__rosidl_typesupport_introspection_cExport-noconfig.cmake
-- Installing: /home/hikari/ROScribe/ros_ws/src/install/stereo_msgs/share/stereo_msgs/cmake/stereo_msgs__rosidl_typesupport_cExport.cmake
-- Installing: /home/hikari/ROScribe/ros_ws/src/install/stereo_msgs/share/stereo_msgs/cmake/stereo_msgs__rosidl_typesupport_cExport-noconfig.cmake
-- Installing: /home/hikari/ROScribe/ros_ws/src/install/stereo_msgs/share/stereo_msgs/cmake/export_stereo_msgs__rosidl_generator_cppExport.cmake
-- Installing: /home/hikari/ROScribe/ros_ws/src/install/stereo_msgs/share/stereo_msgs/cmake/export_stereo_msgs__rosidl_typesupport_fastrtps_cppExport.cmake
-- Installing: /home/hikari/ROScribe/ros_ws/src/install/stereo_msgs/share/stereo_msgs/cmake/export_stereo_msgs__rosidl_typesupport_fastrtps_cppExport-noconfig.cmake
-- Installing: /home/hikari/ROScribe/ros_ws/src/install/stereo_msgs/share/stereo_msgs/cmake/stereo_msgs__rosidl_typesupport_introspection_cppExport.cmake
-- Installing: /home/hikari/ROScribe/ros_ws/src/install/stereo_msgs/share/stereo_msgs/cmake/stereo_msgs__rosidl_typesupport_introspection_cppExport-noconfig.cmake
-- Installing: /home/hikari/ROScribe/ros_ws/src/install/stereo_msgs/share/stereo_msgs/cmake/stereo_msgs__rosidl_typesupport_cppExport.cmake
-- Installing: /home/hikari/ROScribe/ros_ws/src/install/stereo_msgs/share/stereo_msgs/cmake/stereo_msgs__rosidl_typesupport_cppExport-noconfig.cmake
-- Installing: /home/hikari/ROScribe/ros_ws/src/install/stereo_msgs/share/stereo_msgs/cmake/export_stereo_msgs__rosidl_generator_pyExport.cmake
-- Installing: /home/hikari/ROScribe/ros_ws/src/install/stereo_msgs/share/stereo_msgs/cmake/export_stereo_msgs__rosidl_generator_pyExport-noconfig.cmake
-- Installing: /home/hikari/ROScribe/ros_ws/src/install/stereo_msgs/share/stereo_msgs/cmake/rosidl_cmake-extras.cmake
-- Installing: /home/hikari/ROScribe/ros_ws/src/install/stereo_msgs/share/stereo_msgs/cmake/ament_cmake_export_dependencies-extras.cmake
-- Installing: /home/hikari/ROScribe/ros_ws/src/install/stereo_msgs/share/stereo_msgs/cmake/ament_cmake_export_include_directories-extras.cmake
-- Installing: /home/hikari/ROScribe/ros_ws/src/install/stereo_msgs/share/stereo_msgs/cmake/ament_cmake_export_libraries-extras.cmake
-- Installing: /home/hikari/ROScribe/ros_ws/src/install/stereo_msgs/share/stereo_msgs/cmake/ament_cmake_export_targets-extras.cmake
-- Installing: /home/hikari/ROScribe/ros_ws/src/install/stereo_msgs/share/stereo_msgs/cmake/rosidl_cmake_export_typesupport_targets-extras.cmake
-- Installing: /home/hikari/ROScribe/ros_ws/src/install/stereo_msgs/share/stereo_msgs/cmake/rosidl_cmake_export_typesupport_libraries-extras.cmake
-- Installing: /home/hikari/ROScribe/ros_ws/src/install/stereo_msgs/share/stereo_msgs/cmake/stereo_msgsConfig.cmake
-- Installing: /home/hikari/ROScribe/ros_ws/src/install/stereo_msgs/share/stereo_msgs/cmake/stereo_msgsConfig-version.cmake
-- Installing: /home/hikari/ROScribe/ros_ws/src/install/stereo_msgs/share/stereo_msgs/package.xml
