[0.347s] Invoking command in '/home/hikari/ROScribe/ros_ws/src/build/stereo_msgs': AMENT_PREFIX_PATH=/home/hikari/ROScribe/ros_ws/src/install/sensor_msgs:/home/hikari/ROScribe/ros_ws/src/install/geometry_msgs:/home/hikari/ROScribe/ros_ws/src/install/std_msgs:/home/hikari/ROScribe/ros_ws/src/install/builtin_interfaces:/home/hikari/ROScribe/ros_ws/src/install/rosidl_default_runtime:/home/hikari/ROScribe/ros_ws/src/install/rosidl_default_generators:/home/hikari/ROScribe/ros_ws/src/install/rosidl_generator_rs:/home/hikari/ROScribe/ros_ws/src/install/rosidl_runtime_rs:${AMENT_PREFIX_PATH} CMAKE_PREFIX_PATH=/home/hikari/ROScribe/ros_ws/src/install/sensor_msgs:/home/hikari/ROScribe/ros_ws/src/install/geometry_msgs:/home/hikari/ROScribe/ros_ws/src/install/std_msgs:/home/hikari/ROScribe/ros_ws/src/install/builtin_interfaces:/home/hikari/ROScribe/ros_ws/src/install/rosidl_default_runtime:/home/hikari/ROScribe/ros_ws/src/install/rosidl_default_generators:/home/hikari/ROScribe/ros_ws/src/install/rosidl_generator_rs:/opt/ros/humble LD_LIBRARY_PATH=/home/hikari/ROScribe/ros_ws/src/install/sensor_msgs/lib:/home/hikari/ROScribe/ros_ws/src/install/geometry_msgs/lib:/home/hikari/ROScribe/ros_ws/src/install/std_msgs/lib:/home/hikari/ROScribe/ros_ws/src/install/builtin_interfaces/lib:${LD_LIBRARY_PATH} PYTHONPATH=/home/hikari/ROScribe/ros_ws/src/install/sensor_msgs/local/lib/python3.10/dist-packages:/home/hikari/ROScribe/ros_ws/src/install/geometry_msgs/local/lib/python3.10/dist-packages:/home/hikari/ROScribe/ros_ws/src/install/std_msgs/local/lib/python3.10/dist-packages:/home/hikari/ROScribe/ros_ws/src/install/builtin_interfaces/local/lib/python3.10/dist-packages:/home/hikari/ROScribe/ros_ws/src/install/rosidl_generator_rs/local/lib/python3.10/dist-packages:${PYTHONPATH} /usr/local/bin/cmake /home/hikari/ROScribe/ros_ws/src/ros2/common_interfaces/stereo_msgs -DCMAKE_INSTALL_PREFIX=/home/hikari/ROScribe/ros_ws/src/install/stereo_msgs
[0.479s] -- The C compiler identification is GNU 11.4.0
[0.711s] -- The CXX compiler identification is GNU 11.4.0
[0.853s] -- Detecting C compiler ABI info
[0.946s] -- Detecting C compiler ABI info - done
[0.964s] -- Check for working C compiler: /usr/lib/ccache/cc - skipped
[0.964s] -- Detecting C compile features
[0.965s] -- Detecting C compile features - done
[0.969s] -- Detecting CXX compiler ABI info
[1.083s] -- Detecting CXX compiler ABI info - done
[1.099s] -- Check for working CXX compiler: /usr/lib/ccache/c++ - skipped
[1.100s] -- Detecting CXX compile features
[1.101s] -- Detecting CXX compile features - done
[1.104s] -- Found ament_cmake: 1.3.5 (/opt/ros/humble/share/ament_cmake/cmake)
[3.095s] -- Found Python3: /usr/bin/python3.10 (found version "3.10.12") found components: Interpreter 
[3.236s] -- Found rosidl_default_generators: 1.2.0 (/home/hikari/ROScribe/ros_ws/src/install/rosidl_default_generators/share/rosidl_default_generators/cmake)
[3.242s] -- Using all available rosidl_typesupport_c: rosidl_typesupport_fastrtps_c;rosidl_typesupport_introspection_c
[3.252s] -- Found rosidl_adapter: 3.1.5 (/opt/ros/humble/share/rosidl_adapter/cmake)
[3.379s] -- Using all available rosidl_typesupport_cpp: rosidl_typesupport_fastrtps_cpp;rosidl_typesupport_introspection_cpp
[3.454s] -- Found sensor_msgs: 4.2.3 (/home/hikari/ROScribe/ros_ws/src/install/sensor_msgs/share/sensor_msgs/cmake)
[4.443s] -- Found ament_cmake_cppcheck: 0.12.8 (/opt/ros/humble/share/ament_cmake_cppcheck/cmake)
[4.446s] -- Found ament_cmake_cpplint: 0.12.8 (/opt/ros/humble/share/ament_cmake_cpplint/cmake)
[4.450s] -- Found ament_cmake_uncrustify: 0.12.8 (/opt/ros/humble/share/ament_cmake_uncrustify/cmake)
[4.454s] -- Found ament_cmake_ros: 0.10.0 (/opt/ros/humble/share/ament_cmake_ros/cmake)
[4.976s] -- Using all available rosidl_typesupport_c: rosidl_typesupport_fastrtps_c;rosidl_typesupport_introspection_c
[5.543s] -- Using all available rosidl_typesupport_cpp: rosidl_typesupport_fastrtps_cpp;rosidl_typesupport_introspection_cpp
[5.548s] -- Found rmw_implementation_cmake: 6.1.1 (/opt/ros/humble/share/rmw_implementation_cmake/cmake)
[6.110s] -- Found OpenSSL: /usr/lib/x86_64-linux-gnu/libcrypto.so (found version "3.0.2")  
[6.606s] -- Found FastRTPS: /opt/ros/humble/include  
[7.758s] -- Found PythonInterp: /usr/bin/python3 (found suitable version "3.10.12", minimum required is "3.6") 
[7.760s] -- Found python_cmake_module: 0.10.0 (/opt/ros/humble/share/python_cmake_module/cmake)
[7.959s] -- Found PythonLibs: /usr/lib/x86_64-linux-gnu/libpython3.10.so (found suitable version "3.10.12", minimum required is "3.5") 
[7.960s] -- Using PYTHON_EXECUTABLE: /usr/bin/python3
[7.960s] -- Using PYTHON_INCLUDE_DIRS: /usr/include/python3.10
[7.960s] -- Using PYTHON_LIBRARIES: /usr/lib/x86_64-linux-gnu/libpython3.10.so
[8.002s] -- Found PythonExtra: .so  
[8.200s] -- Found ament_cmake_flake8: 0.12.8 (/opt/ros/humble/share/ament_cmake_flake8/cmake)
[8.203s] -- Found ament_cmake_pep257: 0.12.8 (/opt/ros/humble/share/ament_cmake_pep257/cmake)
[8.216s] -- Configuring done
[8.295s] -- Generating done
[8.300s] -- Build files have been written to: /home/hikari/ROScribe/ros_ws/src/build/stereo_msgs
[8.325s] Invoked command in '/home/hikari/ROScribe/ros_ws/src/build/stereo_msgs' returned '0': AMENT_PREFIX_PATH=/home/hikari/ROScribe/ros_ws/src/install/sensor_msgs:/home/hikari/ROScribe/ros_ws/src/install/geometry_msgs:/home/hikari/ROScribe/ros_ws/src/install/std_msgs:/home/hikari/ROScribe/ros_ws/src/install/builtin_interfaces:/home/hikari/ROScribe/ros_ws/src/install/rosidl_default_runtime:/home/hikari/ROScribe/ros_ws/src/install/rosidl_default_generators:/home/hikari/ROScribe/ros_ws/src/install/rosidl_generator_rs:/home/hikari/ROScribe/ros_ws/src/install/rosidl_runtime_rs:${AMENT_PREFIX_PATH} CMAKE_PREFIX_PATH=/home/hikari/ROScribe/ros_ws/src/install/sensor_msgs:/home/hikari/ROScribe/ros_ws/src/install/geometry_msgs:/home/hikari/ROScribe/ros_ws/src/install/std_msgs:/home/hikari/ROScribe/ros_ws/src/install/builtin_interfaces:/home/hikari/ROScribe/ros_ws/src/install/rosidl_default_runtime:/home/hikari/ROScribe/ros_ws/src/install/rosidl_default_generators:/home/hikari/ROScribe/ros_ws/src/install/rosidl_generator_rs:/opt/ros/humble LD_LIBRARY_PATH=/home/hikari/ROScribe/ros_ws/src/install/sensor_msgs/lib:/home/hikari/ROScribe/ros_ws/src/install/geometry_msgs/lib:/home/hikari/ROScribe/ros_ws/src/install/std_msgs/lib:/home/hikari/ROScribe/ros_ws/src/install/builtin_interfaces/lib:${LD_LIBRARY_PATH} PYTHONPATH=/home/hikari/ROScribe/ros_ws/src/install/sensor_msgs/local/lib/python3.10/dist-packages:/home/hikari/ROScribe/ros_ws/src/install/geometry_msgs/local/lib/python3.10/dist-packages:/home/hikari/ROScribe/ros_ws/src/install/std_msgs/local/lib/python3.10/dist-packages:/home/hikari/ROScribe/ros_ws/src/install/builtin_interfaces/local/lib/python3.10/dist-packages:/home/hikari/ROScribe/ros_ws/src/install/rosidl_generator_rs/local/lib/python3.10/dist-packages:${PYTHONPATH} /usr/local/bin/cmake /home/hikari/ROScribe/ros_ws/src/ros2/common_interfaces/stereo_msgs -DCMAKE_INSTALL_PREFIX=/home/hikari/ROScribe/ros_ws/src/install/stereo_msgs
[8.328s] Invoking command in '/home/hikari/ROScribe/ros_ws/src/build/stereo_msgs': AMENT_PREFIX_PATH=/home/hikari/ROScribe/ros_ws/src/install/sensor_msgs:/home/hikari/ROScribe/ros_ws/src/install/geometry_msgs:/home/hikari/ROScribe/ros_ws/src/install/std_msgs:/home/hikari/ROScribe/ros_ws/src/install/builtin_interfaces:/home/hikari/ROScribe/ros_ws/src/install/rosidl_default_runtime:/home/hikari/ROScribe/ros_ws/src/install/rosidl_default_generators:/home/hikari/ROScribe/ros_ws/src/install/rosidl_generator_rs:/home/hikari/ROScribe/ros_ws/src/install/rosidl_runtime_rs:${AMENT_PREFIX_PATH} CMAKE_PREFIX_PATH=/home/hikari/ROScribe/ros_ws/src/install/sensor_msgs:/home/hikari/ROScribe/ros_ws/src/install/geometry_msgs:/home/hikari/ROScribe/ros_ws/src/install/std_msgs:/home/hikari/ROScribe/ros_ws/src/install/builtin_interfaces:/home/hikari/ROScribe/ros_ws/src/install/rosidl_default_runtime:/home/hikari/ROScribe/ros_ws/src/install/rosidl_default_generators:/home/hikari/ROScribe/ros_ws/src/install/rosidl_generator_rs:/opt/ros/humble LD_LIBRARY_PATH=/home/hikari/ROScribe/ros_ws/src/install/sensor_msgs/lib:/home/hikari/ROScribe/ros_ws/src/install/geometry_msgs/lib:/home/hikari/ROScribe/ros_ws/src/install/std_msgs/lib:/home/hikari/ROScribe/ros_ws/src/install/builtin_interfaces/lib:${LD_LIBRARY_PATH} PYTHONPATH=/home/hikari/ROScribe/ros_ws/src/install/sensor_msgs/local/lib/python3.10/dist-packages:/home/hikari/ROScribe/ros_ws/src/install/geometry_msgs/local/lib/python3.10/dist-packages:/home/hikari/ROScribe/ros_ws/src/install/std_msgs/local/lib/python3.10/dist-packages:/home/hikari/ROScribe/ros_ws/src/install/builtin_interfaces/local/lib/python3.10/dist-packages:/home/hikari/ROScribe/ros_ws/src/install/rosidl_generator_rs/local/lib/python3.10/dist-packages:${PYTHONPATH} /usr/local/bin/cmake --build /home/hikari/ROScribe/ros_ws/src/build/stereo_msgs -- -j8 -l8
[8.388s] [  3%] [34m[1mGenerating C code for ROS interfaces[0m
[8.394s] [  9%] [34m[1mGenerating C++ code for ROS interfaces[0m
[8.394s] [  9%] [34m[1mGenerating Rust code for ROS interfaces[0m
[8.398s] [  9%] Built target ament_cmake_python_copy_stereo_msgs
[9.027s] running egg_info
[9.031s] creating stereo_msgs.egg-info
[9.117s] writing stereo_msgs.egg-info/PKG-INFO
[9.119s] writing dependency_links to stereo_msgs.egg-info/dependency_links.txt
[9.120s] writing top-level names to stereo_msgs.egg-info/top_level.txt
[9.121s] writing manifest file 'stereo_msgs.egg-info/SOURCES.txt'
[9.177s] [  9%] Built target stereo_msgs__rs
[9.264s] [  9%] Built target stereo_msgs__cpp
[9.276s] [ 12%] [34m[1mGenerating C++ type support for eProsima Fast-RTPS[0m
[9.281s] [ 15%] [34m[1mGenerating C++ introspection for ROS interfaces[0m
[9.284s] [ 18%] [34m[1mGenerating C++ type support dispatch for ROS interfaces[0m
[9.344s] [ 21%] [32mBuilding C object CMakeFiles/stereo_msgs__rosidl_generator_c.dir/rosidl_generator_c/stereo_msgs/msg/detail/disparity_image__functions.c.o[0m
[9.363s] reading manifest file 'stereo_msgs.egg-info/SOURCES.txt'
[9.365s] writing manifest file 'stereo_msgs.egg-info/SOURCES.txt'
[9.439s] [ 21%] Built target ament_cmake_python_build_stereo_msgs_egg
[9.593s] [ 25%] [32m[1mLinking C shared library libstereo_msgs__rosidl_generator_c.so[0m
[9.720s] [ 25%] Built target stereo_msgs__rosidl_generator_c
[9.734s] [ 28%] [34m[1mGenerating C type support for eProsima Fast-RTPS[0m
[9.765s] [ 31%] [34m[1mGenerating C introspection for ROS interfaces[0m
[9.783s] [ 34%] [34m[1mGenerating C type support dispatch for ROS interfaces[0m
[10.403s] [ 37%] [32mBuilding CXX object CMakeFiles/stereo_msgs__rosidl_typesupport_cpp.dir/rosidl_typesupport_cpp/stereo_msgs/msg/disparity_image__type_support.cpp.o[0m
[10.519s] [ 40%] [32mBuilding CXX object CMakeFiles/stereo_msgs__rosidl_typesupport_introspection_cpp.dir/rosidl_typesupport_introspection_cpp/stereo_msgs/msg/detail/disparity_image__type_support.cpp.o[0m
[10.623s] [ 43%] [32mBuilding CXX object CMakeFiles/stereo_msgs__rosidl_typesupport_fastrtps_cpp.dir/rosidl_typesupport_fastrtps_cpp/stereo_msgs/msg/detail/dds_fastrtps/disparity_image__type_support.cpp.o[0m
[10.790s] [ 46%] [32mBuilding CXX object CMakeFiles/stereo_msgs__rosidl_typesupport_fastrtps_c.dir/rosidl_typesupport_fastrtps_c/stereo_msgs/msg/detail/disparity_image__type_support_c.cpp.o[0m
[10.841s] [ 50%] [32mBuilding CXX object CMakeFiles/stereo_msgs__rosidl_typesupport_c.dir/rosidl_typesupport_c/stereo_msgs/msg/disparity_image__type_support.cpp.o[0m
[10.944s] [ 53%] [32m[1mLinking CXX shared library libstereo_msgs__rosidl_typesupport_c.so[0m
[10.990s] [ 56%] [32mBuilding C object CMakeFiles/stereo_msgs__rosidl_typesupport_introspection_c.dir/rosidl_typesupport_introspection_c/stereo_msgs/msg/detail/disparity_image__type_support.c.o[0m
[11.144s] [ 56%] Built target stereo_msgs__rosidl_typesupport_c
[11.163s] [ 59%] [32m[1mLinking C shared library libstereo_msgs__rosidl_typesupport_introspection_c.so[0m
[11.276s] [ 59%] Built target stereo_msgs__rosidl_typesupport_introspection_c
[11.440s] [ 62%] [32m[1mLinking CXX shared library libstereo_msgs__rosidl_typesupport_cpp.so[0m
[11.577s] [ 62%] Built target stereo_msgs__rosidl_typesupport_cpp
[11.855s] [ 65%] [32m[1mLinking CXX shared library libstereo_msgs__rosidl_typesupport_introspection_cpp.so[0m
[11.921s] [ 68%] [32m[1mLinking CXX shared library libstereo_msgs__rosidl_typesupport_fastrtps_c.so[0m
[12.034s] [ 68%] Built target stereo_msgs__rosidl_typesupport_introspection_cpp
[12.037s] [ 71%] [32m[1mLinking CXX shared library libstereo_msgs__rosidl_typesupport_fastrtps_cpp.so[0m
[12.127s] [ 71%] Built target stereo_msgs__rosidl_typesupport_fastrtps_c
[12.214s] [ 71%] Built target stereo_msgs__rosidl_typesupport_fastrtps_cpp
[12.227s] [ 71%] Built target stereo_msgs
[12.241s] [ 75%] [34m[1mGenerating Python code for ROS interfaces[0m
[13.152s] [ 75%] Built target stereo_msgs__py
[13.164s] [ 78%] [32mBuilding C object CMakeFiles/stereo_msgs__rosidl_generator_py.dir/rosidl_generator_py/stereo_msgs/msg/_disparity_image_s.c.o[0m
[13.438s] [ 81%] [32m[1mLinking C shared library rosidl_generator_py/stereo_msgs/libstereo_msgs__rosidl_generator_py.so[0m
[13.524s] [ 81%] Built target stereo_msgs__rosidl_generator_py
[13.537s] [ 84%] [32mBuilding C object CMakeFiles/stereo_msgs__rosidl_typesupport_fastrtps_c__pyext.dir/rosidl_generator_py/stereo_msgs/_stereo_msgs_s.ep.rosidl_typesupport_fastrtps_c.c.o[0m
[13.537s] [ 87%] [32mBuilding C object CMakeFiles/stereo_msgs__rosidl_typesupport_introspection_c__pyext.dir/rosidl_generator_py/stereo_msgs/_stereo_msgs_s.ep.rosidl_typesupport_introspection_c.c.o[0m
[13.537s] [ 90%] [32mBuilding C object CMakeFiles/stereo_msgs__rosidl_typesupport_c__pyext.dir/rosidl_generator_py/stereo_msgs/_stereo_msgs_s.ep.rosidl_typesupport_c.c.o[0m
[13.868s] [ 93%] [32m[1mLinking C shared library rosidl_generator_py/stereo_msgs/stereo_msgs_s__rosidl_typesupport_fastrtps_c.cpython-310-x86_64-linux-gnu.so[0m
[13.877s] [ 96%] [32m[1mLinking C shared library rosidl_generator_py/stereo_msgs/stereo_msgs_s__rosidl_typesupport_introspection_c.cpython-310-x86_64-linux-gnu.so[0m
[13.880s] [100%] [32m[1mLinking C shared library rosidl_generator_py/stereo_msgs/stereo_msgs_s__rosidl_typesupport_c.cpython-310-x86_64-linux-gnu.so[0m
[13.984s] [100%] Built target stereo_msgs__rosidl_typesupport_c__pyext
[13.990s] [100%] Built target stereo_msgs__rosidl_typesupport_introspection_c__pyext
[13.990s] [100%] Built target stereo_msgs__rosidl_typesupport_fastrtps_c__pyext
[14.017s] Invoked command in '/home/hikari/ROScribe/ros_ws/src/build/stereo_msgs' returned '0': AMENT_PREFIX_PATH=/home/hikari/ROScribe/ros_ws/src/install/sensor_msgs:/home/hikari/ROScribe/ros_ws/src/install/geometry_msgs:/home/hikari/ROScribe/ros_ws/src/install/std_msgs:/home/hikari/ROScribe/ros_ws/src/install/builtin_interfaces:/home/hikari/ROScribe/ros_ws/src/install/rosidl_default_runtime:/home/hikari/ROScribe/ros_ws/src/install/rosidl_default_generators:/home/hikari/ROScribe/ros_ws/src/install/rosidl_generator_rs:/home/hikari/ROScribe/ros_ws/src/install/rosidl_runtime_rs:${AMENT_PREFIX_PATH} CMAKE_PREFIX_PATH=/home/hikari/ROScribe/ros_ws/src/install/sensor_msgs:/home/hikari/ROScribe/ros_ws/src/install/geometry_msgs:/home/hikari/ROScribe/ros_ws/src/install/std_msgs:/home/hikari/ROScribe/ros_ws/src/install/builtin_interfaces:/home/hikari/ROScribe/ros_ws/src/install/rosidl_default_runtime:/home/hikari/ROScribe/ros_ws/src/install/rosidl_default_generators:/home/hikari/ROScribe/ros_ws/src/install/rosidl_generator_rs:/opt/ros/humble LD_LIBRARY_PATH=/home/hikari/ROScribe/ros_ws/src/install/sensor_msgs/lib:/home/hikari/ROScribe/ros_ws/src/install/geometry_msgs/lib:/home/hikari/ROScribe/ros_ws/src/install/std_msgs/lib:/home/hikari/ROScribe/ros_ws/src/install/builtin_interfaces/lib:${LD_LIBRARY_PATH} PYTHONPATH=/home/hikari/ROScribe/ros_ws/src/install/sensor_msgs/local/lib/python3.10/dist-packages:/home/hikari/ROScribe/ros_ws/src/install/geometry_msgs/local/lib/python3.10/dist-packages:/home/hikari/ROScribe/ros_ws/src/install/std_msgs/local/lib/python3.10/dist-packages:/home/hikari/ROScribe/ros_ws/src/install/builtin_interfaces/local/lib/python3.10/dist-packages:/home/hikari/ROScribe/ros_ws/src/install/rosidl_generator_rs/local/lib/python3.10/dist-packages:${PYTHONPATH} /usr/local/bin/cmake --build /home/hikari/ROScribe/ros_ws/src/build/stereo_msgs -- -j8 -l8
[14.371s] Invoking command in '/home/hikari/ROScribe/ros_ws/src/build/stereo_msgs': AMENT_PREFIX_PATH=/home/hikari/ROScribe/ros_ws/src/install/sensor_msgs:/home/hikari/ROScribe/ros_ws/src/install/geometry_msgs:/home/hikari/ROScribe/ros_ws/src/install/std_msgs:/home/hikari/ROScribe/ros_ws/src/install/builtin_interfaces:/home/hikari/ROScribe/ros_ws/src/install/rosidl_default_runtime:/home/hikari/ROScribe/ros_ws/src/install/rosidl_default_generators:/home/hikari/ROScribe/ros_ws/src/install/rosidl_generator_rs:/home/hikari/ROScribe/ros_ws/src/install/rosidl_runtime_rs:${AMENT_PREFIX_PATH} CMAKE_PREFIX_PATH=/home/hikari/ROScribe/ros_ws/src/install/sensor_msgs:/home/hikari/ROScribe/ros_ws/src/install/geometry_msgs:/home/hikari/ROScribe/ros_ws/src/install/std_msgs:/home/hikari/ROScribe/ros_ws/src/install/builtin_interfaces:/home/hikari/ROScribe/ros_ws/src/install/rosidl_default_runtime:/home/hikari/ROScribe/ros_ws/src/install/rosidl_default_generators:/home/hikari/ROScribe/ros_ws/src/install/rosidl_generator_rs:/opt/ros/humble LD_LIBRARY_PATH=/home/hikari/ROScribe/ros_ws/src/install/sensor_msgs/lib:/home/hikari/ROScribe/ros_ws/src/install/geometry_msgs/lib:/home/hikari/ROScribe/ros_ws/src/install/std_msgs/lib:/home/hikari/ROScribe/ros_ws/src/install/builtin_interfaces/lib:${LD_LIBRARY_PATH} PYTHONPATH=/home/hikari/ROScribe/ros_ws/src/install/sensor_msgs/local/lib/python3.10/dist-packages:/home/hikari/ROScribe/ros_ws/src/install/geometry_msgs/local/lib/python3.10/dist-packages:/home/hikari/ROScribe/ros_ws/src/install/std_msgs/local/lib/python3.10/dist-packages:/home/hikari/ROScribe/ros_ws/src/install/builtin_interfaces/local/lib/python3.10/dist-packages:/home/hikari/ROScribe/ros_ws/src/install/rosidl_generator_rs/local/lib/python3.10/dist-packages:${PYTHONPATH} /usr/local/bin/cmake --install /home/hikari/ROScribe/ros_ws/src/build/stereo_msgs
[14.511s] -- Install configuration: ""
[14.511s] -- Installing: /home/hikari/ROScribe/ros_ws/src/install/stereo_msgs/share/ament_index/resource_index/rosidl_interfaces/stereo_msgs
[14.512s] -- Installing: /home/hikari/ROScribe/ros_ws/src/install/stereo_msgs/include/stereo_msgs/stereo_msgs
[14.512s] -- Installing: /home/hikari/ROScribe/ros_ws/src/install/stereo_msgs/include/stereo_msgs/stereo_msgs/msg
[14.512s] -- Installing: /home/hikari/ROScribe/ros_ws/src/install/stereo_msgs/include/stereo_msgs/stereo_msgs/msg/disparity_image.h
[14.512s] -- Installing: /home/hikari/ROScribe/ros_ws/src/install/stereo_msgs/include/stereo_msgs/stereo_msgs/msg/rosidl_generator_c__visibility_control.h
[14.512s] -- Installing: /home/hikari/ROScribe/ros_ws/src/install/stereo_msgs/include/stereo_msgs/stereo_msgs/msg/detail
[14.513s] -- Installing: /home/hikari/ROScribe/ros_ws/src/install/stereo_msgs/include/stereo_msgs/stereo_msgs/msg/detail/disparity_image__functions.h
[14.513s] -- Installing: /home/hikari/ROScribe/ros_ws/src/install/stereo_msgs/include/stereo_msgs/stereo_msgs/msg/detail/disparity_image__functions.c
[14.514s] -- Installing: /home/hikari/ROScribe/ros_ws/src/install/stereo_msgs/include/stereo_msgs/stereo_msgs/msg/detail/disparity_image__struct.h
[14.514s] -- Installing: /home/hikari/ROScribe/ros_ws/src/install/stereo_msgs/include/stereo_msgs/stereo_msgs/msg/detail/disparity_image__type_support.h
[14.515s] -- Installing: /home/hikari/ROScribe/ros_ws/src/install/stereo_msgs/share/stereo_msgs/environment/library_path.sh
[14.516s] -- Installing: /home/hikari/ROScribe/ros_ws/src/install/stereo_msgs/share/stereo_msgs/environment/library_path.dsv
[14.517s] -- Installing: /home/hikari/ROScribe/ros_ws/src/install/stereo_msgs/lib/libstereo_msgs__rosidl_generator_c.so
[14.518s] -- Set runtime path of "/home/hikari/ROScribe/ros_ws/src/install/stereo_msgs/lib/libstereo_msgs__rosidl_generator_c.so" to ""
[14.519s] -- Up-to-date: /home/hikari/ROScribe/ros_ws/src/install/stereo_msgs/include/stereo_msgs/stereo_msgs
[14.519s] -- Up-to-date: /home/hikari/ROScribe/ros_ws/src/install/stereo_msgs/include/stereo_msgs/stereo_msgs/msg
[14.519s] -- Installing: /home/hikari/ROScribe/ros_ws/src/install/stereo_msgs/include/stereo_msgs/stereo_msgs/msg/rosidl_typesupport_fastrtps_c__visibility_control.h
[14.520s] -- Up-to-date: /home/hikari/ROScribe/ros_ws/src/install/stereo_msgs/include/stereo_msgs/stereo_msgs/msg/detail
[14.520s] -- Installing: /home/hikari/ROScribe/ros_ws/src/install/stereo_msgs/include/stereo_msgs/stereo_msgs/msg/detail/disparity_image__rosidl_typesupport_fastrtps_c.h
[14.521s] -- Installing: /home/hikari/ROScribe/ros_ws/src/install/stereo_msgs/lib/libstereo_msgs__rosidl_typesupport_fastrtps_c.so
[14.522s] -- Set runtime path of "/home/hikari/ROScribe/ros_ws/src/install/stereo_msgs/lib/libstereo_msgs__rosidl_typesupport_fastrtps_c.so" to ""
[14.522s] -- Up-to-date: /home/hikari/ROScribe/ros_ws/src/install/stereo_msgs/include/stereo_msgs/stereo_msgs
[14.523s] -- Up-to-date: /home/hikari/ROScribe/ros_ws/src/install/stereo_msgs/include/stereo_msgs/stereo_msgs/msg
[14.524s] -- Installing: /home/hikari/ROScribe/ros_ws/src/install/stereo_msgs/include/stereo_msgs/stereo_msgs/msg/rosidl_typesupport_introspection_c__visibility_control.h
[14.524s] -- Up-to-date: /home/hikari/ROScribe/ros_ws/src/install/stereo_msgs/include/stereo_msgs/stereo_msgs/msg/detail
[14.524s] -- Installing: /home/hikari/ROScribe/ros_ws/src/install/stereo_msgs/include/stereo_msgs/stereo_msgs/msg/detail/disparity_image__rosidl_typesupport_introspection_c.h
[14.525s] -- Installing: /home/hikari/ROScribe/ros_ws/src/install/stereo_msgs/include/stereo_msgs/stereo_msgs/msg/detail/disparity_image__type_support.c
[14.525s] -- Installing: /home/hikari/ROScribe/ros_ws/src/install/stereo_msgs/lib/libstereo_msgs__rosidl_typesupport_introspection_c.so
[14.525s] -- Set runtime path of "/home/hikari/ROScribe/ros_ws/src/install/stereo_msgs/lib/libstereo_msgs__rosidl_typesupport_introspection_c.so" to ""
[14.526s] -- Installing: /home/hikari/ROScribe/ros_ws/src/install/stereo_msgs/lib/libstereo_msgs__rosidl_typesupport_c.so
[14.526s] -- Set runtime path of "/home/hikari/ROScribe/ros_ws/src/install/stereo_msgs/lib/libstereo_msgs__rosidl_typesupport_c.so" to ""
[14.526s] -- Up-to-date: /home/hikari/ROScribe/ros_ws/src/install/stereo_msgs/include/stereo_msgs/stereo_msgs
[14.526s] -- Up-to-date: /home/hikari/ROScribe/ros_ws/src/install/stereo_msgs/include/stereo_msgs/stereo_msgs/msg
[14.527s] -- Installing: /home/hikari/ROScribe/ros_ws/src/install/stereo_msgs/include/stereo_msgs/stereo_msgs/msg/disparity_image.hpp
[14.527s] -- Up-to-date: /home/hikari/ROScribe/ros_ws/src/install/stereo_msgs/include/stereo_msgs/stereo_msgs/msg/detail
[14.527s] -- Installing: /home/hikari/ROScribe/ros_ws/src/install/stereo_msgs/include/stereo_msgs/stereo_msgs/msg/detail/disparity_image__struct.hpp
[14.527s] -- Installing: /home/hikari/ROScribe/ros_ws/src/install/stereo_msgs/include/stereo_msgs/stereo_msgs/msg/detail/disparity_image__builder.hpp
[14.528s] -- Installing: /home/hikari/ROScribe/ros_ws/src/install/stereo_msgs/include/stereo_msgs/stereo_msgs/msg/detail/disparity_image__traits.hpp
[14.528s] -- Up-to-date: /home/hikari/ROScribe/ros_ws/src/install/stereo_msgs/include/stereo_msgs/stereo_msgs
[14.528s] -- Up-to-date: /home/hikari/ROScribe/ros_ws/src/install/stereo_msgs/include/stereo_msgs/stereo_msgs/msg
[14.528s] -- Installing: /home/hikari/ROScribe/ros_ws/src/install/stereo_msgs/include/stereo_msgs/stereo_msgs/msg/rosidl_typesupport_fastrtps_cpp__visibility_control.h
[14.529s] -- Up-to-date: /home/hikari/ROScribe/ros_ws/src/install/stereo_msgs/include/stereo_msgs/stereo_msgs/msg/detail
[14.529s] -- Installing: /home/hikari/ROScribe/ros_ws/src/install/stereo_msgs/include/stereo_msgs/stereo_msgs/msg/detail/dds_fastrtps
[14.530s] -- Installing: /home/hikari/ROScribe/ros_ws/src/install/stereo_msgs/include/stereo_msgs/stereo_msgs/msg/detail/disparity_image__rosidl_typesupport_fastrtps_cpp.hpp
[14.530s] -- Installing: /home/hikari/ROScribe/ros_ws/src/install/stereo_msgs/lib/libstereo_msgs__rosidl_typesupport_fastrtps_cpp.so
[14.530s] -- Set runtime path of "/home/hikari/ROScribe/ros_ws/src/install/stereo_msgs/lib/libstereo_msgs__rosidl_typesupport_fastrtps_cpp.so" to ""
[14.530s] -- Up-to-date: /home/hikari/ROScribe/ros_ws/src/install/stereo_msgs/include/stereo_msgs/stereo_msgs
[14.531s] -- Up-to-date: /home/hikari/ROScribe/ros_ws/src/install/stereo_msgs/include/stereo_msgs/stereo_msgs/msg
[14.531s] -- Up-to-date: /home/hikari/ROScribe/ros_ws/src/install/stereo_msgs/include/stereo_msgs/stereo_msgs/msg/detail
[14.531s] -- Installing: /home/hikari/ROScribe/ros_ws/src/install/stereo_msgs/include/stereo_msgs/stereo_msgs/msg/detail/disparity_image__type_support.cpp
[14.531s] -- Installing: /home/hikari/ROScribe/ros_ws/src/install/stereo_msgs/include/stereo_msgs/stereo_msgs/msg/detail/disparity_image__rosidl_typesupport_introspection_cpp.hpp
[14.531s] -- Installing: /home/hikari/ROScribe/ros_ws/src/install/stereo_msgs/lib/libstereo_msgs__rosidl_typesupport_introspection_cpp.so
[14.532s] -- Set runtime path of "/home/hikari/ROScribe/ros_ws/src/install/stereo_msgs/lib/libstereo_msgs__rosidl_typesupport_introspection_cpp.so" to ""
[14.532s] -- Installing: /home/hikari/ROScribe/ros_ws/src/install/stereo_msgs/lib/libstereo_msgs__rosidl_typesupport_cpp.so
[14.535s] -- Set runtime path of "/home/hikari/ROScribe/ros_ws/src/install/stereo_msgs/lib/libstereo_msgs__rosidl_typesupport_cpp.so" to ""
[14.536s] -- Installing: /home/hikari/ROScribe/ros_ws/src/install/stereo_msgs/share/ament_index/resource_index/rust_packages/stereo_msgs
[14.536s] -- Installing: /home/hikari/ROScribe/ros_ws/src/install/stereo_msgs/share/stereo_msgs/rust
[14.536s] -- Installing: /home/hikari/ROScribe/ros_ws/src/install/stereo_msgs/share/stereo_msgs/rust/src
[14.537s] -- Installing: /home/hikari/ROScribe/ros_ws/src/install/stereo_msgs/share/stereo_msgs/rust/src/msg.rs
[14.537s] -- Installing: /home/hikari/ROScribe/ros_ws/src/install/stereo_msgs/share/stereo_msgs/rust/src/lib.rs
[14.537s] -- Installing: /home/hikari/ROScribe/ros_ws/src/install/stereo_msgs/share/stereo_msgs/rust/Cargo.toml
[14.538s] -- Installing: /home/hikari/ROScribe/ros_ws/src/install/stereo_msgs/share/stereo_msgs/rust/build.rs
[14.538s] -- Up-to-date: /home/hikari/ROScribe/ros_ws/src/install/stereo_msgs/share/stereo_msgs/rust
[14.538s] -- Up-to-date: /home/hikari/ROScribe/ros_ws/src/install/stereo_msgs/share/stereo_msgs/rust/src
[14.540s] -- Up-to-date: /home/hikari/ROScribe/ros_ws/src/install/stereo_msgs/share/stereo_msgs/rust/src/msg.rs
[14.540s] -- Up-to-date: /home/hikari/ROScribe/ros_ws/src/install/stereo_msgs/share/stereo_msgs/rust/src/lib.rs
[14.541s] -- Up-to-date: /home/hikari/ROScribe/ros_ws/src/install/stereo_msgs/share/stereo_msgs/rust/Cargo.toml
[14.541s] -- Up-to-date: /home/hikari/ROScribe/ros_ws/src/install/stereo_msgs/share/stereo_msgs/rust/build.rs
[14.541s] -- Up-to-date: /home/hikari/ROScribe/ros_ws/src/install/stereo_msgs/share/stereo_msgs/rust
[14.542s] -- Up-to-date: /home/hikari/ROScribe/ros_ws/src/install/stereo_msgs/share/stereo_msgs/rust/src
[14.542s] -- Up-to-date: /home/hikari/ROScribe/ros_ws/src/install/stereo_msgs/share/stereo_msgs/rust/src/msg.rs
[14.542s] -- Up-to-date: /home/hikari/ROScribe/ros_ws/src/install/stereo_msgs/share/stereo_msgs/rust/src/lib.rs
[14.542s] -- Up-to-date: /home/hikari/ROScribe/ros_ws/src/install/stereo_msgs/share/stereo_msgs/rust/Cargo.toml
[14.542s] -- Up-to-date: /home/hikari/ROScribe/ros_ws/src/install/stereo_msgs/share/stereo_msgs/rust/build.rs
[14.543s] -- Installing: /home/hikari/ROScribe/ros_ws/src/install/stereo_msgs/share/stereo_msgs/environment/pythonpath.sh
[14.543s] -- Installing: /home/hikari/ROScribe/ros_ws/src/install/stereo_msgs/share/stereo_msgs/environment/pythonpath.dsv
[14.543s] -- Installing: /home/hikari/ROScribe/ros_ws/src/install/stereo_msgs/local/lib/python3.10/dist-packages/stereo_msgs-4.2.3-py3.10.egg-info
[14.544s] -- Installing: /home/hikari/ROScribe/ros_ws/src/install/stereo_msgs/local/lib/python3.10/dist-packages/stereo_msgs-4.2.3-py3.10.egg-info/top_level.txt
[14.544s] -- Installing: /home/hikari/ROScribe/ros_ws/src/install/stereo_msgs/local/lib/python3.10/dist-packages/stereo_msgs-4.2.3-py3.10.egg-info/dependency_links.txt
[14.545s] -- Installing: /home/hikari/ROScribe/ros_ws/src/install/stereo_msgs/local/lib/python3.10/dist-packages/stereo_msgs-4.2.3-py3.10.egg-info/SOURCES.txt
[14.545s] -- Installing: /home/hikari/ROScribe/ros_ws/src/install/stereo_msgs/local/lib/python3.10/dist-packages/stereo_msgs-4.2.3-py3.10.egg-info/PKG-INFO
[14.545s] -- Installing: /home/hikari/ROScribe/ros_ws/src/install/stereo_msgs/local/lib/python3.10/dist-packages/stereo_msgs
[14.545s] -- Installing: /home/hikari/ROScribe/ros_ws/src/install/stereo_msgs/local/lib/python3.10/dist-packages/stereo_msgs/stereo_msgs_s__rosidl_typesupport_introspection_c.cpython-310-x86_64-linux-gnu.so
[14.546s] -- Installing: /home/hikari/ROScribe/ros_ws/src/install/stereo_msgs/local/lib/python3.10/dist-packages/stereo_msgs/libstereo_msgs__rosidl_generator_py.so
[14.546s] -- Installing: /home/hikari/ROScribe/ros_ws/src/install/stereo_msgs/local/lib/python3.10/dist-packages/stereo_msgs/_stereo_msgs_s.ep.rosidl_typesupport_introspection_c.c
[14.546s] -- Installing: /home/hikari/ROScribe/ros_ws/src/install/stereo_msgs/local/lib/python3.10/dist-packages/stereo_msgs/stereo_msgs_s__rosidl_typesupport_c.cpython-310-x86_64-linux-gnu.so
[14.546s] -- Installing: /home/hikari/ROScribe/ros_ws/src/install/stereo_msgs/local/lib/python3.10/dist-packages/stereo_msgs/msg
[14.547s] -- Installing: /home/hikari/ROScribe/ros_ws/src/install/stereo_msgs/local/lib/python3.10/dist-packages/stereo_msgs/msg/_disparity_image.py
[14.547s] -- Installing: /home/hikari/ROScribe/ros_ws/src/install/stereo_msgs/local/lib/python3.10/dist-packages/stereo_msgs/msg/_disparity_image_s.c
[14.547s] -- Installing: /home/hikari/ROScribe/ros_ws/src/install/stereo_msgs/local/lib/python3.10/dist-packages/stereo_msgs/msg/__init__.py
[14.547s] -- Installing: /home/hikari/ROScribe/ros_ws/src/install/stereo_msgs/local/lib/python3.10/dist-packages/stereo_msgs/stereo_msgs_s__rosidl_typesupport_fastrtps_c.cpython-310-x86_64-linux-gnu.so
[14.547s] -- Installing: /home/hikari/ROScribe/ros_ws/src/install/stereo_msgs/local/lib/python3.10/dist-packages/stereo_msgs/_stereo_msgs_s.ep.rosidl_typesupport_c.c
[14.548s] -- Installing: /home/hikari/ROScribe/ros_ws/src/install/stereo_msgs/local/lib/python3.10/dist-packages/stereo_msgs/_stereo_msgs_s.ep.rosidl_typesupport_fastrtps_c.c
[14.548s] -- Installing: /home/hikari/ROScribe/ros_ws/src/install/stereo_msgs/local/lib/python3.10/dist-packages/stereo_msgs/__init__.py
[14.659s] Listing '/home/hikari/ROScribe/ros_ws/src/install/stereo_msgs/local/lib/python3.10/dist-packages/stereo_msgs'...
[14.659s] Compiling '/home/hikari/ROScribe/ros_ws/src/install/stereo_msgs/local/lib/python3.10/dist-packages/stereo_msgs/__init__.py'...
[14.660s] Listing '/home/hikari/ROScribe/ros_ws/src/install/stereo_msgs/local/lib/python3.10/dist-packages/stereo_msgs/msg'...
[14.660s] Compiling '/home/hikari/ROScribe/ros_ws/src/install/stereo_msgs/local/lib/python3.10/dist-packages/stereo_msgs/msg/__init__.py'...
[14.660s] Compiling '/home/hikari/ROScribe/ros_ws/src/install/stereo_msgs/local/lib/python3.10/dist-packages/stereo_msgs/msg/_disparity_image.py'...
[14.672s] -- Installing: /home/hikari/ROScribe/ros_ws/src/install/stereo_msgs/local/lib/python3.10/dist-packages/stereo_msgs/stereo_msgs_s__rosidl_typesupport_fastrtps_c.cpython-310-x86_64-linux-gnu.so
[14.673s] -- Set runtime path of "/home/hikari/ROScribe/ros_ws/src/install/stereo_msgs/local/lib/python3.10/dist-packages/stereo_msgs/stereo_msgs_s__rosidl_typesupport_fastrtps_c.cpython-310-x86_64-linux-gnu.so" to ""
[14.674s] -- Installing: /home/hikari/ROScribe/ros_ws/src/install/stereo_msgs/local/lib/python3.10/dist-packages/stereo_msgs/stereo_msgs_s__rosidl_typesupport_introspection_c.cpython-310-x86_64-linux-gnu.so
[14.676s] -- Set runtime path of "/home/hikari/ROScribe/ros_ws/src/install/stereo_msgs/local/lib/python3.10/dist-packages/stereo_msgs/stereo_msgs_s__rosidl_typesupport_introspection_c.cpython-310-x86_64-linux-gnu.so" to ""
[14.676s] -- Installing: /home/hikari/ROScribe/ros_ws/src/install/stereo_msgs/local/lib/python3.10/dist-packages/stereo_msgs/stereo_msgs_s__rosidl_typesupport_c.cpython-310-x86_64-linux-gnu.so
[14.677s] -- Set runtime path of "/home/hikari/ROScribe/ros_ws/src/install/stereo_msgs/local/lib/python3.10/dist-packages/stereo_msgs/stereo_msgs_s__rosidl_typesupport_c.cpython-310-x86_64-linux-gnu.so" to ""
[14.677s] -- Installing: /home/hikari/ROScribe/ros_ws/src/install/stereo_msgs/lib/libstereo_msgs__rosidl_generator_py.so
[14.677s] -- Set runtime path of "/home/hikari/ROScribe/ros_ws/src/install/stereo_msgs/lib/libstereo_msgs__rosidl_generator_py.so" to ""
[14.678s] -- Installing: /home/hikari/ROScribe/ros_ws/src/install/stereo_msgs/share/stereo_msgs/msg/DisparityImage.idl
[14.678s] -- Installing: /home/hikari/ROScribe/ros_ws/src/install/stereo_msgs/share/stereo_msgs/msg/DisparityImage.msg
[14.678s] -- Installing: /home/hikari/ROScribe/ros_ws/src/install/stereo_msgs/share/ament_index/resource_index/package_run_dependencies/stereo_msgs
[14.680s] -- Installing: /home/hikari/ROScribe/ros_ws/src/install/stereo_msgs/share/ament_index/resource_index/parent_prefix_path/stereo_msgs
[14.681s] -- Installing: /home/hikari/ROScribe/ros_ws/src/install/stereo_msgs/share/stereo_msgs/environment/ament_prefix_path.sh
[14.681s] -- Installing: /home/hikari/ROScribe/ros_ws/src/install/stereo_msgs/share/stereo_msgs/environment/ament_prefix_path.dsv
[14.681s] -- Installing: /home/hikari/ROScribe/ros_ws/src/install/stereo_msgs/share/stereo_msgs/environment/path.sh
[14.681s] -- Installing: /home/hikari/ROScribe/ros_ws/src/install/stereo_msgs/share/stereo_msgs/environment/path.dsv
[14.682s] -- Installing: /home/hikari/ROScribe/ros_ws/src/install/stereo_msgs/share/stereo_msgs/local_setup.bash
[14.682s] -- Installing: /home/hikari/ROScribe/ros_ws/src/install/stereo_msgs/share/stereo_msgs/local_setup.sh
[14.682s] -- Installing: /home/hikari/ROScribe/ros_ws/src/install/stereo_msgs/share/stereo_msgs/local_setup.zsh
[14.682s] -- Installing: /home/hikari/ROScribe/ros_ws/src/install/stereo_msgs/share/stereo_msgs/local_setup.dsv
[14.683s] -- Installing: /home/hikari/ROScribe/ros_ws/src/install/stereo_msgs/share/stereo_msgs/package.dsv
[14.683s] -- Installing: /home/hikari/ROScribe/ros_ws/src/install/stereo_msgs/share/ament_index/resource_index/packages/stereo_msgs
[14.683s] -- Installing: /home/hikari/ROScribe/ros_ws/src/install/stereo_msgs/share/stereo_msgs/cmake/export_stereo_msgs__rosidl_generator_cExport.cmake
[14.683s] -- Installing: /home/hikari/ROScribe/ros_ws/src/install/stereo_msgs/share/stereo_msgs/cmake/export_stereo_msgs__rosidl_generator_cExport-noconfig.cmake
[14.684s] -- Installing: /home/hikari/ROScribe/ros_ws/src/install/stereo_msgs/share/stereo_msgs/cmake/export_stereo_msgs__rosidl_typesupport_fastrtps_cExport.cmake
[14.684s] -- Installing: /home/hikari/ROScribe/ros_ws/src/install/stereo_msgs/share/stereo_msgs/cmake/export_stereo_msgs__rosidl_typesupport_fastrtps_cExport-noconfig.cmake
[14.684s] -- Installing: /home/hikari/ROScribe/ros_ws/src/install/stereo_msgs/share/stereo_msgs/cmake/stereo_msgs__rosidl_typesupport_introspection_cExport.cmake
[14.685s] -- Installing: /home/hikari/ROScribe/ros_ws/src/install/stereo_msgs/share/stereo_msgs/cmake/stereo_msgs__rosidl_typesupport_introspection_cExport-noconfig.cmake
[14.685s] -- Installing: /home/hikari/ROScribe/ros_ws/src/install/stereo_msgs/share/stereo_msgs/cmake/stereo_msgs__rosidl_typesupport_cExport.cmake
[14.685s] -- Installing: /home/hikari/ROScribe/ros_ws/src/install/stereo_msgs/share/stereo_msgs/cmake/stereo_msgs__rosidl_typesupport_cExport-noconfig.cmake
[14.685s] -- Installing: /home/hikari/ROScribe/ros_ws/src/install/stereo_msgs/share/stereo_msgs/cmake/export_stereo_msgs__rosidl_generator_cppExport.cmake
[14.686s] -- Installing: /home/hikari/ROScribe/ros_ws/src/install/stereo_msgs/share/stereo_msgs/cmake/export_stereo_msgs__rosidl_typesupport_fastrtps_cppExport.cmake
[14.686s] -- Installing: /home/hikari/ROScribe/ros_ws/src/install/stereo_msgs/share/stereo_msgs/cmake/export_stereo_msgs__rosidl_typesupport_fastrtps_cppExport-noconfig.cmake
[14.687s] -- Installing: /home/hikari/ROScribe/ros_ws/src/install/stereo_msgs/share/stereo_msgs/cmake/stereo_msgs__rosidl_typesupport_introspection_cppExport.cmake
[14.687s] -- Installing: /home/hikari/ROScribe/ros_ws/src/install/stereo_msgs/share/stereo_msgs/cmake/stereo_msgs__rosidl_typesupport_introspection_cppExport-noconfig.cmake
[14.687s] -- Installing: /home/hikari/ROScribe/ros_ws/src/install/stereo_msgs/share/stereo_msgs/cmake/stereo_msgs__rosidl_typesupport_cppExport.cmake
[14.687s] -- Installing: /home/hikari/ROScribe/ros_ws/src/install/stereo_msgs/share/stereo_msgs/cmake/stereo_msgs__rosidl_typesupport_cppExport-noconfig.cmake
[14.688s] -- Installing: /home/hikari/ROScribe/ros_ws/src/install/stereo_msgs/share/stereo_msgs/cmake/export_stereo_msgs__rosidl_generator_pyExport.cmake
[14.689s] -- Installing: /home/hikari/ROScribe/ros_ws/src/install/stereo_msgs/share/stereo_msgs/cmake/export_stereo_msgs__rosidl_generator_pyExport-noconfig.cmake
[14.689s] -- Installing: /home/hikari/ROScribe/ros_ws/src/install/stereo_msgs/share/stereo_msgs/cmake/rosidl_cmake-extras.cmake
[14.691s] -- Installing: /home/hikari/ROScribe/ros_ws/src/install/stereo_msgs/share/stereo_msgs/cmake/ament_cmake_export_dependencies-extras.cmake
[14.692s] -- Installing: /home/hikari/ROScribe/ros_ws/src/install/stereo_msgs/share/stereo_msgs/cmake/ament_cmake_export_include_directories-extras.cmake
[14.693s] -- Installing: /home/hikari/ROScribe/ros_ws/src/install/stereo_msgs/share/stereo_msgs/cmake/ament_cmake_export_libraries-extras.cmake
[14.694s] -- Installing: /home/hikari/ROScribe/ros_ws/src/install/stereo_msgs/share/stereo_msgs/cmake/ament_cmake_export_targets-extras.cmake
[14.695s] -- Installing: /home/hikari/ROScribe/ros_ws/src/install/stereo_msgs/share/stereo_msgs/cmake/rosidl_cmake_export_typesupport_targets-extras.cmake
[14.696s] -- Installing: /home/hikari/ROScribe/ros_ws/src/install/stereo_msgs/share/stereo_msgs/cmake/rosidl_cmake_export_typesupport_libraries-extras.cmake
[14.696s] -- Installing: /home/hikari/ROScribe/ros_ws/src/install/stereo_msgs/share/stereo_msgs/cmake/stereo_msgsConfig.cmake
[14.697s] -- Installing: /home/hikari/ROScribe/ros_ws/src/install/stereo_msgs/share/stereo_msgs/cmake/stereo_msgsConfig-version.cmake
[14.697s] -- Installing: /home/hikari/ROScribe/ros_ws/src/install/stereo_msgs/share/stereo_msgs/package.xml
[14.712s] Invoked command in '/home/hikari/ROScribe/ros_ws/src/build/stereo_msgs' returned '0': AMENT_PREFIX_PATH=/home/hikari/ROScribe/ros_ws/src/install/sensor_msgs:/home/hikari/ROScribe/ros_ws/src/install/geometry_msgs:/home/hikari/ROScribe/ros_ws/src/install/std_msgs:/home/hikari/ROScribe/ros_ws/src/install/builtin_interfaces:/home/hikari/ROScribe/ros_ws/src/install/rosidl_default_runtime:/home/hikari/ROScribe/ros_ws/src/install/rosidl_default_generators:/home/hikari/ROScribe/ros_ws/src/install/rosidl_generator_rs:/home/hikari/ROScribe/ros_ws/src/install/rosidl_runtime_rs:${AMENT_PREFIX_PATH} CMAKE_PREFIX_PATH=/home/hikari/ROScribe/ros_ws/src/install/sensor_msgs:/home/hikari/ROScribe/ros_ws/src/install/geometry_msgs:/home/hikari/ROScribe/ros_ws/src/install/std_msgs:/home/hikari/ROScribe/ros_ws/src/install/builtin_interfaces:/home/hikari/ROScribe/ros_ws/src/install/rosidl_default_runtime:/home/hikari/ROScribe/ros_ws/src/install/rosidl_default_generators:/home/hikari/ROScribe/ros_ws/src/install/rosidl_generator_rs:/opt/ros/humble LD_LIBRARY_PATH=/home/hikari/ROScribe/ros_ws/src/install/sensor_msgs/lib:/home/hikari/ROScribe/ros_ws/src/install/geometry_msgs/lib:/home/hikari/ROScribe/ros_ws/src/install/std_msgs/lib:/home/hikari/ROScribe/ros_ws/src/install/builtin_interfaces/lib:${LD_LIBRARY_PATH} PYTHONPATH=/home/hikari/ROScribe/ros_ws/src/install/sensor_msgs/local/lib/python3.10/dist-packages:/home/hikari/ROScribe/ros_ws/src/install/geometry_msgs/local/lib/python3.10/dist-packages:/home/hikari/ROScribe/ros_ws/src/install/std_msgs/local/lib/python3.10/dist-packages:/home/hikari/ROScribe/ros_ws/src/install/builtin_interfaces/local/lib/python3.10/dist-packages:/home/hikari/ROScribe/ros_ws/src/install/rosidl_generator_rs/local/lib/python3.10/dist-packages:${PYTHONPATH} /usr/local/bin/cmake --install /home/hikari/ROScribe/ros_ws/src/build/stereo_msgs
