-- The C compiler identification is GNU 11.4.0
-- The CXX compiler identification is GNU 11.4.0
-- Detecting C compiler ABI info
-- Detecting C compiler ABI info - done
-- Check for working C compiler: /usr/lib/ccache/cc - skipped
-- Detecting C compile features
-- Detecting C compile features - done
-- Detecting CXX compiler ABI info
-- Detecting CXX compiler ABI info - done
-- Check for working CXX compiler: /usr/lib/ccache/c++ - skipped
-- Detecting CXX compile features
-- Detecting CXX compile features - done
-- Found ament_cmake: 1.3.5 (/opt/ros/humble/share/ament_cmake/cmake)
-- Found Python3: /usr/bin/python3.10 (found version "3.10.12") found components: Interpreter 
-- Found rosidl_default_generators: 1.2.0 (/home/hikari/ROScribe/ros_ws/src/install/rosidl_default_generators/share/rosidl_default_generators/cmake)
-- Using all available rosidl_typesupport_c: rosidl_typesupport_fastrtps_c;rosidl_typesupport_introspection_c
-- Found rosidl_adapter: 3.1.5 (/opt/ros/humble/share/rosidl_adapter/cmake)
-- Using all available rosidl_typesupport_cpp: rosidl_typesupport_fastrtps_cpp;rosidl_typesupport_introspection_cpp
-- Found ament_cmake_ros: 0.10.0 (/opt/ros/humble/share/ament_cmake_ros/cmake)
-- Using all available rosidl_typesupport_c: rosidl_typesupport_fastrtps_c;rosidl_typesupport_introspection_c
-- Using all available rosidl_typesupport_cpp: rosidl_typesupport_fastrtps_cpp;rosidl_typesupport_introspection_cpp
-- Found rmw_implementation_cmake: 6.1.1 (/opt/ros/humble/share/rmw_implementation_cmake/cmake)
-- Found OpenSSL: /usr/lib/x86_64-linux-gnu/libcrypto.so (found version "3.0.2")  
-- Found FastRTPS: /opt/ros/humble/include  
-- Found PythonInterp: /usr/bin/python3 (found suitable version "3.10.12", minimum required is "3.6") 
-- Found python_cmake_module: 0.10.0 (/opt/ros/humble/share/python_cmake_module/cmake)
-- Found PythonLibs: /usr/lib/x86_64-linux-gnu/libpython3.10.so (found suitable version "3.10.12", minimum required is "3.5") 
-- Using PYTHON_EXECUTABLE: /usr/bin/python3
-- Using PYTHON_INCLUDE_DIRS: /usr/include/python3.10
-- Using PYTHON_LIBRARIES: /usr/lib/x86_64-linux-gnu/libpython3.10.so
-- Found PythonExtra: .so  
-- Found ament_lint_auto: 0.12.8 (/opt/ros/humble/share/ament_lint_auto/cmake)
-- Added test 'copyright' to check source files copyright and LICENSE
-- Added test 'lint_cmake' to check CMake code style
-- Added test 'xmllint' to check XML markup files
-- Configuring done
-- Generating done
-- Build files have been written to: /home/hikari/ROScribe/ros_ws/src/build/unique_identifier_msgs
[  3%] [34m[1mGenerating C code for ROS interfaces[0m
[  6%] [34m[1mGenerating C++ code for ROS interfaces[0m
[  9%] [34m[1mGenerating Rust code for ROS interfaces[0m
[  9%] Built target ament_cmake_python_copy_unique_identifier_msgs
[  9%] Built target unique_identifier_msgs__cpp
[ 15%] [34m[1mGenerating C++ type support for eProsima Fast-RTPS[0m
[ 15%] [34m[1mGenerating C++ introspection for ROS interfaces[0m
[ 18%] [34m[1mGenerating C++ type support dispatch for ROS interfaces[0m
[ 18%] Built target unique_identifier_msgs__rs
running egg_info
[ 21%] [32mBuilding C object CMakeFiles/unique_identifier_msgs__rosidl_generator_c.dir/rosidl_generator_c/unique_identifier_msgs/msg/detail/uuid__functions.c.o[0m
creating unique_identifier_msgs.egg-info
writing unique_identifier_msgs.egg-info/PKG-INFO
writing dependency_links to unique_identifier_msgs.egg-info/dependency_links.txt
writing top-level names to unique_identifier_msgs.egg-info/top_level.txt
writing manifest file 'unique_identifier_msgs.egg-info/SOURCES.txt'
[ 25%] [32m[1mLinking C shared library libunique_identifier_msgs__rosidl_generator_c.so[0m
reading manifest file 'unique_identifier_msgs.egg-info/SOURCES.txt'
writing manifest file 'unique_identifier_msgs.egg-info/SOURCES.txt'
[ 25%] Built target unique_identifier_msgs__rosidl_generator_c
[ 28%] [34m[1mGenerating C type support for eProsima Fast-RTPS[0m
[ 31%] [34m[1mGenerating C introspection for ROS interfaces[0m
[ 34%] [34m[1mGenerating C type support dispatch for ROS interfaces[0m
[ 34%] Built target ament_cmake_python_build_unique_identifier_msgs_egg
[ 37%] [32mBuilding CXX object CMakeFiles/unique_identifier_msgs__rosidl_typesupport_introspection_cpp.dir/rosidl_typesupport_introspection_cpp/unique_identifier_msgs/msg/detail/uuid__type_support.cpp.o[0m
[ 40%] [32mBuilding CXX object CMakeFiles/unique_identifier_msgs__rosidl_typesupport_fastrtps_cpp.dir/rosidl_typesupport_fastrtps_cpp/unique_identifier_msgs/msg/detail/dds_fastrtps/uuid__type_support.cpp.o[0m
[ 43%] [32mBuilding CXX object CMakeFiles/unique_identifier_msgs__rosidl_typesupport_cpp.dir/rosidl_typesupport_cpp/unique_identifier_msgs/msg/uuid__type_support.cpp.o[0m
[ 46%] [32mBuilding CXX object CMakeFiles/unique_identifier_msgs__rosidl_typesupport_c.dir/rosidl_typesupport_c/unique_identifier_msgs/msg/uuid__type_support.cpp.o[0m
[ 50%] [32mBuilding C object CMakeFiles/unique_identifier_msgs__rosidl_typesupport_introspection_c.dir/rosidl_typesupport_introspection_c/unique_identifier_msgs/msg/detail/uuid__type_support.c.o[0m
[ 53%] [32mBuilding CXX object CMakeFiles/unique_identifier_msgs__rosidl_typesupport_fastrtps_c.dir/rosidl_typesupport_fastrtps_c/unique_identifier_msgs/msg/detail/uuid__type_support_c.cpp.o[0m
[ 56%] [32m[1mLinking CXX shared library libunique_identifier_msgs__rosidl_typesupport_c.so[0m
[ 59%] [32m[1mLinking C shared library libunique_identifier_msgs__rosidl_typesupport_introspection_c.so[0m
[ 59%] Built target unique_identifier_msgs__rosidl_typesupport_c
[ 59%] Built target unique_identifier_msgs__rosidl_typesupport_introspection_c
[ 62%] [32m[1mLinking CXX shared library libunique_identifier_msgs__rosidl_typesupport_cpp.so[0m
[ 62%] Built target unique_identifier_msgs__rosidl_typesupport_cpp
[ 65%] [32m[1mLinking CXX shared library libunique_identifier_msgs__rosidl_typesupport_fastrtps_c.so[0m
[ 68%] [32m[1mLinking CXX shared library libunique_identifier_msgs__rosidl_typesupport_fastrtps_cpp.so[0m
[ 71%] [32m[1mLinking CXX shared library libunique_identifier_msgs__rosidl_typesupport_introspection_cpp.so[0m
[ 71%] Built target unique_identifier_msgs__rosidl_typesupport_fastrtps_c
[ 71%] Built target unique_identifier_msgs__rosidl_typesupport_fastrtps_cpp
[ 71%] Built target unique_identifier_msgs__rosidl_typesupport_introspection_cpp
[ 71%] Built target unique_identifier_msgs
[ 75%] [34m[1mGenerating Python code for ROS interfaces[0m
[ 75%] Built target unique_identifier_msgs__py
[ 78%] [32mBuilding C object CMakeFiles/unique_identifier_msgs__rosidl_generator_py.dir/rosidl_generator_py/unique_identifier_msgs/msg/_uuid_s.c.o[0m
[ 81%] [32m[1mLinking C shared library rosidl_generator_py/unique_identifier_msgs/libunique_identifier_msgs__rosidl_generator_py.so[0m
[ 81%] Built target unique_identifier_msgs__rosidl_generator_py
[ 84%] [32mBuilding C object CMakeFiles/unique_identifier_msgs__rosidl_typesupport_fastrtps_c__pyext.dir/rosidl_generator_py/unique_identifier_msgs/_unique_identifier_msgs_s.ep.rosidl_typesupport_fastrtps_c.c.o[0m
[ 87%] [32m[1mLinking C shared library rosidl_generator_py/unique_identifier_msgs/unique_identifier_msgs_s__rosidl_typesupport_fastrtps_c.cpython-310-x86_64-linux-gnu.so[0m
[ 87%] Built target unique_identifier_msgs__rosidl_typesupport_fastrtps_c__pyext
[ 90%] [32mBuilding C object CMakeFiles/unique_identifier_msgs__rosidl_typesupport_c__pyext.dir/rosidl_generator_py/unique_identifier_msgs/_unique_identifier_msgs_s.ep.rosidl_typesupport_c.c.o[0m
[ 93%] [32m[1mLinking C shared library rosidl_generator_py/unique_identifier_msgs/unique_identifier_msgs_s__rosidl_typesupport_c.cpython-310-x86_64-linux-gnu.so[0m
[ 93%] Built target unique_identifier_msgs__rosidl_typesupport_c__pyext
[ 96%] [32mBuilding C object CMakeFiles/unique_identifier_msgs__rosidl_typesupport_introspection_c__pyext.dir/rosidl_generator_py/unique_identifier_msgs/_unique_identifier_msgs_s.ep.rosidl_typesupport_introspection_c.c.o[0m
[100%] [32m[1mLinking C shared library rosidl_generator_py/unique_identifier_msgs/unique_identifier_msgs_s__rosidl_typesupport_introspection_c.cpython-310-x86_64-linux-gnu.so[0m
[100%] Built target unique_identifier_msgs__rosidl_typesupport_introspection_c__pyext
-- Install configuration: ""
-- Installing: /home/hikari/ROScribe/ros_ws/src/install/unique_identifier_msgs/share/ament_index/resource_index/rosidl_interfaces/unique_identifier_msgs
-- Installing: /home/hikari/ROScribe/ros_ws/src/install/unique_identifier_msgs/include/unique_identifier_msgs/unique_identifier_msgs
-- Installing: /home/hikari/ROScribe/ros_ws/src/install/unique_identifier_msgs/include/unique_identifier_msgs/unique_identifier_msgs/msg
-- Installing: /home/hikari/ROScribe/ros_ws/src/install/unique_identifier_msgs/include/unique_identifier_msgs/unique_identifier_msgs/msg/rosidl_generator_c__visibility_control.h
-- Installing: /home/hikari/ROScribe/ros_ws/src/install/unique_identifier_msgs/include/unique_identifier_msgs/unique_identifier_msgs/msg/detail
-- Installing: /home/hikari/ROScribe/ros_ws/src/install/unique_identifier_msgs/include/unique_identifier_msgs/unique_identifier_msgs/msg/detail/uuid__type_support.h
-- Installing: /home/hikari/ROScribe/ros_ws/src/install/unique_identifier_msgs/include/unique_identifier_msgs/unique_identifier_msgs/msg/detail/uuid__functions.h
-- Installing: /home/hikari/ROScribe/ros_ws/src/install/unique_identifier_msgs/include/unique_identifier_msgs/unique_identifier_msgs/msg/detail/uuid__functions.c
-- Installing: /home/hikari/ROScribe/ros_ws/src/install/unique_identifier_msgs/include/unique_identifier_msgs/unique_identifier_msgs/msg/detail/uuid__struct.h
-- Installing: /home/hikari/ROScribe/ros_ws/src/install/unique_identifier_msgs/include/unique_identifier_msgs/unique_identifier_msgs/msg/uuid.h
-- Installing: /home/hikari/ROScribe/ros_ws/src/install/unique_identifier_msgs/share/unique_identifier_msgs/environment/library_path.sh
-- Installing: /home/hikari/ROScribe/ros_ws/src/install/unique_identifier_msgs/share/unique_identifier_msgs/environment/library_path.dsv
-- Installing: /home/hikari/ROScribe/ros_ws/src/install/unique_identifier_msgs/lib/libunique_identifier_msgs__rosidl_generator_c.so
-- Set runtime path of "/home/hikari/ROScribe/ros_ws/src/install/unique_identifier_msgs/lib/libunique_identifier_msgs__rosidl_generator_c.so" to ""
-- Up-to-date: /home/hikari/ROScribe/ros_ws/src/install/unique_identifier_msgs/include/unique_identifier_msgs/unique_identifier_msgs
-- Up-to-date: /home/hikari/ROScribe/ros_ws/src/install/unique_identifier_msgs/include/unique_identifier_msgs/unique_identifier_msgs/msg
-- Installing: /home/hikari/ROScribe/ros_ws/src/install/unique_identifier_msgs/include/unique_identifier_msgs/unique_identifier_msgs/msg/rosidl_typesupport_fastrtps_c__visibility_control.h
-- Up-to-date: /home/hikari/ROScribe/ros_ws/src/install/unique_identifier_msgs/include/unique_identifier_msgs/unique_identifier_msgs/msg/detail
-- Installing: /home/hikari/ROScribe/ros_ws/src/install/unique_identifier_msgs/include/unique_identifier_msgs/unique_identifier_msgs/msg/detail/uuid__rosidl_typesupport_fastrtps_c.h
-- Installing: /home/hikari/ROScribe/ros_ws/src/install/unique_identifier_msgs/lib/libunique_identifier_msgs__rosidl_typesupport_fastrtps_c.so
-- Set runtime path of "/home/hikari/ROScribe/ros_ws/src/install/unique_identifier_msgs/lib/libunique_identifier_msgs__rosidl_typesupport_fastrtps_c.so" to ""
-- Up-to-date: /home/hikari/ROScribe/ros_ws/src/install/unique_identifier_msgs/include/unique_identifier_msgs/unique_identifier_msgs
-- Up-to-date: /home/hikari/ROScribe/ros_ws/src/install/unique_identifier_msgs/include/unique_identifier_msgs/unique_identifier_msgs/msg
-- Installing: /home/hikari/ROScribe/ros_ws/src/install/unique_identifier_msgs/include/unique_identifier_msgs/unique_identifier_msgs/msg/rosidl_typesupport_introspection_c__visibility_control.h
-- Up-to-date: /home/hikari/ROScribe/ros_ws/src/install/unique_identifier_msgs/include/unique_identifier_msgs/unique_identifier_msgs/msg/detail
-- Installing: /home/hikari/ROScribe/ros_ws/src/install/unique_identifier_msgs/include/unique_identifier_msgs/unique_identifier_msgs/msg/detail/uuid__type_support.c
-- Installing: /home/hikari/ROScribe/ros_ws/src/install/unique_identifier_msgs/include/unique_identifier_msgs/unique_identifier_msgs/msg/detail/uuid__rosidl_typesupport_introspection_c.h
-- Installing: /home/hikari/ROScribe/ros_ws/src/install/unique_identifier_msgs/lib/libunique_identifier_msgs__rosidl_typesupport_introspection_c.so
-- Set runtime path of "/home/hikari/ROScribe/ros_ws/src/install/unique_identifier_msgs/lib/libunique_identifier_msgs__rosidl_typesupport_introspection_c.so" to ""
-- Installing: /home/hikari/ROScribe/ros_ws/src/install/unique_identifier_msgs/lib/libunique_identifier_msgs__rosidl_typesupport_c.so
-- Set runtime path of "/home/hikari/ROScribe/ros_ws/src/install/unique_identifier_msgs/lib/libunique_identifier_msgs__rosidl_typesupport_c.so" to ""
-- Up-to-date: /home/hikari/ROScribe/ros_ws/src/install/unique_identifier_msgs/include/unique_identifier_msgs/unique_identifier_msgs
-- Up-to-date: /home/hikari/ROScribe/ros_ws/src/install/unique_identifier_msgs/include/unique_identifier_msgs/unique_identifier_msgs/msg
-- Installing: /home/hikari/ROScribe/ros_ws/src/install/unique_identifier_msgs/include/unique_identifier_msgs/unique_identifier_msgs/msg/uuid.hpp
-- Up-to-date: /home/hikari/ROScribe/ros_ws/src/install/unique_identifier_msgs/include/unique_identifier_msgs/unique_identifier_msgs/msg/detail
-- Installing: /home/hikari/ROScribe/ros_ws/src/install/unique_identifier_msgs/include/unique_identifier_msgs/unique_identifier_msgs/msg/detail/uuid__builder.hpp
-- Installing: /home/hikari/ROScribe/ros_ws/src/install/unique_identifier_msgs/include/unique_identifier_msgs/unique_identifier_msgs/msg/detail/uuid__struct.hpp
-- Installing: /home/hikari/ROScribe/ros_ws/src/install/unique_identifier_msgs/include/unique_identifier_msgs/unique_identifier_msgs/msg/detail/uuid__traits.hpp
-- Up-to-date: /home/hikari/ROScribe/ros_ws/src/install/unique_identifier_msgs/include/unique_identifier_msgs/unique_identifier_msgs
-- Up-to-date: /home/hikari/ROScribe/ros_ws/src/install/unique_identifier_msgs/include/unique_identifier_msgs/unique_identifier_msgs/msg
-- Installing: /home/hikari/ROScribe/ros_ws/src/install/unique_identifier_msgs/include/unique_identifier_msgs/unique_identifier_msgs/msg/rosidl_typesupport_fastrtps_cpp__visibility_control.h
-- Up-to-date: /home/hikari/ROScribe/ros_ws/src/install/unique_identifier_msgs/include/unique_identifier_msgs/unique_identifier_msgs/msg/detail
-- Installing: /home/hikari/ROScribe/ros_ws/src/install/unique_identifier_msgs/include/unique_identifier_msgs/unique_identifier_msgs/msg/detail/uuid__rosidl_typesupport_fastrtps_cpp.hpp
-- Installing: /home/hikari/ROScribe/ros_ws/src/install/unique_identifier_msgs/include/unique_identifier_msgs/unique_identifier_msgs/msg/detail/dds_fastrtps
-- Installing: /home/hikari/ROScribe/ros_ws/src/install/unique_identifier_msgs/lib/libunique_identifier_msgs__rosidl_typesupport_fastrtps_cpp.so
-- Set runtime path of "/home/hikari/ROScribe/ros_ws/src/install/unique_identifier_msgs/lib/libunique_identifier_msgs__rosidl_typesupport_fastrtps_cpp.so" to ""
-- Up-to-date: /home/hikari/ROScribe/ros_ws/src/install/unique_identifier_msgs/include/unique_identifier_msgs/unique_identifier_msgs
-- Up-to-date: /home/hikari/ROScribe/ros_ws/src/install/unique_identifier_msgs/include/unique_identifier_msgs/unique_identifier_msgs/msg
-- Up-to-date: /home/hikari/ROScribe/ros_ws/src/install/unique_identifier_msgs/include/unique_identifier_msgs/unique_identifier_msgs/msg/detail
-- Installing: /home/hikari/ROScribe/ros_ws/src/install/unique_identifier_msgs/include/unique_identifier_msgs/unique_identifier_msgs/msg/detail/uuid__type_support.cpp
-- Installing: /home/hikari/ROScribe/ros_ws/src/install/unique_identifier_msgs/include/unique_identifier_msgs/unique_identifier_msgs/msg/detail/uuid__rosidl_typesupport_introspection_cpp.hpp
-- Installing: /home/hikari/ROScribe/ros_ws/src/install/unique_identifier_msgs/lib/libunique_identifier_msgs__rosidl_typesupport_introspection_cpp.so
-- Set runtime path of "/home/hikari/ROScribe/ros_ws/src/install/unique_identifier_msgs/lib/libunique_identifier_msgs__rosidl_typesupport_introspection_cpp.so" to ""
-- Installing: /home/hikari/ROScribe/ros_ws/src/install/unique_identifier_msgs/lib/libunique_identifier_msgs__rosidl_typesupport_cpp.so
-- Set runtime path of "/home/hikari/ROScribe/ros_ws/src/install/unique_identifier_msgs/lib/libunique_identifier_msgs__rosidl_typesupport_cpp.so" to ""
-- Installing: /home/hikari/ROScribe/ros_ws/src/install/unique_identifier_msgs/share/ament_index/resource_index/rust_packages/unique_identifier_msgs
-- Installing: /home/hikari/ROScribe/ros_ws/src/install/unique_identifier_msgs/share/unique_identifier_msgs/rust
-- Installing: /home/hikari/ROScribe/ros_ws/src/install/unique_identifier_msgs/share/unique_identifier_msgs/rust/src
-- Installing: /home/hikari/ROScribe/ros_ws/src/install/unique_identifier_msgs/share/unique_identifier_msgs/rust/src/msg.rs
-- Installing: /home/hikari/ROScribe/ros_ws/src/install/unique_identifier_msgs/share/unique_identifier_msgs/rust/src/lib.rs
-- Installing: /home/hikari/ROScribe/ros_ws/src/install/unique_identifier_msgs/share/unique_identifier_msgs/rust/Cargo.toml
-- Installing: /home/hikari/ROScribe/ros_ws/src/install/unique_identifier_msgs/share/unique_identifier_msgs/rust/build.rs
-- Up-to-date: /home/hikari/ROScribe/ros_ws/src/install/unique_identifier_msgs/share/unique_identifier_msgs/rust
-- Up-to-date: /home/hikari/ROScribe/ros_ws/src/install/unique_identifier_msgs/share/unique_identifier_msgs/rust/src
-- Up-to-date: /home/hikari/ROScribe/ros_ws/src/install/unique_identifier_msgs/share/unique_identifier_msgs/rust/src/msg.rs
-- Up-to-date: /home/hikari/ROScribe/ros_ws/src/install/unique_identifier_msgs/share/unique_identifier_msgs/rust/src/lib.rs
-- Up-to-date: /home/hikari/ROScribe/ros_ws/src/install/unique_identifier_msgs/share/unique_identifier_msgs/rust/Cargo.toml
-- Up-to-date: /home/hikari/ROScribe/ros_ws/src/install/unique_identifier_msgs/share/unique_identifier_msgs/rust/build.rs
-- Up-to-date: /home/hikari/ROScribe/ros_ws/src/install/unique_identifier_msgs/share/unique_identifier_msgs/rust
-- Up-to-date: /home/hikari/ROScribe/ros_ws/src/install/unique_identifier_msgs/share/unique_identifier_msgs/rust/src
-- Up-to-date: /home/hikari/ROScribe/ros_ws/src/install/unique_identifier_msgs/share/unique_identifier_msgs/rust/src/msg.rs
-- Up-to-date: /home/hikari/ROScribe/ros_ws/src/install/unique_identifier_msgs/share/unique_identifier_msgs/rust/src/lib.rs
-- Up-to-date: /home/hikari/ROScribe/ros_ws/src/install/unique_identifier_msgs/share/unique_identifier_msgs/rust/Cargo.toml
-- Up-to-date: /home/hikari/ROScribe/ros_ws/src/install/unique_identifier_msgs/share/unique_identifier_msgs/rust/build.rs
-- Installing: /home/hikari/ROScribe/ros_ws/src/install/unique_identifier_msgs/share/unique_identifier_msgs/environment/pythonpath.sh
-- Installing: /home/hikari/ROScribe/ros_ws/src/install/unique_identifier_msgs/share/unique_identifier_msgs/environment/pythonpath.dsv
-- Installing: /home/hikari/ROScribe/ros_ws/src/install/unique_identifier_msgs/local/lib/python3.10/dist-packages/unique_identifier_msgs-2.2.1-py3.10.egg-info
-- Installing: /home/hikari/ROScribe/ros_ws/src/install/unique_identifier_msgs/local/lib/python3.10/dist-packages/unique_identifier_msgs-2.2.1-py3.10.egg-info/top_level.txt
-- Installing: /home/hikari/ROScribe/ros_ws/src/install/unique_identifier_msgs/local/lib/python3.10/dist-packages/unique_identifier_msgs-2.2.1-py3.10.egg-info/dependency_links.txt
-- Installing: /home/hikari/ROScribe/ros_ws/src/install/unique_identifier_msgs/local/lib/python3.10/dist-packages/unique_identifier_msgs-2.2.1-py3.10.egg-info/SOURCES.txt
-- Installing: /home/hikari/ROScribe/ros_ws/src/install/unique_identifier_msgs/local/lib/python3.10/dist-packages/unique_identifier_msgs-2.2.1-py3.10.egg-info/PKG-INFO
-- Installing: /home/hikari/ROScribe/ros_ws/src/install/unique_identifier_msgs/local/lib/python3.10/dist-packages/unique_identifier_msgs
-- Installing: /home/hikari/ROScribe/ros_ws/src/install/unique_identifier_msgs/local/lib/python3.10/dist-packages/unique_identifier_msgs/unique_identifier_msgs_s__rosidl_typesupport_introspection_c.cpython-310-x86_64-linux-gnu.so
-- Installing: /home/hikari/ROScribe/ros_ws/src/install/unique_identifier_msgs/local/lib/python3.10/dist-packages/unique_identifier_msgs/_unique_identifier_msgs_s.ep.rosidl_typesupport_fastrtps_c.c
-- Installing: /home/hikari/ROScribe/ros_ws/src/install/unique_identifier_msgs/local/lib/python3.10/dist-packages/unique_identifier_msgs/_unique_identifier_msgs_s.ep.rosidl_typesupport_c.c
-- Installing: /home/hikari/ROScribe/ros_ws/src/install/unique_identifier_msgs/local/lib/python3.10/dist-packages/unique_identifier_msgs/libunique_identifier_msgs__rosidl_generator_py.so
-- Installing: /home/hikari/ROScribe/ros_ws/src/install/unique_identifier_msgs/local/lib/python3.10/dist-packages/unique_identifier_msgs/msg
-- Installing: /home/hikari/ROScribe/ros_ws/src/install/unique_identifier_msgs/local/lib/python3.10/dist-packages/unique_identifier_msgs/msg/_uuid.py
-- Installing: /home/hikari/ROScribe/ros_ws/src/install/unique_identifier_msgs/local/lib/python3.10/dist-packages/unique_identifier_msgs/msg/_uuid_s.c
-- Installing: /home/hikari/ROScribe/ros_ws/src/install/unique_identifier_msgs/local/lib/python3.10/dist-packages/unique_identifier_msgs/msg/__init__.py
-- Installing: /home/hikari/ROScribe/ros_ws/src/install/unique_identifier_msgs/local/lib/python3.10/dist-packages/unique_identifier_msgs/_unique_identifier_msgs_s.ep.rosidl_typesupport_introspection_c.c
-- Installing: /home/hikari/ROScribe/ros_ws/src/install/unique_identifier_msgs/local/lib/python3.10/dist-packages/unique_identifier_msgs/unique_identifier_msgs_s__rosidl_typesupport_c.cpython-310-x86_64-linux-gnu.so
-- Installing: /home/hikari/ROScribe/ros_ws/src/install/unique_identifier_msgs/local/lib/python3.10/dist-packages/unique_identifier_msgs/__init__.py
-- Installing: /home/hikari/ROScribe/ros_ws/src/install/unique_identifier_msgs/local/lib/python3.10/dist-packages/unique_identifier_msgs/unique_identifier_msgs_s__rosidl_typesupport_fastrtps_c.cpython-310-x86_64-linux-gnu.so
Listing '/home/hikari/ROScribe/ros_ws/src/install/unique_identifier_msgs/local/lib/python3.10/dist-packages/unique_identifier_msgs'...
Compiling '/home/hikari/ROScribe/ros_ws/src/install/unique_identifier_msgs/local/lib/python3.10/dist-packages/unique_identifier_msgs/__init__.py'...
Listing '/home/hikari/ROScribe/ros_ws/src/install/unique_identifier_msgs/local/lib/python3.10/dist-packages/unique_identifier_msgs/msg'...
Compiling '/home/hikari/ROScribe/ros_ws/src/install/unique_identifier_msgs/local/lib/python3.10/dist-packages/unique_identifier_msgs/msg/__init__.py'...
Compiling '/home/hikari/ROScribe/ros_ws/src/install/unique_identifier_msgs/local/lib/python3.10/dist-packages/unique_identifier_msgs/msg/_uuid.py'...
-- Installing: /home/hikari/ROScribe/ros_ws/src/install/unique_identifier_msgs/local/lib/python3.10/dist-packages/unique_identifier_msgs/unique_identifier_msgs_s__rosidl_typesupport_fastrtps_c.cpython-310-x86_64-linux-gnu.so
-- Set runtime path of "/home/hikari/ROScribe/ros_ws/src/install/unique_identifier_msgs/local/lib/python3.10/dist-packages/unique_identifier_msgs/unique_identifier_msgs_s__rosidl_typesupport_fastrtps_c.cpython-310-x86_64-linux-gnu.so" to ""
-- Installing: /home/hikari/ROScribe/ros_ws/src/install/unique_identifier_msgs/local/lib/python3.10/dist-packages/unique_identifier_msgs/unique_identifier_msgs_s__rosidl_typesupport_introspection_c.cpython-310-x86_64-linux-gnu.so
-- Set runtime path of "/home/hikari/ROScribe/ros_ws/src/install/unique_identifier_msgs/local/lib/python3.10/dist-packages/unique_identifier_msgs/unique_identifier_msgs_s__rosidl_typesupport_introspection_c.cpython-310-x86_64-linux-gnu.so" to ""
-- Installing: /home/hikari/ROScribe/ros_ws/src/install/unique_identifier_msgs/local/lib/python3.10/dist-packages/unique_identifier_msgs/unique_identifier_msgs_s__rosidl_typesupport_c.cpython-310-x86_64-linux-gnu.so
-- Set runtime path of "/home/hikari/ROScribe/ros_ws/src/install/unique_identifier_msgs/local/lib/python3.10/dist-packages/unique_identifier_msgs/unique_identifier_msgs_s__rosidl_typesupport_c.cpython-310-x86_64-linux-gnu.so" to ""
-- Installing: /home/hikari/ROScribe/ros_ws/src/install/unique_identifier_msgs/lib/libunique_identifier_msgs__rosidl_generator_py.so
-- Set runtime path of "/home/hikari/ROScribe/ros_ws/src/install/unique_identifier_msgs/lib/libunique_identifier_msgs__rosidl_generator_py.so" to ""
-- Installing: /home/hikari/ROScribe/ros_ws/src/install/unique_identifier_msgs/share/unique_identifier_msgs/msg/UUID.idl
-- Installing: /home/hikari/ROScribe/ros_ws/src/install/unique_identifier_msgs/share/unique_identifier_msgs/msg/UUID.msg
-- Installing: /home/hikari/ROScribe/ros_ws/src/install/unique_identifier_msgs/share/ament_index/resource_index/package_run_dependencies/unique_identifier_msgs
-- Installing: /home/hikari/ROScribe/ros_ws/src/install/unique_identifier_msgs/share/ament_index/resource_index/parent_prefix_path/unique_identifier_msgs
-- Installing: /home/hikari/ROScribe/ros_ws/src/install/unique_identifier_msgs/share/unique_identifier_msgs/environment/ament_prefix_path.sh
-- Installing: /home/hikari/ROScribe/ros_ws/src/install/unique_identifier_msgs/share/unique_identifier_msgs/environment/ament_prefix_path.dsv
-- Installing: /home/hikari/ROScribe/ros_ws/src/install/unique_identifier_msgs/share/unique_identifier_msgs/environment/path.sh
-- Installing: /home/hikari/ROScribe/ros_ws/src/install/unique_identifier_msgs/share/unique_identifier_msgs/environment/path.dsv
-- Installing: /home/hikari/ROScribe/ros_ws/src/install/unique_identifier_msgs/share/unique_identifier_msgs/local_setup.bash
-- Installing: /home/hikari/ROScribe/ros_ws/src/install/unique_identifier_msgs/share/unique_identifier_msgs/local_setup.sh
-- Installing: /home/hikari/ROScribe/ros_ws/src/install/unique_identifier_msgs/share/unique_identifier_msgs/local_setup.zsh
-- Installing: /home/hikari/ROScribe/ros_ws/src/install/unique_identifier_msgs/share/unique_identifier_msgs/local_setup.dsv
-- Installing: /home/hikari/ROScribe/ros_ws/src/install/unique_identifier_msgs/share/unique_identifier_msgs/package.dsv
-- Installing: /home/hikari/ROScribe/ros_ws/src/install/unique_identifier_msgs/share/ament_index/resource_index/packages/unique_identifier_msgs
-- Installing: /home/hikari/ROScribe/ros_ws/src/install/unique_identifier_msgs/share/unique_identifier_msgs/cmake/export_unique_identifier_msgs__rosidl_generator_cExport.cmake
-- Installing: /home/hikari/ROScribe/ros_ws/src/install/unique_identifier_msgs/share/unique_identifier_msgs/cmake/export_unique_identifier_msgs__rosidl_generator_cExport-noconfig.cmake
-- Installing: /home/hikari/ROScribe/ros_ws/src/install/unique_identifier_msgs/share/unique_identifier_msgs/cmake/export_unique_identifier_msgs__rosidl_typesupport_fastrtps_cExport.cmake
-- Installing: /home/hikari/ROScribe/ros_ws/src/install/unique_identifier_msgs/share/unique_identifier_msgs/cmake/export_unique_identifier_msgs__rosidl_typesupport_fastrtps_cExport-noconfig.cmake
-- Installing: /home/hikari/ROScribe/ros_ws/src/install/unique_identifier_msgs/share/unique_identifier_msgs/cmake/unique_identifier_msgs__rosidl_typesupport_introspection_cExport.cmake
-- Installing: /home/hikari/ROScribe/ros_ws/src/install/unique_identifier_msgs/share/unique_identifier_msgs/cmake/unique_identifier_msgs__rosidl_typesupport_introspection_cExport-noconfig.cmake
-- Installing: /home/hikari/ROScribe/ros_ws/src/install/unique_identifier_msgs/share/unique_identifier_msgs/cmake/unique_identifier_msgs__rosidl_typesupport_cExport.cmake
-- Installing: /home/hikari/ROScribe/ros_ws/src/install/unique_identifier_msgs/share/unique_identifier_msgs/cmake/unique_identifier_msgs__rosidl_typesupport_cExport-noconfig.cmake
-- Installing: /home/hikari/ROScribe/ros_ws/src/install/unique_identifier_msgs/share/unique_identifier_msgs/cmake/export_unique_identifier_msgs__rosidl_generator_cppExport.cmake
-- Installing: /home/hikari/ROScribe/ros_ws/src/install/unique_identifier_msgs/share/unique_identifier_msgs/cmake/export_unique_identifier_msgs__rosidl_typesupport_fastrtps_cppExport.cmake
-- Installing: /home/hikari/ROScribe/ros_ws/src/install/unique_identifier_msgs/share/unique_identifier_msgs/cmake/export_unique_identifier_msgs__rosidl_typesupport_fastrtps_cppExport-noconfig.cmake
-- Installing: /home/hikari/ROScribe/ros_ws/src/install/unique_identifier_msgs/share/unique_identifier_msgs/cmake/unique_identifier_msgs__rosidl_typesupport_introspection_cppExport.cmake
-- Installing: /home/hikari/ROScribe/ros_ws/src/install/unique_identifier_msgs/share/unique_identifier_msgs/cmake/unique_identifier_msgs__rosidl_typesupport_introspection_cppExport-noconfig.cmake
-- Installing: /home/hikari/ROScribe/ros_ws/src/install/unique_identifier_msgs/share/unique_identifier_msgs/cmake/unique_identifier_msgs__rosidl_typesupport_cppExport.cmake
-- Installing: /home/hikari/ROScribe/ros_ws/src/install/unique_identifier_msgs/share/unique_identifier_msgs/cmake/unique_identifier_msgs__rosidl_typesupport_cppExport-noconfig.cmake
-- Installing: /home/hikari/ROScribe/ros_ws/src/install/unique_identifier_msgs/share/unique_identifier_msgs/cmake/export_unique_identifier_msgs__rosidl_generator_pyExport.cmake
-- Installing: /home/hikari/ROScribe/ros_ws/src/install/unique_identifier_msgs/share/unique_identifier_msgs/cmake/export_unique_identifier_msgs__rosidl_generator_pyExport-noconfig.cmake
-- Installing: /home/hikari/ROScribe/ros_ws/src/install/unique_identifier_msgs/share/unique_identifier_msgs/cmake/rosidl_cmake-extras.cmake
-- Installing: /home/hikari/ROScribe/ros_ws/src/install/unique_identifier_msgs/share/unique_identifier_msgs/cmake/ament_cmake_export_include_directories-extras.cmake
-- Installing: /home/hikari/ROScribe/ros_ws/src/install/unique_identifier_msgs/share/unique_identifier_msgs/cmake/ament_cmake_export_libraries-extras.cmake
-- Installing: /home/hikari/ROScribe/ros_ws/src/install/unique_identifier_msgs/share/unique_identifier_msgs/cmake/ament_cmake_export_targets-extras.cmake
-- Installing: /home/hikari/ROScribe/ros_ws/src/install/unique_identifier_msgs/share/unique_identifier_msgs/cmake/rosidl_cmake_export_typesupport_targets-extras.cmake
-- Installing: /home/hikari/ROScribe/ros_ws/src/install/unique_identifier_msgs/share/unique_identifier_msgs/cmake/ament_cmake_export_dependencies-extras.cmake
-- Installing: /home/hikari/ROScribe/ros_ws/src/install/unique_identifier_msgs/share/unique_identifier_msgs/cmake/rosidl_cmake_export_typesupport_libraries-extras.cmake
-- Installing: /home/hikari/ROScribe/ros_ws/src/install/unique_identifier_msgs/share/unique_identifier_msgs/cmake/unique_identifier_msgsConfig.cmake
-- Installing: /home/hikari/ROScribe/ros_ws/src/install/unique_identifier_msgs/share/unique_identifier_msgs/cmake/unique_identifier_msgsConfig-version.cmake
-- Installing: /home/hikari/ROScribe/ros_ws/src/install/unique_identifier_msgs/share/unique_identifier_msgs/package.xml
-- Installing: /home/hikari/ROScribe/ros_ws/src/install/unique_identifier_msgs/share/unique_identifier_msgs/mapping_rules.yaml
