[0.455s] Invoking command in '/home/hikari/ROScribe/ros_ws/src/build/unique_identifier_msgs': AMENT_PREFIX_PATH=/home/hikari/ROScribe/ros_ws/src/install/rosidl_default_runtime:/home/hikari/ROScribe/ros_ws/src/install/rosidl_default_generators:/home/hikari/ROScribe/ros_ws/src/install/rosidl_generator_rs:/home/hikari/ROScribe/ros_ws/src/install/rosidl_runtime_rs:${AMENT_PREFIX_PATH} CMAKE_PREFIX_PATH=/home/hikari/ROScribe/ros_ws/src/install/rosidl_default_runtime:/home/hikari/ROScribe/ros_ws/src/install/rosidl_default_generators:/home/hikari/ROScribe/ros_ws/src/install/rosidl_generator_rs:/opt/ros/humble PYTHONPATH=/home/hikari/ROScribe/ros_ws/src/install/rosidl_generator_rs/local/lib/python3.10/dist-packages:${PYTHONPATH} /usr/local/bin/cmake /home/hikari/ROScribe/ros_ws/src/ros2/unique_identifier_msgs -DCMAKE_INSTALL_PREFIX=/home/hikari/ROScribe/ros_ws/src/install/unique_identifier_msgs
[0.637s] -- The C compiler identification is GNU 11.4.0
[0.959s] -- The CXX compiler identification is GNU 11.4.0
[1.086s] -- Detecting C compiler ABI info
[1.200s] -- Detecting C compiler ABI info - done
[1.222s] -- Check for working C compiler: /usr/lib/ccache/cc - skipped
[1.223s] -- Detecting C compile features
[1.224s] -- Detecting C compile features - done
[1.231s] -- Detecting CXX compiler ABI info
[1.363s] -- Detecting CXX compiler ABI info - done
[1.389s] -- Check for working CXX compiler: /usr/lib/ccache/c++ - skipped
[1.389s] -- Detecting CXX compile features
[1.393s] -- Detecting CXX compile features - done
[1.397s] -- Found ament_cmake: 1.3.5 (/opt/ros/humble/share/ament_cmake/cmake)
[4.318s] -- Found Python3: /usr/bin/python3.10 (found version "3.10.12") found components: Interpreter 
[4.499s] -- Found rosidl_default_generators: 1.2.0 (/home/hikari/ROScribe/ros_ws/src/install/rosidl_default_generators/share/rosidl_default_generators/cmake)
[4.507s] -- Using all available rosidl_typesupport_c: rosidl_typesupport_fastrtps_c;rosidl_typesupport_introspection_c
[4.519s] -- Found rosidl_adapter: 3.1.5 (/opt/ros/humble/share/rosidl_adapter/cmake)
[4.711s] -- Using all available rosidl_typesupport_cpp: rosidl_typesupport_fastrtps_cpp;rosidl_typesupport_introspection_cpp
[5.258s] -- Found ament_cmake_ros: 0.10.0 (/opt/ros/humble/share/ament_cmake_ros/cmake)
[5.507s] -- Using all available rosidl_typesupport_c: rosidl_typesupport_fastrtps_c;rosidl_typesupport_introspection_c
[5.868s] -- Using all available rosidl_typesupport_cpp: rosidl_typesupport_fastrtps_cpp;rosidl_typesupport_introspection_cpp
[5.872s] -- Found rmw_implementation_cmake: 6.1.1 (/opt/ros/humble/share/rmw_implementation_cmake/cmake)
[6.783s] -- Found OpenSSL: /usr/lib/x86_64-linux-gnu/libcrypto.so (found version "3.0.2")  
[7.332s] -- Found FastRTPS: /opt/ros/humble/include  
[8.612s] -- Found PythonInterp: /usr/bin/python3 (found suitable version "3.10.12", minimum required is "3.6") 
[8.614s] -- Found python_cmake_module: 0.10.0 (/opt/ros/humble/share/python_cmake_module/cmake)
[8.862s] -- Found PythonLibs: /usr/lib/x86_64-linux-gnu/libpython3.10.so (found suitable version "3.10.12", minimum required is "3.5") 
[8.863s] -- Using PYTHON_EXECUTABLE: /usr/bin/python3
[8.863s] -- Using PYTHON_INCLUDE_DIRS: /usr/include/python3.10
[8.863s] -- Using PYTHON_LIBRARIES: /usr/lib/x86_64-linux-gnu/libpython3.10.so
[9.072s] -- Found PythonExtra: .so  
[9.290s] -- Found ament_lint_auto: 0.12.8 (/opt/ros/humble/share/ament_lint_auto/cmake)
[9.416s] -- Added test 'copyright' to check source files copyright and LICENSE
[9.475s] -- Added test 'lint_cmake' to check CMake code style
[9.491s] -- Added test 'xmllint' to check XML markup files
[9.530s] -- Configuring done
[9.815s] -- Generating done
[9.878s] -- Build files have been written to: /home/hikari/ROScribe/ros_ws/src/build/unique_identifier_msgs
[10.030s] Invoked command in '/home/hikari/ROScribe/ros_ws/src/build/unique_identifier_msgs' returned '0': AMENT_PREFIX_PATH=/home/hikari/ROScribe/ros_ws/src/install/rosidl_default_runtime:/home/hikari/ROScribe/ros_ws/src/install/rosidl_default_generators:/home/hikari/ROScribe/ros_ws/src/install/rosidl_generator_rs:/home/hikari/ROScribe/ros_ws/src/install/rosidl_runtime_rs:${AMENT_PREFIX_PATH} CMAKE_PREFIX_PATH=/home/hikari/ROScribe/ros_ws/src/install/rosidl_default_runtime:/home/hikari/ROScribe/ros_ws/src/install/rosidl_default_generators:/home/hikari/ROScribe/ros_ws/src/install/rosidl_generator_rs:/opt/ros/humble PYTHONPATH=/home/hikari/ROScribe/ros_ws/src/install/rosidl_generator_rs/local/lib/python3.10/dist-packages:${PYTHONPATH} /usr/local/bin/cmake /home/hikari/ROScribe/ros_ws/src/ros2/unique_identifier_msgs -DCMAKE_INSTALL_PREFIX=/home/hikari/ROScribe/ros_ws/src/install/unique_identifier_msgs
[10.031s] Invoking command in '/home/hikari/ROScribe/ros_ws/src/build/unique_identifier_msgs': AMENT_PREFIX_PATH=/home/hikari/ROScribe/ros_ws/src/install/rosidl_default_runtime:/home/hikari/ROScribe/ros_ws/src/install/rosidl_default_generators:/home/hikari/ROScribe/ros_ws/src/install/rosidl_generator_rs:/home/hikari/ROScribe/ros_ws/src/install/rosidl_runtime_rs:${AMENT_PREFIX_PATH} CMAKE_PREFIX_PATH=/home/hikari/ROScribe/ros_ws/src/install/rosidl_default_runtime:/home/hikari/ROScribe/ros_ws/src/install/rosidl_default_generators:/home/hikari/ROScribe/ros_ws/src/install/rosidl_generator_rs:/opt/ros/humble PYTHONPATH=/home/hikari/ROScribe/ros_ws/src/install/rosidl_generator_rs/local/lib/python3.10/dist-packages:${PYTHONPATH} /usr/local/bin/cmake --build /home/hikari/ROScribe/ros_ws/src/build/unique_identifier_msgs -- -j8 -l8
[10.920s] [  3%] [34m[1mGenerating C code for ROS interfaces[0m
[10.935s] [  6%] [34m[1mGenerating C++ code for ROS interfaces[0m
[10.945s] [  9%] [34m[1mGenerating Rust code for ROS interfaces[0m
[11.097s] [  9%] Built target ament_cmake_python_copy_unique_identifier_msgs
[12.973s] [  9%] Built target unique_identifier_msgs__cpp
[13.052s] [ 15%] [34m[1mGenerating C++ type support for eProsima Fast-RTPS[0m
[13.052s] [ 15%] [34m[1mGenerating C++ introspection for ROS interfaces[0m
[13.062s] [ 18%] [34m[1mGenerating C++ type support dispatch for ROS interfaces[0m
[13.151s] [ 18%] Built target unique_identifier_msgs__rs
[13.158s] running egg_info
[13.162s] [ 21%] [32mBuilding C object CMakeFiles/unique_identifier_msgs__rosidl_generator_c.dir/rosidl_generator_c/unique_identifier_msgs/msg/detail/uuid__functions.c.o[0m
[13.163s] creating unique_identifier_msgs.egg-info
[13.291s] writing unique_identifier_msgs.egg-info/PKG-INFO
[13.305s] writing dependency_links to unique_identifier_msgs.egg-info/dependency_links.txt
[13.306s] writing top-level names to unique_identifier_msgs.egg-info/top_level.txt
[13.307s] writing manifest file 'unique_identifier_msgs.egg-info/SOURCES.txt'
[13.613s] [ 25%] [32m[1mLinking C shared library libunique_identifier_msgs__rosidl_generator_c.so[0m
[13.898s] reading manifest file 'unique_identifier_msgs.egg-info/SOURCES.txt'
[13.900s] writing manifest file 'unique_identifier_msgs.egg-info/SOURCES.txt'
[13.942s] [ 25%] Built target unique_identifier_msgs__rosidl_generator_c
[14.021s] [ 28%] [34m[1mGenerating C type support for eProsima Fast-RTPS[0m
[14.041s] [ 31%] [34m[1mGenerating C introspection for ROS interfaces[0m
[14.044s] [ 34%] [34m[1mGenerating C type support dispatch for ROS interfaces[0m
[14.072s] [ 34%] Built target ament_cmake_python_build_unique_identifier_msgs_egg
[15.282s] [ 37%] [32mBuilding CXX object CMakeFiles/unique_identifier_msgs__rosidl_typesupport_introspection_cpp.dir/rosidl_typesupport_introspection_cpp/unique_identifier_msgs/msg/detail/uuid__type_support.cpp.o[0m
[15.491s] [ 40%] [32mBuilding CXX object CMakeFiles/unique_identifier_msgs__rosidl_typesupport_fastrtps_cpp.dir/rosidl_typesupport_fastrtps_cpp/unique_identifier_msgs/msg/detail/dds_fastrtps/uuid__type_support.cpp.o[0m
[15.522s] [ 43%] [32mBuilding CXX object CMakeFiles/unique_identifier_msgs__rosidl_typesupport_cpp.dir/rosidl_typesupport_cpp/unique_identifier_msgs/msg/uuid__type_support.cpp.o[0m
[16.722s] [ 46%] [32mBuilding CXX object CMakeFiles/unique_identifier_msgs__rosidl_typesupport_c.dir/rosidl_typesupport_c/unique_identifier_msgs/msg/uuid__type_support.cpp.o[0m
[16.993s] [ 50%] [32mBuilding C object CMakeFiles/unique_identifier_msgs__rosidl_typesupport_introspection_c.dir/rosidl_typesupport_introspection_c/unique_identifier_msgs/msg/detail/uuid__type_support.c.o[0m
[17.009s] [ 53%] [32mBuilding CXX object CMakeFiles/unique_identifier_msgs__rosidl_typesupport_fastrtps_c.dir/rosidl_typesupport_fastrtps_c/unique_identifier_msgs/msg/detail/uuid__type_support_c.cpp.o[0m
[17.243s] [ 56%] [32m[1mLinking CXX shared library libunique_identifier_msgs__rosidl_typesupport_c.so[0m
[17.720s] [ 59%] [32m[1mLinking C shared library libunique_identifier_msgs__rosidl_typesupport_introspection_c.so[0m
[17.917s] [ 59%] Built target unique_identifier_msgs__rosidl_typesupport_c
[18.490s] [ 59%] Built target unique_identifier_msgs__rosidl_typesupport_introspection_c
[21.894s] [ 62%] [32m[1mLinking CXX shared library libunique_identifier_msgs__rosidl_typesupport_cpp.so[0m
[22.343s] [ 62%] Built target unique_identifier_msgs__rosidl_typesupport_cpp
[25.616s] [ 65%] [32m[1mLinking CXX shared library libunique_identifier_msgs__rosidl_typesupport_fastrtps_c.so[0m
[25.765s] [ 68%] [32m[1mLinking CXX shared library libunique_identifier_msgs__rosidl_typesupport_fastrtps_cpp.so[0m
[26.439s] [ 71%] [32m[1mLinking CXX shared library libunique_identifier_msgs__rosidl_typesupport_introspection_cpp.so[0m
[27.005s] [ 71%] Built target unique_identifier_msgs__rosidl_typesupport_fastrtps_c
[27.216s] [ 71%] Built target unique_identifier_msgs__rosidl_typesupport_fastrtps_cpp
[27.454s] [ 71%] Built target unique_identifier_msgs__rosidl_typesupport_introspection_cpp
[27.644s] [ 71%] Built target unique_identifier_msgs
[27.762s] [ 75%] [34m[1mGenerating Python code for ROS interfaces[0m
[29.120s] [ 75%] Built target unique_identifier_msgs__py
[29.137s] [ 78%] [32mBuilding C object CMakeFiles/unique_identifier_msgs__rosidl_generator_py.dir/rosidl_generator_py/unique_identifier_msgs/msg/_uuid_s.c.o[0m
[29.795s] [ 81%] [32m[1mLinking C shared library rosidl_generator_py/unique_identifier_msgs/libunique_identifier_msgs__rosidl_generator_py.so[0m
[29.913s] [ 81%] Built target unique_identifier_msgs__rosidl_generator_py
[29.930s] [ 84%] [32mBuilding C object CMakeFiles/unique_identifier_msgs__rosidl_typesupport_fastrtps_c__pyext.dir/rosidl_generator_py/unique_identifier_msgs/_unique_identifier_msgs_s.ep.rosidl_typesupport_fastrtps_c.c.o[0m
[30.308s] [ 87%] [32m[1mLinking C shared library rosidl_generator_py/unique_identifier_msgs/unique_identifier_msgs_s__rosidl_typesupport_fastrtps_c.cpython-310-x86_64-linux-gnu.so[0m
[30.382s] [ 87%] Built target unique_identifier_msgs__rosidl_typesupport_fastrtps_c__pyext
[30.398s] [ 90%] [32mBuilding C object CMakeFiles/unique_identifier_msgs__rosidl_typesupport_c__pyext.dir/rosidl_generator_py/unique_identifier_msgs/_unique_identifier_msgs_s.ep.rosidl_typesupport_c.c.o[0m
[30.814s] [ 93%] [32m[1mLinking C shared library rosidl_generator_py/unique_identifier_msgs/unique_identifier_msgs_s__rosidl_typesupport_c.cpython-310-x86_64-linux-gnu.so[0m
[30.908s] [ 93%] Built target unique_identifier_msgs__rosidl_typesupport_c__pyext
[30.925s] [ 96%] [32mBuilding C object CMakeFiles/unique_identifier_msgs__rosidl_typesupport_introspection_c__pyext.dir/rosidl_generator_py/unique_identifier_msgs/_unique_identifier_msgs_s.ep.rosidl_typesupport_introspection_c.c.o[0m
[31.336s] [100%] [32m[1mLinking C shared library rosidl_generator_py/unique_identifier_msgs/unique_identifier_msgs_s__rosidl_typesupport_introspection_c.cpython-310-x86_64-linux-gnu.so[0m
[31.425s] [100%] Built target unique_identifier_msgs__rosidl_typesupport_introspection_c__pyext
[31.500s] Invoked command in '/home/hikari/ROScribe/ros_ws/src/build/unique_identifier_msgs' returned '0': AMENT_PREFIX_PATH=/home/hikari/ROScribe/ros_ws/src/install/rosidl_default_runtime:/home/hikari/ROScribe/ros_ws/src/install/rosidl_default_generators:/home/hikari/ROScribe/ros_ws/src/install/rosidl_generator_rs:/home/hikari/ROScribe/ros_ws/src/install/rosidl_runtime_rs:${AMENT_PREFIX_PATH} CMAKE_PREFIX_PATH=/home/hikari/ROScribe/ros_ws/src/install/rosidl_default_runtime:/home/hikari/ROScribe/ros_ws/src/install/rosidl_default_generators:/home/hikari/ROScribe/ros_ws/src/install/rosidl_generator_rs:/opt/ros/humble PYTHONPATH=/home/hikari/ROScribe/ros_ws/src/install/rosidl_generator_rs/local/lib/python3.10/dist-packages:${PYTHONPATH} /usr/local/bin/cmake --build /home/hikari/ROScribe/ros_ws/src/build/unique_identifier_msgs -- -j8 -l8
[31.839s] Invoking command in '/home/hikari/ROScribe/ros_ws/src/build/unique_identifier_msgs': AMENT_PREFIX_PATH=/home/hikari/ROScribe/ros_ws/src/install/rosidl_default_runtime:/home/hikari/ROScribe/ros_ws/src/install/rosidl_default_generators:/home/hikari/ROScribe/ros_ws/src/install/rosidl_generator_rs:/home/hikari/ROScribe/ros_ws/src/install/rosidl_runtime_rs:${AMENT_PREFIX_PATH} CMAKE_PREFIX_PATH=/home/hikari/ROScribe/ros_ws/src/install/rosidl_default_runtime:/home/hikari/ROScribe/ros_ws/src/install/rosidl_default_generators:/home/hikari/ROScribe/ros_ws/src/install/rosidl_generator_rs:/opt/ros/humble PYTHONPATH=/home/hikari/ROScribe/ros_ws/src/install/rosidl_generator_rs/local/lib/python3.10/dist-packages:${PYTHONPATH} /usr/local/bin/cmake --install /home/hikari/ROScribe/ros_ws/src/build/unique_identifier_msgs
[32.006s] -- Install configuration: ""
[32.014s] -- Installing: /home/hikari/ROScribe/ros_ws/src/install/unique_identifier_msgs/share/ament_index/resource_index/rosidl_interfaces/unique_identifier_msgs
[32.015s] -- Installing: /home/hikari/ROScribe/ros_ws/src/install/unique_identifier_msgs/include/unique_identifier_msgs/unique_identifier_msgs
[32.017s] -- Installing: /home/hikari/ROScribe/ros_ws/src/install/unique_identifier_msgs/include/unique_identifier_msgs/unique_identifier_msgs/msg
[32.018s] -- Installing: /home/hikari/ROScribe/ros_ws/src/install/unique_identifier_msgs/include/unique_identifier_msgs/unique_identifier_msgs/msg/rosidl_generator_c__visibility_control.h
[32.019s] -- Installing: /home/hikari/ROScribe/ros_ws/src/install/unique_identifier_msgs/include/unique_identifier_msgs/unique_identifier_msgs/msg/detail
[32.019s] -- Installing: /home/hikari/ROScribe/ros_ws/src/install/unique_identifier_msgs/include/unique_identifier_msgs/unique_identifier_msgs/msg/detail/uuid__type_support.h
[32.020s] -- Installing: /home/hikari/ROScribe/ros_ws/src/install/unique_identifier_msgs/include/unique_identifier_msgs/unique_identifier_msgs/msg/detail/uuid__functions.h
[32.020s] -- Installing: /home/hikari/ROScribe/ros_ws/src/install/unique_identifier_msgs/include/unique_identifier_msgs/unique_identifier_msgs/msg/detail/uuid__functions.c
[32.021s] -- Installing: /home/hikari/ROScribe/ros_ws/src/install/unique_identifier_msgs/include/unique_identifier_msgs/unique_identifier_msgs/msg/detail/uuid__struct.h
[32.021s] -- Installing: /home/hikari/ROScribe/ros_ws/src/install/unique_identifier_msgs/include/unique_identifier_msgs/unique_identifier_msgs/msg/uuid.h
[32.025s] -- Installing: /home/hikari/ROScribe/ros_ws/src/install/unique_identifier_msgs/share/unique_identifier_msgs/environment/library_path.sh
[32.026s] -- Installing: /home/hikari/ROScribe/ros_ws/src/install/unique_identifier_msgs/share/unique_identifier_msgs/environment/library_path.dsv
[32.027s] -- Installing: /home/hikari/ROScribe/ros_ws/src/install/unique_identifier_msgs/lib/libunique_identifier_msgs__rosidl_generator_c.so
[32.028s] -- Set runtime path of "/home/hikari/ROScribe/ros_ws/src/install/unique_identifier_msgs/lib/libunique_identifier_msgs__rosidl_generator_c.so" to ""
[32.028s] -- Up-to-date: /home/hikari/ROScribe/ros_ws/src/install/unique_identifier_msgs/include/unique_identifier_msgs/unique_identifier_msgs
[32.028s] -- Up-to-date: /home/hikari/ROScribe/ros_ws/src/install/unique_identifier_msgs/include/unique_identifier_msgs/unique_identifier_msgs/msg
[32.029s] -- Installing: /home/hikari/ROScribe/ros_ws/src/install/unique_identifier_msgs/include/unique_identifier_msgs/unique_identifier_msgs/msg/rosidl_typesupport_fastrtps_c__visibility_control.h
[32.029s] -- Up-to-date: /home/hikari/ROScribe/ros_ws/src/install/unique_identifier_msgs/include/unique_identifier_msgs/unique_identifier_msgs/msg/detail
[32.030s] -- Installing: /home/hikari/ROScribe/ros_ws/src/install/unique_identifier_msgs/include/unique_identifier_msgs/unique_identifier_msgs/msg/detail/uuid__rosidl_typesupport_fastrtps_c.h
[32.030s] -- Installing: /home/hikari/ROScribe/ros_ws/src/install/unique_identifier_msgs/lib/libunique_identifier_msgs__rosidl_typesupport_fastrtps_c.so
[32.031s] -- Set runtime path of "/home/hikari/ROScribe/ros_ws/src/install/unique_identifier_msgs/lib/libunique_identifier_msgs__rosidl_typesupport_fastrtps_c.so" to ""
[32.032s] -- Up-to-date: /home/hikari/ROScribe/ros_ws/src/install/unique_identifier_msgs/include/unique_identifier_msgs/unique_identifier_msgs
[32.032s] -- Up-to-date: /home/hikari/ROScribe/ros_ws/src/install/unique_identifier_msgs/include/unique_identifier_msgs/unique_identifier_msgs/msg
[32.033s] -- Installing: /home/hikari/ROScribe/ros_ws/src/install/unique_identifier_msgs/include/unique_identifier_msgs/unique_identifier_msgs/msg/rosidl_typesupport_introspection_c__visibility_control.h
[32.034s] -- Up-to-date: /home/hikari/ROScribe/ros_ws/src/install/unique_identifier_msgs/include/unique_identifier_msgs/unique_identifier_msgs/msg/detail
[32.035s] -- Installing: /home/hikari/ROScribe/ros_ws/src/install/unique_identifier_msgs/include/unique_identifier_msgs/unique_identifier_msgs/msg/detail/uuid__type_support.c
[32.042s] -- Installing: /home/hikari/ROScribe/ros_ws/src/install/unique_identifier_msgs/include/unique_identifier_msgs/unique_identifier_msgs/msg/detail/uuid__rosidl_typesupport_introspection_c.h
[32.043s] -- Installing: /home/hikari/ROScribe/ros_ws/src/install/unique_identifier_msgs/lib/libunique_identifier_msgs__rosidl_typesupport_introspection_c.so
[32.044s] -- Set runtime path of "/home/hikari/ROScribe/ros_ws/src/install/unique_identifier_msgs/lib/libunique_identifier_msgs__rosidl_typesupport_introspection_c.so" to ""
[32.044s] -- Installing: /home/hikari/ROScribe/ros_ws/src/install/unique_identifier_msgs/lib/libunique_identifier_msgs__rosidl_typesupport_c.so
[32.044s] -- Set runtime path of "/home/hikari/ROScribe/ros_ws/src/install/unique_identifier_msgs/lib/libunique_identifier_msgs__rosidl_typesupport_c.so" to ""
[32.044s] -- Up-to-date: /home/hikari/ROScribe/ros_ws/src/install/unique_identifier_msgs/include/unique_identifier_msgs/unique_identifier_msgs
[32.044s] -- Up-to-date: /home/hikari/ROScribe/ros_ws/src/install/unique_identifier_msgs/include/unique_identifier_msgs/unique_identifier_msgs/msg
[32.045s] -- Installing: /home/hikari/ROScribe/ros_ws/src/install/unique_identifier_msgs/include/unique_identifier_msgs/unique_identifier_msgs/msg/uuid.hpp
[32.045s] -- Up-to-date: /home/hikari/ROScribe/ros_ws/src/install/unique_identifier_msgs/include/unique_identifier_msgs/unique_identifier_msgs/msg/detail
[32.045s] -- Installing: /home/hikari/ROScribe/ros_ws/src/install/unique_identifier_msgs/include/unique_identifier_msgs/unique_identifier_msgs/msg/detail/uuid__builder.hpp
[32.045s] -- Installing: /home/hikari/ROScribe/ros_ws/src/install/unique_identifier_msgs/include/unique_identifier_msgs/unique_identifier_msgs/msg/detail/uuid__struct.hpp
[32.045s] -- Installing: /home/hikari/ROScribe/ros_ws/src/install/unique_identifier_msgs/include/unique_identifier_msgs/unique_identifier_msgs/msg/detail/uuid__traits.hpp
[32.045s] -- Up-to-date: /home/hikari/ROScribe/ros_ws/src/install/unique_identifier_msgs/include/unique_identifier_msgs/unique_identifier_msgs
[32.046s] -- Up-to-date: /home/hikari/ROScribe/ros_ws/src/install/unique_identifier_msgs/include/unique_identifier_msgs/unique_identifier_msgs/msg
[32.046s] -- Installing: /home/hikari/ROScribe/ros_ws/src/install/unique_identifier_msgs/include/unique_identifier_msgs/unique_identifier_msgs/msg/rosidl_typesupport_fastrtps_cpp__visibility_control.h
[32.048s] -- Up-to-date: /home/hikari/ROScribe/ros_ws/src/install/unique_identifier_msgs/include/unique_identifier_msgs/unique_identifier_msgs/msg/detail
[32.048s] -- Installing: /home/hikari/ROScribe/ros_ws/src/install/unique_identifier_msgs/include/unique_identifier_msgs/unique_identifier_msgs/msg/detail/uuid__rosidl_typesupport_fastrtps_cpp.hpp
[32.048s] -- Installing: /home/hikari/ROScribe/ros_ws/src/install/unique_identifier_msgs/include/unique_identifier_msgs/unique_identifier_msgs/msg/detail/dds_fastrtps
[32.049s] -- Installing: /home/hikari/ROScribe/ros_ws/src/install/unique_identifier_msgs/lib/libunique_identifier_msgs__rosidl_typesupport_fastrtps_cpp.so
[32.049s] -- Set runtime path of "/home/hikari/ROScribe/ros_ws/src/install/unique_identifier_msgs/lib/libunique_identifier_msgs__rosidl_typesupport_fastrtps_cpp.so" to ""
[32.049s] -- Up-to-date: /home/hikari/ROScribe/ros_ws/src/install/unique_identifier_msgs/include/unique_identifier_msgs/unique_identifier_msgs
[32.049s] -- Up-to-date: /home/hikari/ROScribe/ros_ws/src/install/unique_identifier_msgs/include/unique_identifier_msgs/unique_identifier_msgs/msg
[32.049s] -- Up-to-date: /home/hikari/ROScribe/ros_ws/src/install/unique_identifier_msgs/include/unique_identifier_msgs/unique_identifier_msgs/msg/detail
[32.050s] -- Installing: /home/hikari/ROScribe/ros_ws/src/install/unique_identifier_msgs/include/unique_identifier_msgs/unique_identifier_msgs/msg/detail/uuid__type_support.cpp
[32.050s] -- Installing: /home/hikari/ROScribe/ros_ws/src/install/unique_identifier_msgs/include/unique_identifier_msgs/unique_identifier_msgs/msg/detail/uuid__rosidl_typesupport_introspection_cpp.hpp
[32.050s] -- Installing: /home/hikari/ROScribe/ros_ws/src/install/unique_identifier_msgs/lib/libunique_identifier_msgs__rosidl_typesupport_introspection_cpp.so
[32.051s] -- Set runtime path of "/home/hikari/ROScribe/ros_ws/src/install/unique_identifier_msgs/lib/libunique_identifier_msgs__rosidl_typesupport_introspection_cpp.so" to ""
[32.052s] -- Installing: /home/hikari/ROScribe/ros_ws/src/install/unique_identifier_msgs/lib/libunique_identifier_msgs__rosidl_typesupport_cpp.so
[32.052s] -- Set runtime path of "/home/hikari/ROScribe/ros_ws/src/install/unique_identifier_msgs/lib/libunique_identifier_msgs__rosidl_typesupport_cpp.so" to ""
[32.052s] -- Installing: /home/hikari/ROScribe/ros_ws/src/install/unique_identifier_msgs/share/ament_index/resource_index/rust_packages/unique_identifier_msgs
[32.052s] -- Installing: /home/hikari/ROScribe/ros_ws/src/install/unique_identifier_msgs/share/unique_identifier_msgs/rust
[32.052s] -- Installing: /home/hikari/ROScribe/ros_ws/src/install/unique_identifier_msgs/share/unique_identifier_msgs/rust/src
[32.054s] -- Installing: /home/hikari/ROScribe/ros_ws/src/install/unique_identifier_msgs/share/unique_identifier_msgs/rust/src/msg.rs
[32.062s] -- Installing: /home/hikari/ROScribe/ros_ws/src/install/unique_identifier_msgs/share/unique_identifier_msgs/rust/src/lib.rs
[32.062s] -- Installing: /home/hikari/ROScribe/ros_ws/src/install/unique_identifier_msgs/share/unique_identifier_msgs/rust/Cargo.toml
[32.063s] -- Installing: /home/hikari/ROScribe/ros_ws/src/install/unique_identifier_msgs/share/unique_identifier_msgs/rust/build.rs
[32.063s] -- Up-to-date: /home/hikari/ROScribe/ros_ws/src/install/unique_identifier_msgs/share/unique_identifier_msgs/rust
[32.063s] -- Up-to-date: /home/hikari/ROScribe/ros_ws/src/install/unique_identifier_msgs/share/unique_identifier_msgs/rust/src
[32.063s] -- Up-to-date: /home/hikari/ROScribe/ros_ws/src/install/unique_identifier_msgs/share/unique_identifier_msgs/rust/src/msg.rs
[32.063s] -- Up-to-date: /home/hikari/ROScribe/ros_ws/src/install/unique_identifier_msgs/share/unique_identifier_msgs/rust/src/lib.rs
[32.063s] -- Up-to-date: /home/hikari/ROScribe/ros_ws/src/install/unique_identifier_msgs/share/unique_identifier_msgs/rust/Cargo.toml
[32.063s] -- Up-to-date: /home/hikari/ROScribe/ros_ws/src/install/unique_identifier_msgs/share/unique_identifier_msgs/rust/build.rs
[32.064s] -- Up-to-date: /home/hikari/ROScribe/ros_ws/src/install/unique_identifier_msgs/share/unique_identifier_msgs/rust
[32.064s] -- Up-to-date: /home/hikari/ROScribe/ros_ws/src/install/unique_identifier_msgs/share/unique_identifier_msgs/rust/src
[32.064s] -- Up-to-date: /home/hikari/ROScribe/ros_ws/src/install/unique_identifier_msgs/share/unique_identifier_msgs/rust/src/msg.rs
[32.064s] -- Up-to-date: /home/hikari/ROScribe/ros_ws/src/install/unique_identifier_msgs/share/unique_identifier_msgs/rust/src/lib.rs
[32.064s] -- Up-to-date: /home/hikari/ROScribe/ros_ws/src/install/unique_identifier_msgs/share/unique_identifier_msgs/rust/Cargo.toml
[32.064s] -- Up-to-date: /home/hikari/ROScribe/ros_ws/src/install/unique_identifier_msgs/share/unique_identifier_msgs/rust/build.rs
[32.065s] -- Installing: /home/hikari/ROScribe/ros_ws/src/install/unique_identifier_msgs/share/unique_identifier_msgs/environment/pythonpath.sh
[32.065s] -- Installing: /home/hikari/ROScribe/ros_ws/src/install/unique_identifier_msgs/share/unique_identifier_msgs/environment/pythonpath.dsv
[32.065s] -- Installing: /home/hikari/ROScribe/ros_ws/src/install/unique_identifier_msgs/local/lib/python3.10/dist-packages/unique_identifier_msgs-2.2.1-py3.10.egg-info
[32.067s] -- Installing: /home/hikari/ROScribe/ros_ws/src/install/unique_identifier_msgs/local/lib/python3.10/dist-packages/unique_identifier_msgs-2.2.1-py3.10.egg-info/top_level.txt
[32.069s] -- Installing: /home/hikari/ROScribe/ros_ws/src/install/unique_identifier_msgs/local/lib/python3.10/dist-packages/unique_identifier_msgs-2.2.1-py3.10.egg-info/dependency_links.txt
[32.070s] -- Installing: /home/hikari/ROScribe/ros_ws/src/install/unique_identifier_msgs/local/lib/python3.10/dist-packages/unique_identifier_msgs-2.2.1-py3.10.egg-info/SOURCES.txt
[32.070s] -- Installing: /home/hikari/ROScribe/ros_ws/src/install/unique_identifier_msgs/local/lib/python3.10/dist-packages/unique_identifier_msgs-2.2.1-py3.10.egg-info/PKG-INFO
[32.070s] -- Installing: /home/hikari/ROScribe/ros_ws/src/install/unique_identifier_msgs/local/lib/python3.10/dist-packages/unique_identifier_msgs
[32.070s] -- Installing: /home/hikari/ROScribe/ros_ws/src/install/unique_identifier_msgs/local/lib/python3.10/dist-packages/unique_identifier_msgs/unique_identifier_msgs_s__rosidl_typesupport_introspection_c.cpython-310-x86_64-linux-gnu.so
[32.070s] -- Installing: /home/hikari/ROScribe/ros_ws/src/install/unique_identifier_msgs/local/lib/python3.10/dist-packages/unique_identifier_msgs/_unique_identifier_msgs_s.ep.rosidl_typesupport_fastrtps_c.c
[32.071s] -- Installing: /home/hikari/ROScribe/ros_ws/src/install/unique_identifier_msgs/local/lib/python3.10/dist-packages/unique_identifier_msgs/_unique_identifier_msgs_s.ep.rosidl_typesupport_c.c
[32.071s] -- Installing: /home/hikari/ROScribe/ros_ws/src/install/unique_identifier_msgs/local/lib/python3.10/dist-packages/unique_identifier_msgs/libunique_identifier_msgs__rosidl_generator_py.so
[32.071s] -- Installing: /home/hikari/ROScribe/ros_ws/src/install/unique_identifier_msgs/local/lib/python3.10/dist-packages/unique_identifier_msgs/msg
[32.071s] -- Installing: /home/hikari/ROScribe/ros_ws/src/install/unique_identifier_msgs/local/lib/python3.10/dist-packages/unique_identifier_msgs/msg/_uuid.py
[32.071s] -- Installing: /home/hikari/ROScribe/ros_ws/src/install/unique_identifier_msgs/local/lib/python3.10/dist-packages/unique_identifier_msgs/msg/_uuid_s.c
[32.072s] -- Installing: /home/hikari/ROScribe/ros_ws/src/install/unique_identifier_msgs/local/lib/python3.10/dist-packages/unique_identifier_msgs/msg/__init__.py
[32.072s] -- Installing: /home/hikari/ROScribe/ros_ws/src/install/unique_identifier_msgs/local/lib/python3.10/dist-packages/unique_identifier_msgs/_unique_identifier_msgs_s.ep.rosidl_typesupport_introspection_c.c
[32.073s] -- Installing: /home/hikari/ROScribe/ros_ws/src/install/unique_identifier_msgs/local/lib/python3.10/dist-packages/unique_identifier_msgs/unique_identifier_msgs_s__rosidl_typesupport_c.cpython-310-x86_64-linux-gnu.so
[32.078s] -- Installing: /home/hikari/ROScribe/ros_ws/src/install/unique_identifier_msgs/local/lib/python3.10/dist-packages/unique_identifier_msgs/__init__.py
[32.078s] -- Installing: /home/hikari/ROScribe/ros_ws/src/install/unique_identifier_msgs/local/lib/python3.10/dist-packages/unique_identifier_msgs/unique_identifier_msgs_s__rosidl_typesupport_fastrtps_c.cpython-310-x86_64-linux-gnu.so
[32.222s] Listing '/home/hikari/ROScribe/ros_ws/src/install/unique_identifier_msgs/local/lib/python3.10/dist-packages/unique_identifier_msgs'...
[32.223s] Compiling '/home/hikari/ROScribe/ros_ws/src/install/unique_identifier_msgs/local/lib/python3.10/dist-packages/unique_identifier_msgs/__init__.py'...
[32.223s] Listing '/home/hikari/ROScribe/ros_ws/src/install/unique_identifier_msgs/local/lib/python3.10/dist-packages/unique_identifier_msgs/msg'...
[32.223s] Compiling '/home/hikari/ROScribe/ros_ws/src/install/unique_identifier_msgs/local/lib/python3.10/dist-packages/unique_identifier_msgs/msg/__init__.py'...
[32.223s] Compiling '/home/hikari/ROScribe/ros_ws/src/install/unique_identifier_msgs/local/lib/python3.10/dist-packages/unique_identifier_msgs/msg/_uuid.py'...
[32.236s] -- Installing: /home/hikari/ROScribe/ros_ws/src/install/unique_identifier_msgs/local/lib/python3.10/dist-packages/unique_identifier_msgs/unique_identifier_msgs_s__rosidl_typesupport_fastrtps_c.cpython-310-x86_64-linux-gnu.so
[32.237s] -- Set runtime path of "/home/hikari/ROScribe/ros_ws/src/install/unique_identifier_msgs/local/lib/python3.10/dist-packages/unique_identifier_msgs/unique_identifier_msgs_s__rosidl_typesupport_fastrtps_c.cpython-310-x86_64-linux-gnu.so" to ""
[32.237s] -- Installing: /home/hikari/ROScribe/ros_ws/src/install/unique_identifier_msgs/local/lib/python3.10/dist-packages/unique_identifier_msgs/unique_identifier_msgs_s__rosidl_typesupport_introspection_c.cpython-310-x86_64-linux-gnu.so
[32.240s] -- Set runtime path of "/home/hikari/ROScribe/ros_ws/src/install/unique_identifier_msgs/local/lib/python3.10/dist-packages/unique_identifier_msgs/unique_identifier_msgs_s__rosidl_typesupport_introspection_c.cpython-310-x86_64-linux-gnu.so" to ""
[32.241s] -- Installing: /home/hikari/ROScribe/ros_ws/src/install/unique_identifier_msgs/local/lib/python3.10/dist-packages/unique_identifier_msgs/unique_identifier_msgs_s__rosidl_typesupport_c.cpython-310-x86_64-linux-gnu.so
[32.241s] -- Set runtime path of "/home/hikari/ROScribe/ros_ws/src/install/unique_identifier_msgs/local/lib/python3.10/dist-packages/unique_identifier_msgs/unique_identifier_msgs_s__rosidl_typesupport_c.cpython-310-x86_64-linux-gnu.so" to ""
[32.241s] -- Installing: /home/hikari/ROScribe/ros_ws/src/install/unique_identifier_msgs/lib/libunique_identifier_msgs__rosidl_generator_py.so
[32.242s] -- Set runtime path of "/home/hikari/ROScribe/ros_ws/src/install/unique_identifier_msgs/lib/libunique_identifier_msgs__rosidl_generator_py.so" to ""
[32.245s] -- Installing: /home/hikari/ROScribe/ros_ws/src/install/unique_identifier_msgs/share/unique_identifier_msgs/msg/UUID.idl
[32.246s] -- Installing: /home/hikari/ROScribe/ros_ws/src/install/unique_identifier_msgs/share/unique_identifier_msgs/msg/UUID.msg
[32.247s] -- Installing: /home/hikari/ROScribe/ros_ws/src/install/unique_identifier_msgs/share/ament_index/resource_index/package_run_dependencies/unique_identifier_msgs
[32.255s] -- Installing: /home/hikari/ROScribe/ros_ws/src/install/unique_identifier_msgs/share/ament_index/resource_index/parent_prefix_path/unique_identifier_msgs
[32.259s] -- Installing: /home/hikari/ROScribe/ros_ws/src/install/unique_identifier_msgs/share/unique_identifier_msgs/environment/ament_prefix_path.sh
[32.260s] -- Installing: /home/hikari/ROScribe/ros_ws/src/install/unique_identifier_msgs/share/unique_identifier_msgs/environment/ament_prefix_path.dsv
[32.260s] -- Installing: /home/hikari/ROScribe/ros_ws/src/install/unique_identifier_msgs/share/unique_identifier_msgs/environment/path.sh
[32.261s] -- Installing: /home/hikari/ROScribe/ros_ws/src/install/unique_identifier_msgs/share/unique_identifier_msgs/environment/path.dsv
[32.262s] -- Installing: /home/hikari/ROScribe/ros_ws/src/install/unique_identifier_msgs/share/unique_identifier_msgs/local_setup.bash
[32.262s] -- Installing: /home/hikari/ROScribe/ros_ws/src/install/unique_identifier_msgs/share/unique_identifier_msgs/local_setup.sh
[32.263s] -- Installing: /home/hikari/ROScribe/ros_ws/src/install/unique_identifier_msgs/share/unique_identifier_msgs/local_setup.zsh
[32.264s] -- Installing: /home/hikari/ROScribe/ros_ws/src/install/unique_identifier_msgs/share/unique_identifier_msgs/local_setup.dsv
[32.265s] -- Installing: /home/hikari/ROScribe/ros_ws/src/install/unique_identifier_msgs/share/unique_identifier_msgs/package.dsv
[32.267s] -- Installing: /home/hikari/ROScribe/ros_ws/src/install/unique_identifier_msgs/share/ament_index/resource_index/packages/unique_identifier_msgs
[32.284s] -- Installing: /home/hikari/ROScribe/ros_ws/src/install/unique_identifier_msgs/share/unique_identifier_msgs/cmake/export_unique_identifier_msgs__rosidl_generator_cExport.cmake
[32.285s] -- Installing: /home/hikari/ROScribe/ros_ws/src/install/unique_identifier_msgs/share/unique_identifier_msgs/cmake/export_unique_identifier_msgs__rosidl_generator_cExport-noconfig.cmake
[32.285s] -- Installing: /home/hikari/ROScribe/ros_ws/src/install/unique_identifier_msgs/share/unique_identifier_msgs/cmake/export_unique_identifier_msgs__rosidl_typesupport_fastrtps_cExport.cmake
[32.285s] -- Installing: /home/hikari/ROScribe/ros_ws/src/install/unique_identifier_msgs/share/unique_identifier_msgs/cmake/export_unique_identifier_msgs__rosidl_typesupport_fastrtps_cExport-noconfig.cmake
[32.285s] -- Installing: /home/hikari/ROScribe/ros_ws/src/install/unique_identifier_msgs/share/unique_identifier_msgs/cmake/unique_identifier_msgs__rosidl_typesupport_introspection_cExport.cmake
[32.285s] -- Installing: /home/hikari/ROScribe/ros_ws/src/install/unique_identifier_msgs/share/unique_identifier_msgs/cmake/unique_identifier_msgs__rosidl_typesupport_introspection_cExport-noconfig.cmake
[32.285s] -- Installing: /home/hikari/ROScribe/ros_ws/src/install/unique_identifier_msgs/share/unique_identifier_msgs/cmake/unique_identifier_msgs__rosidl_typesupport_cExport.cmake
[32.286s] -- Installing: /home/hikari/ROScribe/ros_ws/src/install/unique_identifier_msgs/share/unique_identifier_msgs/cmake/unique_identifier_msgs__rosidl_typesupport_cExport-noconfig.cmake
[32.286s] -- Installing: /home/hikari/ROScribe/ros_ws/src/install/unique_identifier_msgs/share/unique_identifier_msgs/cmake/export_unique_identifier_msgs__rosidl_generator_cppExport.cmake
[32.286s] -- Installing: /home/hikari/ROScribe/ros_ws/src/install/unique_identifier_msgs/share/unique_identifier_msgs/cmake/export_unique_identifier_msgs__rosidl_typesupport_fastrtps_cppExport.cmake
[32.286s] -- Installing: /home/hikari/ROScribe/ros_ws/src/install/unique_identifier_msgs/share/unique_identifier_msgs/cmake/export_unique_identifier_msgs__rosidl_typesupport_fastrtps_cppExport-noconfig.cmake
[32.286s] -- Installing: /home/hikari/ROScribe/ros_ws/src/install/unique_identifier_msgs/share/unique_identifier_msgs/cmake/unique_identifier_msgs__rosidl_typesupport_introspection_cppExport.cmake
[32.318s] -- Installing: /home/hikari/ROScribe/ros_ws/src/install/unique_identifier_msgs/share/unique_identifier_msgs/cmake/unique_identifier_msgs__rosidl_typesupport_introspection_cppExport-noconfig.cmake
[32.319s] -- Installing: /home/hikari/ROScribe/ros_ws/src/install/unique_identifier_msgs/share/unique_identifier_msgs/cmake/unique_identifier_msgs__rosidl_typesupport_cppExport.cmake
[32.319s] -- Installing: /home/hikari/ROScribe/ros_ws/src/install/unique_identifier_msgs/share/unique_identifier_msgs/cmake/unique_identifier_msgs__rosidl_typesupport_cppExport-noconfig.cmake
[32.321s] -- Installing: /home/hikari/ROScribe/ros_ws/src/install/unique_identifier_msgs/share/unique_identifier_msgs/cmake/export_unique_identifier_msgs__rosidl_generator_pyExport.cmake
[32.322s] -- Installing: /home/hikari/ROScribe/ros_ws/src/install/unique_identifier_msgs/share/unique_identifier_msgs/cmake/export_unique_identifier_msgs__rosidl_generator_pyExport-noconfig.cmake
[32.325s] -- Installing: /home/hikari/ROScribe/ros_ws/src/install/unique_identifier_msgs/share/unique_identifier_msgs/cmake/rosidl_cmake-extras.cmake
[32.326s] -- Installing: /home/hikari/ROScribe/ros_ws/src/install/unique_identifier_msgs/share/unique_identifier_msgs/cmake/ament_cmake_export_include_directories-extras.cmake
[32.326s] -- Installing: /home/hikari/ROScribe/ros_ws/src/install/unique_identifier_msgs/share/unique_identifier_msgs/cmake/ament_cmake_export_libraries-extras.cmake
[32.328s] -- Installing: /home/hikari/ROScribe/ros_ws/src/install/unique_identifier_msgs/share/unique_identifier_msgs/cmake/ament_cmake_export_targets-extras.cmake
[32.339s] -- Installing: /home/hikari/ROScribe/ros_ws/src/install/unique_identifier_msgs/share/unique_identifier_msgs/cmake/rosidl_cmake_export_typesupport_targets-extras.cmake
[32.343s] -- Installing: /home/hikari/ROScribe/ros_ws/src/install/unique_identifier_msgs/share/unique_identifier_msgs/cmake/ament_cmake_export_dependencies-extras.cmake
[32.343s] -- Installing: /home/hikari/ROScribe/ros_ws/src/install/unique_identifier_msgs/share/unique_identifier_msgs/cmake/rosidl_cmake_export_typesupport_libraries-extras.cmake
[32.346s] -- Installing: /home/hikari/ROScribe/ros_ws/src/install/unique_identifier_msgs/share/unique_identifier_msgs/cmake/unique_identifier_msgsConfig.cmake
[32.348s] -- Installing: /home/hikari/ROScribe/ros_ws/src/install/unique_identifier_msgs/share/unique_identifier_msgs/cmake/unique_identifier_msgsConfig-version.cmake
[32.348s] -- Installing: /home/hikari/ROScribe/ros_ws/src/install/unique_identifier_msgs/share/unique_identifier_msgs/package.xml
[32.360s] -- Installing: /home/hikari/ROScribe/ros_ws/src/install/unique_identifier_msgs/share/unique_identifier_msgs/mapping_rules.yaml
[32.399s] Invoked command in '/home/hikari/ROScribe/ros_ws/src/build/unique_identifier_msgs' returned '0': AMENT_PREFIX_PATH=/home/hikari/ROScribe/ros_ws/src/install/rosidl_default_runtime:/home/hikari/ROScribe/ros_ws/src/install/rosidl_default_generators:/home/hikari/ROScribe/ros_ws/src/install/rosidl_generator_rs:/home/hikari/ROScribe/ros_ws/src/install/rosidl_runtime_rs:${AMENT_PREFIX_PATH} CMAKE_PREFIX_PATH=/home/hikari/ROScribe/ros_ws/src/install/rosidl_default_runtime:/home/hikari/ROScribe/ros_ws/src/install/rosidl_default_generators:/home/hikari/ROScribe/ros_ws/src/install/rosidl_generator_rs:/opt/ros/humble PYTHONPATH=/home/hikari/ROScribe/ros_ws/src/install/rosidl_generator_rs/local/lib/python3.10/dist-packages:${PYTHONPATH} /usr/local/bin/cmake --install /home/hikari/ROScribe/ros_ws/src/build/unique_identifier_msgs
