-- The C compiler identification is GNU 11.4.0
-- The CXX compiler identification is GNU 11.4.0
-- Detecting C compiler ABI info
-- Detecting C compiler ABI info - done
-- Check for working C compiler: /usr/lib/ccache/cc - skipped
-- Detecting C compile features
-- Detecting C compile features - done
-- Detecting CXX compiler ABI info
-- Detecting CXX compiler ABI info - done
-- Check for working CXX compiler: /usr/lib/ccache/c++ - skipped
-- Detecting CXX compile features
-- Detecting CXX compile features - done
-- Found ament_cmake: 1.3.5 (/opt/ros/humble/share/ament_cmake/cmake)
-- Found Python3: /usr/bin/python3.10 (found version "3.10.12") found components: Interpreter 
-- Found rosidl_default_generators: 1.2.0 (/home/hikari/ROScribe/ros_ws/src/install/rosidl_default_generators/share/rosidl_default_generators/cmake)
-- Using all available rosidl_typesupport_c: rosidl_typesupport_fastrtps_c;rosidl_typesupport_introspection_c
-- Found rosidl_adapter: 3.1.5 (/opt/ros/humble/share/rosidl_adapter/cmake)
-- Using all available rosidl_typesupport_cpp: rosidl_typesupport_fastrtps_cpp;rosidl_typesupport_introspection_cpp
-- Found std_msgs: 4.2.3 (/home/hikari/ROScribe/ros_ws/src/install/std_msgs/share/std_msgs/cmake)
-- Found ament_cmake_cppcheck: 0.12.8 (/opt/ros/humble/share/ament_cmake_cppcheck/cmake)
-- Found ament_cmake_cpplint: 0.12.8 (/opt/ros/humble/share/ament_cmake_cpplint/cmake)
-- Found ament_cmake_uncrustify: 0.12.8 (/opt/ros/humble/share/ament_cmake_uncrustify/cmake)
-- Found ament_cmake_ros: 0.10.0 (/opt/ros/humble/share/ament_cmake_ros/cmake)
-- Using all available rosidl_typesupport_c: rosidl_typesupport_fastrtps_c;rosidl_typesupport_introspection_c
-- Using all available rosidl_typesupport_cpp: rosidl_typesupport_fastrtps_cpp;rosidl_typesupport_introspection_cpp
-- Found rmw_implementation_cmake: 6.1.1 (/opt/ros/humble/share/rmw_implementation_cmake/cmake)
-- Found OpenSSL: /usr/lib/x86_64-linux-gnu/libcrypto.so (found version "3.0.2")  
-- Found FastRTPS: /opt/ros/humble/include  
-- Found PythonInterp: /usr/bin/python3 (found suitable version "3.10.12", minimum required is "3.6") 
-- Found python_cmake_module: 0.10.0 (/opt/ros/humble/share/python_cmake_module/cmake)
-- Found PythonLibs: /usr/lib/x86_64-linux-gnu/libpython3.10.so (found suitable version "3.10.12", minimum required is "3.5") 
-- Using PYTHON_EXECUTABLE: /usr/bin/python3
-- Using PYTHON_INCLUDE_DIRS: /usr/include/python3.10
-- Using PYTHON_LIBRARIES: /usr/lib/x86_64-linux-gnu/libpython3.10.so
-- Found PythonExtra: .so  
-- Found ament_cmake_flake8: 0.12.8 (/opt/ros/humble/share/ament_cmake_flake8/cmake)
-- Found ament_cmake_pep257: 0.12.8 (/opt/ros/humble/share/ament_cmake_pep257/cmake)
-- Configuring done
-- Generating done
-- Build files have been written to: /home/hikari/ROScribe/ros_ws/src/build/diagnostic_msgs
[  1%] [34m[1mGenerating C code for ROS interfaces[0m
[  3%] [34m[1mGenerating C++ code for ROS interfaces[0m
[  4%] [34m[1mGenerating Rust code for ROS interfaces[0m
[  4%] Built target ament_cmake_python_copy_diagnostic_msgs
running egg_info
creating diagnostic_msgs.egg-info
writing diagnostic_msgs.egg-info/PKG-INFO
writing dependency_links to diagnostic_msgs.egg-info/dependency_links.txt
writing top-level names to diagnostic_msgs.egg-info/top_level.txt
writing manifest file 'diagnostic_msgs.egg-info/SOURCES.txt'
reading manifest file 'diagnostic_msgs.egg-info/SOURCES.txt'
writing manifest file 'diagnostic_msgs.egg-info/SOURCES.txt'
[  4%] Built target ament_cmake_python_build_diagnostic_msgs_egg
[  4%] Built target diagnostic_msgs__rs
[  4%] Built target diagnostic_msgs__cpp
[  6%] [34m[1mGenerating C++ type support for eProsima Fast-RTPS[0m
[  7%] [34m[1mGenerating C++ introspection for ROS interfaces[0m
[  9%] [34m[1mGenerating C++ type support dispatch for ROS interfaces[0m
[ 10%] [32mBuilding C object CMakeFiles/diagnostic_msgs__rosidl_generator_c.dir/rosidl_generator_c/diagnostic_msgs/msg/detail/diagnostic_array__functions.c.o[0m
[ 12%] [32mBuilding C object CMakeFiles/diagnostic_msgs__rosidl_generator_c.dir/rosidl_generator_c/diagnostic_msgs/msg/detail/key_value__functions.c.o[0m
[ 14%] [32mBuilding C object CMakeFiles/diagnostic_msgs__rosidl_generator_c.dir/rosidl_generator_c/diagnostic_msgs/msg/detail/diagnostic_status__functions.c.o[0m
[ 15%] [32mBuilding C object CMakeFiles/diagnostic_msgs__rosidl_generator_c.dir/rosidl_generator_c/diagnostic_msgs/srv/detail/add_diagnostics__functions.c.o[0m
[ 17%] [32mBuilding C object CMakeFiles/diagnostic_msgs__rosidl_generator_c.dir/rosidl_generator_c/diagnostic_msgs/srv/detail/self_test__functions.c.o[0m
[ 18%] [32m[1mLinking C shared library libdiagnostic_msgs__rosidl_generator_c.so[0m
[ 18%] Built target diagnostic_msgs__rosidl_generator_c
[ 20%] [32mBuilding CXX object CMakeFiles/diagnostic_msgs__rosidl_typesupport_introspection_cpp.dir/rosidl_typesupport_introspection_cpp/diagnostic_msgs/msg/detail/diagnostic_array__type_support.cpp.o[0m
[ 21%] [32mBuilding CXX object CMakeFiles/diagnostic_msgs__rosidl_typesupport_cpp.dir/rosidl_typesupport_cpp/diagnostic_msgs/msg/diagnostic_array__type_support.cpp.o[0m
[ 23%] [32mBuilding CXX object CMakeFiles/diagnostic_msgs__rosidl_typesupport_fastrtps_cpp.dir/rosidl_typesupport_fastrtps_cpp/diagnostic_msgs/msg/detail/dds_fastrtps/diagnostic_array__type_support.cpp.o[0m
[ 25%] [32mBuilding CXX object CMakeFiles/diagnostic_msgs__rosidl_typesupport_cpp.dir/rosidl_typesupport_cpp/diagnostic_msgs/msg/diagnostic_status__type_support.cpp.o[0m
[ 26%] [32mBuilding CXX object CMakeFiles/diagnostic_msgs__rosidl_typesupport_introspection_cpp.dir/rosidl_typesupport_introspection_cpp/diagnostic_msgs/msg/detail/key_value__type_support.cpp.o[0m
[ 28%] [32mBuilding CXX object CMakeFiles/diagnostic_msgs__rosidl_typesupport_fastrtps_cpp.dir/rosidl_typesupport_fastrtps_cpp/diagnostic_msgs/msg/detail/dds_fastrtps/diagnostic_status__type_support.cpp.o[0m
[ 29%] [32mBuilding CXX object CMakeFiles/diagnostic_msgs__rosidl_typesupport_cpp.dir/rosidl_typesupport_cpp/diagnostic_msgs/msg/key_value__type_support.cpp.o[0m
[ 31%] [32mBuilding CXX object CMakeFiles/diagnostic_msgs__rosidl_typesupport_introspection_cpp.dir/rosidl_typesupport_introspection_cpp/diagnostic_msgs/msg/detail/diagnostic_status__type_support.cpp.o[0m
[ 32%] [32mBuilding CXX object CMakeFiles/diagnostic_msgs__rosidl_typesupport_cpp.dir/rosidl_typesupport_cpp/diagnostic_msgs/srv/add_diagnostics__type_support.cpp.o[0m
[ 34%] [32mBuilding CXX object CMakeFiles/diagnostic_msgs__rosidl_typesupport_fastrtps_cpp.dir/rosidl_typesupport_fastrtps_cpp/diagnostic_msgs/msg/detail/dds_fastrtps/key_value__type_support.cpp.o[0m
[ 35%] [32mBuilding CXX object CMakeFiles/diagnostic_msgs__rosidl_typesupport_cpp.dir/rosidl_typesupport_cpp/diagnostic_msgs/srv/self_test__type_support.cpp.o[0m
[ 37%] [32mBuilding CXX object CMakeFiles/diagnostic_msgs__rosidl_typesupport_introspection_cpp.dir/rosidl_typesupport_introspection_cpp/diagnostic_msgs/srv/detail/self_test__type_support.cpp.o[0m
[ 39%] [32mBuilding CXX object CMakeFiles/diagnostic_msgs__rosidl_typesupport_fastrtps_cpp.dir/rosidl_typesupport_fastrtps_cpp/diagnostic_msgs/srv/detail/dds_fastrtps/add_diagnostics__type_support.cpp.o[0m
[ 40%] [32m[1mLinking CXX shared library libdiagnostic_msgs__rosidl_typesupport_cpp.so[0m
[ 40%] Built target diagnostic_msgs__rosidl_typesupport_cpp
[ 42%] [32mBuilding CXX object CMakeFiles/diagnostic_msgs__rosidl_typesupport_introspection_cpp.dir/rosidl_typesupport_introspection_cpp/diagnostic_msgs/srv/detail/add_diagnostics__type_support.cpp.o[0m
[ 43%] [32mBuilding CXX object CMakeFiles/diagnostic_msgs__rosidl_typesupport_fastrtps_cpp.dir/rosidl_typesupport_fastrtps_cpp/diagnostic_msgs/srv/detail/dds_fastrtps/self_test__type_support.cpp.o[0m
[ 45%] [32m[1mLinking CXX shared library libdiagnostic_msgs__rosidl_typesupport_introspection_cpp.so[0m
[ 45%] Built target diagnostic_msgs__rosidl_typesupport_introspection_cpp
[ 46%] [32m[1mLinking CXX shared library libdiagnostic_msgs__rosidl_typesupport_fastrtps_cpp.so[0m
[ 46%] Built target diagnostic_msgs__rosidl_typesupport_fastrtps_cpp
[ 48%] [34m[1mGenerating C type support dispatch for ROS interfaces[0m
[ 50%] [32mBuilding CXX object CMakeFiles/diagnostic_msgs__rosidl_typesupport_c.dir/rosidl_typesupport_c/diagnostic_msgs/msg/diagnostic_array__type_support.cpp.o[0m
[ 51%] [32mBuilding CXX object CMakeFiles/diagnostic_msgs__rosidl_typesupport_c.dir/rosidl_typesupport_c/diagnostic_msgs/srv/self_test__type_support.cpp.o[0m
[ 53%] [32mBuilding CXX object CMakeFiles/diagnostic_msgs__rosidl_typesupport_c.dir/rosidl_typesupport_c/diagnostic_msgs/srv/add_diagnostics__type_support.cpp.o[0m
[ 54%] [32mBuilding CXX object CMakeFiles/diagnostic_msgs__rosidl_typesupport_c.dir/rosidl_typesupport_c/diagnostic_msgs/msg/key_value__type_support.cpp.o[0m
[ 56%] [32mBuilding CXX object CMakeFiles/diagnostic_msgs__rosidl_typesupport_c.dir/rosidl_typesupport_c/diagnostic_msgs/msg/diagnostic_status__type_support.cpp.o[0m
[ 57%] [32m[1mLinking CXX shared library libdiagnostic_msgs__rosidl_typesupport_c.so[0m
[ 57%] Built target diagnostic_msgs__rosidl_typesupport_c
[ 59%] [34m[1mGenerating C introspection for ROS interfaces[0m
[ 60%] [32mBuilding C object CMakeFiles/diagnostic_msgs__rosidl_typesupport_introspection_c.dir/rosidl_typesupport_introspection_c/diagnostic_msgs/msg/detail/diagnostic_array__type_support.c.o[0m
[ 62%] [32mBuilding C object CMakeFiles/diagnostic_msgs__rosidl_typesupport_introspection_c.dir/rosidl_typesupport_introspection_c/diagnostic_msgs/srv/detail/self_test__type_support.c.o[0m
[ 64%] [32mBuilding C object CMakeFiles/diagnostic_msgs__rosidl_typesupport_introspection_c.dir/rosidl_typesupport_introspection_c/diagnostic_msgs/srv/detail/add_diagnostics__type_support.c.o[0m
[ 65%] [32mBuilding C object CMakeFiles/diagnostic_msgs__rosidl_typesupport_introspection_c.dir/rosidl_typesupport_introspection_c/diagnostic_msgs/msg/detail/key_value__type_support.c.o[0m
[ 67%] [32mBuilding C object CMakeFiles/diagnostic_msgs__rosidl_typesupport_introspection_c.dir/rosidl_typesupport_introspection_c/diagnostic_msgs/msg/detail/diagnostic_status__type_support.c.o[0m
[ 68%] [32m[1mLinking C shared library libdiagnostic_msgs__rosidl_typesupport_introspection_c.so[0m
[ 68%] Built target diagnostic_msgs__rosidl_typesupport_introspection_c
[ 70%] [34m[1mGenerating C type support for eProsima Fast-RTPS[0m
[ 71%] [32mBuilding CXX object CMakeFiles/diagnostic_msgs__rosidl_typesupport_fastrtps_c.dir/rosidl_typesupport_fastrtps_c/diagnostic_msgs/msg/detail/diagnostic_array__type_support_c.cpp.o[0m
[ 73%] [32mBuilding CXX object CMakeFiles/diagnostic_msgs__rosidl_typesupport_fastrtps_c.dir/rosidl_typesupport_fastrtps_c/diagnostic_msgs/srv/detail/self_test__type_support_c.cpp.o[0m
[ 75%] [32mBuilding CXX object CMakeFiles/diagnostic_msgs__rosidl_typesupport_fastrtps_c.dir/rosidl_typesupport_fastrtps_c/diagnostic_msgs/srv/detail/add_diagnostics__type_support_c.cpp.o[0m
[ 76%] [32mBuilding CXX object CMakeFiles/diagnostic_msgs__rosidl_typesupport_fastrtps_c.dir/rosidl_typesupport_fastrtps_c/diagnostic_msgs/msg/detail/key_value__type_support_c.cpp.o[0m
[ 78%] [32mBuilding CXX object CMakeFiles/diagnostic_msgs__rosidl_typesupport_fastrtps_c.dir/rosidl_typesupport_fastrtps_c/diagnostic_msgs/msg/detail/diagnostic_status__type_support_c.cpp.o[0m
[ 79%] [32m[1mLinking CXX shared library libdiagnostic_msgs__rosidl_typesupport_fastrtps_c.so[0m
[ 79%] Built target diagnostic_msgs__rosidl_typesupport_fastrtps_c
[ 79%] Built target diagnostic_msgs
[ 81%] [34m[1mGenerating Python code for ROS interfaces[0m
[ 81%] Built target diagnostic_msgs__py
[ 82%] [32mBuilding C object CMakeFiles/diagnostic_msgs__rosidl_generator_py.dir/rosidl_generator_py/diagnostic_msgs/msg/_diagnostic_array_s.c.o[0m
[ 84%] [32mBuilding C object CMakeFiles/diagnostic_msgs__rosidl_generator_py.dir/rosidl_generator_py/diagnostic_msgs/srv/_self_test_s.c.o[0m
[ 85%] [32mBuilding C object CMakeFiles/diagnostic_msgs__rosidl_generator_py.dir/rosidl_generator_py/diagnostic_msgs/srv/_add_diagnostics_s.c.o[0m
[ 87%] [32mBuilding C object CMakeFiles/diagnostic_msgs__rosidl_generator_py.dir/rosidl_generator_py/diagnostic_msgs/msg/_key_value_s.c.o[0m
[ 89%] [32mBuilding C object CMakeFiles/diagnostic_msgs__rosidl_generator_py.dir/rosidl_generator_py/diagnostic_msgs/msg/_diagnostic_status_s.c.o[0m
[ 90%] [32m[1mLinking C shared library rosidl_generator_py/diagnostic_msgs/libdiagnostic_msgs__rosidl_generator_py.so[0m
[ 90%] Built target diagnostic_msgs__rosidl_generator_py
[ 92%] [32mBuilding C object CMakeFiles/diagnostic_msgs__rosidl_typesupport_fastrtps_c__pyext.dir/rosidl_generator_py/diagnostic_msgs/_diagnostic_msgs_s.ep.rosidl_typesupport_fastrtps_c.c.o[0m
[ 93%] [32m[1mLinking C shared library rosidl_generator_py/diagnostic_msgs/diagnostic_msgs_s__rosidl_typesupport_fastrtps_c.cpython-310-x86_64-linux-gnu.so[0m
[ 93%] Built target diagnostic_msgs__rosidl_typesupport_fastrtps_c__pyext
[ 95%] [32mBuilding C object CMakeFiles/diagnostic_msgs__rosidl_typesupport_c__pyext.dir/rosidl_generator_py/diagnostic_msgs/_diagnostic_msgs_s.ep.rosidl_typesupport_c.c.o[0m
[ 96%] [32m[1mLinking C shared library rosidl_generator_py/diagnostic_msgs/diagnostic_msgs_s__rosidl_typesupport_c.cpython-310-x86_64-linux-gnu.so[0m
[ 96%] Built target diagnostic_msgs__rosidl_typesupport_c__pyext
[ 98%] [32mBuilding C object CMakeFiles/diagnostic_msgs__rosidl_typesupport_introspection_c__pyext.dir/rosidl_generator_py/diagnostic_msgs/_diagnostic_msgs_s.ep.rosidl_typesupport_introspection_c.c.o[0m
[100%] [32m[1mLinking C shared library rosidl_generator_py/diagnostic_msgs/diagnostic_msgs_s__rosidl_typesupport_introspection_c.cpython-310-x86_64-linux-gnu.so[0m
[100%] Built target diagnostic_msgs__rosidl_typesupport_introspection_c__pyext
-- Install configuration: ""
-- Installing: /home/hikari/ROScribe/ros_ws/src/install/diagnostic_msgs/share/ament_index/resource_index/rosidl_interfaces/diagnostic_msgs
-- Installing: /home/hikari/ROScribe/ros_ws/src/install/diagnostic_msgs/include/diagnostic_msgs/diagnostic_msgs
-- Installing: /home/hikari/ROScribe/ros_ws/src/install/diagnostic_msgs/include/diagnostic_msgs/diagnostic_msgs/srv
-- Installing: /home/hikari/ROScribe/ros_ws/src/install/diagnostic_msgs/include/diagnostic_msgs/diagnostic_msgs/srv/self_test.h
-- Installing: /home/hikari/ROScribe/ros_ws/src/install/diagnostic_msgs/include/diagnostic_msgs/diagnostic_msgs/srv/add_diagnostics.h
-- Installing: /home/hikari/ROScribe/ros_ws/src/install/diagnostic_msgs/include/diagnostic_msgs/diagnostic_msgs/srv/detail
-- Installing: /home/hikari/ROScribe/ros_ws/src/install/diagnostic_msgs/include/diagnostic_msgs/diagnostic_msgs/srv/detail/add_diagnostics__struct.h
-- Installing: /home/hikari/ROScribe/ros_ws/src/install/diagnostic_msgs/include/diagnostic_msgs/diagnostic_msgs/srv/detail/add_diagnostics__functions.c
-- Installing: /home/hikari/ROScribe/ros_ws/src/install/diagnostic_msgs/include/diagnostic_msgs/diagnostic_msgs/srv/detail/add_diagnostics__functions.h
-- Installing: /home/hikari/ROScribe/ros_ws/src/install/diagnostic_msgs/include/diagnostic_msgs/diagnostic_msgs/srv/detail/self_test__struct.h
-- Installing: /home/hikari/ROScribe/ros_ws/src/install/diagnostic_msgs/include/diagnostic_msgs/diagnostic_msgs/srv/detail/self_test__functions.c
-- Installing: /home/hikari/ROScribe/ros_ws/src/install/diagnostic_msgs/include/diagnostic_msgs/diagnostic_msgs/srv/detail/add_diagnostics__type_support.h
-- Installing: /home/hikari/ROScribe/ros_ws/src/install/diagnostic_msgs/include/diagnostic_msgs/diagnostic_msgs/srv/detail/self_test__type_support.h
-- Installing: /home/hikari/ROScribe/ros_ws/src/install/diagnostic_msgs/include/diagnostic_msgs/diagnostic_msgs/srv/detail/self_test__functions.h
-- Installing: /home/hikari/ROScribe/ros_ws/src/install/diagnostic_msgs/include/diagnostic_msgs/diagnostic_msgs/msg
-- Installing: /home/hikari/ROScribe/ros_ws/src/install/diagnostic_msgs/include/diagnostic_msgs/diagnostic_msgs/msg/diagnostic_array.h
-- Installing: /home/hikari/ROScribe/ros_ws/src/install/diagnostic_msgs/include/diagnostic_msgs/diagnostic_msgs/msg/diagnostic_status.h
-- Installing: /home/hikari/ROScribe/ros_ws/src/install/diagnostic_msgs/include/diagnostic_msgs/diagnostic_msgs/msg/key_value.h
-- Installing: /home/hikari/ROScribe/ros_ws/src/install/diagnostic_msgs/include/diagnostic_msgs/diagnostic_msgs/msg/rosidl_generator_c__visibility_control.h
-- Installing: /home/hikari/ROScribe/ros_ws/src/install/diagnostic_msgs/include/diagnostic_msgs/diagnostic_msgs/msg/detail
-- Installing: /home/hikari/ROScribe/ros_ws/src/install/diagnostic_msgs/include/diagnostic_msgs/diagnostic_msgs/msg/detail/diagnostic_status__functions.c
-- Installing: /home/hikari/ROScribe/ros_ws/src/install/diagnostic_msgs/include/diagnostic_msgs/diagnostic_msgs/msg/detail/diagnostic_status__struct.h
-- Installing: /home/hikari/ROScribe/ros_ws/src/install/diagnostic_msgs/include/diagnostic_msgs/diagnostic_msgs/msg/detail/key_value__functions.c
-- Installing: /home/hikari/ROScribe/ros_ws/src/install/diagnostic_msgs/include/diagnostic_msgs/diagnostic_msgs/msg/detail/diagnostic_array__functions.h
-- Installing: /home/hikari/ROScribe/ros_ws/src/install/diagnostic_msgs/include/diagnostic_msgs/diagnostic_msgs/msg/detail/diagnostic_status__type_support.h
-- Installing: /home/hikari/ROScribe/ros_ws/src/install/diagnostic_msgs/include/diagnostic_msgs/diagnostic_msgs/msg/detail/key_value__struct.h
-- Installing: /home/hikari/ROScribe/ros_ws/src/install/diagnostic_msgs/include/diagnostic_msgs/diagnostic_msgs/msg/detail/key_value__functions.h
-- Installing: /home/hikari/ROScribe/ros_ws/src/install/diagnostic_msgs/include/diagnostic_msgs/diagnostic_msgs/msg/detail/key_value__type_support.h
-- Installing: /home/hikari/ROScribe/ros_ws/src/install/diagnostic_msgs/include/diagnostic_msgs/diagnostic_msgs/msg/detail/diagnostic_array__functions.c
-- Installing: /home/hikari/ROScribe/ros_ws/src/install/diagnostic_msgs/include/diagnostic_msgs/diagnostic_msgs/msg/detail/diagnostic_status__functions.h
-- Installing: /home/hikari/ROScribe/ros_ws/src/install/diagnostic_msgs/include/diagnostic_msgs/diagnostic_msgs/msg/detail/diagnostic_array__struct.h
-- Installing: /home/hikari/ROScribe/ros_ws/src/install/diagnostic_msgs/include/diagnostic_msgs/diagnostic_msgs/msg/detail/diagnostic_array__type_support.h
-- Installing: /home/hikari/ROScribe/ros_ws/src/install/diagnostic_msgs/share/diagnostic_msgs/environment/library_path.sh
-- Installing: /home/hikari/ROScribe/ros_ws/src/install/diagnostic_msgs/share/diagnostic_msgs/environment/library_path.dsv
-- Installing: /home/hikari/ROScribe/ros_ws/src/install/diagnostic_msgs/lib/libdiagnostic_msgs__rosidl_generator_c.so
-- Set runtime path of "/home/hikari/ROScribe/ros_ws/src/install/diagnostic_msgs/lib/libdiagnostic_msgs__rosidl_generator_c.so" to ""
-- Up-to-date: /home/hikari/ROScribe/ros_ws/src/install/diagnostic_msgs/include/diagnostic_msgs/diagnostic_msgs
-- Up-to-date: /home/hikari/ROScribe/ros_ws/src/install/diagnostic_msgs/include/diagnostic_msgs/diagnostic_msgs/srv
-- Up-to-date: /home/hikari/ROScribe/ros_ws/src/install/diagnostic_msgs/include/diagnostic_msgs/diagnostic_msgs/srv/detail
-- Installing: /home/hikari/ROScribe/ros_ws/src/install/diagnostic_msgs/include/diagnostic_msgs/diagnostic_msgs/srv/detail/add_diagnostics__rosidl_typesupport_fastrtps_c.h
-- Installing: /home/hikari/ROScribe/ros_ws/src/install/diagnostic_msgs/include/diagnostic_msgs/diagnostic_msgs/srv/detail/self_test__rosidl_typesupport_fastrtps_c.h
-- Up-to-date: /home/hikari/ROScribe/ros_ws/src/install/diagnostic_msgs/include/diagnostic_msgs/diagnostic_msgs/msg
-- Installing: /home/hikari/ROScribe/ros_ws/src/install/diagnostic_msgs/include/diagnostic_msgs/diagnostic_msgs/msg/rosidl_typesupport_fastrtps_c__visibility_control.h
-- Up-to-date: /home/hikari/ROScribe/ros_ws/src/install/diagnostic_msgs/include/diagnostic_msgs/diagnostic_msgs/msg/detail
-- Installing: /home/hikari/ROScribe/ros_ws/src/install/diagnostic_msgs/include/diagnostic_msgs/diagnostic_msgs/msg/detail/diagnostic_array__rosidl_typesupport_fastrtps_c.h
-- Installing: /home/hikari/ROScribe/ros_ws/src/install/diagnostic_msgs/include/diagnostic_msgs/diagnostic_msgs/msg/detail/diagnostic_status__rosidl_typesupport_fastrtps_c.h
-- Installing: /home/hikari/ROScribe/ros_ws/src/install/diagnostic_msgs/include/diagnostic_msgs/diagnostic_msgs/msg/detail/key_value__rosidl_typesupport_fastrtps_c.h
-- Installing: /home/hikari/ROScribe/ros_ws/src/install/diagnostic_msgs/lib/libdiagnostic_msgs__rosidl_typesupport_fastrtps_c.so
-- Set runtime path of "/home/hikari/ROScribe/ros_ws/src/install/diagnostic_msgs/lib/libdiagnostic_msgs__rosidl_typesupport_fastrtps_c.so" to ""
-- Up-to-date: /home/hikari/ROScribe/ros_ws/src/install/diagnostic_msgs/include/diagnostic_msgs/diagnostic_msgs
-- Up-to-date: /home/hikari/ROScribe/ros_ws/src/install/diagnostic_msgs/include/diagnostic_msgs/diagnostic_msgs/srv
-- Up-to-date: /home/hikari/ROScribe/ros_ws/src/install/diagnostic_msgs/include/diagnostic_msgs/diagnostic_msgs/srv/detail
-- Installing: /home/hikari/ROScribe/ros_ws/src/install/diagnostic_msgs/include/diagnostic_msgs/diagnostic_msgs/srv/detail/self_test__rosidl_typesupport_introspection_c.h
-- Installing: /home/hikari/ROScribe/ros_ws/src/install/diagnostic_msgs/include/diagnostic_msgs/diagnostic_msgs/srv/detail/self_test__type_support.c
-- Installing: /home/hikari/ROScribe/ros_ws/src/install/diagnostic_msgs/include/diagnostic_msgs/diagnostic_msgs/srv/detail/add_diagnostics__rosidl_typesupport_introspection_c.h
-- Installing: /home/hikari/ROScribe/ros_ws/src/install/diagnostic_msgs/include/diagnostic_msgs/diagnostic_msgs/srv/detail/add_diagnostics__type_support.c
-- Up-to-date: /home/hikari/ROScribe/ros_ws/src/install/diagnostic_msgs/include/diagnostic_msgs/diagnostic_msgs/msg
-- Installing: /home/hikari/ROScribe/ros_ws/src/install/diagnostic_msgs/include/diagnostic_msgs/diagnostic_msgs/msg/rosidl_typesupport_introspection_c__visibility_control.h
-- Up-to-date: /home/hikari/ROScribe/ros_ws/src/install/diagnostic_msgs/include/diagnostic_msgs/diagnostic_msgs/msg/detail
-- Installing: /home/hikari/ROScribe/ros_ws/src/install/diagnostic_msgs/include/diagnostic_msgs/diagnostic_msgs/msg/detail/diagnostic_array__rosidl_typesupport_introspection_c.h
-- Installing: /home/hikari/ROScribe/ros_ws/src/install/diagnostic_msgs/include/diagnostic_msgs/diagnostic_msgs/msg/detail/diagnostic_array__type_support.c
-- Installing: /home/hikari/ROScribe/ros_ws/src/install/diagnostic_msgs/include/diagnostic_msgs/diagnostic_msgs/msg/detail/diagnostic_status__rosidl_typesupport_introspection_c.h
-- Installing: /home/hikari/ROScribe/ros_ws/src/install/diagnostic_msgs/include/diagnostic_msgs/diagnostic_msgs/msg/detail/diagnostic_status__type_support.c
-- Installing: /home/hikari/ROScribe/ros_ws/src/install/diagnostic_msgs/include/diagnostic_msgs/diagnostic_msgs/msg/detail/key_value__type_support.c
-- Installing: /home/hikari/ROScribe/ros_ws/src/install/diagnostic_msgs/include/diagnostic_msgs/diagnostic_msgs/msg/detail/key_value__rosidl_typesupport_introspection_c.h
-- Installing: /home/hikari/ROScribe/ros_ws/src/install/diagnostic_msgs/lib/libdiagnostic_msgs__rosidl_typesupport_introspection_c.so
-- Set runtime path of "/home/hikari/ROScribe/ros_ws/src/install/diagnostic_msgs/lib/libdiagnostic_msgs__rosidl_typesupport_introspection_c.so" to ""
-- Installing: /home/hikari/ROScribe/ros_ws/src/install/diagnostic_msgs/lib/libdiagnostic_msgs__rosidl_typesupport_c.so
-- Set runtime path of "/home/hikari/ROScribe/ros_ws/src/install/diagnostic_msgs/lib/libdiagnostic_msgs__rosidl_typesupport_c.so" to ""
-- Up-to-date: /home/hikari/ROScribe/ros_ws/src/install/diagnostic_msgs/include/diagnostic_msgs/diagnostic_msgs
-- Up-to-date: /home/hikari/ROScribe/ros_ws/src/install/diagnostic_msgs/include/diagnostic_msgs/diagnostic_msgs/srv
-- Installing: /home/hikari/ROScribe/ros_ws/src/install/diagnostic_msgs/include/diagnostic_msgs/diagnostic_msgs/srv/self_test.hpp
-- Up-to-date: /home/hikari/ROScribe/ros_ws/src/install/diagnostic_msgs/include/diagnostic_msgs/diagnostic_msgs/srv/detail
-- Installing: /home/hikari/ROScribe/ros_ws/src/install/diagnostic_msgs/include/diagnostic_msgs/diagnostic_msgs/srv/detail/self_test__traits.hpp
-- Installing: /home/hikari/ROScribe/ros_ws/src/install/diagnostic_msgs/include/diagnostic_msgs/diagnostic_msgs/srv/detail/add_diagnostics__traits.hpp
-- Installing: /home/hikari/ROScribe/ros_ws/src/install/diagnostic_msgs/include/diagnostic_msgs/diagnostic_msgs/srv/detail/self_test__struct.hpp
-- Installing: /home/hikari/ROScribe/ros_ws/src/install/diagnostic_msgs/include/diagnostic_msgs/diagnostic_msgs/srv/detail/add_diagnostics__builder.hpp
-- Installing: /home/hikari/ROScribe/ros_ws/src/install/diagnostic_msgs/include/diagnostic_msgs/diagnostic_msgs/srv/detail/self_test__builder.hpp
-- Installing: /home/hikari/ROScribe/ros_ws/src/install/diagnostic_msgs/include/diagnostic_msgs/diagnostic_msgs/srv/detail/add_diagnostics__struct.hpp
-- Installing: /home/hikari/ROScribe/ros_ws/src/install/diagnostic_msgs/include/diagnostic_msgs/diagnostic_msgs/srv/add_diagnostics.hpp
-- Up-to-date: /home/hikari/ROScribe/ros_ws/src/install/diagnostic_msgs/include/diagnostic_msgs/diagnostic_msgs/msg
-- Installing: /home/hikari/ROScribe/ros_ws/src/install/diagnostic_msgs/include/diagnostic_msgs/diagnostic_msgs/msg/diagnostic_array.hpp
-- Installing: /home/hikari/ROScribe/ros_ws/src/install/diagnostic_msgs/include/diagnostic_msgs/diagnostic_msgs/msg/key_value.hpp
-- Installing: /home/hikari/ROScribe/ros_ws/src/install/diagnostic_msgs/include/diagnostic_msgs/diagnostic_msgs/msg/diagnostic_status.hpp
-- Up-to-date: /home/hikari/ROScribe/ros_ws/src/install/diagnostic_msgs/include/diagnostic_msgs/diagnostic_msgs/msg/detail
-- Installing: /home/hikari/ROScribe/ros_ws/src/install/diagnostic_msgs/include/diagnostic_msgs/diagnostic_msgs/msg/detail/diagnostic_array__traits.hpp
-- Installing: /home/hikari/ROScribe/ros_ws/src/install/diagnostic_msgs/include/diagnostic_msgs/diagnostic_msgs/msg/detail/diagnostic_status__traits.hpp
-- Installing: /home/hikari/ROScribe/ros_ws/src/install/diagnostic_msgs/include/diagnostic_msgs/diagnostic_msgs/msg/detail/key_value__traits.hpp
-- Installing: /home/hikari/ROScribe/ros_ws/src/install/diagnostic_msgs/include/diagnostic_msgs/diagnostic_msgs/msg/detail/key_value__builder.hpp
-- Installing: /home/hikari/ROScribe/ros_ws/src/install/diagnostic_msgs/include/diagnostic_msgs/diagnostic_msgs/msg/detail/diagnostic_status__builder.hpp
-- Installing: /home/hikari/ROScribe/ros_ws/src/install/diagnostic_msgs/include/diagnostic_msgs/diagnostic_msgs/msg/detail/diagnostic_array__builder.hpp
-- Installing: /home/hikari/ROScribe/ros_ws/src/install/diagnostic_msgs/include/diagnostic_msgs/diagnostic_msgs/msg/detail/diagnostic_array__struct.hpp
-- Installing: /home/hikari/ROScribe/ros_ws/src/install/diagnostic_msgs/include/diagnostic_msgs/diagnostic_msgs/msg/detail/diagnostic_status__struct.hpp
-- Installing: /home/hikari/ROScribe/ros_ws/src/install/diagnostic_msgs/include/diagnostic_msgs/diagnostic_msgs/msg/detail/key_value__struct.hpp
-- Up-to-date: /home/hikari/ROScribe/ros_ws/src/install/diagnostic_msgs/include/diagnostic_msgs/diagnostic_msgs
-- Up-to-date: /home/hikari/ROScribe/ros_ws/src/install/diagnostic_msgs/include/diagnostic_msgs/diagnostic_msgs/srv
-- Up-to-date: /home/hikari/ROScribe/ros_ws/src/install/diagnostic_msgs/include/diagnostic_msgs/diagnostic_msgs/srv/detail
-- Installing: /home/hikari/ROScribe/ros_ws/src/install/diagnostic_msgs/include/diagnostic_msgs/diagnostic_msgs/srv/detail/dds_fastrtps
-- Installing: /home/hikari/ROScribe/ros_ws/src/install/diagnostic_msgs/include/diagnostic_msgs/diagnostic_msgs/srv/detail/add_diagnostics__rosidl_typesupport_fastrtps_cpp.hpp
-- Installing: /home/hikari/ROScribe/ros_ws/src/install/diagnostic_msgs/include/diagnostic_msgs/diagnostic_msgs/srv/detail/self_test__rosidl_typesupport_fastrtps_cpp.hpp
-- Up-to-date: /home/hikari/ROScribe/ros_ws/src/install/diagnostic_msgs/include/diagnostic_msgs/diagnostic_msgs/msg
-- Installing: /home/hikari/ROScribe/ros_ws/src/install/diagnostic_msgs/include/diagnostic_msgs/diagnostic_msgs/msg/rosidl_typesupport_fastrtps_cpp__visibility_control.h
-- Up-to-date: /home/hikari/ROScribe/ros_ws/src/install/diagnostic_msgs/include/diagnostic_msgs/diagnostic_msgs/msg/detail
-- Installing: /home/hikari/ROScribe/ros_ws/src/install/diagnostic_msgs/include/diagnostic_msgs/diagnostic_msgs/msg/detail/key_value__rosidl_typesupport_fastrtps_cpp.hpp
-- Installing: /home/hikari/ROScribe/ros_ws/src/install/diagnostic_msgs/include/diagnostic_msgs/diagnostic_msgs/msg/detail/diagnostic_array__rosidl_typesupport_fastrtps_cpp.hpp
-- Installing: /home/hikari/ROScribe/ros_ws/src/install/diagnostic_msgs/include/diagnostic_msgs/diagnostic_msgs/msg/detail/dds_fastrtps
-- Installing: /home/hikari/ROScribe/ros_ws/src/install/diagnostic_msgs/include/diagnostic_msgs/diagnostic_msgs/msg/detail/diagnostic_status__rosidl_typesupport_fastrtps_cpp.hpp
-- Installing: /home/hikari/ROScribe/ros_ws/src/install/diagnostic_msgs/lib/libdiagnostic_msgs__rosidl_typesupport_fastrtps_cpp.so
-- Set runtime path of "/home/hikari/ROScribe/ros_ws/src/install/diagnostic_msgs/lib/libdiagnostic_msgs__rosidl_typesupport_fastrtps_cpp.so" to ""
-- Up-to-date: /home/hikari/ROScribe/ros_ws/src/install/diagnostic_msgs/include/diagnostic_msgs/diagnostic_msgs
-- Up-to-date: /home/hikari/ROScribe/ros_ws/src/install/diagnostic_msgs/include/diagnostic_msgs/diagnostic_msgs/srv
-- Up-to-date: /home/hikari/ROScribe/ros_ws/src/install/diagnostic_msgs/include/diagnostic_msgs/diagnostic_msgs/srv/detail
-- Installing: /home/hikari/ROScribe/ros_ws/src/install/diagnostic_msgs/include/diagnostic_msgs/diagnostic_msgs/srv/detail/self_test__rosidl_typesupport_introspection_cpp.hpp
-- Installing: /home/hikari/ROScribe/ros_ws/src/install/diagnostic_msgs/include/diagnostic_msgs/diagnostic_msgs/srv/detail/self_test__type_support.cpp
-- Installing: /home/hikari/ROScribe/ros_ws/src/install/diagnostic_msgs/include/diagnostic_msgs/diagnostic_msgs/srv/detail/add_diagnostics__rosidl_typesupport_introspection_cpp.hpp
-- Installing: /home/hikari/ROScribe/ros_ws/src/install/diagnostic_msgs/include/diagnostic_msgs/diagnostic_msgs/srv/detail/add_diagnostics__type_support.cpp
-- Up-to-date: /home/hikari/ROScribe/ros_ws/src/install/diagnostic_msgs/include/diagnostic_msgs/diagnostic_msgs/msg
-- Up-to-date: /home/hikari/ROScribe/ros_ws/src/install/diagnostic_msgs/include/diagnostic_msgs/diagnostic_msgs/msg/detail
-- Installing: /home/hikari/ROScribe/ros_ws/src/install/diagnostic_msgs/include/diagnostic_msgs/diagnostic_msgs/msg/detail/key_value__type_support.cpp
-- Installing: /home/hikari/ROScribe/ros_ws/src/install/diagnostic_msgs/include/diagnostic_msgs/diagnostic_msgs/msg/detail/key_value__rosidl_typesupport_introspection_cpp.hpp
-- Installing: /home/hikari/ROScribe/ros_ws/src/install/diagnostic_msgs/include/diagnostic_msgs/diagnostic_msgs/msg/detail/diagnostic_status__type_support.cpp
-- Installing: /home/hikari/ROScribe/ros_ws/src/install/diagnostic_msgs/include/diagnostic_msgs/diagnostic_msgs/msg/detail/diagnostic_array__type_support.cpp
-- Installing: /home/hikari/ROScribe/ros_ws/src/install/diagnostic_msgs/include/diagnostic_msgs/diagnostic_msgs/msg/detail/diagnostic_array__rosidl_typesupport_introspection_cpp.hpp
-- Installing: /home/hikari/ROScribe/ros_ws/src/install/diagnostic_msgs/include/diagnostic_msgs/diagnostic_msgs/msg/detail/diagnostic_status__rosidl_typesupport_introspection_cpp.hpp
-- Installing: /home/hikari/ROScribe/ros_ws/src/install/diagnostic_msgs/lib/libdiagnostic_msgs__rosidl_typesupport_introspection_cpp.so
-- Set runtime path of "/home/hikari/ROScribe/ros_ws/src/install/diagnostic_msgs/lib/libdiagnostic_msgs__rosidl_typesupport_introspection_cpp.so" to ""
-- Installing: /home/hikari/ROScribe/ros_ws/src/install/diagnostic_msgs/lib/libdiagnostic_msgs__rosidl_typesupport_cpp.so
-- Set runtime path of "/home/hikari/ROScribe/ros_ws/src/install/diagnostic_msgs/lib/libdiagnostic_msgs__rosidl_typesupport_cpp.so" to ""
-- Installing: /home/hikari/ROScribe/ros_ws/src/install/diagnostic_msgs/share/ament_index/resource_index/rust_packages/diagnostic_msgs
-- Installing: /home/hikari/ROScribe/ros_ws/src/install/diagnostic_msgs/share/diagnostic_msgs/rust
-- Installing: /home/hikari/ROScribe/ros_ws/src/install/diagnostic_msgs/share/diagnostic_msgs/rust/src
-- Installing: /home/hikari/ROScribe/ros_ws/src/install/diagnostic_msgs/share/diagnostic_msgs/rust/src/msg.rs
-- Installing: /home/hikari/ROScribe/ros_ws/src/install/diagnostic_msgs/share/diagnostic_msgs/rust/src/srv.rs
-- Installing: /home/hikari/ROScribe/ros_ws/src/install/diagnostic_msgs/share/diagnostic_msgs/rust/src/lib.rs
-- Installing: /home/hikari/ROScribe/ros_ws/src/install/diagnostic_msgs/share/diagnostic_msgs/rust/Cargo.toml
-- Installing: /home/hikari/ROScribe/ros_ws/src/install/diagnostic_msgs/share/diagnostic_msgs/rust/build.rs
-- Up-to-date: /home/hikari/ROScribe/ros_ws/src/install/diagnostic_msgs/share/diagnostic_msgs/rust
-- Up-to-date: /home/hikari/ROScribe/ros_ws/src/install/diagnostic_msgs/share/diagnostic_msgs/rust/src
-- Up-to-date: /home/hikari/ROScribe/ros_ws/src/install/diagnostic_msgs/share/diagnostic_msgs/rust/src/msg.rs
-- Up-to-date: /home/hikari/ROScribe/ros_ws/src/install/diagnostic_msgs/share/diagnostic_msgs/rust/src/srv.rs
-- Up-to-date: /home/hikari/ROScribe/ros_ws/src/install/diagnostic_msgs/share/diagnostic_msgs/rust/src/lib.rs
-- Up-to-date: /home/hikari/ROScribe/ros_ws/src/install/diagnostic_msgs/share/diagnostic_msgs/rust/Cargo.toml
-- Up-to-date: /home/hikari/ROScribe/ros_ws/src/install/diagnostic_msgs/share/diagnostic_msgs/rust/build.rs
-- Up-to-date: /home/hikari/ROScribe/ros_ws/src/install/diagnostic_msgs/share/diagnostic_msgs/rust
-- Up-to-date: /home/hikari/ROScribe/ros_ws/src/install/diagnostic_msgs/share/diagnostic_msgs/rust/src
-- Up-to-date: /home/hikari/ROScribe/ros_ws/src/install/diagnostic_msgs/share/diagnostic_msgs/rust/src/msg.rs
-- Up-to-date: /home/hikari/ROScribe/ros_ws/src/install/diagnostic_msgs/share/diagnostic_msgs/rust/src/srv.rs
-- Up-to-date: /home/hikari/ROScribe/ros_ws/src/install/diagnostic_msgs/share/diagnostic_msgs/rust/src/lib.rs
-- Up-to-date: /home/hikari/ROScribe/ros_ws/src/install/diagnostic_msgs/share/diagnostic_msgs/rust/Cargo.toml
-- Up-to-date: /home/hikari/ROScribe/ros_ws/src/install/diagnostic_msgs/share/diagnostic_msgs/rust/build.rs
-- Installing: /home/hikari/ROScribe/ros_ws/src/install/diagnostic_msgs/share/diagnostic_msgs/environment/pythonpath.sh
-- Installing: /home/hikari/ROScribe/ros_ws/src/install/diagnostic_msgs/share/diagnostic_msgs/environment/pythonpath.dsv
-- Installing: /home/hikari/ROScribe/ros_ws/src/install/diagnostic_msgs/local/lib/python3.10/dist-packages/diagnostic_msgs-4.2.3-py3.10.egg-info
-- Installing: /home/hikari/ROScribe/ros_ws/src/install/diagnostic_msgs/local/lib/python3.10/dist-packages/diagnostic_msgs-4.2.3-py3.10.egg-info/top_level.txt
-- Installing: /home/hikari/ROScribe/ros_ws/src/install/diagnostic_msgs/local/lib/python3.10/dist-packages/diagnostic_msgs-4.2.3-py3.10.egg-info/dependency_links.txt
-- Installing: /home/hikari/ROScribe/ros_ws/src/install/diagnostic_msgs/local/lib/python3.10/dist-packages/diagnostic_msgs-4.2.3-py3.10.egg-info/SOURCES.txt
-- Installing: /home/hikari/ROScribe/ros_ws/src/install/diagnostic_msgs/local/lib/python3.10/dist-packages/diagnostic_msgs-4.2.3-py3.10.egg-info/PKG-INFO
-- Installing: /home/hikari/ROScribe/ros_ws/src/install/diagnostic_msgs/local/lib/python3.10/dist-packages/diagnostic_msgs
-- Installing: /home/hikari/ROScribe/ros_ws/src/install/diagnostic_msgs/local/lib/python3.10/dist-packages/diagnostic_msgs/srv
-- Installing: /home/hikari/ROScribe/ros_ws/src/install/diagnostic_msgs/local/lib/python3.10/dist-packages/diagnostic_msgs/srv/_add_diagnostics.py
-- Installing: /home/hikari/ROScribe/ros_ws/src/install/diagnostic_msgs/local/lib/python3.10/dist-packages/diagnostic_msgs/srv/__init__.py
-- Installing: /home/hikari/ROScribe/ros_ws/src/install/diagnostic_msgs/local/lib/python3.10/dist-packages/diagnostic_msgs/srv/_self_test_s.c
-- Installing: /home/hikari/ROScribe/ros_ws/src/install/diagnostic_msgs/local/lib/python3.10/dist-packages/diagnostic_msgs/srv/_add_diagnostics_s.c
-- Installing: /home/hikari/ROScribe/ros_ws/src/install/diagnostic_msgs/local/lib/python3.10/dist-packages/diagnostic_msgs/srv/_self_test.py
-- Installing: /home/hikari/ROScribe/ros_ws/src/install/diagnostic_msgs/local/lib/python3.10/dist-packages/diagnostic_msgs/diagnostic_msgs_s__rosidl_typesupport_introspection_c.cpython-310-x86_64-linux-gnu.so
-- Installing: /home/hikari/ROScribe/ros_ws/src/install/diagnostic_msgs/local/lib/python3.10/dist-packages/diagnostic_msgs/_diagnostic_msgs_s.ep.rosidl_typesupport_introspection_c.c
-- Installing: /home/hikari/ROScribe/ros_ws/src/install/diagnostic_msgs/local/lib/python3.10/dist-packages/diagnostic_msgs/diagnostic_msgs_s__rosidl_typesupport_c.cpython-310-x86_64-linux-gnu.so
-- Installing: /home/hikari/ROScribe/ros_ws/src/install/diagnostic_msgs/local/lib/python3.10/dist-packages/diagnostic_msgs/msg
-- Installing: /home/hikari/ROScribe/ros_ws/src/install/diagnostic_msgs/local/lib/python3.10/dist-packages/diagnostic_msgs/msg/_key_value.py
-- Installing: /home/hikari/ROScribe/ros_ws/src/install/diagnostic_msgs/local/lib/python3.10/dist-packages/diagnostic_msgs/msg/_diagnostic_array.py
-- Installing: /home/hikari/ROScribe/ros_ws/src/install/diagnostic_msgs/local/lib/python3.10/dist-packages/diagnostic_msgs/msg/_diagnostic_status.py
-- Installing: /home/hikari/ROScribe/ros_ws/src/install/diagnostic_msgs/local/lib/python3.10/dist-packages/diagnostic_msgs/msg/_diagnostic_array_s.c
-- Installing: /home/hikari/ROScribe/ros_ws/src/install/diagnostic_msgs/local/lib/python3.10/dist-packages/diagnostic_msgs/msg/_key_value_s.c
-- Installing: /home/hikari/ROScribe/ros_ws/src/install/diagnostic_msgs/local/lib/python3.10/dist-packages/diagnostic_msgs/msg/__init__.py
-- Installing: /home/hikari/ROScribe/ros_ws/src/install/diagnostic_msgs/local/lib/python3.10/dist-packages/diagnostic_msgs/msg/_diagnostic_status_s.c
-- Installing: /home/hikari/ROScribe/ros_ws/src/install/diagnostic_msgs/local/lib/python3.10/dist-packages/diagnostic_msgs/_diagnostic_msgs_s.ep.rosidl_typesupport_fastrtps_c.c
-- Installing: /home/hikari/ROScribe/ros_ws/src/install/diagnostic_msgs/local/lib/python3.10/dist-packages/diagnostic_msgs/libdiagnostic_msgs__rosidl_generator_py.so
-- Installing: /home/hikari/ROScribe/ros_ws/src/install/diagnostic_msgs/local/lib/python3.10/dist-packages/diagnostic_msgs/diagnostic_msgs_s__rosidl_typesupport_fastrtps_c.cpython-310-x86_64-linux-gnu.so
-- Installing: /home/hikari/ROScribe/ros_ws/src/install/diagnostic_msgs/local/lib/python3.10/dist-packages/diagnostic_msgs/_diagnostic_msgs_s.ep.rosidl_typesupport_c.c
-- Installing: /home/hikari/ROScribe/ros_ws/src/install/diagnostic_msgs/local/lib/python3.10/dist-packages/diagnostic_msgs/__init__.py
Listing '/home/hikari/ROScribe/ros_ws/src/install/diagnostic_msgs/local/lib/python3.10/dist-packages/diagnostic_msgs'...
Compiling '/home/hikari/ROScribe/ros_ws/src/install/diagnostic_msgs/local/lib/python3.10/dist-packages/diagnostic_msgs/__init__.py'...
Listing '/home/hikari/ROScribe/ros_ws/src/install/diagnostic_msgs/local/lib/python3.10/dist-packages/diagnostic_msgs/msg'...
Compiling '/home/hikari/ROScribe/ros_ws/src/install/diagnostic_msgs/local/lib/python3.10/dist-packages/diagnostic_msgs/msg/__init__.py'...
Compiling '/home/hikari/ROScribe/ros_ws/src/install/diagnostic_msgs/local/lib/python3.10/dist-packages/diagnostic_msgs/msg/_diagnostic_array.py'...
Compiling '/home/hikari/ROScribe/ros_ws/src/install/diagnostic_msgs/local/lib/python3.10/dist-packages/diagnostic_msgs/msg/_diagnostic_status.py'...
Compiling '/home/hikari/ROScribe/ros_ws/src/install/diagnostic_msgs/local/lib/python3.10/dist-packages/diagnostic_msgs/msg/_key_value.py'...
Listing '/home/hikari/ROScribe/ros_ws/src/install/diagnostic_msgs/local/lib/python3.10/dist-packages/diagnostic_msgs/srv'...
Compiling '/home/hikari/ROScribe/ros_ws/src/install/diagnostic_msgs/local/lib/python3.10/dist-packages/diagnostic_msgs/srv/__init__.py'...
Compiling '/home/hikari/ROScribe/ros_ws/src/install/diagnostic_msgs/local/lib/python3.10/dist-packages/diagnostic_msgs/srv/_add_diagnostics.py'...
Compiling '/home/hikari/ROScribe/ros_ws/src/install/diagnostic_msgs/local/lib/python3.10/dist-packages/diagnostic_msgs/srv/_self_test.py'...
-- Installing: /home/hikari/ROScribe/ros_ws/src/install/diagnostic_msgs/local/lib/python3.10/dist-packages/diagnostic_msgs/diagnostic_msgs_s__rosidl_typesupport_fastrtps_c.cpython-310-x86_64-linux-gnu.so
-- Set runtime path of "/home/hikari/ROScribe/ros_ws/src/install/diagnostic_msgs/local/lib/python3.10/dist-packages/diagnostic_msgs/diagnostic_msgs_s__rosidl_typesupport_fastrtps_c.cpython-310-x86_64-linux-gnu.so" to ""
-- Installing: /home/hikari/ROScribe/ros_ws/src/install/diagnostic_msgs/local/lib/python3.10/dist-packages/diagnostic_msgs/diagnostic_msgs_s__rosidl_typesupport_introspection_c.cpython-310-x86_64-linux-gnu.so
-- Set runtime path of "/home/hikari/ROScribe/ros_ws/src/install/diagnostic_msgs/local/lib/python3.10/dist-packages/diagnostic_msgs/diagnostic_msgs_s__rosidl_typesupport_introspection_c.cpython-310-x86_64-linux-gnu.so" to ""
-- Installing: /home/hikari/ROScribe/ros_ws/src/install/diagnostic_msgs/local/lib/python3.10/dist-packages/diagnostic_msgs/diagnostic_msgs_s__rosidl_typesupport_c.cpython-310-x86_64-linux-gnu.so
-- Set runtime path of "/home/hikari/ROScribe/ros_ws/src/install/diagnostic_msgs/local/lib/python3.10/dist-packages/diagnostic_msgs/diagnostic_msgs_s__rosidl_typesupport_c.cpython-310-x86_64-linux-gnu.so" to ""
-- Installing: /home/hikari/ROScribe/ros_ws/src/install/diagnostic_msgs/lib/libdiagnostic_msgs__rosidl_generator_py.so
-- Set runtime path of "/home/hikari/ROScribe/ros_ws/src/install/diagnostic_msgs/lib/libdiagnostic_msgs__rosidl_generator_py.so" to ""
-- Installing: /home/hikari/ROScribe/ros_ws/src/install/diagnostic_msgs/share/diagnostic_msgs/msg/DiagnosticArray.idl
-- Installing: /home/hikari/ROScribe/ros_ws/src/install/diagnostic_msgs/share/diagnostic_msgs/msg/DiagnosticStatus.idl
-- Installing: /home/hikari/ROScribe/ros_ws/src/install/diagnostic_msgs/share/diagnostic_msgs/msg/KeyValue.idl
-- Installing: /home/hikari/ROScribe/ros_ws/src/install/diagnostic_msgs/share/diagnostic_msgs/srv/AddDiagnostics.idl
-- Installing: /home/hikari/ROScribe/ros_ws/src/install/diagnostic_msgs/share/diagnostic_msgs/srv/SelfTest.idl
-- Installing: /home/hikari/ROScribe/ros_ws/src/install/diagnostic_msgs/share/diagnostic_msgs/msg/DiagnosticArray.msg
-- Installing: /home/hikari/ROScribe/ros_ws/src/install/diagnostic_msgs/share/diagnostic_msgs/msg/DiagnosticStatus.msg
-- Installing: /home/hikari/ROScribe/ros_ws/src/install/diagnostic_msgs/share/diagnostic_msgs/msg/KeyValue.msg
-- Installing: /home/hikari/ROScribe/ros_ws/src/install/diagnostic_msgs/share/diagnostic_msgs/srv/AddDiagnostics.srv
-- Installing: /home/hikari/ROScribe/ros_ws/src/install/diagnostic_msgs/share/diagnostic_msgs/srv/AddDiagnostics_Request.msg
-- Installing: /home/hikari/ROScribe/ros_ws/src/install/diagnostic_msgs/share/diagnostic_msgs/srv/AddDiagnostics_Response.msg
-- Installing: /home/hikari/ROScribe/ros_ws/src/install/diagnostic_msgs/share/diagnostic_msgs/srv/SelfTest.srv
-- Installing: /home/hikari/ROScribe/ros_ws/src/install/diagnostic_msgs/share/diagnostic_msgs/srv/SelfTest_Request.msg
-- Installing: /home/hikari/ROScribe/ros_ws/src/install/diagnostic_msgs/share/diagnostic_msgs/srv/SelfTest_Response.msg
-- Installing: /home/hikari/ROScribe/ros_ws/src/install/diagnostic_msgs/share/ament_index/resource_index/package_run_dependencies/diagnostic_msgs
-- Installing: /home/hikari/ROScribe/ros_ws/src/install/diagnostic_msgs/share/ament_index/resource_index/parent_prefix_path/diagnostic_msgs
-- Installing: /home/hikari/ROScribe/ros_ws/src/install/diagnostic_msgs/share/diagnostic_msgs/environment/ament_prefix_path.sh
-- Installing: /home/hikari/ROScribe/ros_ws/src/install/diagnostic_msgs/share/diagnostic_msgs/environment/ament_prefix_path.dsv
-- Installing: /home/hikari/ROScribe/ros_ws/src/install/diagnostic_msgs/share/diagnostic_msgs/environment/path.sh
-- Installing: /home/hikari/ROScribe/ros_ws/src/install/diagnostic_msgs/share/diagnostic_msgs/environment/path.dsv
-- Installing: /home/hikari/ROScribe/ros_ws/src/install/diagnostic_msgs/share/diagnostic_msgs/local_setup.bash
-- Installing: /home/hikari/ROScribe/ros_ws/src/install/diagnostic_msgs/share/diagnostic_msgs/local_setup.sh
-- Installing: /home/hikari/ROScribe/ros_ws/src/install/diagnostic_msgs/share/diagnostic_msgs/local_setup.zsh
-- Installing: /home/hikari/ROScribe/ros_ws/src/install/diagnostic_msgs/share/diagnostic_msgs/local_setup.dsv
-- Installing: /home/hikari/ROScribe/ros_ws/src/install/diagnostic_msgs/share/diagnostic_msgs/package.dsv
-- Installing: /home/hikari/ROScribe/ros_ws/src/install/diagnostic_msgs/share/ament_index/resource_index/packages/diagnostic_msgs
-- Installing: /home/hikari/ROScribe/ros_ws/src/install/diagnostic_msgs/share/diagnostic_msgs/cmake/export_diagnostic_msgs__rosidl_generator_cExport.cmake
-- Installing: /home/hikari/ROScribe/ros_ws/src/install/diagnostic_msgs/share/diagnostic_msgs/cmake/export_diagnostic_msgs__rosidl_generator_cExport-noconfig.cmake
-- Installing: /home/hikari/ROScribe/ros_ws/src/install/diagnostic_msgs/share/diagnostic_msgs/cmake/export_diagnostic_msgs__rosidl_typesupport_fastrtps_cExport.cmake
-- Installing: /home/hikari/ROScribe/ros_ws/src/install/diagnostic_msgs/share/diagnostic_msgs/cmake/export_diagnostic_msgs__rosidl_typesupport_fastrtps_cExport-noconfig.cmake
-- Installing: /home/hikari/ROScribe/ros_ws/src/install/diagnostic_msgs/share/diagnostic_msgs/cmake/diagnostic_msgs__rosidl_typesupport_introspection_cExport.cmake
-- Installing: /home/hikari/ROScribe/ros_ws/src/install/diagnostic_msgs/share/diagnostic_msgs/cmake/diagnostic_msgs__rosidl_typesupport_introspection_cExport-noconfig.cmake
-- Installing: /home/hikari/ROScribe/ros_ws/src/install/diagnostic_msgs/share/diagnostic_msgs/cmake/diagnostic_msgs__rosidl_typesupport_cExport.cmake
-- Installing: /home/hikari/ROScribe/ros_ws/src/install/diagnostic_msgs/share/diagnostic_msgs/cmake/diagnostic_msgs__rosidl_typesupport_cExport-noconfig.cmake
-- Installing: /home/hikari/ROScribe/ros_ws/src/install/diagnostic_msgs/share/diagnostic_msgs/cmake/export_diagnostic_msgs__rosidl_generator_cppExport.cmake
-- Installing: /home/hikari/ROScribe/ros_ws/src/install/diagnostic_msgs/share/diagnostic_msgs/cmake/export_diagnostic_msgs__rosidl_typesupport_fastrtps_cppExport.cmake
-- Installing: /home/hikari/ROScribe/ros_ws/src/install/diagnostic_msgs/share/diagnostic_msgs/cmake/export_diagnostic_msgs__rosidl_typesupport_fastrtps_cppExport-noconfig.cmake
-- Installing: /home/hikari/ROScribe/ros_ws/src/install/diagnostic_msgs/share/diagnostic_msgs/cmake/diagnostic_msgs__rosidl_typesupport_introspection_cppExport.cmake
-- Installing: /home/hikari/ROScribe/ros_ws/src/install/diagnostic_msgs/share/diagnostic_msgs/cmake/diagnostic_msgs__rosidl_typesupport_introspection_cppExport-noconfig.cmake
-- Installing: /home/hikari/ROScribe/ros_ws/src/install/diagnostic_msgs/share/diagnostic_msgs/cmake/diagnostic_msgs__rosidl_typesupport_cppExport.cmake
-- Installing: /home/hikari/ROScribe/ros_ws/src/install/diagnostic_msgs/share/diagnostic_msgs/cmake/diagnostic_msgs__rosidl_typesupport_cppExport-noconfig.cmake
-- Installing: /home/hikari/ROScribe/ros_ws/src/install/diagnostic_msgs/share/diagnostic_msgs/cmake/export_diagnostic_msgs__rosidl_generator_pyExport.cmake
-- Installing: /home/hikari/ROScribe/ros_ws/src/install/diagnostic_msgs/share/diagnostic_msgs/cmake/export_diagnostic_msgs__rosidl_generator_pyExport-noconfig.cmake
-- Installing: /home/hikari/ROScribe/ros_ws/src/install/diagnostic_msgs/share/diagnostic_msgs/cmake/rosidl_cmake-extras.cmake
-- Installing: /home/hikari/ROScribe/ros_ws/src/install/diagnostic_msgs/share/diagnostic_msgs/cmake/ament_cmake_export_dependencies-extras.cmake
-- Installing: /home/hikari/ROScribe/ros_ws/src/install/diagnostic_msgs/share/diagnostic_msgs/cmake/ament_cmake_export_include_directories-extras.cmake
-- Installing: /home/hikari/ROScribe/ros_ws/src/install/diagnostic_msgs/share/diagnostic_msgs/cmake/ament_cmake_export_libraries-extras.cmake
-- Installing: /home/hikari/ROScribe/ros_ws/src/install/diagnostic_msgs/share/diagnostic_msgs/cmake/ament_cmake_export_targets-extras.cmake
-- Installing: /home/hikari/ROScribe/ros_ws/src/install/diagnostic_msgs/share/diagnostic_msgs/cmake/rosidl_cmake_export_typesupport_targets-extras.cmake
-- Installing: /home/hikari/ROScribe/ros_ws/src/install/diagnostic_msgs/share/diagnostic_msgs/cmake/rosidl_cmake_export_typesupport_libraries-extras.cmake
-- Installing: /home/hikari/ROScribe/ros_ws/src/install/diagnostic_msgs/share/diagnostic_msgs/cmake/diagnostic_msgsConfig.cmake
-- Installing: /home/hikari/ROScribe/ros_ws/src/install/diagnostic_msgs/share/diagnostic_msgs/cmake/diagnostic_msgsConfig-version.cmake
-- Installing: /home/hikari/ROScribe/ros_ws/src/install/diagnostic_msgs/share/diagnostic_msgs/package.xml
