[0.481s] Invoking command in '/home/hikari/ROScribe/ros_ws/src/build/diagnostic_msgs': AMENT_PREFIX_PATH=/home/hikari/ROScribe/ros_ws/src/install/geometry_msgs:/home/hikari/ROScribe/ros_ws/src/install/std_msgs:/home/hikari/ROScribe/ros_ws/src/install/builtin_interfaces:/home/hikari/ROScribe/ros_ws/src/install/rosidl_default_runtime:/home/hikari/ROScribe/ros_ws/src/install/rosidl_default_generators:/home/hikari/ROScribe/ros_ws/src/install/rosidl_generator_rs:/home/hikari/ROScribe/ros_ws/src/install/rosidl_runtime_rs:${AMENT_PREFIX_PATH} CMAKE_PREFIX_PATH=/home/hikari/ROScribe/ros_ws/src/install/geometry_msgs:/home/hikari/ROScribe/ros_ws/src/install/std_msgs:/home/hikari/ROScribe/ros_ws/src/install/builtin_interfaces:/home/hikari/ROScribe/ros_ws/src/install/rosidl_default_runtime:/home/hikari/ROScribe/ros_ws/src/install/rosidl_default_generators:/home/hikari/ROScribe/ros_ws/src/install/rosidl_generator_rs:/opt/ros/humble LD_LIBRARY_PATH=/home/hikari/ROScribe/ros_ws/src/install/geometry_msgs/lib:/home/hikari/ROScribe/ros_ws/src/install/std_msgs/lib:/home/hikari/ROScribe/ros_ws/src/install/builtin_interfaces/lib:${LD_LIBRARY_PATH} PYTHONPATH=/home/hikari/ROScribe/ros_ws/src/install/geometry_msgs/local/lib/python3.10/dist-packages:/home/hikari/ROScribe/ros_ws/src/install/std_msgs/local/lib/python3.10/dist-packages:/home/hikari/ROScribe/ros_ws/src/install/builtin_interfaces/local/lib/python3.10/dist-packages:/home/hikari/ROScribe/ros_ws/src/install/rosidl_generator_rs/local/lib/python3.10/dist-packages:${PYTHONPATH} /usr/local/bin/cmake /home/hikari/ROScribe/ros_ws/src/ros2/common_interfaces/diagnostic_msgs -DCMAKE_INSTALL_PREFIX=/home/hikari/ROScribe/ros_ws/src/install/diagnostic_msgs
[0.672s] -- The C compiler identification is GNU 11.4.0
[0.891s] -- The CXX compiler identification is GNU 11.4.0
[1.018s] -- Detecting C compiler ABI info
[1.162s] -- Detecting C compiler ABI info - done
[1.187s] -- Check for working C compiler: /usr/lib/ccache/cc - skipped
[1.187s] -- Detecting C compile features
[1.188s] -- Detecting C compile features - done
[1.196s] -- Detecting CXX compiler ABI info
[1.325s] -- Detecting CXX compiler ABI info - done
[1.355s] -- Check for working CXX compiler: /usr/lib/ccache/c++ - skipped
[1.356s] -- Detecting CXX compile features
[1.357s] -- Detecting CXX compile features - done
[1.382s] -- Found ament_cmake: 1.3.5 (/opt/ros/humble/share/ament_cmake/cmake)
[4.171s] -- Found Python3: /usr/bin/python3.10 (found version "3.10.12") found components: Interpreter 
[4.461s] -- Found rosidl_default_generators: 1.2.0 (/home/hikari/ROScribe/ros_ws/src/install/rosidl_default_generators/share/rosidl_default_generators/cmake)
[4.484s] -- Using all available rosidl_typesupport_c: rosidl_typesupport_fastrtps_c;rosidl_typesupport_introspection_c
[4.518s] -- Found rosidl_adapter: 3.1.5 (/opt/ros/humble/share/rosidl_adapter/cmake)
[4.747s] -- Using all available rosidl_typesupport_cpp: rosidl_typesupport_fastrtps_cpp;rosidl_typesupport_introspection_cpp
[4.870s] -- Found std_msgs: 4.2.3 (/home/hikari/ROScribe/ros_ws/src/install/std_msgs/share/std_msgs/cmake)
[5.791s] -- Found ament_cmake_cppcheck: 0.12.8 (/opt/ros/humble/share/ament_cmake_cppcheck/cmake)
[5.796s] -- Found ament_cmake_cpplint: 0.12.8 (/opt/ros/humble/share/ament_cmake_cpplint/cmake)
[5.801s] -- Found ament_cmake_uncrustify: 0.12.8 (/opt/ros/humble/share/ament_cmake_uncrustify/cmake)
[5.809s] -- Found ament_cmake_ros: 0.10.0 (/opt/ros/humble/share/ament_cmake_ros/cmake)
[6.233s] -- Using all available rosidl_typesupport_c: rosidl_typesupport_fastrtps_c;rosidl_typesupport_introspection_c
[6.769s] -- Using all available rosidl_typesupport_cpp: rosidl_typesupport_fastrtps_cpp;rosidl_typesupport_introspection_cpp
[6.777s] -- Found rmw_implementation_cmake: 6.1.1 (/opt/ros/humble/share/rmw_implementation_cmake/cmake)
[7.789s] -- Found OpenSSL: /usr/lib/x86_64-linux-gnu/libcrypto.so (found version "3.0.2")  
[8.545s] -- Found FastRTPS: /opt/ros/humble/include  
[10.045s] -- Found PythonInterp: /usr/bin/python3 (found suitable version "3.10.12", minimum required is "3.6") 
[10.050s] -- Found python_cmake_module: 0.10.0 (/opt/ros/humble/share/python_cmake_module/cmake)
[10.218s] -- Found PythonLibs: /usr/lib/x86_64-linux-gnu/libpython3.10.so (found suitable version "3.10.12", minimum required is "3.5") 
[10.219s] -- Using PYTHON_EXECUTABLE: /usr/bin/python3
[10.219s] -- Using PYTHON_INCLUDE_DIRS: /usr/include/python3.10
[10.219s] -- Using PYTHON_LIBRARIES: /usr/lib/x86_64-linux-gnu/libpython3.10.so
[10.295s] -- Found PythonExtra: .so  
[10.486s] -- Found ament_cmake_flake8: 0.12.8 (/opt/ros/humble/share/ament_cmake_flake8/cmake)
[10.492s] -- Found ament_cmake_pep257: 0.12.8 (/opt/ros/humble/share/ament_cmake_pep257/cmake)
[10.517s] -- Configuring done
[10.662s] -- Generating done
[10.671s] -- Build files have been written to: /home/hikari/ROScribe/ros_ws/src/build/diagnostic_msgs
[10.705s] Invoked command in '/home/hikari/ROScribe/ros_ws/src/build/diagnostic_msgs' returned '0': AMENT_PREFIX_PATH=/home/hikari/ROScribe/ros_ws/src/install/geometry_msgs:/home/hikari/ROScribe/ros_ws/src/install/std_msgs:/home/hikari/ROScribe/ros_ws/src/install/builtin_interfaces:/home/hikari/ROScribe/ros_ws/src/install/rosidl_default_runtime:/home/hikari/ROScribe/ros_ws/src/install/rosidl_default_generators:/home/hikari/ROScribe/ros_ws/src/install/rosidl_generator_rs:/home/hikari/ROScribe/ros_ws/src/install/rosidl_runtime_rs:${AMENT_PREFIX_PATH} CMAKE_PREFIX_PATH=/home/hikari/ROScribe/ros_ws/src/install/geometry_msgs:/home/hikari/ROScribe/ros_ws/src/install/std_msgs:/home/hikari/ROScribe/ros_ws/src/install/builtin_interfaces:/home/hikari/ROScribe/ros_ws/src/install/rosidl_default_runtime:/home/hikari/ROScribe/ros_ws/src/install/rosidl_default_generators:/home/hikari/ROScribe/ros_ws/src/install/rosidl_generator_rs:/opt/ros/humble LD_LIBRARY_PATH=/home/hikari/ROScribe/ros_ws/src/install/geometry_msgs/lib:/home/hikari/ROScribe/ros_ws/src/install/std_msgs/lib:/home/hikari/ROScribe/ros_ws/src/install/builtin_interfaces/lib:${LD_LIBRARY_PATH} PYTHONPATH=/home/hikari/ROScribe/ros_ws/src/install/geometry_msgs/local/lib/python3.10/dist-packages:/home/hikari/ROScribe/ros_ws/src/install/std_msgs/local/lib/python3.10/dist-packages:/home/hikari/ROScribe/ros_ws/src/install/builtin_interfaces/local/lib/python3.10/dist-packages:/home/hikari/ROScribe/ros_ws/src/install/rosidl_generator_rs/local/lib/python3.10/dist-packages:${PYTHONPATH} /usr/local/bin/cmake /home/hikari/ROScribe/ros_ws/src/ros2/common_interfaces/diagnostic_msgs -DCMAKE_INSTALL_PREFIX=/home/hikari/ROScribe/ros_ws/src/install/diagnostic_msgs
[10.709s] Invoking command in '/home/hikari/ROScribe/ros_ws/src/build/diagnostic_msgs': AMENT_PREFIX_PATH=/home/hikari/ROScribe/ros_ws/src/install/geometry_msgs:/home/hikari/ROScribe/ros_ws/src/install/std_msgs:/home/hikari/ROScribe/ros_ws/src/install/builtin_interfaces:/home/hikari/ROScribe/ros_ws/src/install/rosidl_default_runtime:/home/hikari/ROScribe/ros_ws/src/install/rosidl_default_generators:/home/hikari/ROScribe/ros_ws/src/install/rosidl_generator_rs:/home/hikari/ROScribe/ros_ws/src/install/rosidl_runtime_rs:${AMENT_PREFIX_PATH} CMAKE_PREFIX_PATH=/home/hikari/ROScribe/ros_ws/src/install/geometry_msgs:/home/hikari/ROScribe/ros_ws/src/install/std_msgs:/home/hikari/ROScribe/ros_ws/src/install/builtin_interfaces:/home/hikari/ROScribe/ros_ws/src/install/rosidl_default_runtime:/home/hikari/ROScribe/ros_ws/src/install/rosidl_default_generators:/home/hikari/ROScribe/ros_ws/src/install/rosidl_generator_rs:/opt/ros/humble LD_LIBRARY_PATH=/home/hikari/ROScribe/ros_ws/src/install/geometry_msgs/lib:/home/hikari/ROScribe/ros_ws/src/install/std_msgs/lib:/home/hikari/ROScribe/ros_ws/src/install/builtin_interfaces/lib:${LD_LIBRARY_PATH} PYTHONPATH=/home/hikari/ROScribe/ros_ws/src/install/geometry_msgs/local/lib/python3.10/dist-packages:/home/hikari/ROScribe/ros_ws/src/install/std_msgs/local/lib/python3.10/dist-packages:/home/hikari/ROScribe/ros_ws/src/install/builtin_interfaces/local/lib/python3.10/dist-packages:/home/hikari/ROScribe/ros_ws/src/install/rosidl_generator_rs/local/lib/python3.10/dist-packages:${PYTHONPATH} /usr/local/bin/cmake --build /home/hikari/ROScribe/ros_ws/src/build/diagnostic_msgs -- -j8 -l8
[10.815s] [  1%] [34m[1mGenerating C code for ROS interfaces[0m
[10.824s] [  3%] [34m[1mGenerating C++ code for ROS interfaces[0m
[10.829s] [  4%] [34m[1mGenerating Rust code for ROS interfaces[0m
[10.830s] [  4%] Built target ament_cmake_python_copy_diagnostic_msgs
[11.694s] running egg_info
[11.703s] creating diagnostic_msgs.egg-info
[11.788s] writing diagnostic_msgs.egg-info/PKG-INFO
[11.789s] writing dependency_links to diagnostic_msgs.egg-info/dependency_links.txt
[11.791s] writing top-level names to diagnostic_msgs.egg-info/top_level.txt
[11.792s] writing manifest file 'diagnostic_msgs.egg-info/SOURCES.txt'
[12.064s] reading manifest file 'diagnostic_msgs.egg-info/SOURCES.txt'
[12.084s] writing manifest file 'diagnostic_msgs.egg-info/SOURCES.txt'
[12.259s] [  4%] Built target ament_cmake_python_build_diagnostic_msgs_egg
[13.396s] [  4%] Built target diagnostic_msgs__rs
[14.346s] [  4%] Built target diagnostic_msgs__cpp
[14.425s] [  6%] [34m[1mGenerating C++ type support for eProsima Fast-RTPS[0m
[14.445s] [  7%] [34m[1mGenerating C++ introspection for ROS interfaces[0m
[14.461s] [  9%] [34m[1mGenerating C++ type support dispatch for ROS interfaces[0m
[14.877s] [ 10%] [32mBuilding C object CMakeFiles/diagnostic_msgs__rosidl_generator_c.dir/rosidl_generator_c/diagnostic_msgs/msg/detail/diagnostic_array__functions.c.o[0m
[14.913s] [ 12%] [32mBuilding C object CMakeFiles/diagnostic_msgs__rosidl_generator_c.dir/rosidl_generator_c/diagnostic_msgs/msg/detail/key_value__functions.c.o[0m
[14.915s] [ 14%] [32mBuilding C object CMakeFiles/diagnostic_msgs__rosidl_generator_c.dir/rosidl_generator_c/diagnostic_msgs/msg/detail/diagnostic_status__functions.c.o[0m
[14.966s] [ 15%] [32mBuilding C object CMakeFiles/diagnostic_msgs__rosidl_generator_c.dir/rosidl_generator_c/diagnostic_msgs/srv/detail/add_diagnostics__functions.c.o[0m
[14.996s] [ 17%] [32mBuilding C object CMakeFiles/diagnostic_msgs__rosidl_generator_c.dir/rosidl_generator_c/diagnostic_msgs/srv/detail/self_test__functions.c.o[0m
[15.717s] [ 18%] [32m[1mLinking C shared library libdiagnostic_msgs__rosidl_generator_c.so[0m
[16.088s] [ 18%] Built target diagnostic_msgs__rosidl_generator_c
[18.846s] [ 20%] [32mBuilding CXX object CMakeFiles/diagnostic_msgs__rosidl_typesupport_introspection_cpp.dir/rosidl_typesupport_introspection_cpp/diagnostic_msgs/msg/detail/diagnostic_array__type_support.cpp.o[0m
[18.909s] [ 21%] [32mBuilding CXX object CMakeFiles/diagnostic_msgs__rosidl_typesupport_cpp.dir/rosidl_typesupport_cpp/diagnostic_msgs/msg/diagnostic_array__type_support.cpp.o[0m
[19.202s] [ 23%] [32mBuilding CXX object CMakeFiles/diagnostic_msgs__rosidl_typesupport_fastrtps_cpp.dir/rosidl_typesupport_fastrtps_cpp/diagnostic_msgs/msg/detail/dds_fastrtps/diagnostic_array__type_support.cpp.o[0m
[21.245s] [ 25%] [32mBuilding CXX object CMakeFiles/diagnostic_msgs__rosidl_typesupport_cpp.dir/rosidl_typesupport_cpp/diagnostic_msgs/msg/diagnostic_status__type_support.cpp.o[0m
[21.546s] [ 26%] [32mBuilding CXX object CMakeFiles/diagnostic_msgs__rosidl_typesupport_introspection_cpp.dir/rosidl_typesupport_introspection_cpp/diagnostic_msgs/msg/detail/key_value__type_support.cpp.o[0m
[22.062s] [ 28%] [32mBuilding CXX object CMakeFiles/diagnostic_msgs__rosidl_typesupport_fastrtps_cpp.dir/rosidl_typesupport_fastrtps_cpp/diagnostic_msgs/msg/detail/dds_fastrtps/diagnostic_status__type_support.cpp.o[0m
[22.466s] [ 29%] [32mBuilding CXX object CMakeFiles/diagnostic_msgs__rosidl_typesupport_cpp.dir/rosidl_typesupport_cpp/diagnostic_msgs/msg/key_value__type_support.cpp.o[0m
[23.479s] [ 31%] [32mBuilding CXX object CMakeFiles/diagnostic_msgs__rosidl_typesupport_introspection_cpp.dir/rosidl_typesupport_introspection_cpp/diagnostic_msgs/msg/detail/diagnostic_status__type_support.cpp.o[0m
[23.856s] [ 32%] [32mBuilding CXX object CMakeFiles/diagnostic_msgs__rosidl_typesupport_cpp.dir/rosidl_typesupport_cpp/diagnostic_msgs/srv/add_diagnostics__type_support.cpp.o[0m
[24.445s] [ 34%] [32mBuilding CXX object CMakeFiles/diagnostic_msgs__rosidl_typesupport_fastrtps_cpp.dir/rosidl_typesupport_fastrtps_cpp/diagnostic_msgs/msg/detail/dds_fastrtps/key_value__type_support.cpp.o[0m
[25.166s] [ 35%] [32mBuilding CXX object CMakeFiles/diagnostic_msgs__rosidl_typesupport_cpp.dir/rosidl_typesupport_cpp/diagnostic_msgs/srv/self_test__type_support.cpp.o[0m
[25.545s] [ 37%] [32mBuilding CXX object CMakeFiles/diagnostic_msgs__rosidl_typesupport_introspection_cpp.dir/rosidl_typesupport_introspection_cpp/diagnostic_msgs/srv/detail/self_test__type_support.cpp.o[0m
[26.576s] [ 39%] [32mBuilding CXX object CMakeFiles/diagnostic_msgs__rosidl_typesupport_fastrtps_cpp.dir/rosidl_typesupport_fastrtps_cpp/diagnostic_msgs/srv/detail/dds_fastrtps/add_diagnostics__type_support.cpp.o[0m
[26.835s] [ 40%] [32m[1mLinking CXX shared library libdiagnostic_msgs__rosidl_typesupport_cpp.so[0m
[27.145s] [ 40%] Built target diagnostic_msgs__rosidl_typesupport_cpp
[27.733s] [ 42%] [32mBuilding CXX object CMakeFiles/diagnostic_msgs__rosidl_typesupport_introspection_cpp.dir/rosidl_typesupport_introspection_cpp/diagnostic_msgs/srv/detail/add_diagnostics__type_support.cpp.o[0m
[28.711s] [ 43%] [32mBuilding CXX object CMakeFiles/diagnostic_msgs__rosidl_typesupport_fastrtps_cpp.dir/rosidl_typesupport_fastrtps_cpp/diagnostic_msgs/srv/detail/dds_fastrtps/self_test__type_support.cpp.o[0m
[29.746s] [ 45%] [32m[1mLinking CXX shared library libdiagnostic_msgs__rosidl_typesupport_introspection_cpp.so[0m
[29.993s] [ 45%] Built target diagnostic_msgs__rosidl_typesupport_introspection_cpp
[30.468s] [ 46%] [32m[1mLinking CXX shared library libdiagnostic_msgs__rosidl_typesupport_fastrtps_cpp.so[0m
[30.740s] [ 46%] Built target diagnostic_msgs__rosidl_typesupport_fastrtps_cpp
[30.751s] [ 48%] [34m[1mGenerating C type support dispatch for ROS interfaces[0m
[32.208s] [ 50%] [32mBuilding CXX object CMakeFiles/diagnostic_msgs__rosidl_typesupport_c.dir/rosidl_typesupport_c/diagnostic_msgs/msg/diagnostic_array__type_support.cpp.o[0m
[32.296s] [ 51%] [32mBuilding CXX object CMakeFiles/diagnostic_msgs__rosidl_typesupport_c.dir/rosidl_typesupport_c/diagnostic_msgs/srv/self_test__type_support.cpp.o[0m
[32.391s] [ 53%] [32mBuilding CXX object CMakeFiles/diagnostic_msgs__rosidl_typesupport_c.dir/rosidl_typesupport_c/diagnostic_msgs/srv/add_diagnostics__type_support.cpp.o[0m
[32.478s] [ 54%] [32mBuilding CXX object CMakeFiles/diagnostic_msgs__rosidl_typesupport_c.dir/rosidl_typesupport_c/diagnostic_msgs/msg/key_value__type_support.cpp.o[0m
[32.554s] [ 56%] [32mBuilding CXX object CMakeFiles/diagnostic_msgs__rosidl_typesupport_c.dir/rosidl_typesupport_c/diagnostic_msgs/msg/diagnostic_status__type_support.cpp.o[0m
[32.630s] [ 57%] [32m[1mLinking CXX shared library libdiagnostic_msgs__rosidl_typesupport_c.so[0m
[32.740s] [ 57%] Built target diagnostic_msgs__rosidl_typesupport_c
[32.749s] [ 59%] [34m[1mGenerating C introspection for ROS interfaces[0m
[34.169s] [ 60%] [32mBuilding C object CMakeFiles/diagnostic_msgs__rosidl_typesupport_introspection_c.dir/rosidl_typesupport_introspection_c/diagnostic_msgs/msg/detail/diagnostic_array__type_support.c.o[0m
[34.271s] [ 62%] [32mBuilding C object CMakeFiles/diagnostic_msgs__rosidl_typesupport_introspection_c.dir/rosidl_typesupport_introspection_c/diagnostic_msgs/srv/detail/self_test__type_support.c.o[0m
[34.378s] [ 64%] [32mBuilding C object CMakeFiles/diagnostic_msgs__rosidl_typesupport_introspection_c.dir/rosidl_typesupport_introspection_c/diagnostic_msgs/srv/detail/add_diagnostics__type_support.c.o[0m
[34.462s] [ 65%] [32mBuilding C object CMakeFiles/diagnostic_msgs__rosidl_typesupport_introspection_c.dir/rosidl_typesupport_introspection_c/diagnostic_msgs/msg/detail/key_value__type_support.c.o[0m
[34.545s] [ 67%] [32mBuilding C object CMakeFiles/diagnostic_msgs__rosidl_typesupport_introspection_c.dir/rosidl_typesupport_introspection_c/diagnostic_msgs/msg/detail/diagnostic_status__type_support.c.o[0m
[34.641s] [ 68%] [32m[1mLinking C shared library libdiagnostic_msgs__rosidl_typesupport_introspection_c.so[0m
[34.710s] [ 68%] Built target diagnostic_msgs__rosidl_typesupport_introspection_c
[34.719s] [ 70%] [34m[1mGenerating C type support for eProsima Fast-RTPS[0m
[36.142s] [ 71%] [32mBuilding CXX object CMakeFiles/diagnostic_msgs__rosidl_typesupport_fastrtps_c.dir/rosidl_typesupport_fastrtps_c/diagnostic_msgs/msg/detail/diagnostic_array__type_support_c.cpp.o[0m
[36.934s] [ 73%] [32mBuilding CXX object CMakeFiles/diagnostic_msgs__rosidl_typesupport_fastrtps_c.dir/rosidl_typesupport_fastrtps_c/diagnostic_msgs/srv/detail/self_test__type_support_c.cpp.o[0m
[37.733s] [ 75%] [32mBuilding CXX object CMakeFiles/diagnostic_msgs__rosidl_typesupport_fastrtps_c.dir/rosidl_typesupport_fastrtps_c/diagnostic_msgs/srv/detail/add_diagnostics__type_support_c.cpp.o[0m
[38.612s] [ 76%] [32mBuilding CXX object CMakeFiles/diagnostic_msgs__rosidl_typesupport_fastrtps_c.dir/rosidl_typesupport_fastrtps_c/diagnostic_msgs/msg/detail/key_value__type_support_c.cpp.o[0m
[39.370s] [ 78%] [32mBuilding CXX object CMakeFiles/diagnostic_msgs__rosidl_typesupport_fastrtps_c.dir/rosidl_typesupport_fastrtps_c/diagnostic_msgs/msg/detail/diagnostic_status__type_support_c.cpp.o[0m
[40.393s] [ 79%] [32m[1mLinking CXX shared library libdiagnostic_msgs__rosidl_typesupport_fastrtps_c.so[0m
[40.553s] [ 79%] Built target diagnostic_msgs__rosidl_typesupport_fastrtps_c
[40.565s] [ 79%] Built target diagnostic_msgs
[40.578s] [ 81%] [34m[1mGenerating Python code for ROS interfaces[0m
[42.730s] [ 81%] Built target diagnostic_msgs__py
[42.744s] [ 82%] [32mBuilding C object CMakeFiles/diagnostic_msgs__rosidl_generator_py.dir/rosidl_generator_py/diagnostic_msgs/msg/_diagnostic_array_s.c.o[0m
[43.057s] [ 84%] [32mBuilding C object CMakeFiles/diagnostic_msgs__rosidl_generator_py.dir/rosidl_generator_py/diagnostic_msgs/srv/_self_test_s.c.o[0m
[43.400s] [ 85%] [32mBuilding C object CMakeFiles/diagnostic_msgs__rosidl_generator_py.dir/rosidl_generator_py/diagnostic_msgs/srv/_add_diagnostics_s.c.o[0m
[43.713s] [ 87%] [32mBuilding C object CMakeFiles/diagnostic_msgs__rosidl_generator_py.dir/rosidl_generator_py/diagnostic_msgs/msg/_key_value_s.c.o[0m
[44.037s] [ 89%] [32mBuilding C object CMakeFiles/diagnostic_msgs__rosidl_generator_py.dir/rosidl_generator_py/diagnostic_msgs/msg/_diagnostic_status_s.c.o[0m
[44.333s] [ 90%] [32m[1mLinking C shared library rosidl_generator_py/diagnostic_msgs/libdiagnostic_msgs__rosidl_generator_py.so[0m
[44.423s] [ 90%] Built target diagnostic_msgs__rosidl_generator_py
[44.436s] [ 92%] [32mBuilding C object CMakeFiles/diagnostic_msgs__rosidl_typesupport_fastrtps_c__pyext.dir/rosidl_generator_py/diagnostic_msgs/_diagnostic_msgs_s.ep.rosidl_typesupport_fastrtps_c.c.o[0m
[44.872s] [ 93%] [32m[1mLinking C shared library rosidl_generator_py/diagnostic_msgs/diagnostic_msgs_s__rosidl_typesupport_fastrtps_c.cpython-310-x86_64-linux-gnu.so[0m
[44.960s] [ 93%] Built target diagnostic_msgs__rosidl_typesupport_fastrtps_c__pyext
[44.976s] [ 95%] [32mBuilding C object CMakeFiles/diagnostic_msgs__rosidl_typesupport_c__pyext.dir/rosidl_generator_py/diagnostic_msgs/_diagnostic_msgs_s.ep.rosidl_typesupport_c.c.o[0m
[45.333s] [ 96%] [32m[1mLinking C shared library rosidl_generator_py/diagnostic_msgs/diagnostic_msgs_s__rosidl_typesupport_c.cpython-310-x86_64-linux-gnu.so[0m
[45.418s] [ 96%] Built target diagnostic_msgs__rosidl_typesupport_c__pyext
[45.433s] [ 98%] [32mBuilding C object CMakeFiles/diagnostic_msgs__rosidl_typesupport_introspection_c__pyext.dir/rosidl_generator_py/diagnostic_msgs/_diagnostic_msgs_s.ep.rosidl_typesupport_introspection_c.c.o[0m
[45.791s] [100%] [32m[1mLinking C shared library rosidl_generator_py/diagnostic_msgs/diagnostic_msgs_s__rosidl_typesupport_introspection_c.cpython-310-x86_64-linux-gnu.so[0m
[45.893s] [100%] Built target diagnostic_msgs__rosidl_typesupport_introspection_c__pyext
[45.915s] Invoked command in '/home/hikari/ROScribe/ros_ws/src/build/diagnostic_msgs' returned '0': AMENT_PREFIX_PATH=/home/hikari/ROScribe/ros_ws/src/install/geometry_msgs:/home/hikari/ROScribe/ros_ws/src/install/std_msgs:/home/hikari/ROScribe/ros_ws/src/install/builtin_interfaces:/home/hikari/ROScribe/ros_ws/src/install/rosidl_default_runtime:/home/hikari/ROScribe/ros_ws/src/install/rosidl_default_generators:/home/hikari/ROScribe/ros_ws/src/install/rosidl_generator_rs:/home/hikari/ROScribe/ros_ws/src/install/rosidl_runtime_rs:${AMENT_PREFIX_PATH} CMAKE_PREFIX_PATH=/home/hikari/ROScribe/ros_ws/src/install/geometry_msgs:/home/hikari/ROScribe/ros_ws/src/install/std_msgs:/home/hikari/ROScribe/ros_ws/src/install/builtin_interfaces:/home/hikari/ROScribe/ros_ws/src/install/rosidl_default_runtime:/home/hikari/ROScribe/ros_ws/src/install/rosidl_default_generators:/home/hikari/ROScribe/ros_ws/src/install/rosidl_generator_rs:/opt/ros/humble LD_LIBRARY_PATH=/home/hikari/ROScribe/ros_ws/src/install/geometry_msgs/lib:/home/hikari/ROScribe/ros_ws/src/install/std_msgs/lib:/home/hikari/ROScribe/ros_ws/src/install/builtin_interfaces/lib:${LD_LIBRARY_PATH} PYTHONPATH=/home/hikari/ROScribe/ros_ws/src/install/geometry_msgs/local/lib/python3.10/dist-packages:/home/hikari/ROScribe/ros_ws/src/install/std_msgs/local/lib/python3.10/dist-packages:/home/hikari/ROScribe/ros_ws/src/install/builtin_interfaces/local/lib/python3.10/dist-packages:/home/hikari/ROScribe/ros_ws/src/install/rosidl_generator_rs/local/lib/python3.10/dist-packages:${PYTHONPATH} /usr/local/bin/cmake --build /home/hikari/ROScribe/ros_ws/src/build/diagnostic_msgs -- -j8 -l8
[46.234s] Invoking command in '/home/hikari/ROScribe/ros_ws/src/build/diagnostic_msgs': AMENT_PREFIX_PATH=/home/hikari/ROScribe/ros_ws/src/install/geometry_msgs:/home/hikari/ROScribe/ros_ws/src/install/std_msgs:/home/hikari/ROScribe/ros_ws/src/install/builtin_interfaces:/home/hikari/ROScribe/ros_ws/src/install/rosidl_default_runtime:/home/hikari/ROScribe/ros_ws/src/install/rosidl_default_generators:/home/hikari/ROScribe/ros_ws/src/install/rosidl_generator_rs:/home/hikari/ROScribe/ros_ws/src/install/rosidl_runtime_rs:${AMENT_PREFIX_PATH} CMAKE_PREFIX_PATH=/home/hikari/ROScribe/ros_ws/src/install/geometry_msgs:/home/hikari/ROScribe/ros_ws/src/install/std_msgs:/home/hikari/ROScribe/ros_ws/src/install/builtin_interfaces:/home/hikari/ROScribe/ros_ws/src/install/rosidl_default_runtime:/home/hikari/ROScribe/ros_ws/src/install/rosidl_default_generators:/home/hikari/ROScribe/ros_ws/src/install/rosidl_generator_rs:/opt/ros/humble LD_LIBRARY_PATH=/home/hikari/ROScribe/ros_ws/src/install/geometry_msgs/lib:/home/hikari/ROScribe/ros_ws/src/install/std_msgs/lib:/home/hikari/ROScribe/ros_ws/src/install/builtin_interfaces/lib:${LD_LIBRARY_PATH} PYTHONPATH=/home/hikari/ROScribe/ros_ws/src/install/geometry_msgs/local/lib/python3.10/dist-packages:/home/hikari/ROScribe/ros_ws/src/install/std_msgs/local/lib/python3.10/dist-packages:/home/hikari/ROScribe/ros_ws/src/install/builtin_interfaces/local/lib/python3.10/dist-packages:/home/hikari/ROScribe/ros_ws/src/install/rosidl_generator_rs/local/lib/python3.10/dist-packages:${PYTHONPATH} /usr/local/bin/cmake --install /home/hikari/ROScribe/ros_ws/src/build/diagnostic_msgs
[46.321s] -- Install configuration: ""
[46.330s] -- Installing: /home/hikari/ROScribe/ros_ws/src/install/diagnostic_msgs/share/ament_index/resource_index/rosidl_interfaces/diagnostic_msgs
[46.335s] -- Installing: /home/hikari/ROScribe/ros_ws/src/install/diagnostic_msgs/include/diagnostic_msgs/diagnostic_msgs
[46.335s] -- Installing: /home/hikari/ROScribe/ros_ws/src/install/diagnostic_msgs/include/diagnostic_msgs/diagnostic_msgs/srv
[46.336s] -- Installing: /home/hikari/ROScribe/ros_ws/src/install/diagnostic_msgs/include/diagnostic_msgs/diagnostic_msgs/srv/self_test.h
[46.336s] -- Installing: /home/hikari/ROScribe/ros_ws/src/install/diagnostic_msgs/include/diagnostic_msgs/diagnostic_msgs/srv/add_diagnostics.h
[46.338s] -- Installing: /home/hikari/ROScribe/ros_ws/src/install/diagnostic_msgs/include/diagnostic_msgs/diagnostic_msgs/srv/detail
[46.339s] -- Installing: /home/hikari/ROScribe/ros_ws/src/install/diagnostic_msgs/include/diagnostic_msgs/diagnostic_msgs/srv/detail/add_diagnostics__struct.h
[46.339s] -- Installing: /home/hikari/ROScribe/ros_ws/src/install/diagnostic_msgs/include/diagnostic_msgs/diagnostic_msgs/srv/detail/add_diagnostics__functions.c
[46.339s] -- Installing: /home/hikari/ROScribe/ros_ws/src/install/diagnostic_msgs/include/diagnostic_msgs/diagnostic_msgs/srv/detail/add_diagnostics__functions.h
[46.339s] -- Installing: /home/hikari/ROScribe/ros_ws/src/install/diagnostic_msgs/include/diagnostic_msgs/diagnostic_msgs/srv/detail/self_test__struct.h
[46.340s] -- Installing: /home/hikari/ROScribe/ros_ws/src/install/diagnostic_msgs/include/diagnostic_msgs/diagnostic_msgs/srv/detail/self_test__functions.c
[46.340s] -- Installing: /home/hikari/ROScribe/ros_ws/src/install/diagnostic_msgs/include/diagnostic_msgs/diagnostic_msgs/srv/detail/add_diagnostics__type_support.h
[46.340s] -- Installing: /home/hikari/ROScribe/ros_ws/src/install/diagnostic_msgs/include/diagnostic_msgs/diagnostic_msgs/srv/detail/self_test__type_support.h
[46.341s] -- Installing: /home/hikari/ROScribe/ros_ws/src/install/diagnostic_msgs/include/diagnostic_msgs/diagnostic_msgs/srv/detail/self_test__functions.h
[46.341s] -- Installing: /home/hikari/ROScribe/ros_ws/src/install/diagnostic_msgs/include/diagnostic_msgs/diagnostic_msgs/msg
[46.341s] -- Installing: /home/hikari/ROScribe/ros_ws/src/install/diagnostic_msgs/include/diagnostic_msgs/diagnostic_msgs/msg/diagnostic_array.h
[46.342s] -- Installing: /home/hikari/ROScribe/ros_ws/src/install/diagnostic_msgs/include/diagnostic_msgs/diagnostic_msgs/msg/diagnostic_status.h
[46.342s] -- Installing: /home/hikari/ROScribe/ros_ws/src/install/diagnostic_msgs/include/diagnostic_msgs/diagnostic_msgs/msg/key_value.h
[46.342s] -- Installing: /home/hikari/ROScribe/ros_ws/src/install/diagnostic_msgs/include/diagnostic_msgs/diagnostic_msgs/msg/rosidl_generator_c__visibility_control.h
[46.342s] -- Installing: /home/hikari/ROScribe/ros_ws/src/install/diagnostic_msgs/include/diagnostic_msgs/diagnostic_msgs/msg/detail
[46.343s] -- Installing: /home/hikari/ROScribe/ros_ws/src/install/diagnostic_msgs/include/diagnostic_msgs/diagnostic_msgs/msg/detail/diagnostic_status__functions.c
[46.343s] -- Installing: /home/hikari/ROScribe/ros_ws/src/install/diagnostic_msgs/include/diagnostic_msgs/diagnostic_msgs/msg/detail/diagnostic_status__struct.h
[46.343s] -- Installing: /home/hikari/ROScribe/ros_ws/src/install/diagnostic_msgs/include/diagnostic_msgs/diagnostic_msgs/msg/detail/key_value__functions.c
[46.343s] -- Installing: /home/hikari/ROScribe/ros_ws/src/install/diagnostic_msgs/include/diagnostic_msgs/diagnostic_msgs/msg/detail/diagnostic_array__functions.h
[46.344s] -- Installing: /home/hikari/ROScribe/ros_ws/src/install/diagnostic_msgs/include/diagnostic_msgs/diagnostic_msgs/msg/detail/diagnostic_status__type_support.h
[46.344s] -- Installing: /home/hikari/ROScribe/ros_ws/src/install/diagnostic_msgs/include/diagnostic_msgs/diagnostic_msgs/msg/detail/key_value__struct.h
[46.344s] -- Installing: /home/hikari/ROScribe/ros_ws/src/install/diagnostic_msgs/include/diagnostic_msgs/diagnostic_msgs/msg/detail/key_value__functions.h
[46.345s] -- Installing: /home/hikari/ROScribe/ros_ws/src/install/diagnostic_msgs/include/diagnostic_msgs/diagnostic_msgs/msg/detail/key_value__type_support.h
[46.345s] -- Installing: /home/hikari/ROScribe/ros_ws/src/install/diagnostic_msgs/include/diagnostic_msgs/diagnostic_msgs/msg/detail/diagnostic_array__functions.c
[46.345s] -- Installing: /home/hikari/ROScribe/ros_ws/src/install/diagnostic_msgs/include/diagnostic_msgs/diagnostic_msgs/msg/detail/diagnostic_status__functions.h
[46.345s] -- Installing: /home/hikari/ROScribe/ros_ws/src/install/diagnostic_msgs/include/diagnostic_msgs/diagnostic_msgs/msg/detail/diagnostic_array__struct.h
[46.345s] -- Installing: /home/hikari/ROScribe/ros_ws/src/install/diagnostic_msgs/include/diagnostic_msgs/diagnostic_msgs/msg/detail/diagnostic_array__type_support.h
[46.346s] -- Installing: /home/hikari/ROScribe/ros_ws/src/install/diagnostic_msgs/share/diagnostic_msgs/environment/library_path.sh
[46.346s] -- Installing: /home/hikari/ROScribe/ros_ws/src/install/diagnostic_msgs/share/diagnostic_msgs/environment/library_path.dsv
[46.346s] -- Installing: /home/hikari/ROScribe/ros_ws/src/install/diagnostic_msgs/lib/libdiagnostic_msgs__rosidl_generator_c.so
[46.347s] -- Set runtime path of "/home/hikari/ROScribe/ros_ws/src/install/diagnostic_msgs/lib/libdiagnostic_msgs__rosidl_generator_c.so" to ""
[46.347s] -- Up-to-date: /home/hikari/ROScribe/ros_ws/src/install/diagnostic_msgs/include/diagnostic_msgs/diagnostic_msgs
[46.347s] -- Up-to-date: /home/hikari/ROScribe/ros_ws/src/install/diagnostic_msgs/include/diagnostic_msgs/diagnostic_msgs/srv
[46.348s] -- Up-to-date: /home/hikari/ROScribe/ros_ws/src/install/diagnostic_msgs/include/diagnostic_msgs/diagnostic_msgs/srv/detail
[46.348s] -- Installing: /home/hikari/ROScribe/ros_ws/src/install/diagnostic_msgs/include/diagnostic_msgs/diagnostic_msgs/srv/detail/add_diagnostics__rosidl_typesupport_fastrtps_c.h
[46.349s] -- Installing: /home/hikari/ROScribe/ros_ws/src/install/diagnostic_msgs/include/diagnostic_msgs/diagnostic_msgs/srv/detail/self_test__rosidl_typesupport_fastrtps_c.h
[46.349s] -- Up-to-date: /home/hikari/ROScribe/ros_ws/src/install/diagnostic_msgs/include/diagnostic_msgs/diagnostic_msgs/msg
[46.349s] -- Installing: /home/hikari/ROScribe/ros_ws/src/install/diagnostic_msgs/include/diagnostic_msgs/diagnostic_msgs/msg/rosidl_typesupport_fastrtps_c__visibility_control.h
[46.349s] -- Up-to-date: /home/hikari/ROScribe/ros_ws/src/install/diagnostic_msgs/include/diagnostic_msgs/diagnostic_msgs/msg/detail
[46.350s] -- Installing: /home/hikari/ROScribe/ros_ws/src/install/diagnostic_msgs/include/diagnostic_msgs/diagnostic_msgs/msg/detail/diagnostic_array__rosidl_typesupport_fastrtps_c.h
[46.350s] -- Installing: /home/hikari/ROScribe/ros_ws/src/install/diagnostic_msgs/include/diagnostic_msgs/diagnostic_msgs/msg/detail/diagnostic_status__rosidl_typesupport_fastrtps_c.h
[46.350s] -- Installing: /home/hikari/ROScribe/ros_ws/src/install/diagnostic_msgs/include/diagnostic_msgs/diagnostic_msgs/msg/detail/key_value__rosidl_typesupport_fastrtps_c.h
[46.350s] -- Installing: /home/hikari/ROScribe/ros_ws/src/install/diagnostic_msgs/lib/libdiagnostic_msgs__rosidl_typesupport_fastrtps_c.so
[46.351s] -- Set runtime path of "/home/hikari/ROScribe/ros_ws/src/install/diagnostic_msgs/lib/libdiagnostic_msgs__rosidl_typesupport_fastrtps_c.so" to ""
[46.351s] -- Up-to-date: /home/hikari/ROScribe/ros_ws/src/install/diagnostic_msgs/include/diagnostic_msgs/diagnostic_msgs
[46.352s] -- Up-to-date: /home/hikari/ROScribe/ros_ws/src/install/diagnostic_msgs/include/diagnostic_msgs/diagnostic_msgs/srv
[46.352s] -- Up-to-date: /home/hikari/ROScribe/ros_ws/src/install/diagnostic_msgs/include/diagnostic_msgs/diagnostic_msgs/srv/detail
[46.352s] -- Installing: /home/hikari/ROScribe/ros_ws/src/install/diagnostic_msgs/include/diagnostic_msgs/diagnostic_msgs/srv/detail/self_test__rosidl_typesupport_introspection_c.h
[46.352s] -- Installing: /home/hikari/ROScribe/ros_ws/src/install/diagnostic_msgs/include/diagnostic_msgs/diagnostic_msgs/srv/detail/self_test__type_support.c
[46.354s] -- Installing: /home/hikari/ROScribe/ros_ws/src/install/diagnostic_msgs/include/diagnostic_msgs/diagnostic_msgs/srv/detail/add_diagnostics__rosidl_typesupport_introspection_c.h
[46.355s] -- Installing: /home/hikari/ROScribe/ros_ws/src/install/diagnostic_msgs/include/diagnostic_msgs/diagnostic_msgs/srv/detail/add_diagnostics__type_support.c
[46.356s] -- Up-to-date: /home/hikari/ROScribe/ros_ws/src/install/diagnostic_msgs/include/diagnostic_msgs/diagnostic_msgs/msg
[46.357s] -- Installing: /home/hikari/ROScribe/ros_ws/src/install/diagnostic_msgs/include/diagnostic_msgs/diagnostic_msgs/msg/rosidl_typesupport_introspection_c__visibility_control.h
[46.357s] -- Up-to-date: /home/hikari/ROScribe/ros_ws/src/install/diagnostic_msgs/include/diagnostic_msgs/diagnostic_msgs/msg/detail
[46.357s] -- Installing: /home/hikari/ROScribe/ros_ws/src/install/diagnostic_msgs/include/diagnostic_msgs/diagnostic_msgs/msg/detail/diagnostic_array__rosidl_typesupport_introspection_c.h
[46.358s] -- Installing: /home/hikari/ROScribe/ros_ws/src/install/diagnostic_msgs/include/diagnostic_msgs/diagnostic_msgs/msg/detail/diagnostic_array__type_support.c
[46.358s] -- Installing: /home/hikari/ROScribe/ros_ws/src/install/diagnostic_msgs/include/diagnostic_msgs/diagnostic_msgs/msg/detail/diagnostic_status__rosidl_typesupport_introspection_c.h
[46.359s] -- Installing: /home/hikari/ROScribe/ros_ws/src/install/diagnostic_msgs/include/diagnostic_msgs/diagnostic_msgs/msg/detail/diagnostic_status__type_support.c
[46.359s] -- Installing: /home/hikari/ROScribe/ros_ws/src/install/diagnostic_msgs/include/diagnostic_msgs/diagnostic_msgs/msg/detail/key_value__type_support.c
[46.360s] -- Installing: /home/hikari/ROScribe/ros_ws/src/install/diagnostic_msgs/include/diagnostic_msgs/diagnostic_msgs/msg/detail/key_value__rosidl_typesupport_introspection_c.h
[46.360s] -- Installing: /home/hikari/ROScribe/ros_ws/src/install/diagnostic_msgs/lib/libdiagnostic_msgs__rosidl_typesupport_introspection_c.so
[46.360s] -- Set runtime path of "/home/hikari/ROScribe/ros_ws/src/install/diagnostic_msgs/lib/libdiagnostic_msgs__rosidl_typesupport_introspection_c.so" to ""
[46.360s] -- Installing: /home/hikari/ROScribe/ros_ws/src/install/diagnostic_msgs/lib/libdiagnostic_msgs__rosidl_typesupport_c.so
[46.361s] -- Set runtime path of "/home/hikari/ROScribe/ros_ws/src/install/diagnostic_msgs/lib/libdiagnostic_msgs__rosidl_typesupport_c.so" to ""
[46.361s] -- Up-to-date: /home/hikari/ROScribe/ros_ws/src/install/diagnostic_msgs/include/diagnostic_msgs/diagnostic_msgs
[46.362s] -- Up-to-date: /home/hikari/ROScribe/ros_ws/src/install/diagnostic_msgs/include/diagnostic_msgs/diagnostic_msgs/srv
[46.362s] -- Installing: /home/hikari/ROScribe/ros_ws/src/install/diagnostic_msgs/include/diagnostic_msgs/diagnostic_msgs/srv/self_test.hpp
[46.362s] -- Up-to-date: /home/hikari/ROScribe/ros_ws/src/install/diagnostic_msgs/include/diagnostic_msgs/diagnostic_msgs/srv/detail
[46.362s] -- Installing: /home/hikari/ROScribe/ros_ws/src/install/diagnostic_msgs/include/diagnostic_msgs/diagnostic_msgs/srv/detail/self_test__traits.hpp
[46.362s] -- Installing: /home/hikari/ROScribe/ros_ws/src/install/diagnostic_msgs/include/diagnostic_msgs/diagnostic_msgs/srv/detail/add_diagnostics__traits.hpp
[46.363s] -- Installing: /home/hikari/ROScribe/ros_ws/src/install/diagnostic_msgs/include/diagnostic_msgs/diagnostic_msgs/srv/detail/self_test__struct.hpp
[46.363s] -- Installing: /home/hikari/ROScribe/ros_ws/src/install/diagnostic_msgs/include/diagnostic_msgs/diagnostic_msgs/srv/detail/add_diagnostics__builder.hpp
[46.364s] -- Installing: /home/hikari/ROScribe/ros_ws/src/install/diagnostic_msgs/include/diagnostic_msgs/diagnostic_msgs/srv/detail/self_test__builder.hpp
[46.364s] -- Installing: /home/hikari/ROScribe/ros_ws/src/install/diagnostic_msgs/include/diagnostic_msgs/diagnostic_msgs/srv/detail/add_diagnostics__struct.hpp
[46.364s] -- Installing: /home/hikari/ROScribe/ros_ws/src/install/diagnostic_msgs/include/diagnostic_msgs/diagnostic_msgs/srv/add_diagnostics.hpp
[46.364s] -- Up-to-date: /home/hikari/ROScribe/ros_ws/src/install/diagnostic_msgs/include/diagnostic_msgs/diagnostic_msgs/msg
[46.365s] -- Installing: /home/hikari/ROScribe/ros_ws/src/install/diagnostic_msgs/include/diagnostic_msgs/diagnostic_msgs/msg/diagnostic_array.hpp
[46.365s] -- Installing: /home/hikari/ROScribe/ros_ws/src/install/diagnostic_msgs/include/diagnostic_msgs/diagnostic_msgs/msg/key_value.hpp
[46.366s] -- Installing: /home/hikari/ROScribe/ros_ws/src/install/diagnostic_msgs/include/diagnostic_msgs/diagnostic_msgs/msg/diagnostic_status.hpp
[46.366s] -- Up-to-date: /home/hikari/ROScribe/ros_ws/src/install/diagnostic_msgs/include/diagnostic_msgs/diagnostic_msgs/msg/detail
[46.366s] -- Installing: /home/hikari/ROScribe/ros_ws/src/install/diagnostic_msgs/include/diagnostic_msgs/diagnostic_msgs/msg/detail/diagnostic_array__traits.hpp
[46.366s] -- Installing: /home/hikari/ROScribe/ros_ws/src/install/diagnostic_msgs/include/diagnostic_msgs/diagnostic_msgs/msg/detail/diagnostic_status__traits.hpp
[46.367s] -- Installing: /home/hikari/ROScribe/ros_ws/src/install/diagnostic_msgs/include/diagnostic_msgs/diagnostic_msgs/msg/detail/key_value__traits.hpp
[46.367s] -- Installing: /home/hikari/ROScribe/ros_ws/src/install/diagnostic_msgs/include/diagnostic_msgs/diagnostic_msgs/msg/detail/key_value__builder.hpp
[46.367s] -- Installing: /home/hikari/ROScribe/ros_ws/src/install/diagnostic_msgs/include/diagnostic_msgs/diagnostic_msgs/msg/detail/diagnostic_status__builder.hpp
[46.368s] -- Installing: /home/hikari/ROScribe/ros_ws/src/install/diagnostic_msgs/include/diagnostic_msgs/diagnostic_msgs/msg/detail/diagnostic_array__builder.hpp
[46.368s] -- Installing: /home/hikari/ROScribe/ros_ws/src/install/diagnostic_msgs/include/diagnostic_msgs/diagnostic_msgs/msg/detail/diagnostic_array__struct.hpp
[46.368s] -- Installing: /home/hikari/ROScribe/ros_ws/src/install/diagnostic_msgs/include/diagnostic_msgs/diagnostic_msgs/msg/detail/diagnostic_status__struct.hpp
[46.369s] -- Installing: /home/hikari/ROScribe/ros_ws/src/install/diagnostic_msgs/include/diagnostic_msgs/diagnostic_msgs/msg/detail/key_value__struct.hpp
[46.369s] -- Up-to-date: /home/hikari/ROScribe/ros_ws/src/install/diagnostic_msgs/include/diagnostic_msgs/diagnostic_msgs
[46.369s] -- Up-to-date: /home/hikari/ROScribe/ros_ws/src/install/diagnostic_msgs/include/diagnostic_msgs/diagnostic_msgs/srv
[46.371s] -- Up-to-date: /home/hikari/ROScribe/ros_ws/src/install/diagnostic_msgs/include/diagnostic_msgs/diagnostic_msgs/srv/detail
[46.372s] -- Installing: /home/hikari/ROScribe/ros_ws/src/install/diagnostic_msgs/include/diagnostic_msgs/diagnostic_msgs/srv/detail/dds_fastrtps
[46.372s] -- Installing: /home/hikari/ROScribe/ros_ws/src/install/diagnostic_msgs/include/diagnostic_msgs/diagnostic_msgs/srv/detail/add_diagnostics__rosidl_typesupport_fastrtps_cpp.hpp
[46.372s] -- Installing: /home/hikari/ROScribe/ros_ws/src/install/diagnostic_msgs/include/diagnostic_msgs/diagnostic_msgs/srv/detail/self_test__rosidl_typesupport_fastrtps_cpp.hpp
[46.372s] -- Up-to-date: /home/hikari/ROScribe/ros_ws/src/install/diagnostic_msgs/include/diagnostic_msgs/diagnostic_msgs/msg
[46.374s] -- Installing: /home/hikari/ROScribe/ros_ws/src/install/diagnostic_msgs/include/diagnostic_msgs/diagnostic_msgs/msg/rosidl_typesupport_fastrtps_cpp__visibility_control.h
[46.374s] -- Up-to-date: /home/hikari/ROScribe/ros_ws/src/install/diagnostic_msgs/include/diagnostic_msgs/diagnostic_msgs/msg/detail
[46.374s] -- Installing: /home/hikari/ROScribe/ros_ws/src/install/diagnostic_msgs/include/diagnostic_msgs/diagnostic_msgs/msg/detail/key_value__rosidl_typesupport_fastrtps_cpp.hpp
[46.375s] -- Installing: /home/hikari/ROScribe/ros_ws/src/install/diagnostic_msgs/include/diagnostic_msgs/diagnostic_msgs/msg/detail/diagnostic_array__rosidl_typesupport_fastrtps_cpp.hpp
[46.375s] -- Installing: /home/hikari/ROScribe/ros_ws/src/install/diagnostic_msgs/include/diagnostic_msgs/diagnostic_msgs/msg/detail/dds_fastrtps
[46.375s] -- Installing: /home/hikari/ROScribe/ros_ws/src/install/diagnostic_msgs/include/diagnostic_msgs/diagnostic_msgs/msg/detail/diagnostic_status__rosidl_typesupport_fastrtps_cpp.hpp
[46.375s] -- Installing: /home/hikari/ROScribe/ros_ws/src/install/diagnostic_msgs/lib/libdiagnostic_msgs__rosidl_typesupport_fastrtps_cpp.so
[46.376s] -- Set runtime path of "/home/hikari/ROScribe/ros_ws/src/install/diagnostic_msgs/lib/libdiagnostic_msgs__rosidl_typesupport_fastrtps_cpp.so" to ""
[46.376s] -- Up-to-date: /home/hikari/ROScribe/ros_ws/src/install/diagnostic_msgs/include/diagnostic_msgs/diagnostic_msgs
[46.376s] -- Up-to-date: /home/hikari/ROScribe/ros_ws/src/install/diagnostic_msgs/include/diagnostic_msgs/diagnostic_msgs/srv
[46.377s] -- Up-to-date: /home/hikari/ROScribe/ros_ws/src/install/diagnostic_msgs/include/diagnostic_msgs/diagnostic_msgs/srv/detail
[46.377s] -- Installing: /home/hikari/ROScribe/ros_ws/src/install/diagnostic_msgs/include/diagnostic_msgs/diagnostic_msgs/srv/detail/self_test__rosidl_typesupport_introspection_cpp.hpp
[46.377s] -- Installing: /home/hikari/ROScribe/ros_ws/src/install/diagnostic_msgs/include/diagnostic_msgs/diagnostic_msgs/srv/detail/self_test__type_support.cpp
[46.377s] -- Installing: /home/hikari/ROScribe/ros_ws/src/install/diagnostic_msgs/include/diagnostic_msgs/diagnostic_msgs/srv/detail/add_diagnostics__rosidl_typesupport_introspection_cpp.hpp
[46.378s] -- Installing: /home/hikari/ROScribe/ros_ws/src/install/diagnostic_msgs/include/diagnostic_msgs/diagnostic_msgs/srv/detail/add_diagnostics__type_support.cpp
[46.378s] -- Up-to-date: /home/hikari/ROScribe/ros_ws/src/install/diagnostic_msgs/include/diagnostic_msgs/diagnostic_msgs/msg
[46.378s] -- Up-to-date: /home/hikari/ROScribe/ros_ws/src/install/diagnostic_msgs/include/diagnostic_msgs/diagnostic_msgs/msg/detail
[46.379s] -- Installing: /home/hikari/ROScribe/ros_ws/src/install/diagnostic_msgs/include/diagnostic_msgs/diagnostic_msgs/msg/detail/key_value__type_support.cpp
[46.379s] -- Installing: /home/hikari/ROScribe/ros_ws/src/install/diagnostic_msgs/include/diagnostic_msgs/diagnostic_msgs/msg/detail/key_value__rosidl_typesupport_introspection_cpp.hpp
[46.379s] -- Installing: /home/hikari/ROScribe/ros_ws/src/install/diagnostic_msgs/include/diagnostic_msgs/diagnostic_msgs/msg/detail/diagnostic_status__type_support.cpp
[46.380s] -- Installing: /home/hikari/ROScribe/ros_ws/src/install/diagnostic_msgs/include/diagnostic_msgs/diagnostic_msgs/msg/detail/diagnostic_array__type_support.cpp
[46.380s] -- Installing: /home/hikari/ROScribe/ros_ws/src/install/diagnostic_msgs/include/diagnostic_msgs/diagnostic_msgs/msg/detail/diagnostic_array__rosidl_typesupport_introspection_cpp.hpp
[46.380s] -- Installing: /home/hikari/ROScribe/ros_ws/src/install/diagnostic_msgs/include/diagnostic_msgs/diagnostic_msgs/msg/detail/diagnostic_status__rosidl_typesupport_introspection_cpp.hpp
[46.380s] -- Installing: /home/hikari/ROScribe/ros_ws/src/install/diagnostic_msgs/lib/libdiagnostic_msgs__rosidl_typesupport_introspection_cpp.so
[46.381s] -- Set runtime path of "/home/hikari/ROScribe/ros_ws/src/install/diagnostic_msgs/lib/libdiagnostic_msgs__rosidl_typesupport_introspection_cpp.so" to ""
[46.381s] -- Installing: /home/hikari/ROScribe/ros_ws/src/install/diagnostic_msgs/lib/libdiagnostic_msgs__rosidl_typesupport_cpp.so
[46.381s] -- Set runtime path of "/home/hikari/ROScribe/ros_ws/src/install/diagnostic_msgs/lib/libdiagnostic_msgs__rosidl_typesupport_cpp.so" to ""
[46.381s] -- Installing: /home/hikari/ROScribe/ros_ws/src/install/diagnostic_msgs/share/ament_index/resource_index/rust_packages/diagnostic_msgs
[46.382s] -- Installing: /home/hikari/ROScribe/ros_ws/src/install/diagnostic_msgs/share/diagnostic_msgs/rust
[46.382s] -- Installing: /home/hikari/ROScribe/ros_ws/src/install/diagnostic_msgs/share/diagnostic_msgs/rust/src
[46.382s] -- Installing: /home/hikari/ROScribe/ros_ws/src/install/diagnostic_msgs/share/diagnostic_msgs/rust/src/msg.rs
[46.382s] -- Installing: /home/hikari/ROScribe/ros_ws/src/install/diagnostic_msgs/share/diagnostic_msgs/rust/src/srv.rs
[46.382s] -- Installing: /home/hikari/ROScribe/ros_ws/src/install/diagnostic_msgs/share/diagnostic_msgs/rust/src/lib.rs
[46.383s] -- Installing: /home/hikari/ROScribe/ros_ws/src/install/diagnostic_msgs/share/diagnostic_msgs/rust/Cargo.toml
[46.383s] -- Installing: /home/hikari/ROScribe/ros_ws/src/install/diagnostic_msgs/share/diagnostic_msgs/rust/build.rs
[46.383s] -- Up-to-date: /home/hikari/ROScribe/ros_ws/src/install/diagnostic_msgs/share/diagnostic_msgs/rust
[46.383s] -- Up-to-date: /home/hikari/ROScribe/ros_ws/src/install/diagnostic_msgs/share/diagnostic_msgs/rust/src
[46.384s] -- Up-to-date: /home/hikari/ROScribe/ros_ws/src/install/diagnostic_msgs/share/diagnostic_msgs/rust/src/msg.rs
[46.384s] -- Up-to-date: /home/hikari/ROScribe/ros_ws/src/install/diagnostic_msgs/share/diagnostic_msgs/rust/src/srv.rs
[46.384s] -- Up-to-date: /home/hikari/ROScribe/ros_ws/src/install/diagnostic_msgs/share/diagnostic_msgs/rust/src/lib.rs
[46.384s] -- Up-to-date: /home/hikari/ROScribe/ros_ws/src/install/diagnostic_msgs/share/diagnostic_msgs/rust/Cargo.toml
[46.384s] -- Up-to-date: /home/hikari/ROScribe/ros_ws/src/install/diagnostic_msgs/share/diagnostic_msgs/rust/build.rs
[46.384s] -- Up-to-date: /home/hikari/ROScribe/ros_ws/src/install/diagnostic_msgs/share/diagnostic_msgs/rust
[46.385s] -- Up-to-date: /home/hikari/ROScribe/ros_ws/src/install/diagnostic_msgs/share/diagnostic_msgs/rust/src
[46.385s] -- Up-to-date: /home/hikari/ROScribe/ros_ws/src/install/diagnostic_msgs/share/diagnostic_msgs/rust/src/msg.rs
[46.385s] -- Up-to-date: /home/hikari/ROScribe/ros_ws/src/install/diagnostic_msgs/share/diagnostic_msgs/rust/src/srv.rs
[46.385s] -- Up-to-date: /home/hikari/ROScribe/ros_ws/src/install/diagnostic_msgs/share/diagnostic_msgs/rust/src/lib.rs
[46.386s] -- Up-to-date: /home/hikari/ROScribe/ros_ws/src/install/diagnostic_msgs/share/diagnostic_msgs/rust/Cargo.toml
[46.386s] -- Up-to-date: /home/hikari/ROScribe/ros_ws/src/install/diagnostic_msgs/share/diagnostic_msgs/rust/build.rs
[46.386s] -- Installing: /home/hikari/ROScribe/ros_ws/src/install/diagnostic_msgs/share/diagnostic_msgs/environment/pythonpath.sh
[46.386s] -- Installing: /home/hikari/ROScribe/ros_ws/src/install/diagnostic_msgs/share/diagnostic_msgs/environment/pythonpath.dsv
[46.387s] -- Installing: /home/hikari/ROScribe/ros_ws/src/install/diagnostic_msgs/local/lib/python3.10/dist-packages/diagnostic_msgs-4.2.3-py3.10.egg-info
[46.387s] -- Installing: /home/hikari/ROScribe/ros_ws/src/install/diagnostic_msgs/local/lib/python3.10/dist-packages/diagnostic_msgs-4.2.3-py3.10.egg-info/top_level.txt
[46.387s] -- Installing: /home/hikari/ROScribe/ros_ws/src/install/diagnostic_msgs/local/lib/python3.10/dist-packages/diagnostic_msgs-4.2.3-py3.10.egg-info/dependency_links.txt
[46.388s] -- Installing: /home/hikari/ROScribe/ros_ws/src/install/diagnostic_msgs/local/lib/python3.10/dist-packages/diagnostic_msgs-4.2.3-py3.10.egg-info/SOURCES.txt
[46.388s] -- Installing: /home/hikari/ROScribe/ros_ws/src/install/diagnostic_msgs/local/lib/python3.10/dist-packages/diagnostic_msgs-4.2.3-py3.10.egg-info/PKG-INFO
[46.388s] -- Installing: /home/hikari/ROScribe/ros_ws/src/install/diagnostic_msgs/local/lib/python3.10/dist-packages/diagnostic_msgs
[46.390s] -- Installing: /home/hikari/ROScribe/ros_ws/src/install/diagnostic_msgs/local/lib/python3.10/dist-packages/diagnostic_msgs/srv
[46.390s] -- Installing: /home/hikari/ROScribe/ros_ws/src/install/diagnostic_msgs/local/lib/python3.10/dist-packages/diagnostic_msgs/srv/_add_diagnostics.py
[46.390s] -- Installing: /home/hikari/ROScribe/ros_ws/src/install/diagnostic_msgs/local/lib/python3.10/dist-packages/diagnostic_msgs/srv/__init__.py
[46.390s] -- Installing: /home/hikari/ROScribe/ros_ws/src/install/diagnostic_msgs/local/lib/python3.10/dist-packages/diagnostic_msgs/srv/_self_test_s.c
[46.391s] -- Installing: /home/hikari/ROScribe/ros_ws/src/install/diagnostic_msgs/local/lib/python3.10/dist-packages/diagnostic_msgs/srv/_add_diagnostics_s.c
[46.391s] -- Installing: /home/hikari/ROScribe/ros_ws/src/install/diagnostic_msgs/local/lib/python3.10/dist-packages/diagnostic_msgs/srv/_self_test.py
[46.391s] -- Installing: /home/hikari/ROScribe/ros_ws/src/install/diagnostic_msgs/local/lib/python3.10/dist-packages/diagnostic_msgs/diagnostic_msgs_s__rosidl_typesupport_introspection_c.cpython-310-x86_64-linux-gnu.so
[46.391s] -- Installing: /home/hikari/ROScribe/ros_ws/src/install/diagnostic_msgs/local/lib/python3.10/dist-packages/diagnostic_msgs/_diagnostic_msgs_s.ep.rosidl_typesupport_introspection_c.c
[46.391s] -- Installing: /home/hikari/ROScribe/ros_ws/src/install/diagnostic_msgs/local/lib/python3.10/dist-packages/diagnostic_msgs/diagnostic_msgs_s__rosidl_typesupport_c.cpython-310-x86_64-linux-gnu.so
[46.391s] -- Installing: /home/hikari/ROScribe/ros_ws/src/install/diagnostic_msgs/local/lib/python3.10/dist-packages/diagnostic_msgs/msg
[46.392s] -- Installing: /home/hikari/ROScribe/ros_ws/src/install/diagnostic_msgs/local/lib/python3.10/dist-packages/diagnostic_msgs/msg/_key_value.py
[46.392s] -- Installing: /home/hikari/ROScribe/ros_ws/src/install/diagnostic_msgs/local/lib/python3.10/dist-packages/diagnostic_msgs/msg/_diagnostic_array.py
[46.392s] -- Installing: /home/hikari/ROScribe/ros_ws/src/install/diagnostic_msgs/local/lib/python3.10/dist-packages/diagnostic_msgs/msg/_diagnostic_status.py
[46.392s] -- Installing: /home/hikari/ROScribe/ros_ws/src/install/diagnostic_msgs/local/lib/python3.10/dist-packages/diagnostic_msgs/msg/_diagnostic_array_s.c
[46.392s] -- Installing: /home/hikari/ROScribe/ros_ws/src/install/diagnostic_msgs/local/lib/python3.10/dist-packages/diagnostic_msgs/msg/_key_value_s.c
[46.392s] -- Installing: /home/hikari/ROScribe/ros_ws/src/install/diagnostic_msgs/local/lib/python3.10/dist-packages/diagnostic_msgs/msg/__init__.py
[46.393s] -- Installing: /home/hikari/ROScribe/ros_ws/src/install/diagnostic_msgs/local/lib/python3.10/dist-packages/diagnostic_msgs/msg/_diagnostic_status_s.c
[46.393s] -- Installing: /home/hikari/ROScribe/ros_ws/src/install/diagnostic_msgs/local/lib/python3.10/dist-packages/diagnostic_msgs/_diagnostic_msgs_s.ep.rosidl_typesupport_fastrtps_c.c
[46.393s] -- Installing: /home/hikari/ROScribe/ros_ws/src/install/diagnostic_msgs/local/lib/python3.10/dist-packages/diagnostic_msgs/libdiagnostic_msgs__rosidl_generator_py.so
[46.393s] -- Installing: /home/hikari/ROScribe/ros_ws/src/install/diagnostic_msgs/local/lib/python3.10/dist-packages/diagnostic_msgs/diagnostic_msgs_s__rosidl_typesupport_fastrtps_c.cpython-310-x86_64-linux-gnu.so
[46.393s] -- Installing: /home/hikari/ROScribe/ros_ws/src/install/diagnostic_msgs/local/lib/python3.10/dist-packages/diagnostic_msgs/_diagnostic_msgs_s.ep.rosidl_typesupport_c.c
[46.393s] -- Installing: /home/hikari/ROScribe/ros_ws/src/install/diagnostic_msgs/local/lib/python3.10/dist-packages/diagnostic_msgs/__init__.py
[46.490s] Listing '/home/hikari/ROScribe/ros_ws/src/install/diagnostic_msgs/local/lib/python3.10/dist-packages/diagnostic_msgs'...
[46.490s] Compiling '/home/hikari/ROScribe/ros_ws/src/install/diagnostic_msgs/local/lib/python3.10/dist-packages/diagnostic_msgs/__init__.py'...
[46.490s] Listing '/home/hikari/ROScribe/ros_ws/src/install/diagnostic_msgs/local/lib/python3.10/dist-packages/diagnostic_msgs/msg'...
[46.490s] Compiling '/home/hikari/ROScribe/ros_ws/src/install/diagnostic_msgs/local/lib/python3.10/dist-packages/diagnostic_msgs/msg/__init__.py'...
[46.491s] Compiling '/home/hikari/ROScribe/ros_ws/src/install/diagnostic_msgs/local/lib/python3.10/dist-packages/diagnostic_msgs/msg/_diagnostic_array.py'...
[46.491s] Compiling '/home/hikari/ROScribe/ros_ws/src/install/diagnostic_msgs/local/lib/python3.10/dist-packages/diagnostic_msgs/msg/_diagnostic_status.py'...
[46.491s] Compiling '/home/hikari/ROScribe/ros_ws/src/install/diagnostic_msgs/local/lib/python3.10/dist-packages/diagnostic_msgs/msg/_key_value.py'...
[46.491s] Listing '/home/hikari/ROScribe/ros_ws/src/install/diagnostic_msgs/local/lib/python3.10/dist-packages/diagnostic_msgs/srv'...
[46.491s] Compiling '/home/hikari/ROScribe/ros_ws/src/install/diagnostic_msgs/local/lib/python3.10/dist-packages/diagnostic_msgs/srv/__init__.py'...
[46.491s] Compiling '/home/hikari/ROScribe/ros_ws/src/install/diagnostic_msgs/local/lib/python3.10/dist-packages/diagnostic_msgs/srv/_add_diagnostics.py'...
[46.492s] Compiling '/home/hikari/ROScribe/ros_ws/src/install/diagnostic_msgs/local/lib/python3.10/dist-packages/diagnostic_msgs/srv/_self_test.py'...
[46.504s] -- Installing: /home/hikari/ROScribe/ros_ws/src/install/diagnostic_msgs/local/lib/python3.10/dist-packages/diagnostic_msgs/diagnostic_msgs_s__rosidl_typesupport_fastrtps_c.cpython-310-x86_64-linux-gnu.so
[46.505s] -- Set runtime path of "/home/hikari/ROScribe/ros_ws/src/install/diagnostic_msgs/local/lib/python3.10/dist-packages/diagnostic_msgs/diagnostic_msgs_s__rosidl_typesupport_fastrtps_c.cpython-310-x86_64-linux-gnu.so" to ""
[46.505s] -- Installing: /home/hikari/ROScribe/ros_ws/src/install/diagnostic_msgs/local/lib/python3.10/dist-packages/diagnostic_msgs/diagnostic_msgs_s__rosidl_typesupport_introspection_c.cpython-310-x86_64-linux-gnu.so
[46.506s] -- Set runtime path of "/home/hikari/ROScribe/ros_ws/src/install/diagnostic_msgs/local/lib/python3.10/dist-packages/diagnostic_msgs/diagnostic_msgs_s__rosidl_typesupport_introspection_c.cpython-310-x86_64-linux-gnu.so" to ""
[46.506s] -- Installing: /home/hikari/ROScribe/ros_ws/src/install/diagnostic_msgs/local/lib/python3.10/dist-packages/diagnostic_msgs/diagnostic_msgs_s__rosidl_typesupport_c.cpython-310-x86_64-linux-gnu.so
[46.507s] -- Set runtime path of "/home/hikari/ROScribe/ros_ws/src/install/diagnostic_msgs/local/lib/python3.10/dist-packages/diagnostic_msgs/diagnostic_msgs_s__rosidl_typesupport_c.cpython-310-x86_64-linux-gnu.so" to ""
[46.507s] -- Installing: /home/hikari/ROScribe/ros_ws/src/install/diagnostic_msgs/lib/libdiagnostic_msgs__rosidl_generator_py.so
[46.508s] -- Set runtime path of "/home/hikari/ROScribe/ros_ws/src/install/diagnostic_msgs/lib/libdiagnostic_msgs__rosidl_generator_py.so" to ""
[46.508s] -- Installing: /home/hikari/ROScribe/ros_ws/src/install/diagnostic_msgs/share/diagnostic_msgs/msg/DiagnosticArray.idl
[46.509s] -- Installing: /home/hikari/ROScribe/ros_ws/src/install/diagnostic_msgs/share/diagnostic_msgs/msg/DiagnosticStatus.idl
[46.509s] -- Installing: /home/hikari/ROScribe/ros_ws/src/install/diagnostic_msgs/share/diagnostic_msgs/msg/KeyValue.idl
[46.510s] -- Installing: /home/hikari/ROScribe/ros_ws/src/install/diagnostic_msgs/share/diagnostic_msgs/srv/AddDiagnostics.idl
[46.510s] -- Installing: /home/hikari/ROScribe/ros_ws/src/install/diagnostic_msgs/share/diagnostic_msgs/srv/SelfTest.idl
[46.510s] -- Installing: /home/hikari/ROScribe/ros_ws/src/install/diagnostic_msgs/share/diagnostic_msgs/msg/DiagnosticArray.msg
[46.511s] -- Installing: /home/hikari/ROScribe/ros_ws/src/install/diagnostic_msgs/share/diagnostic_msgs/msg/DiagnosticStatus.msg
[46.511s] -- Installing: /home/hikari/ROScribe/ros_ws/src/install/diagnostic_msgs/share/diagnostic_msgs/msg/KeyValue.msg
[46.512s] -- Installing: /home/hikari/ROScribe/ros_ws/src/install/diagnostic_msgs/share/diagnostic_msgs/srv/AddDiagnostics.srv
[46.512s] -- Installing: /home/hikari/ROScribe/ros_ws/src/install/diagnostic_msgs/share/diagnostic_msgs/srv/AddDiagnostics_Request.msg
[46.517s] -- Installing: /home/hikari/ROScribe/ros_ws/src/install/diagnostic_msgs/share/diagnostic_msgs/srv/AddDiagnostics_Response.msg
[46.518s] -- Installing: /home/hikari/ROScribe/ros_ws/src/install/diagnostic_msgs/share/diagnostic_msgs/srv/SelfTest.srv
[46.519s] -- Installing: /home/hikari/ROScribe/ros_ws/src/install/diagnostic_msgs/share/diagnostic_msgs/srv/SelfTest_Request.msg
[46.519s] -- Installing: /home/hikari/ROScribe/ros_ws/src/install/diagnostic_msgs/share/diagnostic_msgs/srv/SelfTest_Response.msg
[46.519s] -- Installing: /home/hikari/ROScribe/ros_ws/src/install/diagnostic_msgs/share/ament_index/resource_index/package_run_dependencies/diagnostic_msgs
[46.519s] -- Installing: /home/hikari/ROScribe/ros_ws/src/install/diagnostic_msgs/share/ament_index/resource_index/parent_prefix_path/diagnostic_msgs
[46.520s] -- Installing: /home/hikari/ROScribe/ros_ws/src/install/diagnostic_msgs/share/diagnostic_msgs/environment/ament_prefix_path.sh
[46.520s] -- Installing: /home/hikari/ROScribe/ros_ws/src/install/diagnostic_msgs/share/diagnostic_msgs/environment/ament_prefix_path.dsv
[46.521s] -- Installing: /home/hikari/ROScribe/ros_ws/src/install/diagnostic_msgs/share/diagnostic_msgs/environment/path.sh
[46.522s] -- Installing: /home/hikari/ROScribe/ros_ws/src/install/diagnostic_msgs/share/diagnostic_msgs/environment/path.dsv
[46.522s] -- Installing: /home/hikari/ROScribe/ros_ws/src/install/diagnostic_msgs/share/diagnostic_msgs/local_setup.bash
[46.523s] -- Installing: /home/hikari/ROScribe/ros_ws/src/install/diagnostic_msgs/share/diagnostic_msgs/local_setup.sh
[46.524s] -- Installing: /home/hikari/ROScribe/ros_ws/src/install/diagnostic_msgs/share/diagnostic_msgs/local_setup.zsh
[46.524s] -- Installing: /home/hikari/ROScribe/ros_ws/src/install/diagnostic_msgs/share/diagnostic_msgs/local_setup.dsv
[46.524s] -- Installing: /home/hikari/ROScribe/ros_ws/src/install/diagnostic_msgs/share/diagnostic_msgs/package.dsv
[46.524s] -- Installing: /home/hikari/ROScribe/ros_ws/src/install/diagnostic_msgs/share/ament_index/resource_index/packages/diagnostic_msgs
[46.525s] -- Installing: /home/hikari/ROScribe/ros_ws/src/install/diagnostic_msgs/share/diagnostic_msgs/cmake/export_diagnostic_msgs__rosidl_generator_cExport.cmake
[46.525s] -- Installing: /home/hikari/ROScribe/ros_ws/src/install/diagnostic_msgs/share/diagnostic_msgs/cmake/export_diagnostic_msgs__rosidl_generator_cExport-noconfig.cmake
[46.525s] -- Installing: /home/hikari/ROScribe/ros_ws/src/install/diagnostic_msgs/share/diagnostic_msgs/cmake/export_diagnostic_msgs__rosidl_typesupport_fastrtps_cExport.cmake
[46.526s] -- Installing: /home/hikari/ROScribe/ros_ws/src/install/diagnostic_msgs/share/diagnostic_msgs/cmake/export_diagnostic_msgs__rosidl_typesupport_fastrtps_cExport-noconfig.cmake
[46.526s] -- Installing: /home/hikari/ROScribe/ros_ws/src/install/diagnostic_msgs/share/diagnostic_msgs/cmake/diagnostic_msgs__rosidl_typesupport_introspection_cExport.cmake
[46.526s] -- Installing: /home/hikari/ROScribe/ros_ws/src/install/diagnostic_msgs/share/diagnostic_msgs/cmake/diagnostic_msgs__rosidl_typesupport_introspection_cExport-noconfig.cmake
[46.527s] -- Installing: /home/hikari/ROScribe/ros_ws/src/install/diagnostic_msgs/share/diagnostic_msgs/cmake/diagnostic_msgs__rosidl_typesupport_cExport.cmake
[46.527s] -- Installing: /home/hikari/ROScribe/ros_ws/src/install/diagnostic_msgs/share/diagnostic_msgs/cmake/diagnostic_msgs__rosidl_typesupport_cExport-noconfig.cmake
[46.528s] -- Installing: /home/hikari/ROScribe/ros_ws/src/install/diagnostic_msgs/share/diagnostic_msgs/cmake/export_diagnostic_msgs__rosidl_generator_cppExport.cmake
[46.528s] -- Installing: /home/hikari/ROScribe/ros_ws/src/install/diagnostic_msgs/share/diagnostic_msgs/cmake/export_diagnostic_msgs__rosidl_typesupport_fastrtps_cppExport.cmake
[46.528s] -- Installing: /home/hikari/ROScribe/ros_ws/src/install/diagnostic_msgs/share/diagnostic_msgs/cmake/export_diagnostic_msgs__rosidl_typesupport_fastrtps_cppExport-noconfig.cmake
[46.530s] -- Installing: /home/hikari/ROScribe/ros_ws/src/install/diagnostic_msgs/share/diagnostic_msgs/cmake/diagnostic_msgs__rosidl_typesupport_introspection_cppExport.cmake
[46.530s] -- Installing: /home/hikari/ROScribe/ros_ws/src/install/diagnostic_msgs/share/diagnostic_msgs/cmake/diagnostic_msgs__rosidl_typesupport_introspection_cppExport-noconfig.cmake
[46.532s] -- Installing: /home/hikari/ROScribe/ros_ws/src/install/diagnostic_msgs/share/diagnostic_msgs/cmake/diagnostic_msgs__rosidl_typesupport_cppExport.cmake
[46.533s] -- Installing: /home/hikari/ROScribe/ros_ws/src/install/diagnostic_msgs/share/diagnostic_msgs/cmake/diagnostic_msgs__rosidl_typesupport_cppExport-noconfig.cmake
[46.533s] -- Installing: /home/hikari/ROScribe/ros_ws/src/install/diagnostic_msgs/share/diagnostic_msgs/cmake/export_diagnostic_msgs__rosidl_generator_pyExport.cmake
[46.540s] -- Installing: /home/hikari/ROScribe/ros_ws/src/install/diagnostic_msgs/share/diagnostic_msgs/cmake/export_diagnostic_msgs__rosidl_generator_pyExport-noconfig.cmake
[46.540s] -- Installing: /home/hikari/ROScribe/ros_ws/src/install/diagnostic_msgs/share/diagnostic_msgs/cmake/rosidl_cmake-extras.cmake
[46.541s] -- Installing: /home/hikari/ROScribe/ros_ws/src/install/diagnostic_msgs/share/diagnostic_msgs/cmake/ament_cmake_export_dependencies-extras.cmake
[46.541s] -- Installing: /home/hikari/ROScribe/ros_ws/src/install/diagnostic_msgs/share/diagnostic_msgs/cmake/ament_cmake_export_include_directories-extras.cmake
[46.541s] -- Installing: /home/hikari/ROScribe/ros_ws/src/install/diagnostic_msgs/share/diagnostic_msgs/cmake/ament_cmake_export_libraries-extras.cmake
[46.541s] -- Installing: /home/hikari/ROScribe/ros_ws/src/install/diagnostic_msgs/share/diagnostic_msgs/cmake/ament_cmake_export_targets-extras.cmake
[46.541s] -- Installing: /home/hikari/ROScribe/ros_ws/src/install/diagnostic_msgs/share/diagnostic_msgs/cmake/rosidl_cmake_export_typesupport_targets-extras.cmake
[46.542s] -- Installing: /home/hikari/ROScribe/ros_ws/src/install/diagnostic_msgs/share/diagnostic_msgs/cmake/rosidl_cmake_export_typesupport_libraries-extras.cmake
[46.543s] -- Installing: /home/hikari/ROScribe/ros_ws/src/install/diagnostic_msgs/share/diagnostic_msgs/cmake/diagnostic_msgsConfig.cmake
[46.544s] -- Installing: /home/hikari/ROScribe/ros_ws/src/install/diagnostic_msgs/share/diagnostic_msgs/cmake/diagnostic_msgsConfig-version.cmake
[46.544s] -- Installing: /home/hikari/ROScribe/ros_ws/src/install/diagnostic_msgs/share/diagnostic_msgs/package.xml
[46.563s] Invoked command in '/home/hikari/ROScribe/ros_ws/src/build/diagnostic_msgs' returned '0': AMENT_PREFIX_PATH=/home/hikari/ROScribe/ros_ws/src/install/geometry_msgs:/home/hikari/ROScribe/ros_ws/src/install/std_msgs:/home/hikari/ROScribe/ros_ws/src/install/builtin_interfaces:/home/hikari/ROScribe/ros_ws/src/install/rosidl_default_runtime:/home/hikari/ROScribe/ros_ws/src/install/rosidl_default_generators:/home/hikari/ROScribe/ros_ws/src/install/rosidl_generator_rs:/home/hikari/ROScribe/ros_ws/src/install/rosidl_runtime_rs:${AMENT_PREFIX_PATH} CMAKE_PREFIX_PATH=/home/hikari/ROScribe/ros_ws/src/install/geometry_msgs:/home/hikari/ROScribe/ros_ws/src/install/std_msgs:/home/hikari/ROScribe/ros_ws/src/install/builtin_interfaces:/home/hikari/ROScribe/ros_ws/src/install/rosidl_default_runtime:/home/hikari/ROScribe/ros_ws/src/install/rosidl_default_generators:/home/hikari/ROScribe/ros_ws/src/install/rosidl_generator_rs:/opt/ros/humble LD_LIBRARY_PATH=/home/hikari/ROScribe/ros_ws/src/install/geometry_msgs/lib:/home/hikari/ROScribe/ros_ws/src/install/std_msgs/lib:/home/hikari/ROScribe/ros_ws/src/install/builtin_interfaces/lib:${LD_LIBRARY_PATH} PYTHONPATH=/home/hikari/ROScribe/ros_ws/src/install/geometry_msgs/local/lib/python3.10/dist-packages:/home/hikari/ROScribe/ros_ws/src/install/std_msgs/local/lib/python3.10/dist-packages:/home/hikari/ROScribe/ros_ws/src/install/builtin_interfaces/local/lib/python3.10/dist-packages:/home/hikari/ROScribe/ros_ws/src/install/rosidl_generator_rs/local/lib/python3.10/dist-packages:${PYTHONPATH} /usr/local/bin/cmake --install /home/hikari/ROScribe/ros_ws/src/build/diagnostic_msgs
