[0.157s] Invoking command in '/home/hikari/ROScribe/ros_ws/src/build/rosidl_default_runtime': AMENT_PREFIX_PATH=/home/hikari/ROScribe/ros_ws/src/install/rosidl_generator_rs:/home/hikari/ROScribe/ros_ws/src/install/rosidl_runtime_rs:${AMENT_PREFIX_PATH} CMAKE_PREFIX_PATH=/home/hikari/ROScribe/ros_ws/src/install/rosidl_generator_rs:/opt/ros/humble PYTHONPATH=/home/hikari/ROScribe/ros_ws/src/install/rosidl_generator_rs/local/lib/python3.10/dist-packages:${PYTHONPATH} /usr/local/bin/cmake /home/hikari/ROScribe/ros_ws/src/ros2/rosidl_defaults/rosidl_default_runtime -DCMAKE_INSTALL_PREFIX=/home/hikari/ROScribe/ros_ws/src/install/rosidl_default_runtime
[0.197s] -- Found ament_cmake: 1.3.5 (/opt/ros/humble/share/ament_cmake/cmake)
[1.594s] -- Found Python3: /usr/bin/python3.10 (found version "3.10.12") found components: Interpreter 
[1.710s] -- Found ament_lint_auto: 0.12.8 (/opt/ros/humble/share/ament_lint_auto/cmake)
[1.811s] -- Added test 'copyright' to check source files copyright and LICENSE
[1.813s] -- Added test 'lint_cmake' to check CMake code style
[1.815s] -- Added test 'xmllint' to check XML markup files
[1.817s] -- Configuring done
[1.821s] -- Generating done
[1.822s] -- Build files have been written to: /home/hikari/ROScribe/ros_ws/src/build/rosidl_default_runtime
[1.830s] Invoked command in '/home/hikari/ROScribe/ros_ws/src/build/rosidl_default_runtime' returned '0': AMENT_PREFIX_PATH=/home/hikari/ROScribe/ros_ws/src/install/rosidl_generator_rs:/home/hikari/ROScribe/ros_ws/src/install/rosidl_runtime_rs:${AMENT_PREFIX_PATH} CMAKE_PREFIX_PATH=/home/hikari/ROScribe/ros_ws/src/install/rosidl_generator_rs:/opt/ros/humble PYTHONPATH=/home/hikari/ROScribe/ros_ws/src/install/rosidl_generator_rs/local/lib/python3.10/dist-packages:${PYTHONPATH} /usr/local/bin/cmake /home/hikari/ROScribe/ros_ws/src/ros2/rosidl_defaults/rosidl_default_runtime -DCMAKE_INSTALL_PREFIX=/home/hikari/ROScribe/ros_ws/src/install/rosidl_default_runtime
[1.833s] Invoking command in '/home/hikari/ROScribe/ros_ws/src/build/rosidl_default_runtime': AMENT_PREFIX_PATH=/home/hikari/ROScribe/ros_ws/src/install/rosidl_generator_rs:/home/hikari/ROScribe/ros_ws/src/install/rosidl_runtime_rs:${AMENT_PREFIX_PATH} CMAKE_PREFIX_PATH=/home/hikari/ROScribe/ros_ws/src/install/rosidl_generator_rs:/opt/ros/humble PYTHONPATH=/home/hikari/ROScribe/ros_ws/src/install/rosidl_generator_rs/local/lib/python3.10/dist-packages:${PYTHONPATH} /usr/local/bin/cmake --build /home/hikari/ROScribe/ros_ws/src/build/rosidl_default_runtime -- -j8 -l8
[1.885s] Invoked command in '/home/hikari/ROScribe/ros_ws/src/build/rosidl_default_runtime' returned '0': AMENT_PREFIX_PATH=/home/hikari/ROScribe/ros_ws/src/install/rosidl_generator_rs:/home/hikari/ROScribe/ros_ws/src/install/rosidl_runtime_rs:${AMENT_PREFIX_PATH} CMAKE_PREFIX_PATH=/home/hikari/ROScribe/ros_ws/src/install/rosidl_generator_rs:/opt/ros/humble PYTHONPATH=/home/hikari/ROScribe/ros_ws/src/install/rosidl_generator_rs/local/lib/python3.10/dist-packages:${PYTHONPATH} /usr/local/bin/cmake --build /home/hikari/ROScribe/ros_ws/src/build/rosidl_default_runtime -- -j8 -l8
[1.933s] Invoking command in '/home/hikari/ROScribe/ros_ws/src/build/rosidl_default_runtime': AMENT_PREFIX_PATH=/home/hikari/ROScribe/ros_ws/src/install/rosidl_generator_rs:/home/hikari/ROScribe/ros_ws/src/install/rosidl_runtime_rs:${AMENT_PREFIX_PATH} CMAKE_PREFIX_PATH=/home/hikari/ROScribe/ros_ws/src/install/rosidl_generator_rs:/opt/ros/humble PYTHONPATH=/home/hikari/ROScribe/ros_ws/src/install/rosidl_generator_rs/local/lib/python3.10/dist-packages:${PYTHONPATH} /usr/local/bin/cmake --install /home/hikari/ROScribe/ros_ws/src/build/rosidl_default_runtime
[1.975s] -- Install configuration: ""
[1.976s] -- Installing: /home/hikari/ROScribe/ros_ws/src/install/rosidl_default_runtime/share/ament_index/resource_index/package_run_dependencies/rosidl_default_runtime
[1.976s] -- Installing: /home/hikari/ROScribe/ros_ws/src/install/rosidl_default_runtime/share/ament_index/resource_index/parent_prefix_path/rosidl_default_runtime
[1.977s] -- Installing: /home/hikari/ROScribe/ros_ws/src/install/rosidl_default_runtime/share/rosidl_default_runtime/environment/ament_prefix_path.sh
[1.977s] -- Installing: /home/hikari/ROScribe/ros_ws/src/install/rosidl_default_runtime/share/rosidl_default_runtime/environment/ament_prefix_path.dsv
[1.978s] -- Installing: /home/hikari/ROScribe/ros_ws/src/install/rosidl_default_runtime/share/rosidl_default_runtime/environment/path.sh
[1.978s] -- Installing: /home/hikari/ROScribe/ros_ws/src/install/rosidl_default_runtime/share/rosidl_default_runtime/environment/path.dsv
[1.978s] -- Installing: /home/hikari/ROScribe/ros_ws/src/install/rosidl_default_runtime/share/rosidl_default_runtime/local_setup.bash
[1.978s] -- Installing: /home/hikari/ROScribe/ros_ws/src/install/rosidl_default_runtime/share/rosidl_default_runtime/local_setup.sh
[1.979s] -- Installing: /home/hikari/ROScribe/ros_ws/src/install/rosidl_default_runtime/share/rosidl_default_runtime/local_setup.zsh
[1.979s] -- Installing: /home/hikari/ROScribe/ros_ws/src/install/rosidl_default_runtime/share/rosidl_default_runtime/local_setup.dsv
[1.980s] -- Installing: /home/hikari/ROScribe/ros_ws/src/install/rosidl_default_runtime/share/rosidl_default_runtime/package.dsv
[1.980s] -- Installing: /home/hikari/ROScribe/ros_ws/src/install/rosidl_default_runtime/share/ament_index/resource_index/packages/rosidl_default_runtime
[1.981s] -- Installing: /home/hikari/ROScribe/ros_ws/src/install/rosidl_default_runtime/share/rosidl_default_runtime/cmake/rosidl_default_runtime-extras.cmake
[1.982s] -- Installing: /home/hikari/ROScribe/ros_ws/src/install/rosidl_default_runtime/share/rosidl_default_runtime/cmake/rosidl_default_runtimeConfig.cmake
[1.982s] -- Installing: /home/hikari/ROScribe/ros_ws/src/install/rosidl_default_runtime/share/rosidl_default_runtime/cmake/rosidl_default_runtimeConfig-version.cmake
[1.982s] -- Installing: /home/hikari/ROScribe/ros_ws/src/install/rosidl_default_runtime/share/rosidl_default_runtime/package.xml
[1.990s] Invoked command in '/home/hikari/ROScribe/ros_ws/src/build/rosidl_default_runtime' returned '0': AMENT_PREFIX_PATH=/home/hikari/ROScribe/ros_ws/src/install/rosidl_generator_rs:/home/hikari/ROScribe/ros_ws/src/install/rosidl_runtime_rs:${AMENT_PREFIX_PATH} CMAKE_PREFIX_PATH=/home/hikari/ROScribe/ros_ws/src/install/rosidl_generator_rs:/opt/ros/humble PYTHONPATH=/home/hikari/ROScribe/ros_ws/src/install/rosidl_generator_rs/local/lib/python3.10/dist-packages:${PYTHONPATH} /usr/local/bin/cmake --install /home/hikari/ROScribe/ros_ws/src/build/rosidl_default_runtime
