[0.521s] Invoking command in '/home/hikari/ROScribe/ros_ws/src/build/builtin_interfaces': AMENT_PREFIX_PATH=/home/hikari/ROScribe/ros_ws/src/install/rosidl_default_runtime:/home/hikari/ROScribe/ros_ws/src/install/rosidl_default_generators:/home/hikari/ROScribe/ros_ws/src/install/rosidl_generator_rs:/home/hikari/ROScribe/ros_ws/src/install/rosidl_runtime_rs:${AMENT_PREFIX_PATH} CMAKE_PREFIX_PATH=/home/hikari/ROScribe/ros_ws/src/install/rosidl_default_runtime:/home/hikari/ROScribe/ros_ws/src/install/rosidl_default_generators:/home/hikari/ROScribe/ros_ws/src/install/rosidl_generator_rs:/opt/ros/humble PYTHONPATH=/home/hikari/ROScribe/ros_ws/src/install/rosidl_generator_rs/local/lib/python3.10/dist-packages:${PYTHONPATH} /usr/local/bin/cmake /home/hikari/ROScribe/ros_ws/src/ros2/rcl_interfaces/builtin_interfaces -DCMAKE_INSTALL_PREFIX=/home/hikari/ROScribe/ros_ws/src/install/builtin_interfaces
[0.730s] -- The C compiler identification is GNU 11.4.0
[1.032s] -- The CXX compiler identification is GNU 11.4.0
[1.183s] -- Detecting C compiler ABI info
[1.287s] -- Detecting C compiler ABI info - done
[1.311s] -- Check for working C compiler: /usr/lib/ccache/cc - skipped
[1.312s] -- Detecting C compile features
[1.313s] -- Detecting C compile features - done
[1.321s] -- Detecting CXX compiler ABI info
[1.454s] -- Detecting CXX compiler ABI info - done
[1.479s] -- Check for working CXX compiler: /usr/lib/ccache/c++ - skipped
[1.480s] -- Detecting CXX compile features
[1.481s] -- Detecting CXX compile features - done
[1.484s] -- Found ament_cmake: 1.3.5 (/opt/ros/humble/share/ament_cmake/cmake)
[4.171s] -- Found Python3: /usr/bin/python3.10 (found version "3.10.12") found components: Interpreter 
[4.341s] -- Found rosidl_default_generators: 1.2.0 (/home/hikari/ROScribe/ros_ws/src/install/rosidl_default_generators/share/rosidl_default_generators/cmake)
[4.349s] -- Using all available rosidl_typesupport_c: rosidl_typesupport_fastrtps_c;rosidl_typesupport_introspection_c
[4.362s] -- Found rosidl_adapter: 3.1.5 (/opt/ros/humble/share/rosidl_adapter/cmake)
[4.534s] -- Using all available rosidl_typesupport_cpp: rosidl_typesupport_fastrtps_cpp;rosidl_typesupport_introspection_cpp
[5.062s] -- Found ament_cmake_cppcheck: 0.12.8 (/opt/ros/humble/share/ament_cmake_cppcheck/cmake)
[5.066s] -- Found ament_cmake_cpplint: 0.12.8 (/opt/ros/humble/share/ament_cmake_cpplint/cmake)
[5.070s] -- Found ament_cmake_uncrustify: 0.12.8 (/opt/ros/humble/share/ament_cmake_uncrustify/cmake)
[5.075s] -- Found ament_cmake_ros: 0.10.0 (/opt/ros/humble/share/ament_cmake_ros/cmake)
[5.328s] -- Using all available rosidl_typesupport_c: rosidl_typesupport_fastrtps_c;rosidl_typesupport_introspection_c
[5.664s] -- Using all available rosidl_typesupport_cpp: rosidl_typesupport_fastrtps_cpp;rosidl_typesupport_introspection_cpp
[5.678s] -- Found rmw_implementation_cmake: 6.1.1 (/opt/ros/humble/share/rmw_implementation_cmake/cmake)
[6.367s] -- Found OpenSSL: /usr/lib/x86_64-linux-gnu/libcrypto.so (found version "3.0.2")  
[7.078s] -- Found FastRTPS: /opt/ros/humble/include  
[8.407s] -- Found PythonInterp: /usr/bin/python3 (found suitable version "3.10.12", minimum required is "3.6") 
[8.413s] -- Found python_cmake_module: 0.10.0 (/opt/ros/humble/share/python_cmake_module/cmake)
[8.663s] -- Found PythonLibs: /usr/lib/x86_64-linux-gnu/libpython3.10.so (found suitable version "3.10.12", minimum required is "3.5") 
[8.664s] -- Using PYTHON_EXECUTABLE: /usr/bin/python3
[8.664s] -- Using PYTHON_INCLUDE_DIRS: /usr/include/python3.10
[8.664s] -- Using PYTHON_LIBRARIES: /usr/lib/x86_64-linux-gnu/libpython3.10.so
[8.741s] -- Found PythonExtra: .so  
[8.952s] -- Found ament_cmake_flake8: 0.12.8 (/opt/ros/humble/share/ament_cmake_flake8/cmake)
[8.962s] -- Found ament_cmake_pep257: 0.12.8 (/opt/ros/humble/share/ament_cmake_pep257/cmake)
[9.033s] -- Configuring done
[9.338s] -- Generating done
[9.348s] -- Build files have been written to: /home/hikari/ROScribe/ros_ws/src/build/builtin_interfaces
[9.412s] Invoked command in '/home/hikari/ROScribe/ros_ws/src/build/builtin_interfaces' returned '0': AMENT_PREFIX_PATH=/home/hikari/ROScribe/ros_ws/src/install/rosidl_default_runtime:/home/hikari/ROScribe/ros_ws/src/install/rosidl_default_generators:/home/hikari/ROScribe/ros_ws/src/install/rosidl_generator_rs:/home/hikari/ROScribe/ros_ws/src/install/rosidl_runtime_rs:${AMENT_PREFIX_PATH} CMAKE_PREFIX_PATH=/home/hikari/ROScribe/ros_ws/src/install/rosidl_default_runtime:/home/hikari/ROScribe/ros_ws/src/install/rosidl_default_generators:/home/hikari/ROScribe/ros_ws/src/install/rosidl_generator_rs:/opt/ros/humble PYTHONPATH=/home/hikari/ROScribe/ros_ws/src/install/rosidl_generator_rs/local/lib/python3.10/dist-packages:${PYTHONPATH} /usr/local/bin/cmake /home/hikari/ROScribe/ros_ws/src/ros2/rcl_interfaces/builtin_interfaces -DCMAKE_INSTALL_PREFIX=/home/hikari/ROScribe/ros_ws/src/install/builtin_interfaces
[9.427s] Invoking command in '/home/hikari/ROScribe/ros_ws/src/build/builtin_interfaces': AMENT_PREFIX_PATH=/home/hikari/ROScribe/ros_ws/src/install/rosidl_default_runtime:/home/hikari/ROScribe/ros_ws/src/install/rosidl_default_generators:/home/hikari/ROScribe/ros_ws/src/install/rosidl_generator_rs:/home/hikari/ROScribe/ros_ws/src/install/rosidl_runtime_rs:${AMENT_PREFIX_PATH} CMAKE_PREFIX_PATH=/home/hikari/ROScribe/ros_ws/src/install/rosidl_default_runtime:/home/hikari/ROScribe/ros_ws/src/install/rosidl_default_generators:/home/hikari/ROScribe/ros_ws/src/install/rosidl_generator_rs:/opt/ros/humble PYTHONPATH=/home/hikari/ROScribe/ros_ws/src/install/rosidl_generator_rs/local/lib/python3.10/dist-packages:${PYTHONPATH} /usr/local/bin/cmake --build /home/hikari/ROScribe/ros_ws/src/build/builtin_interfaces -- -j8 -l8
[9.886s] [  2%] [34m[1mGenerating C code for ROS interfaces[0m
[9.967s] [  5%] [34m[1mGenerating Rust code for ROS interfaces[0m
[10.015s] [  7%] [34m[1mGenerating C++ code for ROS interfaces[0m
[10.103s] [  7%] Built target ament_cmake_python_copy_builtin_interfaces
[11.822s] running egg_info
[11.842s] creating builtin_interfaces.egg-info
[12.020s] writing builtin_interfaces.egg-info/PKG-INFO
[12.022s] writing dependency_links to builtin_interfaces.egg-info/dependency_links.txt
[12.029s] writing top-level names to builtin_interfaces.egg-info/top_level.txt
[12.030s] writing manifest file 'builtin_interfaces.egg-info/SOURCES.txt'
[12.605s] reading manifest file 'builtin_interfaces.egg-info/SOURCES.txt'
[12.620s] writing manifest file 'builtin_interfaces.egg-info/SOURCES.txt'
[12.793s] [  7%] Built target ament_cmake_python_build_builtin_interfaces_egg
[12.811s] [  7%] Built target builtin_interfaces__rs
[13.133s] [ 10%] [32mBuilding C object CMakeFiles/builtin_interfaces__rosidl_generator_c.dir/rosidl_generator_c/builtin_interfaces/msg/detail/duration__functions.c.o[0m
[13.156s] [ 12%] [32mBuilding C object CMakeFiles/builtin_interfaces__rosidl_generator_c.dir/rosidl_generator_c/builtin_interfaces/msg/detail/time__functions.c.o[0m
[13.247s] [ 12%] Built target builtin_interfaces__cpp
[13.290s] [ 15%] [34m[1mGenerating C++ type support for eProsima Fast-RTPS[0m
[13.302s] [ 17%] [34m[1mGenerating C++ introspection for ROS interfaces[0m
[13.305s] [ 20%] [34m[1mGenerating C++ type support dispatch for ROS interfaces[0m
[13.546s] [ 22%] [32m[1mLinking C shared library libbuiltin_interfaces__rosidl_generator_c.so[0m
[13.924s] [ 22%] Built target builtin_interfaces__rosidl_generator_c
[14.003s] [ 25%] [34m[1mGenerating C type support for eProsima Fast-RTPS[0m
[14.023s] [ 27%] [34m[1mGenerating C introspection for ROS interfaces[0m
[14.053s] [ 30%] [34m[1mGenerating C type support dispatch for ROS interfaces[0m
[16.434s] [ 32%] [32mBuilding CXX object CMakeFiles/builtin_interfaces__rosidl_typesupport_cpp.dir/rosidl_typesupport_cpp/builtin_interfaces/msg/duration__type_support.cpp.o[0m
[16.556s] [ 35%] [32mBuilding CXX object CMakeFiles/builtin_interfaces__rosidl_typesupport_cpp.dir/rosidl_typesupport_cpp/builtin_interfaces/msg/time__type_support.cpp.o[0m
[16.725s] [ 37%] [32mBuilding CXX object CMakeFiles/builtin_interfaces__rosidl_typesupport_fastrtps_cpp.dir/rosidl_typesupport_fastrtps_cpp/builtin_interfaces/msg/detail/dds_fastrtps/duration__type_support.cpp.o[0m
[16.733s] [ 40%] [32mBuilding CXX object CMakeFiles/builtin_interfaces__rosidl_typesupport_fastrtps_cpp.dir/rosidl_typesupport_fastrtps_cpp/builtin_interfaces/msg/detail/dds_fastrtps/time__type_support.cpp.o[0m
[17.038s] [ 42%] [32mBuilding CXX object CMakeFiles/builtin_interfaces__rosidl_typesupport_introspection_cpp.dir/rosidl_typesupport_introspection_cpp/builtin_interfaces/msg/detail/duration__type_support.cpp.o[0m
[17.245s] [ 45%] [32mBuilding CXX object CMakeFiles/builtin_interfaces__rosidl_typesupport_c.dir/rosidl_typesupport_c/builtin_interfaces/msg/duration__type_support.cpp.o[0m
[17.984s] [ 47%] [32mBuilding C object CMakeFiles/builtin_interfaces__rosidl_typesupport_introspection_c.dir/rosidl_typesupport_introspection_c/builtin_interfaces/msg/detail/duration__type_support.c.o[0m
[18.068s] [ 50%] [32mBuilding CXX object CMakeFiles/builtin_interfaces__rosidl_typesupport_fastrtps_c.dir/rosidl_typesupport_fastrtps_c/builtin_interfaces/msg/detail/duration__type_support_c.cpp.o[0m
[18.114s] [ 52%] [32mBuilding CXX object CMakeFiles/builtin_interfaces__rosidl_typesupport_c.dir/rosidl_typesupport_c/builtin_interfaces/msg/time__type_support.cpp.o[0m
[18.847s] [ 55%] [32m[1mLinking CXX shared library libbuiltin_interfaces__rosidl_typesupport_c.so[0m
[19.301s] [ 57%] [32mBuilding C object CMakeFiles/builtin_interfaces__rosidl_typesupport_introspection_c.dir/rosidl_typesupport_introspection_c/builtin_interfaces/msg/detail/time__type_support.c.o[0m
[20.074s] [ 57%] Built target builtin_interfaces__rosidl_typesupport_c
[20.123s] [ 60%] [32mBuilding CXX object CMakeFiles/builtin_interfaces__rosidl_typesupport_fastrtps_c.dir/rosidl_typesupport_fastrtps_c/builtin_interfaces/msg/detail/time__type_support_c.cpp.o[0m
[20.740s] [ 62%] [32m[1mLinking C shared library libbuiltin_interfaces__rosidl_typesupport_introspection_c.so[0m
[21.346s] [ 62%] Built target builtin_interfaces__rosidl_typesupport_introspection_c
[21.463s] [ 65%] [32mBuilding CXX object CMakeFiles/builtin_interfaces__rosidl_typesupport_introspection_cpp.dir/rosidl_typesupport_introspection_cpp/builtin_interfaces/msg/detail/time__type_support.cpp.o[0m
[22.904s] [ 67%] [32m[1mLinking CXX shared library libbuiltin_interfaces__rosidl_typesupport_cpp.so[0m
[24.975s] [ 67%] Built target builtin_interfaces__rosidl_typesupport_cpp
[27.081s] [ 70%] [32m[1mLinking CXX shared library libbuiltin_interfaces__rosidl_typesupport_fastrtps_cpp.so[0m
[27.724s] [ 72%] [32m[1mLinking CXX shared library libbuiltin_interfaces__rosidl_typesupport_fastrtps_c.so[0m
[27.768s] [ 72%] Built target builtin_interfaces__rosidl_typesupport_fastrtps_cpp
[28.109s] [ 75%] [32m[1mLinking CXX shared library libbuiltin_interfaces__rosidl_typesupport_introspection_cpp.so[0m
[28.171s] [ 75%] Built target builtin_interfaces__rosidl_typesupport_fastrtps_c
[28.409s] [ 75%] Built target builtin_interfaces__rosidl_typesupport_introspection_cpp
[28.428s] [ 75%] Built target builtin_interfaces
[28.497s] [ 77%] [34m[1mGenerating Python code for ROS interfaces[0m
[30.034s] [ 77%] Built target builtin_interfaces__py
[30.052s] [ 80%] [32mBuilding C object CMakeFiles/builtin_interfaces__rosidl_generator_py.dir/rosidl_generator_py/builtin_interfaces/msg/_duration_s.c.o[0m
[30.446s] [ 82%] [32mBuilding C object CMakeFiles/builtin_interfaces__rosidl_generator_py.dir/rosidl_generator_py/builtin_interfaces/msg/_time_s.c.o[0m
[30.853s] [ 85%] [32m[1mLinking C shared library rosidl_generator_py/builtin_interfaces/libbuiltin_interfaces__rosidl_generator_py.so[0m
[30.964s] [ 85%] Built target builtin_interfaces__rosidl_generator_py
[30.989s] [ 87%] [32mBuilding C object CMakeFiles/builtin_interfaces__rosidl_typesupport_fastrtps_c__pyext.dir/rosidl_generator_py/builtin_interfaces/_builtin_interfaces_s.ep.rosidl_typesupport_fastrtps_c.c.o[0m
[31.417s] [ 90%] [32m[1mLinking C shared library rosidl_generator_py/builtin_interfaces/builtin_interfaces_s__rosidl_typesupport_fastrtps_c.cpython-310-x86_64-linux-gnu.so[0m
[31.506s] [ 90%] Built target builtin_interfaces__rosidl_typesupport_fastrtps_c__pyext
[31.526s] [ 92%] [32mBuilding C object CMakeFiles/builtin_interfaces__rosidl_typesupport_c__pyext.dir/rosidl_generator_py/builtin_interfaces/_builtin_interfaces_s.ep.rosidl_typesupport_c.c.o[0m
[32.160s] [ 95%] [32m[1mLinking C shared library rosidl_generator_py/builtin_interfaces/builtin_interfaces_s__rosidl_typesupport_c.cpython-310-x86_64-linux-gnu.so[0m
[32.496s] [ 95%] Built target builtin_interfaces__rosidl_typesupport_c__pyext
[32.510s] [ 97%] [32mBuilding C object CMakeFiles/builtin_interfaces__rosidl_typesupport_introspection_c__pyext.dir/rosidl_generator_py/builtin_interfaces/_builtin_interfaces_s.ep.rosidl_typesupport_introspection_c.c.o[0m
[33.140s] [100%] [32m[1mLinking C shared library rosidl_generator_py/builtin_interfaces/builtin_interfaces_s__rosidl_typesupport_introspection_c.cpython-310-x86_64-linux-gnu.so[0m
[33.281s] [100%] Built target builtin_interfaces__rosidl_typesupport_introspection_c__pyext
[33.372s] Invoked command in '/home/hikari/ROScribe/ros_ws/src/build/builtin_interfaces' returned '0': AMENT_PREFIX_PATH=/home/hikari/ROScribe/ros_ws/src/install/rosidl_default_runtime:/home/hikari/ROScribe/ros_ws/src/install/rosidl_default_generators:/home/hikari/ROScribe/ros_ws/src/install/rosidl_generator_rs:/home/hikari/ROScribe/ros_ws/src/install/rosidl_runtime_rs:${AMENT_PREFIX_PATH} CMAKE_PREFIX_PATH=/home/hikari/ROScribe/ros_ws/src/install/rosidl_default_runtime:/home/hikari/ROScribe/ros_ws/src/install/rosidl_default_generators:/home/hikari/ROScribe/ros_ws/src/install/rosidl_generator_rs:/opt/ros/humble PYTHONPATH=/home/hikari/ROScribe/ros_ws/src/install/rosidl_generator_rs/local/lib/python3.10/dist-packages:${PYTHONPATH} /usr/local/bin/cmake --build /home/hikari/ROScribe/ros_ws/src/build/builtin_interfaces -- -j8 -l8
[33.867s] Invoking command in '/home/hikari/ROScribe/ros_ws/src/build/builtin_interfaces': AMENT_PREFIX_PATH=/home/hikari/ROScribe/ros_ws/src/install/rosidl_default_runtime:/home/hikari/ROScribe/ros_ws/src/install/rosidl_default_generators:/home/hikari/ROScribe/ros_ws/src/install/rosidl_generator_rs:/home/hikari/ROScribe/ros_ws/src/install/rosidl_runtime_rs:${AMENT_PREFIX_PATH} CMAKE_PREFIX_PATH=/home/hikari/ROScribe/ros_ws/src/install/rosidl_default_runtime:/home/hikari/ROScribe/ros_ws/src/install/rosidl_default_generators:/home/hikari/ROScribe/ros_ws/src/install/rosidl_generator_rs:/opt/ros/humble PYTHONPATH=/home/hikari/ROScribe/ros_ws/src/install/rosidl_generator_rs/local/lib/python3.10/dist-packages:${PYTHONPATH} /usr/local/bin/cmake --install /home/hikari/ROScribe/ros_ws/src/build/builtin_interfaces
[33.938s] -- Install configuration: ""
[33.940s] -- Installing: /home/hikari/ROScribe/ros_ws/src/install/builtin_interfaces/share/ament_index/resource_index/rosidl_interfaces/builtin_interfaces
[33.940s] -- Installing: /home/hikari/ROScribe/ros_ws/src/install/builtin_interfaces/include/builtin_interfaces/builtin_interfaces
[33.942s] -- Installing: /home/hikari/ROScribe/ros_ws/src/install/builtin_interfaces/include/builtin_interfaces/builtin_interfaces/msg
[33.943s] -- Installing: /home/hikari/ROScribe/ros_ws/src/install/builtin_interfaces/include/builtin_interfaces/builtin_interfaces/msg/duration.h
[33.944s] -- Installing: /home/hikari/ROScribe/ros_ws/src/install/builtin_interfaces/include/builtin_interfaces/builtin_interfaces/msg/rosidl_generator_c__visibility_control.h
[33.944s] -- Installing: /home/hikari/ROScribe/ros_ws/src/install/builtin_interfaces/include/builtin_interfaces/builtin_interfaces/msg/detail
[33.946s] -- Installing: /home/hikari/ROScribe/ros_ws/src/install/builtin_interfaces/include/builtin_interfaces/builtin_interfaces/msg/detail/time__type_support.h
[33.946s] -- Installing: /home/hikari/ROScribe/ros_ws/src/install/builtin_interfaces/include/builtin_interfaces/builtin_interfaces/msg/detail/time__functions.h
[33.947s] -- Installing: /home/hikari/ROScribe/ros_ws/src/install/builtin_interfaces/include/builtin_interfaces/builtin_interfaces/msg/detail/time__functions.c
[33.948s] -- Installing: /home/hikari/ROScribe/ros_ws/src/install/builtin_interfaces/include/builtin_interfaces/builtin_interfaces/msg/detail/duration__type_support.h
[33.948s] -- Installing: /home/hikari/ROScribe/ros_ws/src/install/builtin_interfaces/include/builtin_interfaces/builtin_interfaces/msg/detail/time__struct.h
[33.949s] -- Installing: /home/hikari/ROScribe/ros_ws/src/install/builtin_interfaces/include/builtin_interfaces/builtin_interfaces/msg/detail/duration__struct.h
[33.950s] -- Installing: /home/hikari/ROScribe/ros_ws/src/install/builtin_interfaces/include/builtin_interfaces/builtin_interfaces/msg/detail/duration__functions.h
[33.950s] -- Installing: /home/hikari/ROScribe/ros_ws/src/install/builtin_interfaces/include/builtin_interfaces/builtin_interfaces/msg/detail/duration__functions.c
[33.950s] -- Installing: /home/hikari/ROScribe/ros_ws/src/install/builtin_interfaces/include/builtin_interfaces/builtin_interfaces/msg/time.h
[33.951s] -- Installing: /home/hikari/ROScribe/ros_ws/src/install/builtin_interfaces/share/builtin_interfaces/environment/library_path.sh
[33.951s] -- Installing: /home/hikari/ROScribe/ros_ws/src/install/builtin_interfaces/share/builtin_interfaces/environment/library_path.dsv
[33.953s] -- Installing: /home/hikari/ROScribe/ros_ws/src/install/builtin_interfaces/lib/libbuiltin_interfaces__rosidl_generator_c.so
[33.953s] -- Set runtime path of "/home/hikari/ROScribe/ros_ws/src/install/builtin_interfaces/lib/libbuiltin_interfaces__rosidl_generator_c.so" to ""
[33.954s] -- Up-to-date: /home/hikari/ROScribe/ros_ws/src/install/builtin_interfaces/include/builtin_interfaces/builtin_interfaces
[33.954s] -- Up-to-date: /home/hikari/ROScribe/ros_ws/src/install/builtin_interfaces/include/builtin_interfaces/builtin_interfaces/msg
[33.955s] -- Installing: /home/hikari/ROScribe/ros_ws/src/install/builtin_interfaces/include/builtin_interfaces/builtin_interfaces/msg/rosidl_typesupport_fastrtps_c__visibility_control.h
[33.955s] -- Up-to-date: /home/hikari/ROScribe/ros_ws/src/install/builtin_interfaces/include/builtin_interfaces/builtin_interfaces/msg/detail
[33.955s] -- Installing: /home/hikari/ROScribe/ros_ws/src/install/builtin_interfaces/include/builtin_interfaces/builtin_interfaces/msg/detail/duration__rosidl_typesupport_fastrtps_c.h
[33.955s] -- Installing: /home/hikari/ROScribe/ros_ws/src/install/builtin_interfaces/include/builtin_interfaces/builtin_interfaces/msg/detail/time__rosidl_typesupport_fastrtps_c.h
[33.955s] -- Installing: /home/hikari/ROScribe/ros_ws/src/install/builtin_interfaces/lib/libbuiltin_interfaces__rosidl_typesupport_fastrtps_c.so
[33.956s] -- Set runtime path of "/home/hikari/ROScribe/ros_ws/src/install/builtin_interfaces/lib/libbuiltin_interfaces__rosidl_typesupport_fastrtps_c.so" to ""
[33.956s] -- Up-to-date: /home/hikari/ROScribe/ros_ws/src/install/builtin_interfaces/include/builtin_interfaces/builtin_interfaces
[33.957s] -- Up-to-date: /home/hikari/ROScribe/ros_ws/src/install/builtin_interfaces/include/builtin_interfaces/builtin_interfaces/msg
[33.957s] -- Installing: /home/hikari/ROScribe/ros_ws/src/install/builtin_interfaces/include/builtin_interfaces/builtin_interfaces/msg/rosidl_typesupport_introspection_c__visibility_control.h
[33.957s] -- Up-to-date: /home/hikari/ROScribe/ros_ws/src/install/builtin_interfaces/include/builtin_interfaces/builtin_interfaces/msg/detail
[33.958s] -- Installing: /home/hikari/ROScribe/ros_ws/src/install/builtin_interfaces/include/builtin_interfaces/builtin_interfaces/msg/detail/duration__rosidl_typesupport_introspection_c.h
[33.958s] -- Installing: /home/hikari/ROScribe/ros_ws/src/install/builtin_interfaces/include/builtin_interfaces/builtin_interfaces/msg/detail/time__rosidl_typesupport_introspection_c.h
[33.958s] -- Installing: /home/hikari/ROScribe/ros_ws/src/install/builtin_interfaces/include/builtin_interfaces/builtin_interfaces/msg/detail/time__type_support.c
[33.958s] -- Installing: /home/hikari/ROScribe/ros_ws/src/install/builtin_interfaces/include/builtin_interfaces/builtin_interfaces/msg/detail/duration__type_support.c
[33.958s] -- Installing: /home/hikari/ROScribe/ros_ws/src/install/builtin_interfaces/lib/libbuiltin_interfaces__rosidl_typesupport_introspection_c.so
[33.959s] -- Set runtime path of "/home/hikari/ROScribe/ros_ws/src/install/builtin_interfaces/lib/libbuiltin_interfaces__rosidl_typesupport_introspection_c.so" to ""
[33.959s] -- Installing: /home/hikari/ROScribe/ros_ws/src/install/builtin_interfaces/lib/libbuiltin_interfaces__rosidl_typesupport_c.so
[33.961s] -- Set runtime path of "/home/hikari/ROScribe/ros_ws/src/install/builtin_interfaces/lib/libbuiltin_interfaces__rosidl_typesupport_c.so" to ""
[33.961s] -- Up-to-date: /home/hikari/ROScribe/ros_ws/src/install/builtin_interfaces/include/builtin_interfaces/builtin_interfaces
[33.961s] -- Up-to-date: /home/hikari/ROScribe/ros_ws/src/install/builtin_interfaces/include/builtin_interfaces/builtin_interfaces/msg
[33.962s] -- Installing: /home/hikari/ROScribe/ros_ws/src/install/builtin_interfaces/include/builtin_interfaces/builtin_interfaces/msg/duration.hpp
[33.962s] -- Installing: /home/hikari/ROScribe/ros_ws/src/install/builtin_interfaces/include/builtin_interfaces/builtin_interfaces/msg/time.hpp
[33.963s] -- Up-to-date: /home/hikari/ROScribe/ros_ws/src/install/builtin_interfaces/include/builtin_interfaces/builtin_interfaces/msg/detail
[33.963s] -- Installing: /home/hikari/ROScribe/ros_ws/src/install/builtin_interfaces/include/builtin_interfaces/builtin_interfaces/msg/detail/time__builder.hpp
[33.963s] -- Installing: /home/hikari/ROScribe/ros_ws/src/install/builtin_interfaces/include/builtin_interfaces/builtin_interfaces/msg/detail/duration__traits.hpp
[33.963s] -- Installing: /home/hikari/ROScribe/ros_ws/src/install/builtin_interfaces/include/builtin_interfaces/builtin_interfaces/msg/detail/duration__struct.hpp
[33.963s] -- Installing: /home/hikari/ROScribe/ros_ws/src/install/builtin_interfaces/include/builtin_interfaces/builtin_interfaces/msg/detail/duration__builder.hpp
[33.964s] -- Installing: /home/hikari/ROScribe/ros_ws/src/install/builtin_interfaces/include/builtin_interfaces/builtin_interfaces/msg/detail/time__traits.hpp
[33.964s] -- Installing: /home/hikari/ROScribe/ros_ws/src/install/builtin_interfaces/include/builtin_interfaces/builtin_interfaces/msg/detail/time__struct.hpp
[33.965s] -- Up-to-date: /home/hikari/ROScribe/ros_ws/src/install/builtin_interfaces/include/builtin_interfaces/builtin_interfaces
[33.965s] -- Up-to-date: /home/hikari/ROScribe/ros_ws/src/install/builtin_interfaces/include/builtin_interfaces/builtin_interfaces/msg
[33.966s] -- Installing: /home/hikari/ROScribe/ros_ws/src/install/builtin_interfaces/include/builtin_interfaces/builtin_interfaces/msg/rosidl_typesupport_fastrtps_cpp__visibility_control.h
[33.966s] -- Up-to-date: /home/hikari/ROScribe/ros_ws/src/install/builtin_interfaces/include/builtin_interfaces/builtin_interfaces/msg/detail
[33.966s] -- Installing: /home/hikari/ROScribe/ros_ws/src/install/builtin_interfaces/include/builtin_interfaces/builtin_interfaces/msg/detail/duration__rosidl_typesupport_fastrtps_cpp.hpp
[33.967s] -- Installing: /home/hikari/ROScribe/ros_ws/src/install/builtin_interfaces/include/builtin_interfaces/builtin_interfaces/msg/detail/dds_fastrtps
[33.967s] -- Installing: /home/hikari/ROScribe/ros_ws/src/install/builtin_interfaces/include/builtin_interfaces/builtin_interfaces/msg/detail/time__rosidl_typesupport_fastrtps_cpp.hpp
[33.967s] -- Installing: /home/hikari/ROScribe/ros_ws/src/install/builtin_interfaces/lib/libbuiltin_interfaces__rosidl_typesupport_fastrtps_cpp.so
[33.968s] -- Set runtime path of "/home/hikari/ROScribe/ros_ws/src/install/builtin_interfaces/lib/libbuiltin_interfaces__rosidl_typesupport_fastrtps_cpp.so" to ""
[33.968s] -- Up-to-date: /home/hikari/ROScribe/ros_ws/src/install/builtin_interfaces/include/builtin_interfaces/builtin_interfaces
[33.969s] -- Up-to-date: /home/hikari/ROScribe/ros_ws/src/install/builtin_interfaces/include/builtin_interfaces/builtin_interfaces/msg
[33.969s] -- Up-to-date: /home/hikari/ROScribe/ros_ws/src/install/builtin_interfaces/include/builtin_interfaces/builtin_interfaces/msg/detail
[33.970s] -- Installing: /home/hikari/ROScribe/ros_ws/src/install/builtin_interfaces/include/builtin_interfaces/builtin_interfaces/msg/detail/duration__rosidl_typesupport_introspection_cpp.hpp
[33.970s] -- Installing: /home/hikari/ROScribe/ros_ws/src/install/builtin_interfaces/include/builtin_interfaces/builtin_interfaces/msg/detail/time__rosidl_typesupport_introspection_cpp.hpp
[33.971s] -- Installing: /home/hikari/ROScribe/ros_ws/src/install/builtin_interfaces/include/builtin_interfaces/builtin_interfaces/msg/detail/time__type_support.cpp
[33.971s] -- Installing: /home/hikari/ROScribe/ros_ws/src/install/builtin_interfaces/include/builtin_interfaces/builtin_interfaces/msg/detail/duration__type_support.cpp
[33.972s] -- Installing: /home/hikari/ROScribe/ros_ws/src/install/builtin_interfaces/lib/libbuiltin_interfaces__rosidl_typesupport_introspection_cpp.so
[33.972s] -- Set runtime path of "/home/hikari/ROScribe/ros_ws/src/install/builtin_interfaces/lib/libbuiltin_interfaces__rosidl_typesupport_introspection_cpp.so" to ""
[33.972s] -- Installing: /home/hikari/ROScribe/ros_ws/src/install/builtin_interfaces/lib/libbuiltin_interfaces__rosidl_typesupport_cpp.so
[33.973s] -- Set runtime path of "/home/hikari/ROScribe/ros_ws/src/install/builtin_interfaces/lib/libbuiltin_interfaces__rosidl_typesupport_cpp.so" to ""
[33.973s] -- Installing: /home/hikari/ROScribe/ros_ws/src/install/builtin_interfaces/share/ament_index/resource_index/rust_packages/builtin_interfaces
[33.974s] -- Installing: /home/hikari/ROScribe/ros_ws/src/install/builtin_interfaces/share/builtin_interfaces/rust
[33.975s] -- Installing: /home/hikari/ROScribe/ros_ws/src/install/builtin_interfaces/share/builtin_interfaces/rust/src
[33.975s] -- Installing: /home/hikari/ROScribe/ros_ws/src/install/builtin_interfaces/share/builtin_interfaces/rust/src/msg.rs
[33.975s] -- Installing: /home/hikari/ROScribe/ros_ws/src/install/builtin_interfaces/share/builtin_interfaces/rust/src/lib.rs
[33.976s] -- Installing: /home/hikari/ROScribe/ros_ws/src/install/builtin_interfaces/share/builtin_interfaces/rust/Cargo.toml
[33.976s] -- Installing: /home/hikari/ROScribe/ros_ws/src/install/builtin_interfaces/share/builtin_interfaces/rust/build.rs
[33.977s] -- Up-to-date: /home/hikari/ROScribe/ros_ws/src/install/builtin_interfaces/share/builtin_interfaces/rust
[33.978s] -- Up-to-date: /home/hikari/ROScribe/ros_ws/src/install/builtin_interfaces/share/builtin_interfaces/rust/src
[33.978s] -- Up-to-date: /home/hikari/ROScribe/ros_ws/src/install/builtin_interfaces/share/builtin_interfaces/rust/src/msg.rs
[33.978s] -- Up-to-date: /home/hikari/ROScribe/ros_ws/src/install/builtin_interfaces/share/builtin_interfaces/rust/src/lib.rs
[33.978s] -- Up-to-date: /home/hikari/ROScribe/ros_ws/src/install/builtin_interfaces/share/builtin_interfaces/rust/Cargo.toml
[33.978s] -- Up-to-date: /home/hikari/ROScribe/ros_ws/src/install/builtin_interfaces/share/builtin_interfaces/rust/build.rs
[33.979s] -- Up-to-date: /home/hikari/ROScribe/ros_ws/src/install/builtin_interfaces/share/builtin_interfaces/rust
[33.979s] -- Up-to-date: /home/hikari/ROScribe/ros_ws/src/install/builtin_interfaces/share/builtin_interfaces/rust/src
[33.979s] -- Up-to-date: /home/hikari/ROScribe/ros_ws/src/install/builtin_interfaces/share/builtin_interfaces/rust/src/msg.rs
[33.980s] -- Up-to-date: /home/hikari/ROScribe/ros_ws/src/install/builtin_interfaces/share/builtin_interfaces/rust/src/lib.rs
[33.980s] -- Up-to-date: /home/hikari/ROScribe/ros_ws/src/install/builtin_interfaces/share/builtin_interfaces/rust/Cargo.toml
[33.980s] -- Up-to-date: /home/hikari/ROScribe/ros_ws/src/install/builtin_interfaces/share/builtin_interfaces/rust/build.rs
[33.980s] -- Installing: /home/hikari/ROScribe/ros_ws/src/install/builtin_interfaces/share/builtin_interfaces/environment/pythonpath.sh
[33.980s] -- Installing: /home/hikari/ROScribe/ros_ws/src/install/builtin_interfaces/share/builtin_interfaces/environment/pythonpath.dsv
[33.981s] -- Installing: /home/hikari/ROScribe/ros_ws/src/install/builtin_interfaces/local/lib/python3.10/dist-packages/builtin_interfaces-1.2.1-py3.10.egg-info
[33.981s] -- Installing: /home/hikari/ROScribe/ros_ws/src/install/builtin_interfaces/local/lib/python3.10/dist-packages/builtin_interfaces-1.2.1-py3.10.egg-info/top_level.txt
[33.981s] -- Installing: /home/hikari/ROScribe/ros_ws/src/install/builtin_interfaces/local/lib/python3.10/dist-packages/builtin_interfaces-1.2.1-py3.10.egg-info/dependency_links.txt
[33.981s] -- Installing: /home/hikari/ROScribe/ros_ws/src/install/builtin_interfaces/local/lib/python3.10/dist-packages/builtin_interfaces-1.2.1-py3.10.egg-info/SOURCES.txt
[33.981s] -- Installing: /home/hikari/ROScribe/ros_ws/src/install/builtin_interfaces/local/lib/python3.10/dist-packages/builtin_interfaces-1.2.1-py3.10.egg-info/PKG-INFO
[33.981s] -- Installing: /home/hikari/ROScribe/ros_ws/src/install/builtin_interfaces/local/lib/python3.10/dist-packages/builtin_interfaces
[33.984s] -- Installing: /home/hikari/ROScribe/ros_ws/src/install/builtin_interfaces/local/lib/python3.10/dist-packages/builtin_interfaces/libbuiltin_interfaces__rosidl_generator_py.so
[33.984s] -- Installing: /home/hikari/ROScribe/ros_ws/src/install/builtin_interfaces/local/lib/python3.10/dist-packages/builtin_interfaces/builtin_interfaces_s__rosidl_typesupport_introspection_c.cpython-310-x86_64-linux-gnu.so
[33.988s] -- Installing: /home/hikari/ROScribe/ros_ws/src/install/builtin_interfaces/local/lib/python3.10/dist-packages/builtin_interfaces/builtin_interfaces_s__rosidl_typesupport_fastrtps_c.cpython-310-x86_64-linux-gnu.so
[33.989s] -- Installing: /home/hikari/ROScribe/ros_ws/src/install/builtin_interfaces/local/lib/python3.10/dist-packages/builtin_interfaces/_builtin_interfaces_s.ep.rosidl_typesupport_fastrtps_c.c
[33.989s] -- Installing: /home/hikari/ROScribe/ros_ws/src/install/builtin_interfaces/local/lib/python3.10/dist-packages/builtin_interfaces/msg
[33.990s] -- Installing: /home/hikari/ROScribe/ros_ws/src/install/builtin_interfaces/local/lib/python3.10/dist-packages/builtin_interfaces/msg/_time.py
[33.990s] -- Installing: /home/hikari/ROScribe/ros_ws/src/install/builtin_interfaces/local/lib/python3.10/dist-packages/builtin_interfaces/msg/_duration_s.c
[33.990s] -- Installing: /home/hikari/ROScribe/ros_ws/src/install/builtin_interfaces/local/lib/python3.10/dist-packages/builtin_interfaces/msg/_duration.py
[33.991s] -- Installing: /home/hikari/ROScribe/ros_ws/src/install/builtin_interfaces/local/lib/python3.10/dist-packages/builtin_interfaces/msg/_time_s.c
[33.991s] -- Installing: /home/hikari/ROScribe/ros_ws/src/install/builtin_interfaces/local/lib/python3.10/dist-packages/builtin_interfaces/msg/__init__.py
[33.991s] -- Installing: /home/hikari/ROScribe/ros_ws/src/install/builtin_interfaces/local/lib/python3.10/dist-packages/builtin_interfaces/_builtin_interfaces_s.ep.rosidl_typesupport_introspection_c.c
[33.992s] -- Installing: /home/hikari/ROScribe/ros_ws/src/install/builtin_interfaces/local/lib/python3.10/dist-packages/builtin_interfaces/_builtin_interfaces_s.ep.rosidl_typesupport_c.c
[33.992s] -- Installing: /home/hikari/ROScribe/ros_ws/src/install/builtin_interfaces/local/lib/python3.10/dist-packages/builtin_interfaces/builtin_interfaces_s__rosidl_typesupport_c.cpython-310-x86_64-linux-gnu.so
[33.993s] -- Installing: /home/hikari/ROScribe/ros_ws/src/install/builtin_interfaces/local/lib/python3.10/dist-packages/builtin_interfaces/__init__.py
[34.075s] Listing '/home/hikari/ROScribe/ros_ws/src/install/builtin_interfaces/local/lib/python3.10/dist-packages/builtin_interfaces'...
[34.075s] Compiling '/home/hikari/ROScribe/ros_ws/src/install/builtin_interfaces/local/lib/python3.10/dist-packages/builtin_interfaces/__init__.py'...
[34.075s] Listing '/home/hikari/ROScribe/ros_ws/src/install/builtin_interfaces/local/lib/python3.10/dist-packages/builtin_interfaces/msg'...
[34.075s] Compiling '/home/hikari/ROScribe/ros_ws/src/install/builtin_interfaces/local/lib/python3.10/dist-packages/builtin_interfaces/msg/__init__.py'...
[34.075s] Compiling '/home/hikari/ROScribe/ros_ws/src/install/builtin_interfaces/local/lib/python3.10/dist-packages/builtin_interfaces/msg/_duration.py'...
[34.076s] Compiling '/home/hikari/ROScribe/ros_ws/src/install/builtin_interfaces/local/lib/python3.10/dist-packages/builtin_interfaces/msg/_time.py'...
[34.088s] -- Installing: /home/hikari/ROScribe/ros_ws/src/install/builtin_interfaces/local/lib/python3.10/dist-packages/builtin_interfaces/builtin_interfaces_s__rosidl_typesupport_fastrtps_c.cpython-310-x86_64-linux-gnu.so
[34.089s] -- Set runtime path of "/home/hikari/ROScribe/ros_ws/src/install/builtin_interfaces/local/lib/python3.10/dist-packages/builtin_interfaces/builtin_interfaces_s__rosidl_typesupport_fastrtps_c.cpython-310-x86_64-linux-gnu.so" to ""
[34.089s] -- Installing: /home/hikari/ROScribe/ros_ws/src/install/builtin_interfaces/local/lib/python3.10/dist-packages/builtin_interfaces/builtin_interfaces_s__rosidl_typesupport_introspection_c.cpython-310-x86_64-linux-gnu.so
[34.089s] -- Set runtime path of "/home/hikari/ROScribe/ros_ws/src/install/builtin_interfaces/local/lib/python3.10/dist-packages/builtin_interfaces/builtin_interfaces_s__rosidl_typesupport_introspection_c.cpython-310-x86_64-linux-gnu.so" to ""
[34.089s] -- Installing: /home/hikari/ROScribe/ros_ws/src/install/builtin_interfaces/local/lib/python3.10/dist-packages/builtin_interfaces/builtin_interfaces_s__rosidl_typesupport_c.cpython-310-x86_64-linux-gnu.so
[34.089s] -- Set runtime path of "/home/hikari/ROScribe/ros_ws/src/install/builtin_interfaces/local/lib/python3.10/dist-packages/builtin_interfaces/builtin_interfaces_s__rosidl_typesupport_c.cpython-310-x86_64-linux-gnu.so" to ""
[34.089s] -- Installing: /home/hikari/ROScribe/ros_ws/src/install/builtin_interfaces/lib/libbuiltin_interfaces__rosidl_generator_py.so
[34.090s] -- Set runtime path of "/home/hikari/ROScribe/ros_ws/src/install/builtin_interfaces/lib/libbuiltin_interfaces__rosidl_generator_py.so" to ""
[34.090s] -- Installing: /home/hikari/ROScribe/ros_ws/src/install/builtin_interfaces/share/builtin_interfaces/msg/Duration.idl
[34.091s] -- Installing: /home/hikari/ROScribe/ros_ws/src/install/builtin_interfaces/share/builtin_interfaces/msg/Time.idl
[34.091s] -- Installing: /home/hikari/ROScribe/ros_ws/src/install/builtin_interfaces/share/builtin_interfaces/msg/Duration.msg
[34.091s] -- Installing: /home/hikari/ROScribe/ros_ws/src/install/builtin_interfaces/share/builtin_interfaces/msg/Time.msg
[34.092s] -- Installing: /home/hikari/ROScribe/ros_ws/src/install/builtin_interfaces/share/ament_index/resource_index/package_run_dependencies/builtin_interfaces
[34.093s] -- Installing: /home/hikari/ROScribe/ros_ws/src/install/builtin_interfaces/share/ament_index/resource_index/parent_prefix_path/builtin_interfaces
[34.094s] -- Installing: /home/hikari/ROScribe/ros_ws/src/install/builtin_interfaces/share/builtin_interfaces/environment/ament_prefix_path.sh
[34.094s] -- Installing: /home/hikari/ROScribe/ros_ws/src/install/builtin_interfaces/share/builtin_interfaces/environment/ament_prefix_path.dsv
[34.095s] -- Installing: /home/hikari/ROScribe/ros_ws/src/install/builtin_interfaces/share/builtin_interfaces/environment/path.sh
[34.095s] -- Installing: /home/hikari/ROScribe/ros_ws/src/install/builtin_interfaces/share/builtin_interfaces/environment/path.dsv
[34.095s] -- Installing: /home/hikari/ROScribe/ros_ws/src/install/builtin_interfaces/share/builtin_interfaces/local_setup.bash
[34.096s] -- Installing: /home/hikari/ROScribe/ros_ws/src/install/builtin_interfaces/share/builtin_interfaces/local_setup.sh
[34.096s] -- Installing: /home/hikari/ROScribe/ros_ws/src/install/builtin_interfaces/share/builtin_interfaces/local_setup.zsh
[34.097s] -- Installing: /home/hikari/ROScribe/ros_ws/src/install/builtin_interfaces/share/builtin_interfaces/local_setup.dsv
[34.098s] -- Installing: /home/hikari/ROScribe/ros_ws/src/install/builtin_interfaces/share/builtin_interfaces/package.dsv
[34.099s] -- Installing: /home/hikari/ROScribe/ros_ws/src/install/builtin_interfaces/share/ament_index/resource_index/packages/builtin_interfaces
[34.099s] -- Installing: /home/hikari/ROScribe/ros_ws/src/install/builtin_interfaces/share/builtin_interfaces/cmake/export_builtin_interfaces__rosidl_generator_cExport.cmake
[34.100s] -- Installing: /home/hikari/ROScribe/ros_ws/src/install/builtin_interfaces/share/builtin_interfaces/cmake/export_builtin_interfaces__rosidl_generator_cExport-noconfig.cmake
[34.100s] -- Installing: /home/hikari/ROScribe/ros_ws/src/install/builtin_interfaces/share/builtin_interfaces/cmake/export_builtin_interfaces__rosidl_typesupport_fastrtps_cExport.cmake
[34.101s] -- Installing: /home/hikari/ROScribe/ros_ws/src/install/builtin_interfaces/share/builtin_interfaces/cmake/export_builtin_interfaces__rosidl_typesupport_fastrtps_cExport-noconfig.cmake
[34.101s] -- Installing: /home/hikari/ROScribe/ros_ws/src/install/builtin_interfaces/share/builtin_interfaces/cmake/builtin_interfaces__rosidl_typesupport_introspection_cExport.cmake
[34.101s] -- Installing: /home/hikari/ROScribe/ros_ws/src/install/builtin_interfaces/share/builtin_interfaces/cmake/builtin_interfaces__rosidl_typesupport_introspection_cExport-noconfig.cmake
[34.102s] -- Installing: /home/hikari/ROScribe/ros_ws/src/install/builtin_interfaces/share/builtin_interfaces/cmake/builtin_interfaces__rosidl_typesupport_cExport.cmake
[34.102s] -- Installing: /home/hikari/ROScribe/ros_ws/src/install/builtin_interfaces/share/builtin_interfaces/cmake/builtin_interfaces__rosidl_typesupport_cExport-noconfig.cmake
[34.103s] -- Installing: /home/hikari/ROScribe/ros_ws/src/install/builtin_interfaces/share/builtin_interfaces/cmake/export_builtin_interfaces__rosidl_generator_cppExport.cmake
[34.104s] -- Installing: /home/hikari/ROScribe/ros_ws/src/install/builtin_interfaces/share/builtin_interfaces/cmake/export_builtin_interfaces__rosidl_typesupport_fastrtps_cppExport.cmake
[34.104s] -- Installing: /home/hikari/ROScribe/ros_ws/src/install/builtin_interfaces/share/builtin_interfaces/cmake/export_builtin_interfaces__rosidl_typesupport_fastrtps_cppExport-noconfig.cmake
[34.105s] -- Installing: /home/hikari/ROScribe/ros_ws/src/install/builtin_interfaces/share/builtin_interfaces/cmake/builtin_interfaces__rosidl_typesupport_introspection_cppExport.cmake
[34.106s] -- Installing: /home/hikari/ROScribe/ros_ws/src/install/builtin_interfaces/share/builtin_interfaces/cmake/builtin_interfaces__rosidl_typesupport_introspection_cppExport-noconfig.cmake
[34.106s] -- Installing: /home/hikari/ROScribe/ros_ws/src/install/builtin_interfaces/share/builtin_interfaces/cmake/builtin_interfaces__rosidl_typesupport_cppExport.cmake
[34.107s] -- Installing: /home/hikari/ROScribe/ros_ws/src/install/builtin_interfaces/share/builtin_interfaces/cmake/builtin_interfaces__rosidl_typesupport_cppExport-noconfig.cmake
[34.107s] -- Installing: /home/hikari/ROScribe/ros_ws/src/install/builtin_interfaces/share/builtin_interfaces/cmake/export_builtin_interfaces__rosidl_generator_pyExport.cmake
[34.108s] -- Installing: /home/hikari/ROScribe/ros_ws/src/install/builtin_interfaces/share/builtin_interfaces/cmake/export_builtin_interfaces__rosidl_generator_pyExport-noconfig.cmake
[34.109s] -- Installing: /home/hikari/ROScribe/ros_ws/src/install/builtin_interfaces/share/builtin_interfaces/cmake/rosidl_cmake-extras.cmake
[34.109s] -- Installing: /home/hikari/ROScribe/ros_ws/src/install/builtin_interfaces/share/builtin_interfaces/cmake/ament_cmake_export_include_directories-extras.cmake
[34.110s] -- Installing: /home/hikari/ROScribe/ros_ws/src/install/builtin_interfaces/share/builtin_interfaces/cmake/ament_cmake_export_libraries-extras.cmake
[34.110s] -- Installing: /home/hikari/ROScribe/ros_ws/src/install/builtin_interfaces/share/builtin_interfaces/cmake/ament_cmake_export_targets-extras.cmake
[34.111s] -- Installing: /home/hikari/ROScribe/ros_ws/src/install/builtin_interfaces/share/builtin_interfaces/cmake/rosidl_cmake_export_typesupport_targets-extras.cmake
[34.111s] -- Installing: /home/hikari/ROScribe/ros_ws/src/install/builtin_interfaces/share/builtin_interfaces/cmake/ament_cmake_export_dependencies-extras.cmake
[34.112s] -- Installing: /home/hikari/ROScribe/ros_ws/src/install/builtin_interfaces/share/builtin_interfaces/cmake/rosidl_cmake_export_typesupport_libraries-extras.cmake
[34.113s] -- Installing: /home/hikari/ROScribe/ros_ws/src/install/builtin_interfaces/share/builtin_interfaces/cmake/builtin_interfacesConfig.cmake
[34.113s] -- Installing: /home/hikari/ROScribe/ros_ws/src/install/builtin_interfaces/share/builtin_interfaces/cmake/builtin_interfacesConfig-version.cmake
[34.114s] -- Installing: /home/hikari/ROScribe/ros_ws/src/install/builtin_interfaces/share/builtin_interfaces/package.xml
[34.133s] Invoked command in '/home/hikari/ROScribe/ros_ws/src/build/builtin_interfaces' returned '0': AMENT_PREFIX_PATH=/home/hikari/ROScribe/ros_ws/src/install/rosidl_default_runtime:/home/hikari/ROScribe/ros_ws/src/install/rosidl_default_generators:/home/hikari/ROScribe/ros_ws/src/install/rosidl_generator_rs:/home/hikari/ROScribe/ros_ws/src/install/rosidl_runtime_rs:${AMENT_PREFIX_PATH} CMAKE_PREFIX_PATH=/home/hikari/ROScribe/ros_ws/src/install/rosidl_default_runtime:/home/hikari/ROScribe/ros_ws/src/install/rosidl_default_generators:/home/hikari/ROScribe/ros_ws/src/install/rosidl_generator_rs:/opt/ros/humble PYTHONPATH=/home/hikari/ROScribe/ros_ws/src/install/rosidl_generator_rs/local/lib/python3.10/dist-packages:${PYTHONPATH} /usr/local/bin/cmake --install /home/hikari/ROScribe/ros_ws/src/build/builtin_interfaces
