[0.202s] Invoking command in '/home/hikari/ROScribe/ros_ws/src/build/std_srvs': AMENT_PREFIX_PATH=/home/hikari/ROScribe/ros_ws/src/install/rosidl_default_runtime:/home/hikari/ROScribe/ros_ws/src/install/rosidl_default_generators:/home/hikari/ROScribe/ros_ws/src/install/rosidl_generator_rs:/home/hikari/ROScribe/ros_ws/src/install/rosidl_runtime_rs:${AMENT_PREFIX_PATH} CMAKE_PREFIX_PATH=/home/hikari/ROScribe/ros_ws/src/install/rosidl_default_runtime:/home/hikari/ROScribe/ros_ws/src/install/rosidl_default_generators:/home/hikari/ROScribe/ros_ws/src/install/rosidl_generator_rs:/opt/ros/humble PYTHONPATH=/home/hikari/ROScribe/ros_ws/src/install/rosidl_generator_rs/local/lib/python3.10/dist-packages:${PYTHONPATH} /usr/local/bin/cmake /home/hikari/ROScribe/ros_ws/src/ros2/common_interfaces/std_srvs -DCMAKE_INSTALL_PREFIX=/home/hikari/ROScribe/ros_ws/src/install/std_srvs
[0.385s] -- The C compiler identification is GNU 11.4.0
[0.623s] -- The CXX compiler identification is GNU 11.4.0
[0.742s] -- Detecting C compiler ABI info
[0.851s] -- Detecting C compiler ABI info - done
[0.875s] -- Check for working C compiler: /usr/lib/ccache/cc - skipped
[0.876s] -- Detecting C compile features
[0.877s] -- Detecting C compile features - done
[0.884s] -- Detecting CXX compiler ABI info
[1.012s] -- Detecting CXX compiler ABI info - done
[1.038s] -- Check for working CXX compiler: /usr/lib/ccache/c++ - skipped
[1.038s] -- Detecting CXX compile features
[1.040s] -- Detecting CXX compile features - done
[1.046s] -- Found ament_cmake: 1.3.5 (/opt/ros/humble/share/ament_cmake/cmake)
[3.782s] -- Found Python3: /usr/bin/python3.10 (found version "3.10.12") found components: Interpreter 
[3.974s] -- Found rosidl_default_generators: 1.2.0 (/home/hikari/ROScribe/ros_ws/src/install/rosidl_default_generators/share/rosidl_default_generators/cmake)
[3.982s] -- Using all available rosidl_typesupport_c: rosidl_typesupport_fastrtps_c;rosidl_typesupport_introspection_c
[3.997s] -- Found rosidl_adapter: 3.1.5 (/opt/ros/humble/share/rosidl_adapter/cmake)
[4.178s] -- Using all available rosidl_typesupport_cpp: rosidl_typesupport_fastrtps_cpp;rosidl_typesupport_introspection_cpp
[4.764s] -- Found ament_cmake_cppcheck: 0.12.8 (/opt/ros/humble/share/ament_cmake_cppcheck/cmake)
[4.769s] -- Found ament_cmake_cpplint: 0.12.8 (/opt/ros/humble/share/ament_cmake_cpplint/cmake)
[4.773s] -- Found ament_cmake_uncrustify: 0.12.8 (/opt/ros/humble/share/ament_cmake_uncrustify/cmake)
[4.778s] -- Found ament_cmake_ros: 0.10.0 (/opt/ros/humble/share/ament_cmake_ros/cmake)
[5.024s] -- Using all available rosidl_typesupport_c: rosidl_typesupport_fastrtps_c;rosidl_typesupport_introspection_c
[5.351s] -- Using all available rosidl_typesupport_cpp: rosidl_typesupport_fastrtps_cpp;rosidl_typesupport_introspection_cpp
[5.361s] -- Found rmw_implementation_cmake: 6.1.1 (/opt/ros/humble/share/rmw_implementation_cmake/cmake)
[6.011s] -- Found OpenSSL: /usr/lib/x86_64-linux-gnu/libcrypto.so (found version "3.0.2")  
[6.529s] -- Found FastRTPS: /opt/ros/humble/include  
[7.738s] -- Found PythonInterp: /usr/bin/python3 (found suitable version "3.10.12", minimum required is "3.6") 
[7.741s] -- Found python_cmake_module: 0.10.0 (/opt/ros/humble/share/python_cmake_module/cmake)
[7.903s] -- Found PythonLibs: /usr/lib/x86_64-linux-gnu/libpython3.10.so (found suitable version "3.10.12", minimum required is "3.5") 
[7.904s] -- Using PYTHON_EXECUTABLE: /usr/bin/python3
[7.904s] -- Using PYTHON_INCLUDE_DIRS: /usr/include/python3.10
[7.905s] -- Using PYTHON_LIBRARIES: /usr/lib/x86_64-linux-gnu/libpython3.10.so
[7.984s] -- Found PythonExtra: .so  
[8.114s] -- Found ament_cmake_flake8: 0.12.8 (/opt/ros/humble/share/ament_cmake_flake8/cmake)
[8.121s] -- Found ament_cmake_pep257: 0.12.8 (/opt/ros/humble/share/ament_cmake_pep257/cmake)
[8.160s] -- Configuring done
[8.343s] -- Generating done
[8.355s] -- Build files have been written to: /home/hikari/ROScribe/ros_ws/src/build/std_srvs
[8.400s] Invoked command in '/home/hikari/ROScribe/ros_ws/src/build/std_srvs' returned '0': AMENT_PREFIX_PATH=/home/hikari/ROScribe/ros_ws/src/install/rosidl_default_runtime:/home/hikari/ROScribe/ros_ws/src/install/rosidl_default_generators:/home/hikari/ROScribe/ros_ws/src/install/rosidl_generator_rs:/home/hikari/ROScribe/ros_ws/src/install/rosidl_runtime_rs:${AMENT_PREFIX_PATH} CMAKE_PREFIX_PATH=/home/hikari/ROScribe/ros_ws/src/install/rosidl_default_runtime:/home/hikari/ROScribe/ros_ws/src/install/rosidl_default_generators:/home/hikari/ROScribe/ros_ws/src/install/rosidl_generator_rs:/opt/ros/humble PYTHONPATH=/home/hikari/ROScribe/ros_ws/src/install/rosidl_generator_rs/local/lib/python3.10/dist-packages:${PYTHONPATH} /usr/local/bin/cmake /home/hikari/ROScribe/ros_ws/src/ros2/common_interfaces/std_srvs -DCMAKE_INSTALL_PREFIX=/home/hikari/ROScribe/ros_ws/src/install/std_srvs
[8.404s] Invoking command in '/home/hikari/ROScribe/ros_ws/src/build/std_srvs': AMENT_PREFIX_PATH=/home/hikari/ROScribe/ros_ws/src/install/rosidl_default_runtime:/home/hikari/ROScribe/ros_ws/src/install/rosidl_default_generators:/home/hikari/ROScribe/ros_ws/src/install/rosidl_generator_rs:/home/hikari/ROScribe/ros_ws/src/install/rosidl_runtime_rs:${AMENT_PREFIX_PATH} CMAKE_PREFIX_PATH=/home/hikari/ROScribe/ros_ws/src/install/rosidl_default_runtime:/home/hikari/ROScribe/ros_ws/src/install/rosidl_default_generators:/home/hikari/ROScribe/ros_ws/src/install/rosidl_generator_rs:/opt/ros/humble PYTHONPATH=/home/hikari/ROScribe/ros_ws/src/install/rosidl_generator_rs/local/lib/python3.10/dist-packages:${PYTHONPATH} /usr/local/bin/cmake --build /home/hikari/ROScribe/ros_ws/src/build/std_srvs -- -j8 -l8
[8.514s] [  2%] [34m[1mGenerating C code for ROS interfaces[0m
[8.526s] [  4%] [34m[1mGenerating C++ code for ROS interfaces[0m
[8.551s] [  6%] [34m[1mGenerating Rust code for ROS interfaces[0m
[8.555s] [  6%] Built target ament_cmake_python_copy_std_srvs
[10.435s] running egg_info
[10.439s] creating std_srvs.egg-info
[10.460s] [  6%] Built target std_srvs__rs
[10.567s] writing std_srvs.egg-info/PKG-INFO
[10.579s] writing dependency_links to std_srvs.egg-info/dependency_links.txt
[10.580s] writing top-level names to std_srvs.egg-info/top_level.txt
[10.580s] writing manifest file 'std_srvs.egg-info/SOURCES.txt'
[11.080s] [  6%] Built target std_srvs__cpp
[11.152s] [  8%] [34m[1mGenerating C++ introspection for ROS interfaces[0m
[11.158s] [ 10%] [34m[1mGenerating C++ type support for eProsima Fast-RTPS[0m
[11.185s] [ 12%] [34m[1mGenerating C++ type support dispatch for ROS interfaces[0m
[11.200s] reading manifest file 'std_srvs.egg-info/SOURCES.txt'
[11.216s] writing manifest file 'std_srvs.egg-info/SOURCES.txt'
[11.380s] [ 12%] Built target ament_cmake_python_build_std_srvs_egg
[12.108s] [ 14%] [32mBuilding C object CMakeFiles/std_srvs__rosidl_generator_c.dir/rosidl_generator_c/std_srvs/srv/detail/empty__functions.c.o[0m
[12.141s] [ 16%] [32mBuilding C object CMakeFiles/std_srvs__rosidl_generator_c.dir/rosidl_generator_c/std_srvs/srv/detail/set_bool__functions.c.o[0m
[12.147s] [ 18%] [32mBuilding C object CMakeFiles/std_srvs__rosidl_generator_c.dir/rosidl_generator_c/std_srvs/srv/detail/trigger__functions.c.o[0m
[12.868s] [ 20%] [32m[1mLinking C shared library libstd_srvs__rosidl_generator_c.so[0m
[13.142s] [ 20%] Built target std_srvs__rosidl_generator_c
[13.207s] [ 22%] [34m[1mGenerating C type support for eProsima Fast-RTPS[0m
[13.249s] [ 25%] [34m[1mGenerating C introspection for ROS interfaces[0m
[13.250s] [ 27%] [34m[1mGenerating C type support dispatch for ROS interfaces[0m
[13.969s] [ 29%] [32mBuilding CXX object CMakeFiles/std_srvs__rosidl_typesupport_cpp.dir/rosidl_typesupport_cpp/std_srvs/srv/empty__type_support.cpp.o[0m
[13.973s] [ 31%] [32mBuilding CXX object CMakeFiles/std_srvs__rosidl_typesupport_cpp.dir/rosidl_typesupport_cpp/std_srvs/srv/set_bool__type_support.cpp.o[0m
[14.002s] [ 33%] [32mBuilding CXX object CMakeFiles/std_srvs__rosidl_typesupport_cpp.dir/rosidl_typesupport_cpp/std_srvs/srv/trigger__type_support.cpp.o[0m
[14.460s] [ 35%] [32mBuilding CXX object CMakeFiles/std_srvs__rosidl_typesupport_introspection_cpp.dir/rosidl_typesupport_introspection_cpp/std_srvs/srv/detail/empty__type_support.cpp.o[0m
[15.232s] [ 37%] [32mBuilding CXX object CMakeFiles/std_srvs__rosidl_typesupport_fastrtps_cpp.dir/rosidl_typesupport_fastrtps_cpp/std_srvs/srv/detail/dds_fastrtps/empty__type_support.cpp.o[0m
[17.843s] [ 39%] [32mBuilding CXX object CMakeFiles/std_srvs__rosidl_typesupport_c.dir/rosidl_typesupport_c/std_srvs/srv/empty__type_support.cpp.o[0m
[18.585s] [ 41%] [32mBuilding C object CMakeFiles/std_srvs__rosidl_typesupport_introspection_c.dir/rosidl_typesupport_introspection_c/std_srvs/srv/detail/empty__type_support.c.o[0m
[18.672s] [ 43%] [32mBuilding CXX object CMakeFiles/std_srvs__rosidl_typesupport_c.dir/rosidl_typesupport_c/std_srvs/srv/set_bool__type_support.cpp.o[0m
[18.786s] [ 45%] [32mBuilding CXX object CMakeFiles/std_srvs__rosidl_typesupport_fastrtps_c.dir/rosidl_typesupport_fastrtps_c/std_srvs/srv/detail/empty__type_support_c.cpp.o[0m
[19.909s] [ 47%] [32mBuilding CXX object CMakeFiles/std_srvs__rosidl_typesupport_fastrtps_c.dir/rosidl_typesupport_fastrtps_c/std_srvs/srv/detail/set_bool__type_support_c.cpp.o[0m
[20.052s] [ 50%] [32mBuilding CXX object CMakeFiles/std_srvs__rosidl_typesupport_fastrtps_cpp.dir/rosidl_typesupport_fastrtps_cpp/std_srvs/srv/detail/dds_fastrtps/set_bool__type_support.cpp.o[0m
[20.394s] [ 52%] [32mBuilding CXX object CMakeFiles/std_srvs__rosidl_typesupport_c.dir/rosidl_typesupport_c/std_srvs/srv/trigger__type_support.cpp.o[0m
[20.457s] [ 54%] [32mBuilding C object CMakeFiles/std_srvs__rosidl_typesupport_introspection_c.dir/rosidl_typesupport_introspection_c/std_srvs/srv/detail/set_bool__type_support.c.o[0m
[20.709s] [ 56%] [32m[1mLinking CXX shared library libstd_srvs__rosidl_typesupport_cpp.so[0m
[21.088s] [ 58%] [32mBuilding C object CMakeFiles/std_srvs__rosidl_typesupport_introspection_c.dir/rosidl_typesupport_introspection_c/std_srvs/srv/detail/trigger__type_support.c.o[0m
[21.293s] [ 60%] [32m[1mLinking CXX shared library libstd_srvs__rosidl_typesupport_c.so[0m
[21.631s] [ 60%] Built target std_srvs__rosidl_typesupport_cpp
[21.668s] [ 62%] [32mBuilding CXX object CMakeFiles/std_srvs__rosidl_typesupport_fastrtps_cpp.dir/rosidl_typesupport_fastrtps_cpp/std_srvs/srv/detail/dds_fastrtps/trigger__type_support.cpp.o[0m
[21.838s] [ 64%] [32m[1mLinking C shared library libstd_srvs__rosidl_typesupport_introspection_c.so[0m
[21.906s] [ 64%] Built target std_srvs__rosidl_typesupport_c
[21.909s] [ 66%] [32mBuilding CXX object CMakeFiles/std_srvs__rosidl_typesupport_introspection_cpp.dir/rosidl_typesupport_introspection_cpp/std_srvs/srv/detail/set_bool__type_support.cpp.o[0m
[21.958s] [ 68%] [32mBuilding CXX object CMakeFiles/std_srvs__rosidl_typesupport_introspection_cpp.dir/rosidl_typesupport_introspection_cpp/std_srvs/srv/detail/trigger__type_support.cpp.o[0m
[22.178s] [ 68%] Built target std_srvs__rosidl_typesupport_introspection_c
[22.221s] [ 70%] [32mBuilding CXX object CMakeFiles/std_srvs__rosidl_typesupport_fastrtps_c.dir/rosidl_typesupport_fastrtps_c/std_srvs/srv/detail/trigger__type_support_c.cpp.o[0m
[27.829s] [ 72%] [32m[1mLinking CXX shared library libstd_srvs__rosidl_typesupport_fastrtps_c.so[0m
[28.096s] [ 75%] [32m[1mLinking CXX shared library libstd_srvs__rosidl_typesupport_introspection_cpp.so[0m
[28.112s] [ 77%] [32m[1mLinking CXX shared library libstd_srvs__rosidl_typesupport_fastrtps_cpp.so[0m
[28.209s] [ 77%] Built target std_srvs__rosidl_typesupport_fastrtps_c
[28.451s] [ 77%] Built target std_srvs__rosidl_typesupport_introspection_cpp
[28.455s] [ 77%] Built target std_srvs__rosidl_typesupport_fastrtps_cpp
[28.488s] [ 77%] Built target std_srvs
[28.550s] [ 79%] [34m[1mGenerating Python code for ROS interfaces[0m
[30.753s] [ 79%] Built target std_srvs__py
[30.769s] [ 81%] [32mBuilding C object CMakeFiles/std_srvs__rosidl_generator_py.dir/rosidl_generator_py/std_srvs/srv/_empty_s.c.o[0m
[31.254s] [ 83%] [32mBuilding C object CMakeFiles/std_srvs__rosidl_generator_py.dir/rosidl_generator_py/std_srvs/srv/_trigger_s.c.o[0m
[31.917s] [ 85%] [32mBuilding C object CMakeFiles/std_srvs__rosidl_generator_py.dir/rosidl_generator_py/std_srvs/srv/_set_bool_s.c.o[0m
[32.674s] [ 87%] [32m[1mLinking C shared library rosidl_generator_py/std_srvs/libstd_srvs__rosidl_generator_py.so[0m
[32.821s] [ 87%] Built target std_srvs__rosidl_generator_py
[32.839s] [ 89%] [32mBuilding C object CMakeFiles/std_srvs__rosidl_typesupport_fastrtps_c__pyext.dir/rosidl_generator_py/std_srvs/_std_srvs_s.ep.rosidl_typesupport_fastrtps_c.c.o[0m
[33.399s] [ 91%] [32m[1mLinking C shared library rosidl_generator_py/std_srvs/std_srvs_s__rosidl_typesupport_fastrtps_c.cpython-310-x86_64-linux-gnu.so[0m
[33.512s] [ 91%] Built target std_srvs__rosidl_typesupport_fastrtps_c__pyext
[33.526s] [ 93%] [32mBuilding C object CMakeFiles/std_srvs__rosidl_typesupport_c__pyext.dir/rosidl_generator_py/std_srvs/_std_srvs_s.ep.rosidl_typesupport_c.c.o[0m
[33.896s] [ 95%] [32m[1mLinking C shared library rosidl_generator_py/std_srvs/std_srvs_s__rosidl_typesupport_c.cpython-310-x86_64-linux-gnu.so[0m
[33.995s] [ 95%] Built target std_srvs__rosidl_typesupport_c__pyext
[34.010s] [ 97%] [32mBuilding C object CMakeFiles/std_srvs__rosidl_typesupport_introspection_c__pyext.dir/rosidl_generator_py/std_srvs/_std_srvs_s.ep.rosidl_typesupport_introspection_c.c.o[0m
[34.599s] [100%] [32m[1mLinking C shared library rosidl_generator_py/std_srvs/std_srvs_s__rosidl_typesupport_introspection_c.cpython-310-x86_64-linux-gnu.so[0m
[34.602s] [100%] Built target std_srvs__rosidl_typesupport_introspection_c__pyext
[35.720s] Invoked command in '/home/hikari/ROScribe/ros_ws/src/build/std_srvs' returned '0': AMENT_PREFIX_PATH=/home/hikari/ROScribe/ros_ws/src/install/rosidl_default_runtime:/home/hikari/ROScribe/ros_ws/src/install/rosidl_default_generators:/home/hikari/ROScribe/ros_ws/src/install/rosidl_generator_rs:/home/hikari/ROScribe/ros_ws/src/install/rosidl_runtime_rs:${AMENT_PREFIX_PATH} CMAKE_PREFIX_PATH=/home/hikari/ROScribe/ros_ws/src/install/rosidl_default_runtime:/home/hikari/ROScribe/ros_ws/src/install/rosidl_default_generators:/home/hikari/ROScribe/ros_ws/src/install/rosidl_generator_rs:/opt/ros/humble PYTHONPATH=/home/hikari/ROScribe/ros_ws/src/install/rosidl_generator_rs/local/lib/python3.10/dist-packages:${PYTHONPATH} /usr/local/bin/cmake --build /home/hikari/ROScribe/ros_ws/src/build/std_srvs -- -j8 -l8
[36.039s] Invoking command in '/home/hikari/ROScribe/ros_ws/src/build/std_srvs': AMENT_PREFIX_PATH=/home/hikari/ROScribe/ros_ws/src/install/rosidl_default_runtime:/home/hikari/ROScribe/ros_ws/src/install/rosidl_default_generators:/home/hikari/ROScribe/ros_ws/src/install/rosidl_generator_rs:/home/hikari/ROScribe/ros_ws/src/install/rosidl_runtime_rs:${AMENT_PREFIX_PATH} CMAKE_PREFIX_PATH=/home/hikari/ROScribe/ros_ws/src/install/rosidl_default_runtime:/home/hikari/ROScribe/ros_ws/src/install/rosidl_default_generators:/home/hikari/ROScribe/ros_ws/src/install/rosidl_generator_rs:/opt/ros/humble PYTHONPATH=/home/hikari/ROScribe/ros_ws/src/install/rosidl_generator_rs/local/lib/python3.10/dist-packages:${PYTHONPATH} /usr/local/bin/cmake --install /home/hikari/ROScribe/ros_ws/src/build/std_srvs
[46.473s] -- Install configuration: ""
[46.481s] -- Installing: /home/hikari/ROScribe/ros_ws/src/install/std_srvs/share/ament_index/resource_index/rosidl_interfaces/std_srvs
[46.481s] -- Installing: /home/hikari/ROScribe/ros_ws/src/install/std_srvs/include/std_srvs/std_srvs
[46.481s] -- Installing: /home/hikari/ROScribe/ros_ws/src/install/std_srvs/include/std_srvs/std_srvs/srv
[46.481s] -- Installing: /home/hikari/ROScribe/ros_ws/src/install/std_srvs/include/std_srvs/std_srvs/srv/trigger.h
[46.481s] -- Installing: /home/hikari/ROScribe/ros_ws/src/install/std_srvs/include/std_srvs/std_srvs/srv/empty.h
[46.482s] -- Installing: /home/hikari/ROScribe/ros_ws/src/install/std_srvs/include/std_srvs/std_srvs/srv/detail
[46.482s] -- Installing: /home/hikari/ROScribe/ros_ws/src/install/std_srvs/include/std_srvs/std_srvs/srv/detail/set_bool__functions.h
[46.482s] -- Installing: /home/hikari/ROScribe/ros_ws/src/install/std_srvs/include/std_srvs/std_srvs/srv/detail/trigger__functions.c
[46.482s] -- Installing: /home/hikari/ROScribe/ros_ws/src/install/std_srvs/include/std_srvs/std_srvs/srv/detail/trigger__functions.h
[46.482s] -- Installing: /home/hikari/ROScribe/ros_ws/src/install/std_srvs/include/std_srvs/std_srvs/srv/detail/trigger__type_support.h
[46.482s] -- Installing: /home/hikari/ROScribe/ros_ws/src/install/std_srvs/include/std_srvs/std_srvs/srv/detail/empty__functions.c
[46.482s] -- Installing: /home/hikari/ROScribe/ros_ws/src/install/std_srvs/include/std_srvs/std_srvs/srv/detail/set_bool__type_support.h
[46.483s] -- Installing: /home/hikari/ROScribe/ros_ws/src/install/std_srvs/include/std_srvs/std_srvs/srv/detail/set_bool__struct.h
[46.483s] -- Installing: /home/hikari/ROScribe/ros_ws/src/install/std_srvs/include/std_srvs/std_srvs/srv/detail/empty__functions.h
[46.483s] -- Installing: /home/hikari/ROScribe/ros_ws/src/install/std_srvs/include/std_srvs/std_srvs/srv/detail/trigger__struct.h
[46.483s] -- Installing: /home/hikari/ROScribe/ros_ws/src/install/std_srvs/include/std_srvs/std_srvs/srv/detail/empty__type_support.h
[46.483s] -- Installing: /home/hikari/ROScribe/ros_ws/src/install/std_srvs/include/std_srvs/std_srvs/srv/detail/empty__struct.h
[46.483s] -- Installing: /home/hikari/ROScribe/ros_ws/src/install/std_srvs/include/std_srvs/std_srvs/srv/detail/set_bool__functions.c
[46.483s] -- Installing: /home/hikari/ROScribe/ros_ws/src/install/std_srvs/include/std_srvs/std_srvs/srv/set_bool.h
[46.484s] -- Installing: /home/hikari/ROScribe/ros_ws/src/install/std_srvs/include/std_srvs/std_srvs/msg
[46.484s] -- Installing: /home/hikari/ROScribe/ros_ws/src/install/std_srvs/include/std_srvs/std_srvs/msg/rosidl_generator_c__visibility_control.h
[46.484s] -- Installing: /home/hikari/ROScribe/ros_ws/src/install/std_srvs/share/std_srvs/environment/library_path.sh
[46.484s] -- Installing: /home/hikari/ROScribe/ros_ws/src/install/std_srvs/share/std_srvs/environment/library_path.dsv
[46.485s] -- Installing: /home/hikari/ROScribe/ros_ws/src/install/std_srvs/lib/libstd_srvs__rosidl_generator_c.so
[46.485s] -- Set runtime path of "/home/hikari/ROScribe/ros_ws/src/install/std_srvs/lib/libstd_srvs__rosidl_generator_c.so" to ""
[46.486s] -- Up-to-date: /home/hikari/ROScribe/ros_ws/src/install/std_srvs/include/std_srvs/std_srvs
[46.486s] -- Up-to-date: /home/hikari/ROScribe/ros_ws/src/install/std_srvs/include/std_srvs/std_srvs/srv
[46.486s] -- Up-to-date: /home/hikari/ROScribe/ros_ws/src/install/std_srvs/include/std_srvs/std_srvs/srv/detail
[46.487s] -- Installing: /home/hikari/ROScribe/ros_ws/src/install/std_srvs/include/std_srvs/std_srvs/srv/detail/set_bool__rosidl_typesupport_fastrtps_c.h
[46.487s] -- Installing: /home/hikari/ROScribe/ros_ws/src/install/std_srvs/include/std_srvs/std_srvs/srv/detail/empty__rosidl_typesupport_fastrtps_c.h
[46.488s] -- Installing: /home/hikari/ROScribe/ros_ws/src/install/std_srvs/include/std_srvs/std_srvs/srv/detail/trigger__rosidl_typesupport_fastrtps_c.h
[46.488s] -- Up-to-date: /home/hikari/ROScribe/ros_ws/src/install/std_srvs/include/std_srvs/std_srvs/msg
[46.488s] -- Installing: /home/hikari/ROScribe/ros_ws/src/install/std_srvs/include/std_srvs/std_srvs/msg/rosidl_typesupport_fastrtps_c__visibility_control.h
[46.489s] -- Installing: /home/hikari/ROScribe/ros_ws/src/install/std_srvs/lib/libstd_srvs__rosidl_typesupport_fastrtps_c.so
[46.489s] -- Set runtime path of "/home/hikari/ROScribe/ros_ws/src/install/std_srvs/lib/libstd_srvs__rosidl_typesupport_fastrtps_c.so" to ""
[46.489s] -- Up-to-date: /home/hikari/ROScribe/ros_ws/src/install/std_srvs/include/std_srvs/std_srvs
[46.490s] -- Up-to-date: /home/hikari/ROScribe/ros_ws/src/install/std_srvs/include/std_srvs/std_srvs/srv
[46.491s] -- Up-to-date: /home/hikari/ROScribe/ros_ws/src/install/std_srvs/include/std_srvs/std_srvs/srv/detail
[46.494s] -- Installing: /home/hikari/ROScribe/ros_ws/src/install/std_srvs/include/std_srvs/std_srvs/srv/detail/trigger__rosidl_typesupport_introspection_c.h
[46.494s] -- Installing: /home/hikari/ROScribe/ros_ws/src/install/std_srvs/include/std_srvs/std_srvs/srv/detail/empty__rosidl_typesupport_introspection_c.h
[46.498s] -- Installing: /home/hikari/ROScribe/ros_ws/src/install/std_srvs/include/std_srvs/std_srvs/srv/detail/empty__type_support.c
[46.498s] -- Installing: /home/hikari/ROScribe/ros_ws/src/install/std_srvs/include/std_srvs/std_srvs/srv/detail/trigger__type_support.c
[46.498s] -- Installing: /home/hikari/ROScribe/ros_ws/src/install/std_srvs/include/std_srvs/std_srvs/srv/detail/set_bool__type_support.c
[46.499s] -- Installing: /home/hikari/ROScribe/ros_ws/src/install/std_srvs/include/std_srvs/std_srvs/srv/detail/set_bool__rosidl_typesupport_introspection_c.h
[46.499s] -- Up-to-date: /home/hikari/ROScribe/ros_ws/src/install/std_srvs/include/std_srvs/std_srvs/msg
[46.500s] -- Installing: /home/hikari/ROScribe/ros_ws/src/install/std_srvs/include/std_srvs/std_srvs/msg/rosidl_typesupport_introspection_c__visibility_control.h
[46.500s] -- Installing: /home/hikari/ROScribe/ros_ws/src/install/std_srvs/lib/libstd_srvs__rosidl_typesupport_introspection_c.so
[46.500s] -- Set runtime path of "/home/hikari/ROScribe/ros_ws/src/install/std_srvs/lib/libstd_srvs__rosidl_typesupport_introspection_c.so" to ""
[46.500s] -- Installing: /home/hikari/ROScribe/ros_ws/src/install/std_srvs/lib/libstd_srvs__rosidl_typesupport_c.so
[46.500s] -- Set runtime path of "/home/hikari/ROScribe/ros_ws/src/install/std_srvs/lib/libstd_srvs__rosidl_typesupport_c.so" to ""
[46.501s] -- Up-to-date: /home/hikari/ROScribe/ros_ws/src/install/std_srvs/include/std_srvs/std_srvs
[46.501s] -- Up-to-date: /home/hikari/ROScribe/ros_ws/src/install/std_srvs/include/std_srvs/std_srvs/srv
[46.512s] -- Installing: /home/hikari/ROScribe/ros_ws/src/install/std_srvs/include/std_srvs/std_srvs/srv/empty.hpp
[46.514s] -- Installing: /home/hikari/ROScribe/ros_ws/src/install/std_srvs/include/std_srvs/std_srvs/srv/set_bool.hpp
[46.515s] -- Installing: /home/hikari/ROScribe/ros_ws/src/install/std_srvs/include/std_srvs/std_srvs/srv/trigger.hpp
[46.517s] -- Up-to-date: /home/hikari/ROScribe/ros_ws/src/install/std_srvs/include/std_srvs/std_srvs/srv/detail
[46.518s] -- Installing: /home/hikari/ROScribe/ros_ws/src/install/std_srvs/include/std_srvs/std_srvs/srv/detail/empty__traits.hpp
[46.520s] -- Installing: /home/hikari/ROScribe/ros_ws/src/install/std_srvs/include/std_srvs/std_srvs/srv/detail/set_bool__builder.hpp
[46.520s] -- Installing: /home/hikari/ROScribe/ros_ws/src/install/std_srvs/include/std_srvs/std_srvs/srv/detail/set_bool__traits.hpp
[46.520s] -- Installing: /home/hikari/ROScribe/ros_ws/src/install/std_srvs/include/std_srvs/std_srvs/srv/detail/trigger__traits.hpp
[46.520s] -- Installing: /home/hikari/ROScribe/ros_ws/src/install/std_srvs/include/std_srvs/std_srvs/srv/detail/empty__builder.hpp
[46.520s] -- Installing: /home/hikari/ROScribe/ros_ws/src/install/std_srvs/include/std_srvs/std_srvs/srv/detail/empty__struct.hpp
[46.521s] -- Installing: /home/hikari/ROScribe/ros_ws/src/install/std_srvs/include/std_srvs/std_srvs/srv/detail/trigger__builder.hpp
[46.521s] -- Installing: /home/hikari/ROScribe/ros_ws/src/install/std_srvs/include/std_srvs/std_srvs/srv/detail/trigger__struct.hpp
[46.521s] -- Installing: /home/hikari/ROScribe/ros_ws/src/install/std_srvs/include/std_srvs/std_srvs/srv/detail/set_bool__struct.hpp
[46.521s] -- Up-to-date: /home/hikari/ROScribe/ros_ws/src/install/std_srvs/include/std_srvs/std_srvs
[46.521s] -- Up-to-date: /home/hikari/ROScribe/ros_ws/src/install/std_srvs/include/std_srvs/std_srvs/srv
[46.521s] -- Up-to-date: /home/hikari/ROScribe/ros_ws/src/install/std_srvs/include/std_srvs/std_srvs/srv/detail
[46.522s] -- Installing: /home/hikari/ROScribe/ros_ws/src/install/std_srvs/include/std_srvs/std_srvs/srv/detail/empty__rosidl_typesupport_fastrtps_cpp.hpp
[46.522s] -- Installing: /home/hikari/ROScribe/ros_ws/src/install/std_srvs/include/std_srvs/std_srvs/srv/detail/dds_fastrtps
[46.522s] -- Installing: /home/hikari/ROScribe/ros_ws/src/install/std_srvs/include/std_srvs/std_srvs/srv/detail/set_bool__rosidl_typesupport_fastrtps_cpp.hpp
[46.522s] -- Installing: /home/hikari/ROScribe/ros_ws/src/install/std_srvs/include/std_srvs/std_srvs/srv/detail/trigger__rosidl_typesupport_fastrtps_cpp.hpp
[46.522s] -- Up-to-date: /home/hikari/ROScribe/ros_ws/src/install/std_srvs/include/std_srvs/std_srvs/msg
[46.523s] -- Installing: /home/hikari/ROScribe/ros_ws/src/install/std_srvs/include/std_srvs/std_srvs/msg/rosidl_typesupport_fastrtps_cpp__visibility_control.h
[46.523s] -- Installing: /home/hikari/ROScribe/ros_ws/src/install/std_srvs/lib/libstd_srvs__rosidl_typesupport_fastrtps_cpp.so
[46.523s] -- Set runtime path of "/home/hikari/ROScribe/ros_ws/src/install/std_srvs/lib/libstd_srvs__rosidl_typesupport_fastrtps_cpp.so" to ""
[46.523s] -- Up-to-date: /home/hikari/ROScribe/ros_ws/src/install/std_srvs/include/std_srvs/std_srvs
[46.523s] -- Up-to-date: /home/hikari/ROScribe/ros_ws/src/install/std_srvs/include/std_srvs/std_srvs/srv
[46.523s] -- Up-to-date: /home/hikari/ROScribe/ros_ws/src/install/std_srvs/include/std_srvs/std_srvs/srv/detail
[46.523s] -- Installing: /home/hikari/ROScribe/ros_ws/src/install/std_srvs/include/std_srvs/std_srvs/srv/detail/trigger__rosidl_typesupport_introspection_cpp.hpp
[46.524s] -- Installing: /home/hikari/ROScribe/ros_ws/src/install/std_srvs/include/std_srvs/std_srvs/srv/detail/empty__rosidl_typesupport_introspection_cpp.hpp
[46.524s] -- Installing: /home/hikari/ROScribe/ros_ws/src/install/std_srvs/include/std_srvs/std_srvs/srv/detail/set_bool__rosidl_typesupport_introspection_cpp.hpp
[46.524s] -- Installing: /home/hikari/ROScribe/ros_ws/src/install/std_srvs/include/std_srvs/std_srvs/srv/detail/empty__type_support.cpp
[46.524s] -- Installing: /home/hikari/ROScribe/ros_ws/src/install/std_srvs/include/std_srvs/std_srvs/srv/detail/set_bool__type_support.cpp
[46.525s] -- Installing: /home/hikari/ROScribe/ros_ws/src/install/std_srvs/include/std_srvs/std_srvs/srv/detail/trigger__type_support.cpp
[46.525s] -- Installing: /home/hikari/ROScribe/ros_ws/src/install/std_srvs/lib/libstd_srvs__rosidl_typesupport_introspection_cpp.so
[46.525s] -- Set runtime path of "/home/hikari/ROScribe/ros_ws/src/install/std_srvs/lib/libstd_srvs__rosidl_typesupport_introspection_cpp.so" to ""
[46.525s] -- Installing: /home/hikari/ROScribe/ros_ws/src/install/std_srvs/lib/libstd_srvs__rosidl_typesupport_cpp.so
[46.525s] -- Set runtime path of "/home/hikari/ROScribe/ros_ws/src/install/std_srvs/lib/libstd_srvs__rosidl_typesupport_cpp.so" to ""
[46.526s] -- Installing: /home/hikari/ROScribe/ros_ws/src/install/std_srvs/share/ament_index/resource_index/rust_packages/std_srvs
[46.526s] -- Installing: /home/hikari/ROScribe/ros_ws/src/install/std_srvs/share/std_srvs/rust
[46.526s] -- Installing: /home/hikari/ROScribe/ros_ws/src/install/std_srvs/share/std_srvs/rust/src
[46.526s] -- Installing: /home/hikari/ROScribe/ros_ws/src/install/std_srvs/share/std_srvs/rust/src/srv.rs
[46.526s] -- Installing: /home/hikari/ROScribe/ros_ws/src/install/std_srvs/share/std_srvs/rust/src/lib.rs
[46.527s] -- Installing: /home/hikari/ROScribe/ros_ws/src/install/std_srvs/share/std_srvs/rust/Cargo.toml
[46.527s] -- Installing: /home/hikari/ROScribe/ros_ws/src/install/std_srvs/share/std_srvs/rust/build.rs
[46.527s] -- Up-to-date: /home/hikari/ROScribe/ros_ws/src/install/std_srvs/share/std_srvs/rust
[46.527s] -- Up-to-date: /home/hikari/ROScribe/ros_ws/src/install/std_srvs/share/std_srvs/rust/src
[46.528s] -- Up-to-date: /home/hikari/ROScribe/ros_ws/src/install/std_srvs/share/std_srvs/rust/src/srv.rs
[46.528s] -- Up-to-date: /home/hikari/ROScribe/ros_ws/src/install/std_srvs/share/std_srvs/rust/src/lib.rs
[46.528s] -- Up-to-date: /home/hikari/ROScribe/ros_ws/src/install/std_srvs/share/std_srvs/rust/Cargo.toml
[46.528s] -- Up-to-date: /home/hikari/ROScribe/ros_ws/src/install/std_srvs/share/std_srvs/rust/build.rs
[46.528s] -- Up-to-date: /home/hikari/ROScribe/ros_ws/src/install/std_srvs/share/std_srvs/rust
[46.529s] -- Up-to-date: /home/hikari/ROScribe/ros_ws/src/install/std_srvs/share/std_srvs/rust/src
[46.530s] -- Up-to-date: /home/hikari/ROScribe/ros_ws/src/install/std_srvs/share/std_srvs/rust/src/srv.rs
[46.530s] -- Up-to-date: /home/hikari/ROScribe/ros_ws/src/install/std_srvs/share/std_srvs/rust/src/lib.rs
[46.530s] -- Up-to-date: /home/hikari/ROScribe/ros_ws/src/install/std_srvs/share/std_srvs/rust/Cargo.toml
[46.531s] -- Up-to-date: /home/hikari/ROScribe/ros_ws/src/install/std_srvs/share/std_srvs/rust/build.rs
[46.531s] -- Installing: /home/hikari/ROScribe/ros_ws/src/install/std_srvs/share/std_srvs/environment/pythonpath.sh
[46.531s] -- Installing: /home/hikari/ROScribe/ros_ws/src/install/std_srvs/share/std_srvs/environment/pythonpath.dsv
[46.532s] -- Installing: /home/hikari/ROScribe/ros_ws/src/install/std_srvs/local/lib/python3.10/dist-packages/std_srvs-4.2.3-py3.10.egg-info
[46.532s] -- Installing: /home/hikari/ROScribe/ros_ws/src/install/std_srvs/local/lib/python3.10/dist-packages/std_srvs-4.2.3-py3.10.egg-info/top_level.txt
[46.532s] -- Installing: /home/hikari/ROScribe/ros_ws/src/install/std_srvs/local/lib/python3.10/dist-packages/std_srvs-4.2.3-py3.10.egg-info/dependency_links.txt
[46.532s] -- Installing: /home/hikari/ROScribe/ros_ws/src/install/std_srvs/local/lib/python3.10/dist-packages/std_srvs-4.2.3-py3.10.egg-info/SOURCES.txt
[46.543s] -- Installing: /home/hikari/ROScribe/ros_ws/src/install/std_srvs/local/lib/python3.10/dist-packages/std_srvs-4.2.3-py3.10.egg-info/PKG-INFO
[46.545s] -- Installing: /home/hikari/ROScribe/ros_ws/src/install/std_srvs/local/lib/python3.10/dist-packages/std_srvs
[46.545s] -- Installing: /home/hikari/ROScribe/ros_ws/src/install/std_srvs/local/lib/python3.10/dist-packages/std_srvs/srv
[46.545s] -- Installing: /home/hikari/ROScribe/ros_ws/src/install/std_srvs/local/lib/python3.10/dist-packages/std_srvs/srv/_trigger.py
[46.545s] -- Installing: /home/hikari/ROScribe/ros_ws/src/install/std_srvs/local/lib/python3.10/dist-packages/std_srvs/srv/_empty_s.c
[46.545s] -- Installing: /home/hikari/ROScribe/ros_ws/src/install/std_srvs/local/lib/python3.10/dist-packages/std_srvs/srv/_empty.py
[46.545s] -- Installing: /home/hikari/ROScribe/ros_ws/src/install/std_srvs/local/lib/python3.10/dist-packages/std_srvs/srv/_trigger_s.c
[46.546s] -- Installing: /home/hikari/ROScribe/ros_ws/src/install/std_srvs/local/lib/python3.10/dist-packages/std_srvs/srv/_set_bool.py
[46.546s] -- Installing: /home/hikari/ROScribe/ros_ws/src/install/std_srvs/local/lib/python3.10/dist-packages/std_srvs/srv/_set_bool_s.c
[46.546s] -- Installing: /home/hikari/ROScribe/ros_ws/src/install/std_srvs/local/lib/python3.10/dist-packages/std_srvs/srv/__init__.py
[46.546s] -- Installing: /home/hikari/ROScribe/ros_ws/src/install/std_srvs/local/lib/python3.10/dist-packages/std_srvs/std_srvs_s__rosidl_typesupport_introspection_c.cpython-310-x86_64-linux-gnu.so
[46.546s] -- Installing: /home/hikari/ROScribe/ros_ws/src/install/std_srvs/local/lib/python3.10/dist-packages/std_srvs/std_srvs_s__rosidl_typesupport_fastrtps_c.cpython-310-x86_64-linux-gnu.so
[46.546s] -- Installing: /home/hikari/ROScribe/ros_ws/src/install/std_srvs/local/lib/python3.10/dist-packages/std_srvs/_std_srvs_s.ep.rosidl_typesupport_introspection_c.c
[46.547s] -- Installing: /home/hikari/ROScribe/ros_ws/src/install/std_srvs/local/lib/python3.10/dist-packages/std_srvs/std_srvs_s__rosidl_typesupport_c.cpython-310-x86_64-linux-gnu.so
[46.547s] -- Installing: /home/hikari/ROScribe/ros_ws/src/install/std_srvs/local/lib/python3.10/dist-packages/std_srvs/_std_srvs_s.ep.rosidl_typesupport_fastrtps_c.c
[46.547s] -- Installing: /home/hikari/ROScribe/ros_ws/src/install/std_srvs/local/lib/python3.10/dist-packages/std_srvs/__init__.py
[46.547s] -- Installing: /home/hikari/ROScribe/ros_ws/src/install/std_srvs/local/lib/python3.10/dist-packages/std_srvs/_std_srvs_s.ep.rosidl_typesupport_c.c
[46.547s] -- Installing: /home/hikari/ROScribe/ros_ws/src/install/std_srvs/local/lib/python3.10/dist-packages/std_srvs/libstd_srvs__rosidl_generator_py.so
[46.547s] Listing '/home/hikari/ROScribe/ros_ws/src/install/std_srvs/local/lib/python3.10/dist-packages/std_srvs'...
[46.547s] Compiling '/home/hikari/ROScribe/ros_ws/src/install/std_srvs/local/lib/python3.10/dist-packages/std_srvs/__init__.py'...
[46.548s] Listing '/home/hikari/ROScribe/ros_ws/src/install/std_srvs/local/lib/python3.10/dist-packages/std_srvs/srv'...
[46.548s] Compiling '/home/hikari/ROScribe/ros_ws/src/install/std_srvs/local/lib/python3.10/dist-packages/std_srvs/srv/__init__.py'...
[46.548s] Compiling '/home/hikari/ROScribe/ros_ws/src/install/std_srvs/local/lib/python3.10/dist-packages/std_srvs/srv/_empty.py'...
[46.548s] Compiling '/home/hikari/ROScribe/ros_ws/src/install/std_srvs/local/lib/python3.10/dist-packages/std_srvs/srv/_set_bool.py'...
[46.548s] Compiling '/home/hikari/ROScribe/ros_ws/src/install/std_srvs/local/lib/python3.10/dist-packages/std_srvs/srv/_trigger.py'...
[46.549s] -- Installing: /home/hikari/ROScribe/ros_ws/src/install/std_srvs/local/lib/python3.10/dist-packages/std_srvs/std_srvs_s__rosidl_typesupport_fastrtps_c.cpython-310-x86_64-linux-gnu.so
[46.549s] -- Set runtime path of "/home/hikari/ROScribe/ros_ws/src/install/std_srvs/local/lib/python3.10/dist-packages/std_srvs/std_srvs_s__rosidl_typesupport_fastrtps_c.cpython-310-x86_64-linux-gnu.so" to ""
[46.549s] -- Installing: /home/hikari/ROScribe/ros_ws/src/install/std_srvs/local/lib/python3.10/dist-packages/std_srvs/std_srvs_s__rosidl_typesupport_introspection_c.cpython-310-x86_64-linux-gnu.so
[46.549s] -- Set runtime path of "/home/hikari/ROScribe/ros_ws/src/install/std_srvs/local/lib/python3.10/dist-packages/std_srvs/std_srvs_s__rosidl_typesupport_introspection_c.cpython-310-x86_64-linux-gnu.so" to ""
[46.549s] -- Installing: /home/hikari/ROScribe/ros_ws/src/install/std_srvs/local/lib/python3.10/dist-packages/std_srvs/std_srvs_s__rosidl_typesupport_c.cpython-310-x86_64-linux-gnu.so
[46.555s] -- Set runtime path of "/home/hikari/ROScribe/ros_ws/src/install/std_srvs/local/lib/python3.10/dist-packages/std_srvs/std_srvs_s__rosidl_typesupport_c.cpython-310-x86_64-linux-gnu.so" to ""
[46.556s] -- Installing: /home/hikari/ROScribe/ros_ws/src/install/std_srvs/lib/libstd_srvs__rosidl_generator_py.so
[46.558s] -- Set runtime path of "/home/hikari/ROScribe/ros_ws/src/install/std_srvs/lib/libstd_srvs__rosidl_generator_py.so" to ""
[46.559s] -- Installing: /home/hikari/ROScribe/ros_ws/src/install/std_srvs/share/std_srvs/srv/Empty.idl
[46.559s] -- Installing: /home/hikari/ROScribe/ros_ws/src/install/std_srvs/share/std_srvs/srv/SetBool.idl
[46.560s] -- Installing: /home/hikari/ROScribe/ros_ws/src/install/std_srvs/share/std_srvs/srv/Trigger.idl
[46.560s] -- Installing: /home/hikari/ROScribe/ros_ws/src/install/std_srvs/share/std_srvs/srv/Empty.srv
[46.561s] -- Installing: /home/hikari/ROScribe/ros_ws/src/install/std_srvs/share/std_srvs/srv/Empty_Request.msg
[46.561s] -- Installing: /home/hikari/ROScribe/ros_ws/src/install/std_srvs/share/std_srvs/srv/Empty_Response.msg
[46.562s] -- Installing: /home/hikari/ROScribe/ros_ws/src/install/std_srvs/share/std_srvs/srv/SetBool.srv
[46.563s] -- Installing: /home/hikari/ROScribe/ros_ws/src/install/std_srvs/share/std_srvs/srv/SetBool_Request.msg
[46.563s] -- Installing: /home/hikari/ROScribe/ros_ws/src/install/std_srvs/share/std_srvs/srv/SetBool_Response.msg
[46.563s] -- Installing: /home/hikari/ROScribe/ros_ws/src/install/std_srvs/share/std_srvs/srv/Trigger.srv
[46.564s] -- Installing: /home/hikari/ROScribe/ros_ws/src/install/std_srvs/share/std_srvs/srv/Trigger_Request.msg
[46.564s] -- Installing: /home/hikari/ROScribe/ros_ws/src/install/std_srvs/share/std_srvs/srv/Trigger_Response.msg
[46.565s] -- Installing: /home/hikari/ROScribe/ros_ws/src/install/std_srvs/share/ament_index/resource_index/package_run_dependencies/std_srvs
[46.565s] -- Installing: /home/hikari/ROScribe/ros_ws/src/install/std_srvs/share/ament_index/resource_index/parent_prefix_path/std_srvs
[46.565s] -- Installing: /home/hikari/ROScribe/ros_ws/src/install/std_srvs/share/std_srvs/environment/ament_prefix_path.sh
[46.566s] -- Installing: /home/hikari/ROScribe/ros_ws/src/install/std_srvs/share/std_srvs/environment/ament_prefix_path.dsv
[46.566s] -- Installing: /home/hikari/ROScribe/ros_ws/src/install/std_srvs/share/std_srvs/environment/path.sh
[46.566s] -- Installing: /home/hikari/ROScribe/ros_ws/src/install/std_srvs/share/std_srvs/environment/path.dsv
[46.566s] -- Installing: /home/hikari/ROScribe/ros_ws/src/install/std_srvs/share/std_srvs/local_setup.bash
[46.566s] -- Installing: /home/hikari/ROScribe/ros_ws/src/install/std_srvs/share/std_srvs/local_setup.sh
[46.567s] -- Installing: /home/hikari/ROScribe/ros_ws/src/install/std_srvs/share/std_srvs/local_setup.zsh
[46.567s] -- Installing: /home/hikari/ROScribe/ros_ws/src/install/std_srvs/share/std_srvs/local_setup.dsv
[46.567s] -- Installing: /home/hikari/ROScribe/ros_ws/src/install/std_srvs/share/std_srvs/package.dsv
[46.567s] -- Installing: /home/hikari/ROScribe/ros_ws/src/install/std_srvs/share/ament_index/resource_index/packages/std_srvs
[46.567s] -- Installing: /home/hikari/ROScribe/ros_ws/src/install/std_srvs/share/std_srvs/cmake/export_std_srvs__rosidl_generator_cExport.cmake
[46.568s] -- Installing: /home/hikari/ROScribe/ros_ws/src/install/std_srvs/share/std_srvs/cmake/export_std_srvs__rosidl_generator_cExport-noconfig.cmake
[46.649s] -- Installing: /home/hikari/ROScribe/ros_ws/src/install/std_srvs/share/std_srvs/cmake/export_std_srvs__rosidl_typesupport_fastrtps_cExport.cmake
[46.650s] -- Installing: /home/hikari/ROScribe/ros_ws/src/install/std_srvs/share/std_srvs/cmake/export_std_srvs__rosidl_typesupport_fastrtps_cExport-noconfig.cmake
[46.651s] -- Installing: /home/hikari/ROScribe/ros_ws/src/install/std_srvs/share/std_srvs/cmake/std_srvs__rosidl_typesupport_introspection_cExport.cmake
[46.651s] -- Installing: /home/hikari/ROScribe/ros_ws/src/install/std_srvs/share/std_srvs/cmake/std_srvs__rosidl_typesupport_introspection_cExport-noconfig.cmake
[46.652s] -- Installing: /home/hikari/ROScribe/ros_ws/src/install/std_srvs/share/std_srvs/cmake/std_srvs__rosidl_typesupport_cExport.cmake
[46.659s] -- Installing: /home/hikari/ROScribe/ros_ws/src/install/std_srvs/share/std_srvs/cmake/std_srvs__rosidl_typesupport_cExport-noconfig.cmake
[46.660s] -- Installing: /home/hikari/ROScribe/ros_ws/src/install/std_srvs/share/std_srvs/cmake/export_std_srvs__rosidl_generator_cppExport.cmake
[46.662s] -- Installing: /home/hikari/ROScribe/ros_ws/src/install/std_srvs/share/std_srvs/cmake/export_std_srvs__rosidl_typesupport_fastrtps_cppExport.cmake
[46.665s] -- Installing: /home/hikari/ROScribe/ros_ws/src/install/std_srvs/share/std_srvs/cmake/export_std_srvs__rosidl_typesupport_fastrtps_cppExport-noconfig.cmake
[46.666s] -- Installing: /home/hikari/ROScribe/ros_ws/src/install/std_srvs/share/std_srvs/cmake/std_srvs__rosidl_typesupport_introspection_cppExport.cmake
[46.671s] -- Installing: /home/hikari/ROScribe/ros_ws/src/install/std_srvs/share/std_srvs/cmake/std_srvs__rosidl_typesupport_introspection_cppExport-noconfig.cmake
[46.672s] -- Installing: /home/hikari/ROScribe/ros_ws/src/install/std_srvs/share/std_srvs/cmake/std_srvs__rosidl_typesupport_cppExport.cmake
[46.673s] -- Installing: /home/hikari/ROScribe/ros_ws/src/install/std_srvs/share/std_srvs/cmake/std_srvs__rosidl_typesupport_cppExport-noconfig.cmake
[46.673s] -- Installing: /home/hikari/ROScribe/ros_ws/src/install/std_srvs/share/std_srvs/cmake/export_std_srvs__rosidl_generator_pyExport.cmake
[46.674s] -- Installing: /home/hikari/ROScribe/ros_ws/src/install/std_srvs/share/std_srvs/cmake/export_std_srvs__rosidl_generator_pyExport-noconfig.cmake
[46.674s] -- Installing: /home/hikari/ROScribe/ros_ws/src/install/std_srvs/share/std_srvs/cmake/rosidl_cmake-extras.cmake
[46.674s] -- Installing: /home/hikari/ROScribe/ros_ws/src/install/std_srvs/share/std_srvs/cmake/ament_cmake_export_include_directories-extras.cmake
[46.674s] -- Installing: /home/hikari/ROScribe/ros_ws/src/install/std_srvs/share/std_srvs/cmake/ament_cmake_export_libraries-extras.cmake
[46.674s] -- Installing: /home/hikari/ROScribe/ros_ws/src/install/std_srvs/share/std_srvs/cmake/ament_cmake_export_targets-extras.cmake
[46.675s] -- Installing: /home/hikari/ROScribe/ros_ws/src/install/std_srvs/share/std_srvs/cmake/rosidl_cmake_export_typesupport_targets-extras.cmake
[46.675s] -- Installing: /home/hikari/ROScribe/ros_ws/src/install/std_srvs/share/std_srvs/cmake/ament_cmake_export_dependencies-extras.cmake
[46.675s] -- Installing: /home/hikari/ROScribe/ros_ws/src/install/std_srvs/share/std_srvs/cmake/rosidl_cmake_export_typesupport_libraries-extras.cmake
[46.675s] -- Installing: /home/hikari/ROScribe/ros_ws/src/install/std_srvs/share/std_srvs/cmake/std_srvsConfig.cmake
[46.678s] -- Installing: /home/hikari/ROScribe/ros_ws/src/install/std_srvs/share/std_srvs/cmake/std_srvsConfig-version.cmake
[46.678s] -- Installing: /home/hikari/ROScribe/ros_ws/src/install/std_srvs/share/std_srvs/package.xml
[46.690s] Invoked command in '/home/hikari/ROScribe/ros_ws/src/build/std_srvs' returned '0': AMENT_PREFIX_PATH=/home/hikari/ROScribe/ros_ws/src/install/rosidl_default_runtime:/home/hikari/ROScribe/ros_ws/src/install/rosidl_default_generators:/home/hikari/ROScribe/ros_ws/src/install/rosidl_generator_rs:/home/hikari/ROScribe/ros_ws/src/install/rosidl_runtime_rs:${AMENT_PREFIX_PATH} CMAKE_PREFIX_PATH=/home/hikari/ROScribe/ros_ws/src/install/rosidl_default_runtime:/home/hikari/ROScribe/ros_ws/src/install/rosidl_default_generators:/home/hikari/ROScribe/ros_ws/src/install/rosidl_generator_rs:/opt/ros/humble PYTHONPATH=/home/hikari/ROScribe/ros_ws/src/install/rosidl_generator_rs/local/lib/python3.10/dist-packages:${PYTHONPATH} /usr/local/bin/cmake --install /home/hikari/ROScribe/ros_ws/src/build/std_srvs
