[0.288s] Invoking command in '/home/hikari/ROScribe/ros_ws/src/build/rclrs_example_msgs': AMENT_PREFIX_PATH=/home/hikari/ROScribe/ros_ws/src/install/rosidl_default_runtime:/home/hikari/ROScribe/ros_ws/src/install/rosidl_default_generators:/home/hikari/ROScribe/ros_ws/src/install/rosidl_generator_rs:/home/hikari/ROScribe/ros_ws/src/install/rosidl_runtime_rs:${AMENT_PREFIX_PATH} CMAKE_PREFIX_PATH=/home/hikari/ROScribe/ros_ws/src/install/rosidl_default_runtime:/home/hikari/ROScribe/ros_ws/src/install/rosidl_default_generators:/home/hikari/ROScribe/ros_ws/src/install/rosidl_generator_rs:/opt/ros/humble PYTHONPATH=/home/hikari/ROScribe/ros_ws/src/install/rosidl_generator_rs/local/lib/python3.10/dist-packages:${PYTHONPATH} /usr/local/bin/cmake /home/hikari/ROScribe/ros_ws/src/ros2_rust/rclrs_example_msgs -DCMAKE_INSTALL_PREFIX=/home/hikari/ROScribe/ros_ws/src/install/rclrs_example_msgs
[0.480s] -- The C compiler identification is GNU 11.4.0
[0.709s] -- The CXX compiler identification is GNU 11.4.0
[0.804s] -- Detecting C compiler ABI info
[0.909s] -- Detecting C compiler ABI info - done
[0.933s] -- Check for working C compiler: /usr/lib/ccache/cc - skipped
[0.933s] -- Detecting C compile features
[0.933s] -- Detecting C compile features - done
[0.940s] -- Detecting CXX compiler ABI info
[1.065s] -- Detecting CXX compiler ABI info - done
[1.088s] -- Check for working CXX compiler: /usr/lib/ccache/c++ - skipped
[1.089s] -- Detecting CXX compile features
[1.090s] -- Detecting CXX compile features - done
[1.095s] -- Found ament_cmake: 1.3.5 (/opt/ros/humble/share/ament_cmake/cmake)
[3.714s] -- Found Python3: /usr/bin/python3.10 (found version "3.10.12") found components: Interpreter 
[3.899s] -- Found rosidl_default_generators: 1.2.0 (/home/hikari/ROScribe/ros_ws/src/install/rosidl_default_generators/share/rosidl_default_generators/cmake)
[3.906s] -- Using all available rosidl_typesupport_c: rosidl_typesupport_fastrtps_c;rosidl_typesupport_introspection_c
[3.919s] -- Found rosidl_adapter: 3.1.5 (/opt/ros/humble/share/rosidl_adapter/cmake)
[4.106s] -- Using all available rosidl_typesupport_cpp: rosidl_typesupport_fastrtps_cpp;rosidl_typesupport_introspection_cpp
[4.649s] -- Found ament_cmake_cppcheck: 0.12.8 (/opt/ros/humble/share/ament_cmake_cppcheck/cmake)
[4.653s] -- Found ament_cmake_cpplint: 0.12.8 (/opt/ros/humble/share/ament_cmake_cpplint/cmake)
[4.658s] -- Found ament_cmake_uncrustify: 0.12.8 (/opt/ros/humble/share/ament_cmake_uncrustify/cmake)
[4.665s] -- Found ament_cmake_ros: 0.10.0 (/opt/ros/humble/share/ament_cmake_ros/cmake)
[4.907s] -- Using all available rosidl_typesupport_c: rosidl_typesupport_fastrtps_c;rosidl_typesupport_introspection_c
[5.231s] -- Using all available rosidl_typesupport_cpp: rosidl_typesupport_fastrtps_cpp;rosidl_typesupport_introspection_cpp
[5.238s] -- Found rmw_implementation_cmake: 6.1.1 (/opt/ros/humble/share/rmw_implementation_cmake/cmake)
[6.082s] -- Found OpenSSL: /usr/lib/x86_64-linux-gnu/libcrypto.so (found version "3.0.2")  
[6.647s] -- Found FastRTPS: /opt/ros/humble/include  
[7.961s] -- Found PythonInterp: /usr/bin/python3 (found suitable version "3.10.12", minimum required is "3.6") 
[7.964s] -- Found python_cmake_module: 0.10.0 (/opt/ros/humble/share/python_cmake_module/cmake)
[8.161s] -- Found PythonLibs: /usr/lib/x86_64-linux-gnu/libpython3.10.so (found suitable version "3.10.12", minimum required is "3.5") 
[8.166s] -- Using PYTHON_EXECUTABLE: /usr/bin/python3
[8.166s] -- Using PYTHON_INCLUDE_DIRS: /usr/include/python3.10
[8.166s] -- Using PYTHON_LIBRARIES: /usr/lib/x86_64-linux-gnu/libpython3.10.so
[8.230s] -- Found PythonExtra: .so  
[8.357s] -- Found ament_cmake_flake8: 0.12.8 (/opt/ros/humble/share/ament_cmake_flake8/cmake)
[8.363s] -- Found ament_cmake_pep257: 0.12.8 (/opt/ros/humble/share/ament_cmake_pep257/cmake)
[8.390s] -- Configuring done
[8.513s] -- Generating done
[8.524s] -- Build files have been written to: /home/hikari/ROScribe/ros_ws/src/build/rclrs_example_msgs
[8.559s] Invoked command in '/home/hikari/ROScribe/ros_ws/src/build/rclrs_example_msgs' returned '0': AMENT_PREFIX_PATH=/home/hikari/ROScribe/ros_ws/src/install/rosidl_default_runtime:/home/hikari/ROScribe/ros_ws/src/install/rosidl_default_generators:/home/hikari/ROScribe/ros_ws/src/install/rosidl_generator_rs:/home/hikari/ROScribe/ros_ws/src/install/rosidl_runtime_rs:${AMENT_PREFIX_PATH} CMAKE_PREFIX_PATH=/home/hikari/ROScribe/ros_ws/src/install/rosidl_default_runtime:/home/hikari/ROScribe/ros_ws/src/install/rosidl_default_generators:/home/hikari/ROScribe/ros_ws/src/install/rosidl_generator_rs:/opt/ros/humble PYTHONPATH=/home/hikari/ROScribe/ros_ws/src/install/rosidl_generator_rs/local/lib/python3.10/dist-packages:${PYTHONPATH} /usr/local/bin/cmake /home/hikari/ROScribe/ros_ws/src/ros2_rust/rclrs_example_msgs -DCMAKE_INSTALL_PREFIX=/home/hikari/ROScribe/ros_ws/src/install/rclrs_example_msgs
[8.564s] Invoking command in '/home/hikari/ROScribe/ros_ws/src/build/rclrs_example_msgs': AMENT_PREFIX_PATH=/home/hikari/ROScribe/ros_ws/src/install/rosidl_default_runtime:/home/hikari/ROScribe/ros_ws/src/install/rosidl_default_generators:/home/hikari/ROScribe/ros_ws/src/install/rosidl_generator_rs:/home/hikari/ROScribe/ros_ws/src/install/rosidl_runtime_rs:${AMENT_PREFIX_PATH} CMAKE_PREFIX_PATH=/home/hikari/ROScribe/ros_ws/src/install/rosidl_default_runtime:/home/hikari/ROScribe/ros_ws/src/install/rosidl_default_generators:/home/hikari/ROScribe/ros_ws/src/install/rosidl_generator_rs:/opt/ros/humble PYTHONPATH=/home/hikari/ROScribe/ros_ws/src/install/rosidl_generator_rs/local/lib/python3.10/dist-packages:${PYTHONPATH} /usr/local/bin/cmake --build /home/hikari/ROScribe/ros_ws/src/build/rclrs_example_msgs -- -j8 -l8
[8.821s] [  2%] [34m[1mGenerating C code for ROS interfaces[0m
[8.835s] [  5%] [34m[1mGenerating Rust code for ROS interfaces[0m
[8.902s] [  7%] [34m[1mGenerating C++ code for ROS interfaces[0m
[8.942s] [  7%] Built target ament_cmake_python_copy_rclrs_example_msgs
[10.878s] running egg_info
[10.894s] creating rclrs_example_msgs.egg-info
[11.076s] writing rclrs_example_msgs.egg-info/PKG-INFO
[11.077s] writing dependency_links to rclrs_example_msgs.egg-info/dependency_links.txt
[11.080s] writing top-level names to rclrs_example_msgs.egg-info/top_level.txt
[11.081s] writing manifest file 'rclrs_example_msgs.egg-info/SOURCES.txt'
[11.738s] reading manifest file 'rclrs_example_msgs.egg-info/SOURCES.txt'
[11.739s] writing manifest file 'rclrs_example_msgs.egg-info/SOURCES.txt'
[11.984s] [  7%] Built target ament_cmake_python_build_rclrs_example_msgs_egg
[12.857s] [  7%] Built target rclrs_example_msgs__rs
[13.088s] [  7%] Built target rclrs_example_msgs__cpp
[13.157s] [ 10%] [34m[1mGenerating C++ type support for eProsima Fast-RTPS[0m
[13.179s] [ 12%] [32mBuilding C object CMakeFiles/rclrs_example_msgs__rosidl_generator_c.dir/rosidl_generator_c/rclrs_example_msgs/msg/detail/nested_type__functions.c.o[0m
[13.188s] [ 15%] [32mBuilding C object CMakeFiles/rclrs_example_msgs__rosidl_generator_c.dir/rosidl_generator_c/rclrs_example_msgs/msg/detail/various_types__functions.c.o[0m
[13.205s] [ 17%] [34m[1mGenerating C++ type support dispatch for ROS interfaces[0m
[13.216s] [ 20%] [34m[1mGenerating C++ introspection for ROS interfaces[0m
[13.926s] [ 22%] [32m[1mLinking C shared library librclrs_example_msgs__rosidl_generator_c.so[0m
[14.356s] [ 22%] Built target rclrs_example_msgs__rosidl_generator_c
[14.426s] [ 25%] [34m[1mGenerating C type support for eProsima Fast-RTPS[0m
[14.445s] [ 27%] [34m[1mGenerating C type support dispatch for ROS interfaces[0m
[14.456s] [ 30%] [34m[1mGenerating C introspection for ROS interfaces[0m
[19.872s] [ 32%] [32mBuilding CXX object CMakeFiles/rclrs_example_msgs__rosidl_typesupport_fastrtps_cpp.dir/rosidl_typesupport_fastrtps_cpp/rclrs_example_msgs/msg/detail/dds_fastrtps/nested_type__type_support.cpp.o[0m
[19.874s] [ 35%] [32mBuilding CXX object CMakeFiles/rclrs_example_msgs__rosidl_typesupport_cpp.dir/rosidl_typesupport_cpp/rclrs_example_msgs/msg/various_types__type_support.cpp.o[0m
[19.887s] [ 37%] [32mBuilding CXX object CMakeFiles/rclrs_example_msgs__rosidl_typesupport_cpp.dir/rosidl_typesupport_cpp/rclrs_example_msgs/msg/nested_type__type_support.cpp.o[0m
[19.962s] [ 40%] [32mBuilding CXX object CMakeFiles/rclrs_example_msgs__rosidl_typesupport_fastrtps_cpp.dir/rosidl_typesupport_fastrtps_cpp/rclrs_example_msgs/msg/detail/dds_fastrtps/various_types__type_support.cpp.o[0m
[20.961s] [ 42%] [32mBuilding CXX object CMakeFiles/rclrs_example_msgs__rosidl_typesupport_introspection_cpp.dir/rosidl_typesupport_introspection_cpp/rclrs_example_msgs/msg/detail/nested_type__type_support.cpp.o[0m
[22.045s] [ 45%] [32mBuilding CXX object CMakeFiles/rclrs_example_msgs__rosidl_typesupport_fastrtps_c.dir/rosidl_typesupport_fastrtps_c/rclrs_example_msgs/msg/detail/nested_type__type_support_c.cpp.o[0m
[22.080s] [ 47%] [32mBuilding CXX object CMakeFiles/rclrs_example_msgs__rosidl_typesupport_c.dir/rosidl_typesupport_c/rclrs_example_msgs/msg/nested_type__type_support.cpp.o[0m
[22.244s] [ 50%] [32mBuilding C object CMakeFiles/rclrs_example_msgs__rosidl_typesupport_introspection_c.dir/rosidl_typesupport_introspection_c/rclrs_example_msgs/msg/detail/nested_type__type_support.c.o[0m
[22.617s] [ 52%] [32mBuilding CXX object CMakeFiles/rclrs_example_msgs__rosidl_typesupport_c.dir/rosidl_typesupport_c/rclrs_example_msgs/msg/various_types__type_support.cpp.o[0m
[23.474s] [ 55%] [32mBuilding C object CMakeFiles/rclrs_example_msgs__rosidl_typesupport_introspection_c.dir/rosidl_typesupport_introspection_c/rclrs_example_msgs/msg/detail/various_types__type_support.c.o[0m
[24.335s] [ 57%] [32m[1mLinking CXX shared library librclrs_example_msgs__rosidl_typesupport_c.so[0m
[26.032s] [ 60%] [32m[1mLinking C shared library librclrs_example_msgs__rosidl_typesupport_introspection_c.so[0m
[26.261s] [ 60%] Built target rclrs_example_msgs__rosidl_typesupport_c
[26.626s] [ 60%] Built target rclrs_example_msgs__rosidl_typesupport_introspection_c
[27.216s] [ 62%] [32m[1mLinking CXX shared library librclrs_example_msgs__rosidl_typesupport_cpp.so[0m
[27.555s] [ 65%] [32mBuilding CXX object CMakeFiles/rclrs_example_msgs__rosidl_typesupport_introspection_cpp.dir/rosidl_typesupport_introspection_cpp/rclrs_example_msgs/msg/detail/various_types__type_support.cpp.o[0m
[27.597s] [ 65%] Built target rclrs_example_msgs__rosidl_typesupport_cpp
[27.845s] [ 67%] [32mBuilding CXX object CMakeFiles/rclrs_example_msgs__rosidl_typesupport_fastrtps_c.dir/rosidl_typesupport_fastrtps_c/rclrs_example_msgs/msg/detail/various_types__type_support_c.cpp.o[0m
[28.841s] [ 70%] [32m[1mLinking CXX shared library librclrs_example_msgs__rosidl_typesupport_fastrtps_cpp.so[0m
[29.183s] [ 70%] Built target rclrs_example_msgs__rosidl_typesupport_fastrtps_cpp
[29.345s] [ 72%] [32m[1mLinking CXX shared library librclrs_example_msgs__rosidl_typesupport_fastrtps_c.so[0m
[29.623s] [ 72%] Built target rclrs_example_msgs__rosidl_typesupport_fastrtps_c
[29.843s] [ 75%] [32m[1mLinking CXX shared library librclrs_example_msgs__rosidl_typesupport_introspection_cpp.so[0m
[30.088s] [ 75%] Built target rclrs_example_msgs__rosidl_typesupport_introspection_cpp
[30.107s] [ 75%] Built target rclrs_example_msgs
[30.126s] [ 77%] [34m[1mGenerating Python code for ROS interfaces[0m
[33.674s] [ 77%] Built target rclrs_example_msgs__py
[33.690s] [ 80%] [32mBuilding C object CMakeFiles/rclrs_example_msgs__rosidl_generator_py.dir/rosidl_generator_py/rclrs_example_msgs/msg/_nested_type_s.c.o[0m
[34.071s] [ 82%] [32mBuilding C object CMakeFiles/rclrs_example_msgs__rosidl_generator_py.dir/rosidl_generator_py/rclrs_example_msgs/msg/_various_types_s.c.o[0m
[34.690s] [ 85%] [32m[1mLinking C shared library rosidl_generator_py/rclrs_example_msgs/librclrs_example_msgs__rosidl_generator_py.so[0m
[34.721s] [ 85%] Built target rclrs_example_msgs__rosidl_generator_py
[34.737s] [ 87%] [32mBuilding C object CMakeFiles/rclrs_example_msgs__rosidl_typesupport_fastrtps_c__pyext.dir/rosidl_generator_py/rclrs_example_msgs/_rclrs_example_msgs_s.ep.rosidl_typesupport_fastrtps_c.c.o[0m
[35.071s] [ 90%] [32m[1mLinking C shared library rosidl_generator_py/rclrs_example_msgs/rclrs_example_msgs_s__rosidl_typesupport_fastrtps_c.cpython-310-x86_64-linux-gnu.so[0m
[35.161s] [ 90%] Built target rclrs_example_msgs__rosidl_typesupport_fastrtps_c__pyext
[35.177s] [ 92%] [32mBuilding C object CMakeFiles/rclrs_example_msgs__rosidl_typesupport_c__pyext.dir/rosidl_generator_py/rclrs_example_msgs/_rclrs_example_msgs_s.ep.rosidl_typesupport_c.c.o[0m
[35.539s] [ 95%] [32m[1mLinking C shared library rosidl_generator_py/rclrs_example_msgs/rclrs_example_msgs_s__rosidl_typesupport_c.cpython-310-x86_64-linux-gnu.so[0m
[35.638s] [ 95%] Built target rclrs_example_msgs__rosidl_typesupport_c__pyext
[35.655s] [ 97%] [32mBuilding C object CMakeFiles/rclrs_example_msgs__rosidl_typesupport_introspection_c__pyext.dir/rosidl_generator_py/rclrs_example_msgs/_rclrs_example_msgs_s.ep.rosidl_typesupport_introspection_c.c.o[0m
[36.081s] [100%] [32m[1mLinking C shared library rosidl_generator_py/rclrs_example_msgs/rclrs_example_msgs_s__rosidl_typesupport_introspection_c.cpython-310-x86_64-linux-gnu.so[0m
[36.193s] [100%] Built target rclrs_example_msgs__rosidl_typesupport_introspection_c__pyext
[36.295s] Invoked command in '/home/hikari/ROScribe/ros_ws/src/build/rclrs_example_msgs' returned '0': AMENT_PREFIX_PATH=/home/hikari/ROScribe/ros_ws/src/install/rosidl_default_runtime:/home/hikari/ROScribe/ros_ws/src/install/rosidl_default_generators:/home/hikari/ROScribe/ros_ws/src/install/rosidl_generator_rs:/home/hikari/ROScribe/ros_ws/src/install/rosidl_runtime_rs:${AMENT_PREFIX_PATH} CMAKE_PREFIX_PATH=/home/hikari/ROScribe/ros_ws/src/install/rosidl_default_runtime:/home/hikari/ROScribe/ros_ws/src/install/rosidl_default_generators:/home/hikari/ROScribe/ros_ws/src/install/rosidl_generator_rs:/opt/ros/humble PYTHONPATH=/home/hikari/ROScribe/ros_ws/src/install/rosidl_generator_rs/local/lib/python3.10/dist-packages:${PYTHONPATH} /usr/local/bin/cmake --build /home/hikari/ROScribe/ros_ws/src/build/rclrs_example_msgs -- -j8 -l8
[36.607s] Invoking command in '/home/hikari/ROScribe/ros_ws/src/build/rclrs_example_msgs': AMENT_PREFIX_PATH=/home/hikari/ROScribe/ros_ws/src/install/rosidl_default_runtime:/home/hikari/ROScribe/ros_ws/src/install/rosidl_default_generators:/home/hikari/ROScribe/ros_ws/src/install/rosidl_generator_rs:/home/hikari/ROScribe/ros_ws/src/install/rosidl_runtime_rs:${AMENT_PREFIX_PATH} CMAKE_PREFIX_PATH=/home/hikari/ROScribe/ros_ws/src/install/rosidl_default_runtime:/home/hikari/ROScribe/ros_ws/src/install/rosidl_default_generators:/home/hikari/ROScribe/ros_ws/src/install/rosidl_generator_rs:/opt/ros/humble PYTHONPATH=/home/hikari/ROScribe/ros_ws/src/install/rosidl_generator_rs/local/lib/python3.10/dist-packages:${PYTHONPATH} /usr/local/bin/cmake --install /home/hikari/ROScribe/ros_ws/src/build/rclrs_example_msgs
[46.655s] -- Install configuration: ""
[46.655s] -- Installing: /home/hikari/ROScribe/ros_ws/src/install/rclrs_example_msgs/share/ament_index/resource_index/rosidl_interfaces/rclrs_example_msgs
[46.655s] -- Installing: /home/hikari/ROScribe/ros_ws/src/install/rclrs_example_msgs/include/rclrs_example_msgs/rclrs_example_msgs
[46.656s] -- Installing: /home/hikari/ROScribe/ros_ws/src/install/rclrs_example_msgs/include/rclrs_example_msgs/rclrs_example_msgs/msg
[46.657s] -- Installing: /home/hikari/ROScribe/ros_ws/src/install/rclrs_example_msgs/include/rclrs_example_msgs/rclrs_example_msgs/msg/various_types.h
[46.657s] -- Installing: /home/hikari/ROScribe/ros_ws/src/install/rclrs_example_msgs/include/rclrs_example_msgs/rclrs_example_msgs/msg/nested_type.h
[46.657s] -- Installing: /home/hikari/ROScribe/ros_ws/src/install/rclrs_example_msgs/include/rclrs_example_msgs/rclrs_example_msgs/msg/rosidl_generator_c__visibility_control.h
[46.658s] -- Installing: /home/hikari/ROScribe/ros_ws/src/install/rclrs_example_msgs/include/rclrs_example_msgs/rclrs_example_msgs/msg/detail
[46.659s] -- Installing: /home/hikari/ROScribe/ros_ws/src/install/rclrs_example_msgs/include/rclrs_example_msgs/rclrs_example_msgs/msg/detail/various_types__functions.c
[46.659s] -- Installing: /home/hikari/ROScribe/ros_ws/src/install/rclrs_example_msgs/include/rclrs_example_msgs/rclrs_example_msgs/msg/detail/nested_type__functions.h
[46.660s] -- Installing: /home/hikari/ROScribe/ros_ws/src/install/rclrs_example_msgs/include/rclrs_example_msgs/rclrs_example_msgs/msg/detail/nested_type__struct.h
[46.661s] -- Installing: /home/hikari/ROScribe/ros_ws/src/install/rclrs_example_msgs/include/rclrs_example_msgs/rclrs_example_msgs/msg/detail/nested_type__type_support.h
[46.662s] -- Installing: /home/hikari/ROScribe/ros_ws/src/install/rclrs_example_msgs/include/rclrs_example_msgs/rclrs_example_msgs/msg/detail/nested_type__functions.c
[46.665s] -- Installing: /home/hikari/ROScribe/ros_ws/src/install/rclrs_example_msgs/include/rclrs_example_msgs/rclrs_example_msgs/msg/detail/various_types__type_support.h
[46.665s] -- Installing: /home/hikari/ROScribe/ros_ws/src/install/rclrs_example_msgs/include/rclrs_example_msgs/rclrs_example_msgs/msg/detail/various_types__functions.h
[46.666s] -- Installing: /home/hikari/ROScribe/ros_ws/src/install/rclrs_example_msgs/include/rclrs_example_msgs/rclrs_example_msgs/msg/detail/various_types__struct.h
[46.666s] -- Installing: /home/hikari/ROScribe/ros_ws/src/install/rclrs_example_msgs/share/rclrs_example_msgs/environment/library_path.sh
[46.668s] -- Installing: /home/hikari/ROScribe/ros_ws/src/install/rclrs_example_msgs/share/rclrs_example_msgs/environment/library_path.dsv
[46.669s] -- Installing: /home/hikari/ROScribe/ros_ws/src/install/rclrs_example_msgs/lib/librclrs_example_msgs__rosidl_generator_c.so
[46.669s] -- Set runtime path of "/home/hikari/ROScribe/ros_ws/src/install/rclrs_example_msgs/lib/librclrs_example_msgs__rosidl_generator_c.so" to ""
[46.670s] -- Up-to-date: /home/hikari/ROScribe/ros_ws/src/install/rclrs_example_msgs/include/rclrs_example_msgs/rclrs_example_msgs
[46.670s] -- Up-to-date: /home/hikari/ROScribe/ros_ws/src/install/rclrs_example_msgs/include/rclrs_example_msgs/rclrs_example_msgs/msg
[46.671s] -- Installing: /home/hikari/ROScribe/ros_ws/src/install/rclrs_example_msgs/include/rclrs_example_msgs/rclrs_example_msgs/msg/rosidl_typesupport_fastrtps_c__visibility_control.h
[46.671s] -- Up-to-date: /home/hikari/ROScribe/ros_ws/src/install/rclrs_example_msgs/include/rclrs_example_msgs/rclrs_example_msgs/msg/detail
[46.672s] -- Installing: /home/hikari/ROScribe/ros_ws/src/install/rclrs_example_msgs/include/rclrs_example_msgs/rclrs_example_msgs/msg/detail/nested_type__rosidl_typesupport_fastrtps_c.h
[46.672s] -- Installing: /home/hikari/ROScribe/ros_ws/src/install/rclrs_example_msgs/include/rclrs_example_msgs/rclrs_example_msgs/msg/detail/various_types__rosidl_typesupport_fastrtps_c.h
[46.673s] -- Installing: /home/hikari/ROScribe/ros_ws/src/install/rclrs_example_msgs/lib/librclrs_example_msgs__rosidl_typesupport_fastrtps_c.so
[46.673s] -- Set runtime path of "/home/hikari/ROScribe/ros_ws/src/install/rclrs_example_msgs/lib/librclrs_example_msgs__rosidl_typesupport_fastrtps_c.so" to ""
[46.673s] -- Up-to-date: /home/hikari/ROScribe/ros_ws/src/install/rclrs_example_msgs/include/rclrs_example_msgs/rclrs_example_msgs
[46.674s] -- Up-to-date: /home/hikari/ROScribe/ros_ws/src/install/rclrs_example_msgs/include/rclrs_example_msgs/rclrs_example_msgs/msg
[46.674s] -- Installing: /home/hikari/ROScribe/ros_ws/src/install/rclrs_example_msgs/include/rclrs_example_msgs/rclrs_example_msgs/msg/rosidl_typesupport_introspection_c__visibility_control.h
[46.675s] -- Up-to-date: /home/hikari/ROScribe/ros_ws/src/install/rclrs_example_msgs/include/rclrs_example_msgs/rclrs_example_msgs/msg/detail
[46.675s] -- Installing: /home/hikari/ROScribe/ros_ws/src/install/rclrs_example_msgs/include/rclrs_example_msgs/rclrs_example_msgs/msg/detail/various_types__rosidl_typesupport_introspection_c.h
[46.675s] -- Installing: /home/hikari/ROScribe/ros_ws/src/install/rclrs_example_msgs/include/rclrs_example_msgs/rclrs_example_msgs/msg/detail/nested_type__type_support.c
[46.676s] -- Installing: /home/hikari/ROScribe/ros_ws/src/install/rclrs_example_msgs/include/rclrs_example_msgs/rclrs_example_msgs/msg/detail/various_types__type_support.c
[46.676s] -- Installing: /home/hikari/ROScribe/ros_ws/src/install/rclrs_example_msgs/include/rclrs_example_msgs/rclrs_example_msgs/msg/detail/nested_type__rosidl_typesupport_introspection_c.h
[46.677s] -- Installing: /home/hikari/ROScribe/ros_ws/src/install/rclrs_example_msgs/lib/librclrs_example_msgs__rosidl_typesupport_introspection_c.so
[46.677s] -- Set runtime path of "/home/hikari/ROScribe/ros_ws/src/install/rclrs_example_msgs/lib/librclrs_example_msgs__rosidl_typesupport_introspection_c.so" to ""
[46.678s] -- Installing: /home/hikari/ROScribe/ros_ws/src/install/rclrs_example_msgs/lib/librclrs_example_msgs__rosidl_typesupport_c.so
[46.678s] -- Set runtime path of "/home/hikari/ROScribe/ros_ws/src/install/rclrs_example_msgs/lib/librclrs_example_msgs__rosidl_typesupport_c.so" to ""
[46.678s] -- Up-to-date: /home/hikari/ROScribe/ros_ws/src/install/rclrs_example_msgs/include/rclrs_example_msgs/rclrs_example_msgs
[46.681s] -- Up-to-date: /home/hikari/ROScribe/ros_ws/src/install/rclrs_example_msgs/include/rclrs_example_msgs/rclrs_example_msgs/msg
[46.682s] -- Installing: /home/hikari/ROScribe/ros_ws/src/install/rclrs_example_msgs/include/rclrs_example_msgs/rclrs_example_msgs/msg/nested_type.hpp
[46.683s] -- Installing: /home/hikari/ROScribe/ros_ws/src/install/rclrs_example_msgs/include/rclrs_example_msgs/rclrs_example_msgs/msg/various_types.hpp
[46.683s] -- Up-to-date: /home/hikari/ROScribe/ros_ws/src/install/rclrs_example_msgs/include/rclrs_example_msgs/rclrs_example_msgs/msg/detail
[46.684s] -- Installing: /home/hikari/ROScribe/ros_ws/src/install/rclrs_example_msgs/include/rclrs_example_msgs/rclrs_example_msgs/msg/detail/various_types__traits.hpp
[46.684s] -- Installing: /home/hikari/ROScribe/ros_ws/src/install/rclrs_example_msgs/include/rclrs_example_msgs/rclrs_example_msgs/msg/detail/various_types__struct.hpp
[46.684s] -- Installing: /home/hikari/ROScribe/ros_ws/src/install/rclrs_example_msgs/include/rclrs_example_msgs/rclrs_example_msgs/msg/detail/nested_type__builder.hpp
[46.685s] -- Installing: /home/hikari/ROScribe/ros_ws/src/install/rclrs_example_msgs/include/rclrs_example_msgs/rclrs_example_msgs/msg/detail/nested_type__struct.hpp
[46.685s] -- Installing: /home/hikari/ROScribe/ros_ws/src/install/rclrs_example_msgs/include/rclrs_example_msgs/rclrs_example_msgs/msg/detail/nested_type__traits.hpp
[46.686s] -- Installing: /home/hikari/ROScribe/ros_ws/src/install/rclrs_example_msgs/include/rclrs_example_msgs/rclrs_example_msgs/msg/detail/various_types__builder.hpp
[46.688s] -- Up-to-date: /home/hikari/ROScribe/ros_ws/src/install/rclrs_example_msgs/include/rclrs_example_msgs/rclrs_example_msgs
[46.691s] -- Up-to-date: /home/hikari/ROScribe/ros_ws/src/install/rclrs_example_msgs/include/rclrs_example_msgs/rclrs_example_msgs/msg
[46.691s] -- Installing: /home/hikari/ROScribe/ros_ws/src/install/rclrs_example_msgs/include/rclrs_example_msgs/rclrs_example_msgs/msg/rosidl_typesupport_fastrtps_cpp__visibility_control.h
[46.691s] -- Up-to-date: /home/hikari/ROScribe/ros_ws/src/install/rclrs_example_msgs/include/rclrs_example_msgs/rclrs_example_msgs/msg/detail
[46.692s] -- Installing: /home/hikari/ROScribe/ros_ws/src/install/rclrs_example_msgs/include/rclrs_example_msgs/rclrs_example_msgs/msg/detail/various_types__rosidl_typesupport_fastrtps_cpp.hpp
[46.692s] -- Installing: /home/hikari/ROScribe/ros_ws/src/install/rclrs_example_msgs/include/rclrs_example_msgs/rclrs_example_msgs/msg/detail/nested_type__rosidl_typesupport_fastrtps_cpp.hpp
[46.692s] -- Installing: /home/hikari/ROScribe/ros_ws/src/install/rclrs_example_msgs/include/rclrs_example_msgs/rclrs_example_msgs/msg/detail/dds_fastrtps
[46.693s] -- Installing: /home/hikari/ROScribe/ros_ws/src/install/rclrs_example_msgs/lib/librclrs_example_msgs__rosidl_typesupport_fastrtps_cpp.so
[46.693s] -- Set runtime path of "/home/hikari/ROScribe/ros_ws/src/install/rclrs_example_msgs/lib/librclrs_example_msgs__rosidl_typesupport_fastrtps_cpp.so" to ""
[46.694s] -- Up-to-date: /home/hikari/ROScribe/ros_ws/src/install/rclrs_example_msgs/include/rclrs_example_msgs/rclrs_example_msgs
[46.694s] -- Up-to-date: /home/hikari/ROScribe/ros_ws/src/install/rclrs_example_msgs/include/rclrs_example_msgs/rclrs_example_msgs/msg
[46.694s] -- Up-to-date: /home/hikari/ROScribe/ros_ws/src/install/rclrs_example_msgs/include/rclrs_example_msgs/rclrs_example_msgs/msg/detail
[46.694s] -- Installing: /home/hikari/ROScribe/ros_ws/src/install/rclrs_example_msgs/include/rclrs_example_msgs/rclrs_example_msgs/msg/detail/various_types__type_support.cpp
[46.695s] -- Installing: /home/hikari/ROScribe/ros_ws/src/install/rclrs_example_msgs/include/rclrs_example_msgs/rclrs_example_msgs/msg/detail/nested_type__rosidl_typesupport_introspection_cpp.hpp
[46.695s] -- Installing: /home/hikari/ROScribe/ros_ws/src/install/rclrs_example_msgs/include/rclrs_example_msgs/rclrs_example_msgs/msg/detail/nested_type__type_support.cpp
[46.695s] -- Installing: /home/hikari/ROScribe/ros_ws/src/install/rclrs_example_msgs/include/rclrs_example_msgs/rclrs_example_msgs/msg/detail/various_types__rosidl_typesupport_introspection_cpp.hpp
[46.696s] -- Installing: /home/hikari/ROScribe/ros_ws/src/install/rclrs_example_msgs/lib/librclrs_example_msgs__rosidl_typesupport_introspection_cpp.so
[46.696s] -- Set runtime path of "/home/hikari/ROScribe/ros_ws/src/install/rclrs_example_msgs/lib/librclrs_example_msgs__rosidl_typesupport_introspection_cpp.so" to ""
[46.696s] -- Installing: /home/hikari/ROScribe/ros_ws/src/install/rclrs_example_msgs/lib/librclrs_example_msgs__rosidl_typesupport_cpp.so
[46.697s] -- Set runtime path of "/home/hikari/ROScribe/ros_ws/src/install/rclrs_example_msgs/lib/librclrs_example_msgs__rosidl_typesupport_cpp.so" to ""
[46.697s] -- Installing: /home/hikari/ROScribe/ros_ws/src/install/rclrs_example_msgs/share/ament_index/resource_index/rust_packages/rclrs_example_msgs
[46.697s] -- Installing: /home/hikari/ROScribe/ros_ws/src/install/rclrs_example_msgs/share/rclrs_example_msgs/rust
[46.698s] -- Installing: /home/hikari/ROScribe/ros_ws/src/install/rclrs_example_msgs/share/rclrs_example_msgs/rust/src
[46.698s] -- Installing: /home/hikari/ROScribe/ros_ws/src/install/rclrs_example_msgs/share/rclrs_example_msgs/rust/src/msg.rs
[46.698s] -- Installing: /home/hikari/ROScribe/ros_ws/src/install/rclrs_example_msgs/share/rclrs_example_msgs/rust/src/lib.rs
[46.699s] -- Installing: /home/hikari/ROScribe/ros_ws/src/install/rclrs_example_msgs/share/rclrs_example_msgs/rust/Cargo.toml
[46.700s] -- Installing: /home/hikari/ROScribe/ros_ws/src/install/rclrs_example_msgs/share/rclrs_example_msgs/rust/build.rs
[46.700s] -- Up-to-date: /home/hikari/ROScribe/ros_ws/src/install/rclrs_example_msgs/share/rclrs_example_msgs/rust
[46.700s] -- Up-to-date: /home/hikari/ROScribe/ros_ws/src/install/rclrs_example_msgs/share/rclrs_example_msgs/rust/src
[46.702s] -- Up-to-date: /home/hikari/ROScribe/ros_ws/src/install/rclrs_example_msgs/share/rclrs_example_msgs/rust/src/msg.rs
[46.702s] -- Up-to-date: /home/hikari/ROScribe/ros_ws/src/install/rclrs_example_msgs/share/rclrs_example_msgs/rust/src/lib.rs
[46.703s] -- Up-to-date: /home/hikari/ROScribe/ros_ws/src/install/rclrs_example_msgs/share/rclrs_example_msgs/rust/Cargo.toml
[46.703s] -- Up-to-date: /home/hikari/ROScribe/ros_ws/src/install/rclrs_example_msgs/share/rclrs_example_msgs/rust/build.rs
[46.704s] -- Up-to-date: /home/hikari/ROScribe/ros_ws/src/install/rclrs_example_msgs/share/rclrs_example_msgs/rust
[46.707s] -- Up-to-date: /home/hikari/ROScribe/ros_ws/src/install/rclrs_example_msgs/share/rclrs_example_msgs/rust/src
[46.711s] -- Up-to-date: /home/hikari/ROScribe/ros_ws/src/install/rclrs_example_msgs/share/rclrs_example_msgs/rust/src/msg.rs
[46.711s] -- Up-to-date: /home/hikari/ROScribe/ros_ws/src/install/rclrs_example_msgs/share/rclrs_example_msgs/rust/src/lib.rs
[46.712s] -- Up-to-date: /home/hikari/ROScribe/ros_ws/src/install/rclrs_example_msgs/share/rclrs_example_msgs/rust/Cargo.toml
[46.712s] -- Up-to-date: /home/hikari/ROScribe/ros_ws/src/install/rclrs_example_msgs/share/rclrs_example_msgs/rust/build.rs
[46.713s] -- Installing: /home/hikari/ROScribe/ros_ws/src/install/rclrs_example_msgs/share/rclrs_example_msgs/environment/pythonpath.sh
[46.713s] -- Installing: /home/hikari/ROScribe/ros_ws/src/install/rclrs_example_msgs/share/rclrs_example_msgs/environment/pythonpath.dsv
[46.713s] -- Installing: /home/hikari/ROScribe/ros_ws/src/install/rclrs_example_msgs/local/lib/python3.10/dist-packages/rclrs_example_msgs-0.3.1-py3.10.egg-info
[46.714s] -- Installing: /home/hikari/ROScribe/ros_ws/src/install/rclrs_example_msgs/local/lib/python3.10/dist-packages/rclrs_example_msgs-0.3.1-py3.10.egg-info/top_level.txt
[46.714s] -- Installing: /home/hikari/ROScribe/ros_ws/src/install/rclrs_example_msgs/local/lib/python3.10/dist-packages/rclrs_example_msgs-0.3.1-py3.10.egg-info/dependency_links.txt
[46.714s] -- Installing: /home/hikari/ROScribe/ros_ws/src/install/rclrs_example_msgs/local/lib/python3.10/dist-packages/rclrs_example_msgs-0.3.1-py3.10.egg-info/SOURCES.txt
[46.715s] -- Installing: /home/hikari/ROScribe/ros_ws/src/install/rclrs_example_msgs/local/lib/python3.10/dist-packages/rclrs_example_msgs-0.3.1-py3.10.egg-info/PKG-INFO
[46.715s] -- Installing: /home/hikari/ROScribe/ros_ws/src/install/rclrs_example_msgs/local/lib/python3.10/dist-packages/rclrs_example_msgs
[46.715s] -- Installing: /home/hikari/ROScribe/ros_ws/src/install/rclrs_example_msgs/local/lib/python3.10/dist-packages/rclrs_example_msgs/rclrs_example_msgs_s__rosidl_typesupport_introspection_c.cpython-310-x86_64-linux-gnu.so
[46.715s] -- Installing: /home/hikari/ROScribe/ros_ws/src/install/rclrs_example_msgs/local/lib/python3.10/dist-packages/rclrs_example_msgs/rclrs_example_msgs_s__rosidl_typesupport_fastrtps_c.cpython-310-x86_64-linux-gnu.so
[46.716s] -- Installing: /home/hikari/ROScribe/ros_ws/src/install/rclrs_example_msgs/local/lib/python3.10/dist-packages/rclrs_example_msgs/rclrs_example_msgs_s__rosidl_typesupport_c.cpython-310-x86_64-linux-gnu.so
[46.716s] -- Installing: /home/hikari/ROScribe/ros_ws/src/install/rclrs_example_msgs/local/lib/python3.10/dist-packages/rclrs_example_msgs/librclrs_example_msgs__rosidl_generator_py.so
[46.717s] -- Installing: /home/hikari/ROScribe/ros_ws/src/install/rclrs_example_msgs/local/lib/python3.10/dist-packages/rclrs_example_msgs/msg
[46.718s] -- Installing: /home/hikari/ROScribe/ros_ws/src/install/rclrs_example_msgs/local/lib/python3.10/dist-packages/rclrs_example_msgs/msg/_nested_type.py
[46.718s] -- Installing: /home/hikari/ROScribe/ros_ws/src/install/rclrs_example_msgs/local/lib/python3.10/dist-packages/rclrs_example_msgs/msg/_various_types.py
[46.720s] -- Installing: /home/hikari/ROScribe/ros_ws/src/install/rclrs_example_msgs/local/lib/python3.10/dist-packages/rclrs_example_msgs/msg/_various_types_s.c
[46.720s] -- Installing: /home/hikari/ROScribe/ros_ws/src/install/rclrs_example_msgs/local/lib/python3.10/dist-packages/rclrs_example_msgs/msg/__init__.py
[46.722s] -- Installing: /home/hikari/ROScribe/ros_ws/src/install/rclrs_example_msgs/local/lib/python3.10/dist-packages/rclrs_example_msgs/msg/_nested_type_s.c
[46.723s] -- Installing: /home/hikari/ROScribe/ros_ws/src/install/rclrs_example_msgs/local/lib/python3.10/dist-packages/rclrs_example_msgs/_rclrs_example_msgs_s.ep.rosidl_typesupport_fastrtps_c.c
[46.725s] -- Installing: /home/hikari/ROScribe/ros_ws/src/install/rclrs_example_msgs/local/lib/python3.10/dist-packages/rclrs_example_msgs/_rclrs_example_msgs_s.ep.rosidl_typesupport_introspection_c.c
[46.726s] -- Installing: /home/hikari/ROScribe/ros_ws/src/install/rclrs_example_msgs/local/lib/python3.10/dist-packages/rclrs_example_msgs/_rclrs_example_msgs_s.ep.rosidl_typesupport_c.c
[46.727s] -- Installing: /home/hikari/ROScribe/ros_ws/src/install/rclrs_example_msgs/local/lib/python3.10/dist-packages/rclrs_example_msgs/__init__.py
[46.729s] Listing '/home/hikari/ROScribe/ros_ws/src/install/rclrs_example_msgs/local/lib/python3.10/dist-packages/rclrs_example_msgs'...
[46.730s] Compiling '/home/hikari/ROScribe/ros_ws/src/install/rclrs_example_msgs/local/lib/python3.10/dist-packages/rclrs_example_msgs/__init__.py'...
[46.731s] Listing '/home/hikari/ROScribe/ros_ws/src/install/rclrs_example_msgs/local/lib/python3.10/dist-packages/rclrs_example_msgs/msg'...
[46.731s] Compiling '/home/hikari/ROScribe/ros_ws/src/install/rclrs_example_msgs/local/lib/python3.10/dist-packages/rclrs_example_msgs/msg/__init__.py'...
[46.732s] Compiling '/home/hikari/ROScribe/ros_ws/src/install/rclrs_example_msgs/local/lib/python3.10/dist-packages/rclrs_example_msgs/msg/_nested_type.py'...
[46.732s] Compiling '/home/hikari/ROScribe/ros_ws/src/install/rclrs_example_msgs/local/lib/python3.10/dist-packages/rclrs_example_msgs/msg/_various_types.py'...
[46.732s] -- Installing: /home/hikari/ROScribe/ros_ws/src/install/rclrs_example_msgs/local/lib/python3.10/dist-packages/rclrs_example_msgs/rclrs_example_msgs_s__rosidl_typesupport_fastrtps_c.cpython-310-x86_64-linux-gnu.so
[46.734s] -- Set runtime path of "/home/hikari/ROScribe/ros_ws/src/install/rclrs_example_msgs/local/lib/python3.10/dist-packages/rclrs_example_msgs/rclrs_example_msgs_s__rosidl_typesupport_fastrtps_c.cpython-310-x86_64-linux-gnu.so" to ""
[46.735s] -- Installing: /home/hikari/ROScribe/ros_ws/src/install/rclrs_example_msgs/local/lib/python3.10/dist-packages/rclrs_example_msgs/rclrs_example_msgs_s__rosidl_typesupport_introspection_c.cpython-310-x86_64-linux-gnu.so
[46.735s] -- Set runtime path of "/home/hikari/ROScribe/ros_ws/src/install/rclrs_example_msgs/local/lib/python3.10/dist-packages/rclrs_example_msgs/rclrs_example_msgs_s__rosidl_typesupport_introspection_c.cpython-310-x86_64-linux-gnu.so" to ""
[46.739s] -- Installing: /home/hikari/ROScribe/ros_ws/src/install/rclrs_example_msgs/local/lib/python3.10/dist-packages/rclrs_example_msgs/rclrs_example_msgs_s__rosidl_typesupport_c.cpython-310-x86_64-linux-gnu.so
[46.739s] -- Set runtime path of "/home/hikari/ROScribe/ros_ws/src/install/rclrs_example_msgs/local/lib/python3.10/dist-packages/rclrs_example_msgs/rclrs_example_msgs_s__rosidl_typesupport_c.cpython-310-x86_64-linux-gnu.so" to ""
[46.740s] -- Installing: /home/hikari/ROScribe/ros_ws/src/install/rclrs_example_msgs/lib/librclrs_example_msgs__rosidl_generator_py.so
[46.740s] -- Set runtime path of "/home/hikari/ROScribe/ros_ws/src/install/rclrs_example_msgs/lib/librclrs_example_msgs__rosidl_generator_py.so" to ""
[46.741s] -- Installing: /home/hikari/ROScribe/ros_ws/src/install/rclrs_example_msgs/share/rclrs_example_msgs/msg/NestedType.idl
[46.741s] -- Installing: /home/hikari/ROScribe/ros_ws/src/install/rclrs_example_msgs/share/rclrs_example_msgs/msg/VariousTypes.idl
[46.743s] -- Installing: /home/hikari/ROScribe/ros_ws/src/install/rclrs_example_msgs/share/rclrs_example_msgs/msg/NestedType.msg
[46.745s] -- Installing: /home/hikari/ROScribe/ros_ws/src/install/rclrs_example_msgs/share/rclrs_example_msgs/msg/VariousTypes.msg
[46.756s] -- Installing: /home/hikari/ROScribe/ros_ws/src/install/rclrs_example_msgs/share/ament_index/resource_index/package_run_dependencies/rclrs_example_msgs
[46.760s] -- Installing: /home/hikari/ROScribe/ros_ws/src/install/rclrs_example_msgs/share/ament_index/resource_index/parent_prefix_path/rclrs_example_msgs
[46.760s] -- Installing: /home/hikari/ROScribe/ros_ws/src/install/rclrs_example_msgs/share/rclrs_example_msgs/environment/ament_prefix_path.sh
[46.760s] -- Installing: /home/hikari/ROScribe/ros_ws/src/install/rclrs_example_msgs/share/rclrs_example_msgs/environment/ament_prefix_path.dsv
[46.760s] -- Installing: /home/hikari/ROScribe/ros_ws/src/install/rclrs_example_msgs/share/rclrs_example_msgs/environment/path.sh
[46.761s] -- Installing: /home/hikari/ROScribe/ros_ws/src/install/rclrs_example_msgs/share/rclrs_example_msgs/environment/path.dsv
[46.762s] -- Installing: /home/hikari/ROScribe/ros_ws/src/install/rclrs_example_msgs/share/rclrs_example_msgs/local_setup.bash
[46.762s] -- Installing: /home/hikari/ROScribe/ros_ws/src/install/rclrs_example_msgs/share/rclrs_example_msgs/local_setup.sh
[46.762s] -- Installing: /home/hikari/ROScribe/ros_ws/src/install/rclrs_example_msgs/share/rclrs_example_msgs/local_setup.zsh
[46.764s] -- Installing: /home/hikari/ROScribe/ros_ws/src/install/rclrs_example_msgs/share/rclrs_example_msgs/local_setup.dsv
[46.764s] -- Installing: /home/hikari/ROScribe/ros_ws/src/install/rclrs_example_msgs/share/rclrs_example_msgs/package.dsv
[46.765s] -- Installing: /home/hikari/ROScribe/ros_ws/src/install/rclrs_example_msgs/share/ament_index/resource_index/packages/rclrs_example_msgs
[46.765s] -- Installing: /home/hikari/ROScribe/ros_ws/src/install/rclrs_example_msgs/share/rclrs_example_msgs/cmake/export_rclrs_example_msgs__rosidl_generator_cExport.cmake
[46.765s] -- Installing: /home/hikari/ROScribe/ros_ws/src/install/rclrs_example_msgs/share/rclrs_example_msgs/cmake/export_rclrs_example_msgs__rosidl_generator_cExport-noconfig.cmake
[46.766s] -- Installing: /home/hikari/ROScribe/ros_ws/src/install/rclrs_example_msgs/share/rclrs_example_msgs/cmake/export_rclrs_example_msgs__rosidl_typesupport_fastrtps_cExport.cmake
[46.766s] -- Installing: /home/hikari/ROScribe/ros_ws/src/install/rclrs_example_msgs/share/rclrs_example_msgs/cmake/export_rclrs_example_msgs__rosidl_typesupport_fastrtps_cExport-noconfig.cmake
[46.766s] -- Installing: /home/hikari/ROScribe/ros_ws/src/install/rclrs_example_msgs/share/rclrs_example_msgs/cmake/rclrs_example_msgs__rosidl_typesupport_introspection_cExport.cmake
[46.766s] -- Installing: /home/hikari/ROScribe/ros_ws/src/install/rclrs_example_msgs/share/rclrs_example_msgs/cmake/rclrs_example_msgs__rosidl_typesupport_introspection_cExport-noconfig.cmake
[46.767s] -- Installing: /home/hikari/ROScribe/ros_ws/src/install/rclrs_example_msgs/share/rclrs_example_msgs/cmake/rclrs_example_msgs__rosidl_typesupport_cExport.cmake
[46.767s] -- Installing: /home/hikari/ROScribe/ros_ws/src/install/rclrs_example_msgs/share/rclrs_example_msgs/cmake/rclrs_example_msgs__rosidl_typesupport_cExport-noconfig.cmake
[46.767s] -- Installing: /home/hikari/ROScribe/ros_ws/src/install/rclrs_example_msgs/share/rclrs_example_msgs/cmake/export_rclrs_example_msgs__rosidl_generator_cppExport.cmake
[46.767s] -- Installing: /home/hikari/ROScribe/ros_ws/src/install/rclrs_example_msgs/share/rclrs_example_msgs/cmake/export_rclrs_example_msgs__rosidl_typesupport_fastrtps_cppExport.cmake
[46.767s] -- Installing: /home/hikari/ROScribe/ros_ws/src/install/rclrs_example_msgs/share/rclrs_example_msgs/cmake/export_rclrs_example_msgs__rosidl_typesupport_fastrtps_cppExport-noconfig.cmake
[46.767s] -- Installing: /home/hikari/ROScribe/ros_ws/src/install/rclrs_example_msgs/share/rclrs_example_msgs/cmake/rclrs_example_msgs__rosidl_typesupport_introspection_cppExport.cmake
[46.768s] -- Installing: /home/hikari/ROScribe/ros_ws/src/install/rclrs_example_msgs/share/rclrs_example_msgs/cmake/rclrs_example_msgs__rosidl_typesupport_introspection_cppExport-noconfig.cmake
[46.768s] -- Installing: /home/hikari/ROScribe/ros_ws/src/install/rclrs_example_msgs/share/rclrs_example_msgs/cmake/rclrs_example_msgs__rosidl_typesupport_cppExport.cmake
[46.768s] -- Installing: /home/hikari/ROScribe/ros_ws/src/install/rclrs_example_msgs/share/rclrs_example_msgs/cmake/rclrs_example_msgs__rosidl_typesupport_cppExport-noconfig.cmake
[46.768s] -- Installing: /home/hikari/ROScribe/ros_ws/src/install/rclrs_example_msgs/share/rclrs_example_msgs/cmake/export_rclrs_example_msgs__rosidl_generator_pyExport.cmake
[46.769s] -- Installing: /home/hikari/ROScribe/ros_ws/src/install/rclrs_example_msgs/share/rclrs_example_msgs/cmake/export_rclrs_example_msgs__rosidl_generator_pyExport-noconfig.cmake
[46.769s] -- Installing: /home/hikari/ROScribe/ros_ws/src/install/rclrs_example_msgs/share/rclrs_example_msgs/cmake/rosidl_cmake-extras.cmake
[46.771s] -- Installing: /home/hikari/ROScribe/ros_ws/src/install/rclrs_example_msgs/share/rclrs_example_msgs/cmake/ament_cmake_export_include_directories-extras.cmake
[46.771s] -- Installing: /home/hikari/ROScribe/ros_ws/src/install/rclrs_example_msgs/share/rclrs_example_msgs/cmake/ament_cmake_export_libraries-extras.cmake
[46.772s] -- Installing: /home/hikari/ROScribe/ros_ws/src/install/rclrs_example_msgs/share/rclrs_example_msgs/cmake/ament_cmake_export_targets-extras.cmake
[46.776s] -- Installing: /home/hikari/ROScribe/ros_ws/src/install/rclrs_example_msgs/share/rclrs_example_msgs/cmake/rosidl_cmake_export_typesupport_targets-extras.cmake
[46.776s] -- Installing: /home/hikari/ROScribe/ros_ws/src/install/rclrs_example_msgs/share/rclrs_example_msgs/cmake/ament_cmake_export_dependencies-extras.cmake
[46.776s] -- Installing: /home/hikari/ROScribe/ros_ws/src/install/rclrs_example_msgs/share/rclrs_example_msgs/cmake/rosidl_cmake_export_typesupport_libraries-extras.cmake
[46.777s] -- Installing: /home/hikari/ROScribe/ros_ws/src/install/rclrs_example_msgs/share/rclrs_example_msgs/cmake/rclrs_example_msgsConfig.cmake
[46.777s] -- Installing: /home/hikari/ROScribe/ros_ws/src/install/rclrs_example_msgs/share/rclrs_example_msgs/cmake/rclrs_example_msgsConfig-version.cmake
[46.777s] -- Installing: /home/hikari/ROScribe/ros_ws/src/install/rclrs_example_msgs/share/rclrs_example_msgs/package.xml
[47.227s] Invoked command in '/home/hikari/ROScribe/ros_ws/src/build/rclrs_example_msgs' returned '0': AMENT_PREFIX_PATH=/home/hikari/ROScribe/ros_ws/src/install/rosidl_default_runtime:/home/hikari/ROScribe/ros_ws/src/install/rosidl_default_generators:/home/hikari/ROScribe/ros_ws/src/install/rosidl_generator_rs:/home/hikari/ROScribe/ros_ws/src/install/rosidl_runtime_rs:${AMENT_PREFIX_PATH} CMAKE_PREFIX_PATH=/home/hikari/ROScribe/ros_ws/src/install/rosidl_default_runtime:/home/hikari/ROScribe/ros_ws/src/install/rosidl_default_generators:/home/hikari/ROScribe/ros_ws/src/install/rosidl_generator_rs:/opt/ros/humble PYTHONPATH=/home/hikari/ROScribe/ros_ws/src/install/rosidl_generator_rs/local/lib/python3.10/dist-packages:${PYTHONPATH} /usr/local/bin/cmake --install /home/hikari/ROScribe/ros_ws/src/build/rclrs_example_msgs
