/home/hikari/ROScribe/ros_ws/src/install/can_bridge/lib/python3.10/site-packages/can_bridge/parameter_tuner.py
/home/hikari/ROScribe/ros_ws/src/install/can_bridge/lib/python3.10/site-packages/can_bridge/ros2can_bridge.py
/home/hikari/ROScribe/ros_ws/src/install/can_bridge/lib/python3.10/site-packages/can_bridge/analog_input_topic.py
/home/hikari/ROScribe/ros_ws/src/install/can_bridge/lib/python3.10/site-packages/can_bridge/pid_controller.py
/home/hikari/ROScribe/ros_ws/src/install/can_bridge/lib/python3.10/site-packages/can_bridge/motor_control_topic.py
/home/hikari/ROScribe/ros_ws/src/install/can_bridge/lib/python3.10/site-packages/can_bridge/__init__.py
/home/hikari/ROScribe/ros_ws/src/install/can_bridge/lib/python3.10/site-packages/can_bridge/__pycache__/parameter_tuner.cpython-310.pyc
/home/hikari/ROScribe/ros_ws/src/install/can_bridge/lib/python3.10/site-packages/can_bridge/__pycache__/ros2can_bridge.cpython-310.pyc
/home/hikari/ROScribe/ros_ws/src/install/can_bridge/lib/python3.10/site-packages/can_bridge/__pycache__/analog_input_topic.cpython-310.pyc
/home/hikari/ROScribe/ros_ws/src/install/can_bridge/lib/python3.10/site-packages/can_bridge/__pycache__/pid_controller.cpython-310.pyc
/home/hikari/ROScribe/ros_ws/src/install/can_bridge/lib/python3.10/site-packages/can_bridge/__pycache__/motor_control_topic.cpython-310.pyc
/home/hikari/ROScribe/ros_ws/src/install/can_bridge/lib/python3.10/site-packages/can_bridge/__pycache__/__init__.cpython-310.pyc
/home/hikari/ROScribe/ros_ws/src/install/can_bridge/share/ament_index/resource_index/packages/can_bridge
/home/hikari/ROScribe/ros_ws/src/install/can_bridge/share/can_bridge/package.xml
/home/hikari/ROScribe/ros_ws/src/install/can_bridge/lib/python3.10/site-packages/can_bridge-0.1.0-py3.10.egg-info/top_level.txt
/home/hikari/ROScribe/ros_ws/src/install/can_bridge/lib/python3.10/site-packages/can_bridge-0.1.0-py3.10.egg-info/dependency_links.txt
/home/hikari/ROScribe/ros_ws/src/install/can_bridge/lib/python3.10/site-packages/can_bridge-0.1.0-py3.10.egg-info/entry_points.txt
/home/hikari/ROScribe/ros_ws/src/install/can_bridge/lib/python3.10/site-packages/can_bridge-0.1.0-py3.10.egg-info/SOURCES.txt
/home/hikari/ROScribe/ros_ws/src/install/can_bridge/lib/python3.10/site-packages/can_bridge-0.1.0-py3.10.egg-info/requires.txt
/home/hikari/ROScribe/ros_ws/src/install/can_bridge/lib/python3.10/site-packages/can_bridge-0.1.0-py3.10.egg-info/PKG-INFO
/home/hikari/ROScribe/ros_ws/src/install/can_bridge/lib/python3.10/site-packages/can_bridge-0.1.0-py3.10.egg-info/zip-safe
/home/hikari/ROScribe/ros_ws/src/install/can_bridge/lib/can_bridge/analog_input_topic
/home/hikari/ROScribe/ros_ws/src/install/can_bridge/lib/can_bridge/motor_control_topic
/home/hikari/ROScribe/ros_ws/src/install/can_bridge/lib/can_bridge/parameter_tuner
/home/hikari/ROScribe/ros_ws/src/install/can_bridge/lib/can_bridge/pid_controller
/home/hikari/ROScribe/ros_ws/src/install/can_bridge/lib/can_bridge/ros2can_bridge
