[0.117s] Invoking command in '/home/hikari/ROScribe/ros_ws/src/build/rosidl_default_generators': AMENT_PREFIX_PATH=/home/hikari/ROScribe/ros_ws/src/install/rosidl_generator_rs:/home/hikari/ROScribe/ros_ws/src/install/rosidl_runtime_rs:${AMENT_PREFIX_PATH} CMAKE_PREFIX_PATH=/home/hikari/ROScribe/ros_ws/src/install/rosidl_generator_rs:/opt/ros/humble PYTHONPATH=/home/hikari/ROScribe/ros_ws/src/install/rosidl_generator_rs/local/lib/python3.10/dist-packages:${PYTHONPATH} /usr/local/bin/cmake /home/hikari/ROScribe/ros_ws/src/ros2/rosidl_defaults/rosidl_default_generators -DCMAKE_INSTALL_PREFIX=/home/hikari/ROScribe/ros_ws/src/install/rosidl_default_generators
[0.163s] -- Found ament_cmake: 1.3.5 (/opt/ros/humble/share/ament_cmake/cmake)
[1.559s] -- Found Python3: /usr/bin/python3.10 (found version "3.10.12") found components: Interpreter 
[1.646s] -- Found ament_lint_auto: 0.12.8 (/opt/ros/humble/share/ament_lint_auto/cmake)
[1.746s] -- Added test 'copyright' to check source files copyright and LICENSE
[1.747s] -- Added test 'lint_cmake' to check CMake code style
[1.748s] -- Added test 'xmllint' to check XML markup files
[1.751s] -- Configuring done
[1.756s] -- Generating done
[1.757s] -- Build files have been written to: /home/hikari/ROScribe/ros_ws/src/build/rosidl_default_generators
[1.766s] Invoked command in '/home/hikari/ROScribe/ros_ws/src/build/rosidl_default_generators' returned '0': AMENT_PREFIX_PATH=/home/hikari/ROScribe/ros_ws/src/install/rosidl_generator_rs:/home/hikari/ROScribe/ros_ws/src/install/rosidl_runtime_rs:${AMENT_PREFIX_PATH} CMAKE_PREFIX_PATH=/home/hikari/ROScribe/ros_ws/src/install/rosidl_generator_rs:/opt/ros/humble PYTHONPATH=/home/hikari/ROScribe/ros_ws/src/install/rosidl_generator_rs/local/lib/python3.10/dist-packages:${PYTHONPATH} /usr/local/bin/cmake /home/hikari/ROScribe/ros_ws/src/ros2/rosidl_defaults/rosidl_default_generators -DCMAKE_INSTALL_PREFIX=/home/hikari/ROScribe/ros_ws/src/install/rosidl_default_generators
[1.768s] Invoking command in '/home/hikari/ROScribe/ros_ws/src/build/rosidl_default_generators': AMENT_PREFIX_PATH=/home/hikari/ROScribe/ros_ws/src/install/rosidl_generator_rs:/home/hikari/ROScribe/ros_ws/src/install/rosidl_runtime_rs:${AMENT_PREFIX_PATH} CMAKE_PREFIX_PATH=/home/hikari/ROScribe/ros_ws/src/install/rosidl_generator_rs:/opt/ros/humble PYTHONPATH=/home/hikari/ROScribe/ros_ws/src/install/rosidl_generator_rs/local/lib/python3.10/dist-packages:${PYTHONPATH} /usr/local/bin/cmake --build /home/hikari/ROScribe/ros_ws/src/build/rosidl_default_generators -- -j8 -l8
[1.821s] Invoked command in '/home/hikari/ROScribe/ros_ws/src/build/rosidl_default_generators' returned '0': AMENT_PREFIX_PATH=/home/hikari/ROScribe/ros_ws/src/install/rosidl_generator_rs:/home/hikari/ROScribe/ros_ws/src/install/rosidl_runtime_rs:${AMENT_PREFIX_PATH} CMAKE_PREFIX_PATH=/home/hikari/ROScribe/ros_ws/src/install/rosidl_generator_rs:/opt/ros/humble PYTHONPATH=/home/hikari/ROScribe/ros_ws/src/install/rosidl_generator_rs/local/lib/python3.10/dist-packages:${PYTHONPATH} /usr/local/bin/cmake --build /home/hikari/ROScribe/ros_ws/src/build/rosidl_default_generators -- -j8 -l8
[1.869s] Invoking command in '/home/hikari/ROScribe/ros_ws/src/build/rosidl_default_generators': AMENT_PREFIX_PATH=/home/hikari/ROScribe/ros_ws/src/install/rosidl_generator_rs:/home/hikari/ROScribe/ros_ws/src/install/rosidl_runtime_rs:${AMENT_PREFIX_PATH} CMAKE_PREFIX_PATH=/home/hikari/ROScribe/ros_ws/src/install/rosidl_generator_rs:/opt/ros/humble PYTHONPATH=/home/hikari/ROScribe/ros_ws/src/install/rosidl_generator_rs/local/lib/python3.10/dist-packages:${PYTHONPATH} /usr/local/bin/cmake --install /home/hikari/ROScribe/ros_ws/src/build/rosidl_default_generators
[1.910s] -- Install configuration: ""
[1.910s] -- Installing: /home/hikari/ROScribe/ros_ws/src/install/rosidl_default_generators/share/ament_index/resource_index/package_run_dependencies/rosidl_default_generators
[1.911s] -- Installing: /home/hikari/ROScribe/ros_ws/src/install/rosidl_default_generators/share/ament_index/resource_index/parent_prefix_path/rosidl_default_generators
[1.911s] -- Installing: /home/hikari/ROScribe/ros_ws/src/install/rosidl_default_generators/share/rosidl_default_generators/environment/ament_prefix_path.sh
[1.911s] -- Installing: /home/hikari/ROScribe/ros_ws/src/install/rosidl_default_generators/share/rosidl_default_generators/environment/ament_prefix_path.dsv
[1.912s] -- Installing: /home/hikari/ROScribe/ros_ws/src/install/rosidl_default_generators/share/rosidl_default_generators/environment/path.sh
[1.912s] -- Installing: /home/hikari/ROScribe/ros_ws/src/install/rosidl_default_generators/share/rosidl_default_generators/environment/path.dsv
[1.913s] -- Installing: /home/hikari/ROScribe/ros_ws/src/install/rosidl_default_generators/share/rosidl_default_generators/local_setup.bash
[1.913s] -- Installing: /home/hikari/ROScribe/ros_ws/src/install/rosidl_default_generators/share/rosidl_default_generators/local_setup.sh
[1.913s] -- Installing: /home/hikari/ROScribe/ros_ws/src/install/rosidl_default_generators/share/rosidl_default_generators/local_setup.zsh
[1.913s] -- Installing: /home/hikari/ROScribe/ros_ws/src/install/rosidl_default_generators/share/rosidl_default_generators/local_setup.dsv
[1.913s] -- Installing: /home/hikari/ROScribe/ros_ws/src/install/rosidl_default_generators/share/rosidl_default_generators/package.dsv
[1.914s] -- Installing: /home/hikari/ROScribe/ros_ws/src/install/rosidl_default_generators/share/ament_index/resource_index/packages/rosidl_default_generators
[1.914s] -- Installing: /home/hikari/ROScribe/ros_ws/src/install/rosidl_default_generators/share/rosidl_default_generators/cmake/rosidl_default_generators-extras.cmake
[1.914s] -- Installing: /home/hikari/ROScribe/ros_ws/src/install/rosidl_default_generators/share/rosidl_default_generators/cmake/ament_cmake_export_dependencies-extras.cmake
[1.914s] -- Installing: /home/hikari/ROScribe/ros_ws/src/install/rosidl_default_generators/share/rosidl_default_generators/cmake/rosidl_default_generatorsConfig.cmake
[1.914s] -- Installing: /home/hikari/ROScribe/ros_ws/src/install/rosidl_default_generators/share/rosidl_default_generators/cmake/rosidl_default_generatorsConfig-version.cmake
[1.914s] -- Installing: /home/hikari/ROScribe/ros_ws/src/install/rosidl_default_generators/share/rosidl_default_generators/package.xml
[2.011s] Invoked command in '/home/hikari/ROScribe/ros_ws/src/build/rosidl_default_generators' returned '0': AMENT_PREFIX_PATH=/home/hikari/ROScribe/ros_ws/src/install/rosidl_generator_rs:/home/hikari/ROScribe/ros_ws/src/install/rosidl_runtime_rs:${AMENT_PREFIX_PATH} CMAKE_PREFIX_PATH=/home/hikari/ROScribe/ros_ws/src/install/rosidl_generator_rs:/opt/ros/humble PYTHONPATH=/home/hikari/ROScribe/ros_ws/src/install/rosidl_generator_rs/local/lib/python3.10/dist-packages:${PYTHONPATH} /usr/local/bin/cmake --install /home/hikari/ROScribe/ros_ws/src/build/rosidl_default_generators
