[0.482s] Invoking command in '/home/hikari/ROScribe/ros_ws/src/build/rosgraph_msgs': AMENT_PREFIX_PATH=/home/hikari/ROScribe/ros_ws/src/install/builtin_interfaces:/home/hikari/ROScribe/ros_ws/src/install/rosidl_default_runtime:/home/hikari/ROScribe/ros_ws/src/install/rosidl_default_generators:/home/hikari/ROScribe/ros_ws/src/install/rosidl_generator_rs:/home/hikari/ROScribe/ros_ws/src/install/rosidl_runtime_rs:${AMENT_PREFIX_PATH} CMAKE_PREFIX_PATH=/home/hikari/ROScribe/ros_ws/src/install/builtin_interfaces:/home/hikari/ROScribe/ros_ws/src/install/rosidl_default_runtime:/home/hikari/ROScribe/ros_ws/src/install/rosidl_default_generators:/home/hikari/ROScribe/ros_ws/src/install/rosidl_generator_rs:/opt/ros/humble LD_LIBRARY_PATH=/home/hikari/ROScribe/ros_ws/src/install/builtin_interfaces/lib:${LD_LIBRARY_PATH} PYTHONPATH=/home/hikari/ROScribe/ros_ws/src/install/builtin_interfaces/local/lib/python3.10/dist-packages:/home/hikari/ROScribe/ros_ws/src/install/rosidl_generator_rs/local/lib/python3.10/dist-packages:${PYTHONPATH} /usr/local/bin/cmake /home/hikari/ROScribe/ros_ws/src/ros2/rcl_interfaces/rosgraph_msgs -DCMAKE_INSTALL_PREFIX=/home/hikari/ROScribe/ros_ws/src/install/rosgraph_msgs
[0.812s] -- The C compiler identification is GNU 11.4.0
[1.185s] -- The CXX compiler identification is GNU 11.4.0
[1.409s] -- Detecting C compiler ABI info
[1.551s] -- Detecting C compiler ABI info - done
[1.573s] -- Check for working C compiler: /usr/lib/ccache/cc - skipped
[1.574s] -- Detecting C compile features
[1.575s] -- Detecting C compile features - done
[1.582s] -- Detecting CXX compiler ABI info
[1.766s] -- Detecting CXX compiler ABI info - done
[1.795s] -- Check for working CXX compiler: /usr/lib/ccache/c++ - skipped
[1.796s] -- Detecting CXX compile features
[1.797s] -- Detecting CXX compile features - done
[1.802s] -- Found ament_cmake: 1.3.5 (/opt/ros/humble/share/ament_cmake/cmake)
[5.488s] -- Found Python3: /usr/bin/python3.10 (found version "3.10.12") found components: Interpreter 
[5.707s] -- Found builtin_interfaces: 1.2.1 (/home/hikari/ROScribe/ros_ws/src/install/builtin_interfaces/share/builtin_interfaces/cmake)
[5.959s] -- Found rosidl_generator_c: 3.1.5 (/opt/ros/humble/share/rosidl_generator_c/cmake)
[5.972s] -- Found rosidl_adapter: 3.1.5 (/opt/ros/humble/share/rosidl_adapter/cmake)
[5.996s] -- Found rosidl_generator_cpp: 3.1.5 (/opt/ros/humble/share/rosidl_generator_cpp/cmake)
[6.044s] -- Using all available rosidl_typesupport_c: rosidl_typesupport_fastrtps_c;rosidl_typesupport_introspection_c
[6.125s] -- Using all available rosidl_typesupport_cpp: rosidl_typesupport_fastrtps_cpp;rosidl_typesupport_introspection_cpp
[6.238s] -- Found rosidl_default_generators: 1.2.0 (/home/hikari/ROScribe/ros_ws/src/install/rosidl_default_generators/share/rosidl_default_generators/cmake)
[6.826s] -- Found ament_cmake_cppcheck: 0.12.8 (/opt/ros/humble/share/ament_cmake_cppcheck/cmake)
[6.832s] -- Found ament_cmake_cpplint: 0.12.8 (/opt/ros/humble/share/ament_cmake_cpplint/cmake)
[6.838s] -- Found ament_cmake_uncrustify: 0.12.8 (/opt/ros/humble/share/ament_cmake_uncrustify/cmake)
[6.845s] -- Found ament_cmake_ros: 0.10.0 (/opt/ros/humble/share/ament_cmake_ros/cmake)
[7.458s] -- Using all available rosidl_typesupport_c: rosidl_typesupport_fastrtps_c;rosidl_typesupport_introspection_c
[7.694s] -- Using all available rosidl_typesupport_cpp: rosidl_typesupport_fastrtps_cpp;rosidl_typesupport_introspection_cpp
[7.705s] -- Found rmw_implementation_cmake: 6.1.1 (/opt/ros/humble/share/rmw_implementation_cmake/cmake)
[8.699s] -- Found OpenSSL: /usr/lib/x86_64-linux-gnu/libcrypto.so (found version "3.0.2")  
[9.410s] -- Found FastRTPS: /opt/ros/humble/include  
[10.900s] -- Found PythonInterp: /usr/bin/python3 (found suitable version "3.10.12", minimum required is "3.6") 
[10.903s] -- Found python_cmake_module: 0.10.0 (/opt/ros/humble/share/python_cmake_module/cmake)
[11.242s] -- Found PythonLibs: /usr/lib/x86_64-linux-gnu/libpython3.10.so (found suitable version "3.10.12", minimum required is "3.5") 
[11.243s] -- Using PYTHON_EXECUTABLE: /usr/bin/python3
[11.243s] -- Using PYTHON_INCLUDE_DIRS: /usr/include/python3.10
[11.243s] -- Using PYTHON_LIBRARIES: /usr/lib/x86_64-linux-gnu/libpython3.10.so
[11.345s] -- Found PythonExtra: .so  
[11.632s] -- Found ament_cmake_flake8: 0.12.8 (/opt/ros/humble/share/ament_cmake_flake8/cmake)
[11.644s] -- Found ament_cmake_pep257: 0.12.8 (/opt/ros/humble/share/ament_cmake_pep257/cmake)
[11.726s] -- Configuring done
[11.897s] -- Generating done
[11.910s] -- Build files have been written to: /home/hikari/ROScribe/ros_ws/src/build/rosgraph_msgs
[12.660s] Invoked command in '/home/hikari/ROScribe/ros_ws/src/build/rosgraph_msgs' returned '0': AMENT_PREFIX_PATH=/home/hikari/ROScribe/ros_ws/src/install/builtin_interfaces:/home/hikari/ROScribe/ros_ws/src/install/rosidl_default_runtime:/home/hikari/ROScribe/ros_ws/src/install/rosidl_default_generators:/home/hikari/ROScribe/ros_ws/src/install/rosidl_generator_rs:/home/hikari/ROScribe/ros_ws/src/install/rosidl_runtime_rs:${AMENT_PREFIX_PATH} CMAKE_PREFIX_PATH=/home/hikari/ROScribe/ros_ws/src/install/builtin_interfaces:/home/hikari/ROScribe/ros_ws/src/install/rosidl_default_runtime:/home/hikari/ROScribe/ros_ws/src/install/rosidl_default_generators:/home/hikari/ROScribe/ros_ws/src/install/rosidl_generator_rs:/opt/ros/humble LD_LIBRARY_PATH=/home/hikari/ROScribe/ros_ws/src/install/builtin_interfaces/lib:${LD_LIBRARY_PATH} PYTHONPATH=/home/hikari/ROScribe/ros_ws/src/install/builtin_interfaces/local/lib/python3.10/dist-packages:/home/hikari/ROScribe/ros_ws/src/install/rosidl_generator_rs/local/lib/python3.10/dist-packages:${PYTHONPATH} /usr/local/bin/cmake /home/hikari/ROScribe/ros_ws/src/ros2/rcl_interfaces/rosgraph_msgs -DCMAKE_INSTALL_PREFIX=/home/hikari/ROScribe/ros_ws/src/install/rosgraph_msgs
[12.662s] Invoking command in '/home/hikari/ROScribe/ros_ws/src/build/rosgraph_msgs': AMENT_PREFIX_PATH=/home/hikari/ROScribe/ros_ws/src/install/builtin_interfaces:/home/hikari/ROScribe/ros_ws/src/install/rosidl_default_runtime:/home/hikari/ROScribe/ros_ws/src/install/rosidl_default_generators:/home/hikari/ROScribe/ros_ws/src/install/rosidl_generator_rs:/home/hikari/ROScribe/ros_ws/src/install/rosidl_runtime_rs:${AMENT_PREFIX_PATH} CMAKE_PREFIX_PATH=/home/hikari/ROScribe/ros_ws/src/install/builtin_interfaces:/home/hikari/ROScribe/ros_ws/src/install/rosidl_default_runtime:/home/hikari/ROScribe/ros_ws/src/install/rosidl_default_generators:/home/hikari/ROScribe/ros_ws/src/install/rosidl_generator_rs:/opt/ros/humble LD_LIBRARY_PATH=/home/hikari/ROScribe/ros_ws/src/install/builtin_interfaces/lib:${LD_LIBRARY_PATH} PYTHONPATH=/home/hikari/ROScribe/ros_ws/src/install/builtin_interfaces/local/lib/python3.10/dist-packages:/home/hikari/ROScribe/ros_ws/src/install/rosidl_generator_rs/local/lib/python3.10/dist-packages:${PYTHONPATH} /usr/local/bin/cmake --build /home/hikari/ROScribe/ros_ws/src/build/rosgraph_msgs -- -j8 -l8
[12.817s] [  3%] [34m[1mGenerating Rust code for ROS interfaces[0m
[13.527s] [  3%] Built target rosgraph_msgs__rs
[13.557s] [  3%] Built target ament_cmake_python_copy_rosgraph_msgs
[13.578s] [  6%] [34m[1mGenerating C++ code for ROS interfaces[0m
[14.283s] [  6%] Built target rosgraph_msgs__cpp
[15.061s] running egg_info
[15.064s] creating rosgraph_msgs.egg-info
[15.145s] writing rosgraph_msgs.egg-info/PKG-INFO
[15.146s] writing dependency_links to rosgraph_msgs.egg-info/dependency_links.txt
[15.147s] writing top-level names to rosgraph_msgs.egg-info/top_level.txt
[15.148s] writing manifest file 'rosgraph_msgs.egg-info/SOURCES.txt'
[15.411s] reading manifest file 'rosgraph_msgs.egg-info/SOURCES.txt'
[15.411s] writing manifest file 'rosgraph_msgs.egg-info/SOURCES.txt'
[15.488s] [  6%] Built target ament_cmake_python_build_rosgraph_msgs_egg
[15.503s] [  9%] [34m[1mGenerating C++ type support dispatch for ROS interfaces[0m
[16.257s] [ 12%] [32mBuilding CXX object CMakeFiles/rosgraph_msgs__rosidl_typesupport_cpp.dir/rosidl_typesupport_cpp/rosgraph_msgs/msg/clock__type_support.cpp.o[0m
[17.307s] [ 15%] [32m[1mLinking CXX shared library librosgraph_msgs__rosidl_typesupport_cpp.so[0m
[17.439s] [ 15%] Built target rosgraph_msgs__rosidl_typesupport_cpp
[17.448s] [ 18%] [34m[1mGenerating C++ introspection for ROS interfaces[0m
[18.177s] [ 21%] [32mBuilding CXX object CMakeFiles/rosgraph_msgs__rosidl_typesupport_introspection_cpp.dir/rosidl_typesupport_introspection_cpp/rosgraph_msgs/msg/detail/clock__type_support.cpp.o[0m
[19.662s] [ 25%] [32m[1mLinking CXX shared library librosgraph_msgs__rosidl_typesupport_introspection_cpp.so[0m
[19.894s] [ 25%] Built target rosgraph_msgs__rosidl_typesupport_introspection_cpp
[19.905s] [ 28%] [34m[1mGenerating C++ type support for eProsima Fast-RTPS[0m
[20.575s] [ 31%] [32mBuilding CXX object CMakeFiles/rosgraph_msgs__rosidl_typesupport_fastrtps_cpp.dir/rosidl_typesupport_fastrtps_cpp/rosgraph_msgs/msg/detail/dds_fastrtps/clock__type_support.cpp.o[0m
[21.964s] [ 34%] [32m[1mLinking CXX shared library librosgraph_msgs__rosidl_typesupport_fastrtps_cpp.so[0m
[22.155s] [ 34%] Built target rosgraph_msgs__rosidl_typesupport_fastrtps_cpp
[22.163s] [ 37%] [34m[1mGenerating C code for ROS interfaces[0m
[22.944s] [ 40%] [32mBuilding C object CMakeFiles/rosgraph_msgs__rosidl_generator_c.dir/rosidl_generator_c/rosgraph_msgs/msg/detail/clock__functions.c.o[0m
[23.100s] [ 43%] [32m[1mLinking C shared library librosgraph_msgs__rosidl_generator_c.so[0m
[23.190s] [ 43%] Built target rosgraph_msgs__rosidl_generator_c
[23.200s] [ 46%] [34m[1mGenerating C type support for eProsima Fast-RTPS[0m
[23.975s] [ 50%] [32mBuilding CXX object CMakeFiles/rosgraph_msgs__rosidl_typesupport_fastrtps_c.dir/rosidl_typesupport_fastrtps_c/rosgraph_msgs/msg/detail/clock__type_support_c.cpp.o[0m
[25.220s] [ 53%] [32m[1mLinking CXX shared library librosgraph_msgs__rosidl_typesupport_fastrtps_c.so[0m
[25.431s] [ 53%] Built target rosgraph_msgs__rosidl_typesupport_fastrtps_c
[25.444s] [ 56%] [34m[1mGenerating C type support dispatch for ROS interfaces[0m
[26.131s] [ 59%] [32mBuilding CXX object CMakeFiles/rosgraph_msgs__rosidl_typesupport_c.dir/rosidl_typesupport_c/rosgraph_msgs/msg/clock__type_support.cpp.o[0m
[26.222s] [ 62%] [32m[1mLinking CXX shared library librosgraph_msgs__rosidl_typesupport_c.so[0m
[26.364s] [ 62%] Built target rosgraph_msgs__rosidl_typesupport_c
[26.376s] [ 65%] [34m[1mGenerating C introspection for ROS interfaces[0m
[27.044s] [ 68%] [32mBuilding C object CMakeFiles/rosgraph_msgs__rosidl_typesupport_introspection_c.dir/rosidl_typesupport_introspection_c/rosgraph_msgs/msg/detail/clock__type_support.c.o[0m
[27.143s] [ 71%] [32m[1mLinking C shared library librosgraph_msgs__rosidl_typesupport_introspection_c.so[0m
[27.231s] [ 71%] Built target rosgraph_msgs__rosidl_typesupport_introspection_c
[27.248s] [ 71%] Built target rosgraph_msgs
[27.264s] [ 75%] [34m[1mGenerating Python code for ROS interfaces[0m
[28.168s] [ 75%] Built target rosgraph_msgs__py
[28.197s] [ 78%] [32mBuilding C object CMakeFiles/rosgraph_msgs__rosidl_generator_py.dir/rosidl_generator_py/rosgraph_msgs/msg/_clock_s.c.o[0m
[28.586s] [ 81%] [32m[1mLinking C shared library rosidl_generator_py/rosgraph_msgs/librosgraph_msgs__rosidl_generator_py.so[0m
[28.699s] [ 81%] Built target rosgraph_msgs__rosidl_generator_py
[28.723s] [ 84%] [32mBuilding C object CMakeFiles/rosgraph_msgs__rosidl_typesupport_fastrtps_c__pyext.dir/rosidl_generator_py/rosgraph_msgs/_rosgraph_msgs_s.ep.rosidl_typesupport_fastrtps_c.c.o[0m
[29.096s] [ 87%] [32m[1mLinking C shared library rosidl_generator_py/rosgraph_msgs/rosgraph_msgs_s__rosidl_typesupport_fastrtps_c.cpython-310-x86_64-linux-gnu.so[0m
[29.201s] [ 87%] Built target rosgraph_msgs__rosidl_typesupport_fastrtps_c__pyext
[29.218s] [ 90%] [32mBuilding C object CMakeFiles/rosgraph_msgs__rosidl_typesupport_c__pyext.dir/rosidl_generator_py/rosgraph_msgs/_rosgraph_msgs_s.ep.rosidl_typesupport_c.c.o[0m
[29.635s] [ 93%] [32m[1mLinking C shared library rosidl_generator_py/rosgraph_msgs/rosgraph_msgs_s__rosidl_typesupport_c.cpython-310-x86_64-linux-gnu.so[0m
[29.748s] [ 93%] Built target rosgraph_msgs__rosidl_typesupport_c__pyext
[29.773s] [ 96%] [32mBuilding C object CMakeFiles/rosgraph_msgs__rosidl_typesupport_introspection_c__pyext.dir/rosidl_generator_py/rosgraph_msgs/_rosgraph_msgs_s.ep.rosidl_typesupport_introspection_c.c.o[0m
[30.155s] [100%] [32m[1mLinking C shared library rosidl_generator_py/rosgraph_msgs/rosgraph_msgs_s__rosidl_typesupport_introspection_c.cpython-310-x86_64-linux-gnu.so[0m
[30.268s] [100%] Built target rosgraph_msgs__rosidl_typesupport_introspection_c__pyext
[30.312s] Invoked command in '/home/hikari/ROScribe/ros_ws/src/build/rosgraph_msgs' returned '0': AMENT_PREFIX_PATH=/home/hikari/ROScribe/ros_ws/src/install/builtin_interfaces:/home/hikari/ROScribe/ros_ws/src/install/rosidl_default_runtime:/home/hikari/ROScribe/ros_ws/src/install/rosidl_default_generators:/home/hikari/ROScribe/ros_ws/src/install/rosidl_generator_rs:/home/hikari/ROScribe/ros_ws/src/install/rosidl_runtime_rs:${AMENT_PREFIX_PATH} CMAKE_PREFIX_PATH=/home/hikari/ROScribe/ros_ws/src/install/builtin_interfaces:/home/hikari/ROScribe/ros_ws/src/install/rosidl_default_runtime:/home/hikari/ROScribe/ros_ws/src/install/rosidl_default_generators:/home/hikari/ROScribe/ros_ws/src/install/rosidl_generator_rs:/opt/ros/humble LD_LIBRARY_PATH=/home/hikari/ROScribe/ros_ws/src/install/builtin_interfaces/lib:${LD_LIBRARY_PATH} PYTHONPATH=/home/hikari/ROScribe/ros_ws/src/install/builtin_interfaces/local/lib/python3.10/dist-packages:/home/hikari/ROScribe/ros_ws/src/install/rosidl_generator_rs/local/lib/python3.10/dist-packages:${PYTHONPATH} /usr/local/bin/cmake --build /home/hikari/ROScribe/ros_ws/src/build/rosgraph_msgs -- -j8 -l8
[30.551s] Invoking command in '/home/hikari/ROScribe/ros_ws/src/build/rosgraph_msgs': AMENT_PREFIX_PATH=/home/hikari/ROScribe/ros_ws/src/install/builtin_interfaces:/home/hikari/ROScribe/ros_ws/src/install/rosidl_default_runtime:/home/hikari/ROScribe/ros_ws/src/install/rosidl_default_generators:/home/hikari/ROScribe/ros_ws/src/install/rosidl_generator_rs:/home/hikari/ROScribe/ros_ws/src/install/rosidl_runtime_rs:${AMENT_PREFIX_PATH} CMAKE_PREFIX_PATH=/home/hikari/ROScribe/ros_ws/src/install/builtin_interfaces:/home/hikari/ROScribe/ros_ws/src/install/rosidl_default_runtime:/home/hikari/ROScribe/ros_ws/src/install/rosidl_default_generators:/home/hikari/ROScribe/ros_ws/src/install/rosidl_generator_rs:/opt/ros/humble LD_LIBRARY_PATH=/home/hikari/ROScribe/ros_ws/src/install/builtin_interfaces/lib:${LD_LIBRARY_PATH} PYTHONPATH=/home/hikari/ROScribe/ros_ws/src/install/builtin_interfaces/local/lib/python3.10/dist-packages:/home/hikari/ROScribe/ros_ws/src/install/rosidl_generator_rs/local/lib/python3.10/dist-packages:${PYTHONPATH} /usr/local/bin/cmake --install /home/hikari/ROScribe/ros_ws/src/build/rosgraph_msgs
[60.379s] -- Install configuration: ""
[60.379s] -- Installing: /home/hikari/ROScribe/ros_ws/src/install/rosgraph_msgs/share/ament_index/resource_index/rosidl_interfaces/rosgraph_msgs
[60.379s] -- Installing: /home/hikari/ROScribe/ros_ws/src/install/rosgraph_msgs/include/rosgraph_msgs/rosgraph_msgs
[60.379s] -- Installing: /home/hikari/ROScribe/ros_ws/src/install/rosgraph_msgs/include/rosgraph_msgs/rosgraph_msgs/msg
[60.380s] -- Installing: /home/hikari/ROScribe/ros_ws/src/install/rosgraph_msgs/include/rosgraph_msgs/rosgraph_msgs/msg/clock.h
[60.380s] -- Installing: /home/hikari/ROScribe/ros_ws/src/install/rosgraph_msgs/include/rosgraph_msgs/rosgraph_msgs/msg/rosidl_generator_c__visibility_control.h
[60.380s] -- Installing: /home/hikari/ROScribe/ros_ws/src/install/rosgraph_msgs/include/rosgraph_msgs/rosgraph_msgs/msg/detail
[60.381s] -- Installing: /home/hikari/ROScribe/ros_ws/src/install/rosgraph_msgs/include/rosgraph_msgs/rosgraph_msgs/msg/detail/clock__functions.h
[60.381s] -- Installing: /home/hikari/ROScribe/ros_ws/src/install/rosgraph_msgs/include/rosgraph_msgs/rosgraph_msgs/msg/detail/clock__struct.h
[60.381s] -- Installing: /home/hikari/ROScribe/ros_ws/src/install/rosgraph_msgs/include/rosgraph_msgs/rosgraph_msgs/msg/detail/clock__type_support.h
[60.381s] -- Installing: /home/hikari/ROScribe/ros_ws/src/install/rosgraph_msgs/include/rosgraph_msgs/rosgraph_msgs/msg/detail/clock__functions.c
[60.381s] -- Installing: /home/hikari/ROScribe/ros_ws/src/install/rosgraph_msgs/share/rosgraph_msgs/environment/library_path.sh
[60.382s] -- Installing: /home/hikari/ROScribe/ros_ws/src/install/rosgraph_msgs/share/rosgraph_msgs/environment/library_path.dsv
[60.382s] -- Installing: /home/hikari/ROScribe/ros_ws/src/install/rosgraph_msgs/lib/librosgraph_msgs__rosidl_generator_c.so
[60.382s] -- Set runtime path of "/home/hikari/ROScribe/ros_ws/src/install/rosgraph_msgs/lib/librosgraph_msgs__rosidl_generator_c.so" to ""
[60.383s] -- Up-to-date: /home/hikari/ROScribe/ros_ws/src/install/rosgraph_msgs/include/rosgraph_msgs/rosgraph_msgs
[60.383s] -- Up-to-date: /home/hikari/ROScribe/ros_ws/src/install/rosgraph_msgs/include/rosgraph_msgs/rosgraph_msgs/msg
[60.383s] -- Installing: /home/hikari/ROScribe/ros_ws/src/install/rosgraph_msgs/include/rosgraph_msgs/rosgraph_msgs/msg/rosidl_typesupport_fastrtps_c__visibility_control.h
[60.383s] -- Up-to-date: /home/hikari/ROScribe/ros_ws/src/install/rosgraph_msgs/include/rosgraph_msgs/rosgraph_msgs/msg/detail
[60.383s] -- Installing: /home/hikari/ROScribe/ros_ws/src/install/rosgraph_msgs/include/rosgraph_msgs/rosgraph_msgs/msg/detail/clock__rosidl_typesupport_fastrtps_c.h
[60.383s] -- Installing: /home/hikari/ROScribe/ros_ws/src/install/rosgraph_msgs/lib/librosgraph_msgs__rosidl_typesupport_fastrtps_c.so
[60.384s] -- Set runtime path of "/home/hikari/ROScribe/ros_ws/src/install/rosgraph_msgs/lib/librosgraph_msgs__rosidl_typesupport_fastrtps_c.so" to ""
[60.384s] -- Up-to-date: /home/hikari/ROScribe/ros_ws/src/install/rosgraph_msgs/include/rosgraph_msgs/rosgraph_msgs
[60.384s] -- Up-to-date: /home/hikari/ROScribe/ros_ws/src/install/rosgraph_msgs/include/rosgraph_msgs/rosgraph_msgs/msg
[60.384s] -- Installing: /home/hikari/ROScribe/ros_ws/src/install/rosgraph_msgs/include/rosgraph_msgs/rosgraph_msgs/msg/clock.hpp
[60.384s] -- Up-to-date: /home/hikari/ROScribe/ros_ws/src/install/rosgraph_msgs/include/rosgraph_msgs/rosgraph_msgs/msg/detail
[60.385s] -- Installing: /home/hikari/ROScribe/ros_ws/src/install/rosgraph_msgs/include/rosgraph_msgs/rosgraph_msgs/msg/detail/clock__builder.hpp
[60.385s] -- Installing: /home/hikari/ROScribe/ros_ws/src/install/rosgraph_msgs/include/rosgraph_msgs/rosgraph_msgs/msg/detail/clock__traits.hpp
[60.385s] -- Installing: /home/hikari/ROScribe/ros_ws/src/install/rosgraph_msgs/include/rosgraph_msgs/rosgraph_msgs/msg/detail/clock__struct.hpp
[60.385s] -- Up-to-date: /home/hikari/ROScribe/ros_ws/src/install/rosgraph_msgs/include/rosgraph_msgs/rosgraph_msgs
[60.385s] -- Up-to-date: /home/hikari/ROScribe/ros_ws/src/install/rosgraph_msgs/include/rosgraph_msgs/rosgraph_msgs/msg
[60.386s] -- Installing: /home/hikari/ROScribe/ros_ws/src/install/rosgraph_msgs/include/rosgraph_msgs/rosgraph_msgs/msg/rosidl_typesupport_fastrtps_cpp__visibility_control.h
[60.386s] -- Up-to-date: /home/hikari/ROScribe/ros_ws/src/install/rosgraph_msgs/include/rosgraph_msgs/rosgraph_msgs/msg/detail
[60.386s] -- Installing: /home/hikari/ROScribe/ros_ws/src/install/rosgraph_msgs/include/rosgraph_msgs/rosgraph_msgs/msg/detail/clock__rosidl_typesupport_fastrtps_cpp.hpp
[60.386s] -- Installing: /home/hikari/ROScribe/ros_ws/src/install/rosgraph_msgs/include/rosgraph_msgs/rosgraph_msgs/msg/detail/dds_fastrtps
[60.387s] -- Installing: /home/hikari/ROScribe/ros_ws/src/install/rosgraph_msgs/lib/librosgraph_msgs__rosidl_typesupport_fastrtps_cpp.so
[60.387s] -- Set runtime path of "/home/hikari/ROScribe/ros_ws/src/install/rosgraph_msgs/lib/librosgraph_msgs__rosidl_typesupport_fastrtps_cpp.so" to ""
[60.387s] -- Up-to-date: /home/hikari/ROScribe/ros_ws/src/install/rosgraph_msgs/include/rosgraph_msgs/rosgraph_msgs
[60.388s] -- Up-to-date: /home/hikari/ROScribe/ros_ws/src/install/rosgraph_msgs/include/rosgraph_msgs/rosgraph_msgs/msg
[60.388s] -- Installing: /home/hikari/ROScribe/ros_ws/src/install/rosgraph_msgs/include/rosgraph_msgs/rosgraph_msgs/msg/rosidl_typesupport_introspection_c__visibility_control.h
[60.389s] -- Up-to-date: /home/hikari/ROScribe/ros_ws/src/install/rosgraph_msgs/include/rosgraph_msgs/rosgraph_msgs/msg/detail
[60.389s] -- Installing: /home/hikari/ROScribe/ros_ws/src/install/rosgraph_msgs/include/rosgraph_msgs/rosgraph_msgs/msg/detail/clock__rosidl_typesupport_introspection_c.h
[60.389s] -- Installing: /home/hikari/ROScribe/ros_ws/src/install/rosgraph_msgs/include/rosgraph_msgs/rosgraph_msgs/msg/detail/clock__type_support.c
[60.389s] -- Installing: /home/hikari/ROScribe/ros_ws/src/install/rosgraph_msgs/lib/librosgraph_msgs__rosidl_typesupport_introspection_c.so
[60.389s] -- Set runtime path of "/home/hikari/ROScribe/ros_ws/src/install/rosgraph_msgs/lib/librosgraph_msgs__rosidl_typesupport_introspection_c.so" to ""
[60.390s] -- Installing: /home/hikari/ROScribe/ros_ws/src/install/rosgraph_msgs/lib/librosgraph_msgs__rosidl_typesupport_c.so
[60.390s] -- Set runtime path of "/home/hikari/ROScribe/ros_ws/src/install/rosgraph_msgs/lib/librosgraph_msgs__rosidl_typesupport_c.so" to ""
[60.390s] -- Up-to-date: /home/hikari/ROScribe/ros_ws/src/install/rosgraph_msgs/include/rosgraph_msgs/rosgraph_msgs
[60.390s] -- Up-to-date: /home/hikari/ROScribe/ros_ws/src/install/rosgraph_msgs/include/rosgraph_msgs/rosgraph_msgs/msg
[60.390s] -- Up-to-date: /home/hikari/ROScribe/ros_ws/src/install/rosgraph_msgs/include/rosgraph_msgs/rosgraph_msgs/msg/detail
[60.390s] -- Installing: /home/hikari/ROScribe/ros_ws/src/install/rosgraph_msgs/include/rosgraph_msgs/rosgraph_msgs/msg/detail/clock__rosidl_typesupport_introspection_cpp.hpp
[60.391s] -- Installing: /home/hikari/ROScribe/ros_ws/src/install/rosgraph_msgs/include/rosgraph_msgs/rosgraph_msgs/msg/detail/clock__type_support.cpp
[60.391s] -- Installing: /home/hikari/ROScribe/ros_ws/src/install/rosgraph_msgs/lib/librosgraph_msgs__rosidl_typesupport_introspection_cpp.so
[60.391s] -- Set runtime path of "/home/hikari/ROScribe/ros_ws/src/install/rosgraph_msgs/lib/librosgraph_msgs__rosidl_typesupport_introspection_cpp.so" to ""
[60.392s] -- Installing: /home/hikari/ROScribe/ros_ws/src/install/rosgraph_msgs/lib/librosgraph_msgs__rosidl_typesupport_cpp.so
[60.392s] -- Set runtime path of "/home/hikari/ROScribe/ros_ws/src/install/rosgraph_msgs/lib/librosgraph_msgs__rosidl_typesupport_cpp.so" to ""
[60.392s] -- Installing: /home/hikari/ROScribe/ros_ws/src/install/rosgraph_msgs/share/ament_index/resource_index/rust_packages/rosgraph_msgs
[60.392s] -- Installing: /home/hikari/ROScribe/ros_ws/src/install/rosgraph_msgs/share/rosgraph_msgs/rust
[60.392s] -- Installing: /home/hikari/ROScribe/ros_ws/src/install/rosgraph_msgs/share/rosgraph_msgs/rust/src
[60.393s] -- Installing: /home/hikari/ROScribe/ros_ws/src/install/rosgraph_msgs/share/rosgraph_msgs/rust/src/msg.rs
[60.393s] -- Installing: /home/hikari/ROScribe/ros_ws/src/install/rosgraph_msgs/share/rosgraph_msgs/rust/src/lib.rs
[60.408s] -- Installing: /home/hikari/ROScribe/ros_ws/src/install/rosgraph_msgs/share/rosgraph_msgs/rust/Cargo.toml
[60.408s] -- Installing: /home/hikari/ROScribe/ros_ws/src/install/rosgraph_msgs/share/rosgraph_msgs/rust/build.rs
[60.408s] -- Up-to-date: /home/hikari/ROScribe/ros_ws/src/install/rosgraph_msgs/share/rosgraph_msgs/rust
[60.408s] -- Up-to-date: /home/hikari/ROScribe/ros_ws/src/install/rosgraph_msgs/share/rosgraph_msgs/rust/src
[60.408s] -- Up-to-date: /home/hikari/ROScribe/ros_ws/src/install/rosgraph_msgs/share/rosgraph_msgs/rust/src/msg.rs
[60.409s] -- Up-to-date: /home/hikari/ROScribe/ros_ws/src/install/rosgraph_msgs/share/rosgraph_msgs/rust/src/lib.rs
[60.409s] -- Up-to-date: /home/hikari/ROScribe/ros_ws/src/install/rosgraph_msgs/share/rosgraph_msgs/rust/Cargo.toml
[60.410s] -- Up-to-date: /home/hikari/ROScribe/ros_ws/src/install/rosgraph_msgs/share/rosgraph_msgs/rust/build.rs
[60.410s] -- Up-to-date: /home/hikari/ROScribe/ros_ws/src/install/rosgraph_msgs/share/rosgraph_msgs/rust
[60.410s] -- Up-to-date: /home/hikari/ROScribe/ros_ws/src/install/rosgraph_msgs/share/rosgraph_msgs/rust/src
[60.410s] -- Up-to-date: /home/hikari/ROScribe/ros_ws/src/install/rosgraph_msgs/share/rosgraph_msgs/rust/src/msg.rs
[60.410s] -- Up-to-date: /home/hikari/ROScribe/ros_ws/src/install/rosgraph_msgs/share/rosgraph_msgs/rust/src/lib.rs
[60.410s] -- Up-to-date: /home/hikari/ROScribe/ros_ws/src/install/rosgraph_msgs/share/rosgraph_msgs/rust/Cargo.toml
[60.411s] -- Up-to-date: /home/hikari/ROScribe/ros_ws/src/install/rosgraph_msgs/share/rosgraph_msgs/rust/build.rs
[60.411s] -- Installing: /home/hikari/ROScribe/ros_ws/src/install/rosgraph_msgs/share/rosgraph_msgs/environment/pythonpath.sh
[60.411s] -- Installing: /home/hikari/ROScribe/ros_ws/src/install/rosgraph_msgs/share/rosgraph_msgs/environment/pythonpath.dsv
[60.411s] -- Installing: /home/hikari/ROScribe/ros_ws/src/install/rosgraph_msgs/local/lib/python3.10/dist-packages/rosgraph_msgs-1.2.1-py3.10.egg-info
[60.411s] -- Installing: /home/hikari/ROScribe/ros_ws/src/install/rosgraph_msgs/local/lib/python3.10/dist-packages/rosgraph_msgs-1.2.1-py3.10.egg-info/top_level.txt
[60.411s] -- Installing: /home/hikari/ROScribe/ros_ws/src/install/rosgraph_msgs/local/lib/python3.10/dist-packages/rosgraph_msgs-1.2.1-py3.10.egg-info/dependency_links.txt
[60.414s] -- Installing: /home/hikari/ROScribe/ros_ws/src/install/rosgraph_msgs/local/lib/python3.10/dist-packages/rosgraph_msgs-1.2.1-py3.10.egg-info/SOURCES.txt
[60.414s] -- Installing: /home/hikari/ROScribe/ros_ws/src/install/rosgraph_msgs/local/lib/python3.10/dist-packages/rosgraph_msgs-1.2.1-py3.10.egg-info/PKG-INFO
[60.415s] -- Installing: /home/hikari/ROScribe/ros_ws/src/install/rosgraph_msgs/local/lib/python3.10/dist-packages/rosgraph_msgs
[60.415s] -- Installing: /home/hikari/ROScribe/ros_ws/src/install/rosgraph_msgs/local/lib/python3.10/dist-packages/rosgraph_msgs/_rosgraph_msgs_s.ep.rosidl_typesupport_fastrtps_c.c
[60.415s] -- Installing: /home/hikari/ROScribe/ros_ws/src/install/rosgraph_msgs/local/lib/python3.10/dist-packages/rosgraph_msgs/rosgraph_msgs_s__rosidl_typesupport_c.cpython-310-x86_64-linux-gnu.so
[60.415s] -- Installing: /home/hikari/ROScribe/ros_ws/src/install/rosgraph_msgs/local/lib/python3.10/dist-packages/rosgraph_msgs/rosgraph_msgs_s__rosidl_typesupport_introspection_c.cpython-310-x86_64-linux-gnu.so
[60.415s] -- Installing: /home/hikari/ROScribe/ros_ws/src/install/rosgraph_msgs/local/lib/python3.10/dist-packages/rosgraph_msgs/_rosgraph_msgs_s.ep.rosidl_typesupport_c.c
[60.416s] -- Installing: /home/hikari/ROScribe/ros_ws/src/install/rosgraph_msgs/local/lib/python3.10/dist-packages/rosgraph_msgs/_rosgraph_msgs_s.ep.rosidl_typesupport_introspection_c.c
[60.416s] -- Installing: /home/hikari/ROScribe/ros_ws/src/install/rosgraph_msgs/local/lib/python3.10/dist-packages/rosgraph_msgs/msg
[60.416s] -- Installing: /home/hikari/ROScribe/ros_ws/src/install/rosgraph_msgs/local/lib/python3.10/dist-packages/rosgraph_msgs/msg/_clock.py
[60.417s] -- Installing: /home/hikari/ROScribe/ros_ws/src/install/rosgraph_msgs/local/lib/python3.10/dist-packages/rosgraph_msgs/msg/__init__.py
[60.417s] -- Installing: /home/hikari/ROScribe/ros_ws/src/install/rosgraph_msgs/local/lib/python3.10/dist-packages/rosgraph_msgs/msg/_clock_s.c
[60.417s] -- Installing: /home/hikari/ROScribe/ros_ws/src/install/rosgraph_msgs/local/lib/python3.10/dist-packages/rosgraph_msgs/librosgraph_msgs__rosidl_generator_py.so
[60.443s] -- Installing: /home/hikari/ROScribe/ros_ws/src/install/rosgraph_msgs/local/lib/python3.10/dist-packages/rosgraph_msgs/rosgraph_msgs_s__rosidl_typesupport_fastrtps_c.cpython-310-x86_64-linux-gnu.so
[60.444s] -- Installing: /home/hikari/ROScribe/ros_ws/src/install/rosgraph_msgs/local/lib/python3.10/dist-packages/rosgraph_msgs/__init__.py
[60.444s] Listing '/home/hikari/ROScribe/ros_ws/src/install/rosgraph_msgs/local/lib/python3.10/dist-packages/rosgraph_msgs'...
[60.444s] Compiling '/home/hikari/ROScribe/ros_ws/src/install/rosgraph_msgs/local/lib/python3.10/dist-packages/rosgraph_msgs/__init__.py'...
[60.444s] Listing '/home/hikari/ROScribe/ros_ws/src/install/rosgraph_msgs/local/lib/python3.10/dist-packages/rosgraph_msgs/msg'...
[60.445s] Compiling '/home/hikari/ROScribe/ros_ws/src/install/rosgraph_msgs/local/lib/python3.10/dist-packages/rosgraph_msgs/msg/__init__.py'...
[60.445s] Compiling '/home/hikari/ROScribe/ros_ws/src/install/rosgraph_msgs/local/lib/python3.10/dist-packages/rosgraph_msgs/msg/_clock.py'...
[60.445s] -- Installing: /home/hikari/ROScribe/ros_ws/src/install/rosgraph_msgs/local/lib/python3.10/dist-packages/rosgraph_msgs/rosgraph_msgs_s__rosidl_typesupport_fastrtps_c.cpython-310-x86_64-linux-gnu.so
[60.452s] -- Set runtime path of "/home/hikari/ROScribe/ros_ws/src/install/rosgraph_msgs/local/lib/python3.10/dist-packages/rosgraph_msgs/rosgraph_msgs_s__rosidl_typesupport_fastrtps_c.cpython-310-x86_64-linux-gnu.so" to ""
[60.452s] -- Installing: /home/hikari/ROScribe/ros_ws/src/install/rosgraph_msgs/local/lib/python3.10/dist-packages/rosgraph_msgs/rosgraph_msgs_s__rosidl_typesupport_introspection_c.cpython-310-x86_64-linux-gnu.so
[60.453s] -- Set runtime path of "/home/hikari/ROScribe/ros_ws/src/install/rosgraph_msgs/local/lib/python3.10/dist-packages/rosgraph_msgs/rosgraph_msgs_s__rosidl_typesupport_introspection_c.cpython-310-x86_64-linux-gnu.so" to ""
[60.453s] -- Installing: /home/hikari/ROScribe/ros_ws/src/install/rosgraph_msgs/local/lib/python3.10/dist-packages/rosgraph_msgs/rosgraph_msgs_s__rosidl_typesupport_c.cpython-310-x86_64-linux-gnu.so
[60.454s] -- Set runtime path of "/home/hikari/ROScribe/ros_ws/src/install/rosgraph_msgs/local/lib/python3.10/dist-packages/rosgraph_msgs/rosgraph_msgs_s__rosidl_typesupport_c.cpython-310-x86_64-linux-gnu.so" to ""
[60.454s] -- Installing: /home/hikari/ROScribe/ros_ws/src/install/rosgraph_msgs/lib/librosgraph_msgs__rosidl_generator_py.so
[60.454s] -- Set runtime path of "/home/hikari/ROScribe/ros_ws/src/install/rosgraph_msgs/lib/librosgraph_msgs__rosidl_generator_py.so" to ""
[60.455s] -- Installing: /home/hikari/ROScribe/ros_ws/src/install/rosgraph_msgs/share/rosgraph_msgs/msg/Clock.idl
[60.455s] -- Installing: /home/hikari/ROScribe/ros_ws/src/install/rosgraph_msgs/share/rosgraph_msgs/msg/Clock.msg
[60.455s] -- Installing: /home/hikari/ROScribe/ros_ws/src/install/rosgraph_msgs/share/ament_index/resource_index/package_run_dependencies/rosgraph_msgs
[60.456s] -- Installing: /home/hikari/ROScribe/ros_ws/src/install/rosgraph_msgs/share/ament_index/resource_index/parent_prefix_path/rosgraph_msgs
[60.456s] -- Installing: /home/hikari/ROScribe/ros_ws/src/install/rosgraph_msgs/share/rosgraph_msgs/environment/ament_prefix_path.sh
[60.457s] -- Installing: /home/hikari/ROScribe/ros_ws/src/install/rosgraph_msgs/share/rosgraph_msgs/environment/ament_prefix_path.dsv
[60.457s] -- Installing: /home/hikari/ROScribe/ros_ws/src/install/rosgraph_msgs/share/rosgraph_msgs/environment/path.sh
[60.457s] -- Installing: /home/hikari/ROScribe/ros_ws/src/install/rosgraph_msgs/share/rosgraph_msgs/environment/path.dsv
[60.458s] -- Installing: /home/hikari/ROScribe/ros_ws/src/install/rosgraph_msgs/share/rosgraph_msgs/local_setup.bash
[60.458s] -- Installing: /home/hikari/ROScribe/ros_ws/src/install/rosgraph_msgs/share/rosgraph_msgs/local_setup.sh
[60.459s] -- Installing: /home/hikari/ROScribe/ros_ws/src/install/rosgraph_msgs/share/rosgraph_msgs/local_setup.zsh
[60.459s] -- Installing: /home/hikari/ROScribe/ros_ws/src/install/rosgraph_msgs/share/rosgraph_msgs/local_setup.dsv
[60.459s] -- Installing: /home/hikari/ROScribe/ros_ws/src/install/rosgraph_msgs/share/rosgraph_msgs/package.dsv
[60.460s] -- Installing: /home/hikari/ROScribe/ros_ws/src/install/rosgraph_msgs/share/ament_index/resource_index/packages/rosgraph_msgs
[60.460s] -- Installing: /home/hikari/ROScribe/ros_ws/src/install/rosgraph_msgs/share/rosgraph_msgs/cmake/export_rosgraph_msgs__rosidl_generator_cExport.cmake
[60.461s] -- Installing: /home/hikari/ROScribe/ros_ws/src/install/rosgraph_msgs/share/rosgraph_msgs/cmake/export_rosgraph_msgs__rosidl_generator_cExport-noconfig.cmake
[60.461s] -- Installing: /home/hikari/ROScribe/ros_ws/src/install/rosgraph_msgs/share/rosgraph_msgs/cmake/export_rosgraph_msgs__rosidl_typesupport_fastrtps_cExport.cmake
[60.462s] -- Installing: /home/hikari/ROScribe/ros_ws/src/install/rosgraph_msgs/share/rosgraph_msgs/cmake/export_rosgraph_msgs__rosidl_typesupport_fastrtps_cExport-noconfig.cmake
[60.462s] -- Installing: /home/hikari/ROScribe/ros_ws/src/install/rosgraph_msgs/share/rosgraph_msgs/cmake/export_rosgraph_msgs__rosidl_generator_cppExport.cmake
[60.462s] -- Installing: /home/hikari/ROScribe/ros_ws/src/install/rosgraph_msgs/share/rosgraph_msgs/cmake/export_rosgraph_msgs__rosidl_typesupport_fastrtps_cppExport.cmake
[60.463s] -- Installing: /home/hikari/ROScribe/ros_ws/src/install/rosgraph_msgs/share/rosgraph_msgs/cmake/export_rosgraph_msgs__rosidl_typesupport_fastrtps_cppExport-noconfig.cmake
[60.463s] -- Installing: /home/hikari/ROScribe/ros_ws/src/install/rosgraph_msgs/share/rosgraph_msgs/cmake/rosgraph_msgs__rosidl_typesupport_introspection_cExport.cmake
[60.464s] -- Installing: /home/hikari/ROScribe/ros_ws/src/install/rosgraph_msgs/share/rosgraph_msgs/cmake/rosgraph_msgs__rosidl_typesupport_introspection_cExport-noconfig.cmake
[60.464s] -- Installing: /home/hikari/ROScribe/ros_ws/src/install/rosgraph_msgs/share/rosgraph_msgs/cmake/rosgraph_msgs__rosidl_typesupport_cExport.cmake
[60.464s] -- Installing: /home/hikari/ROScribe/ros_ws/src/install/rosgraph_msgs/share/rosgraph_msgs/cmake/rosgraph_msgs__rosidl_typesupport_cExport-noconfig.cmake
[60.464s] -- Installing: /home/hikari/ROScribe/ros_ws/src/install/rosgraph_msgs/share/rosgraph_msgs/cmake/rosgraph_msgs__rosidl_typesupport_introspection_cppExport.cmake
[60.464s] -- Installing: /home/hikari/ROScribe/ros_ws/src/install/rosgraph_msgs/share/rosgraph_msgs/cmake/rosgraph_msgs__rosidl_typesupport_introspection_cppExport-noconfig.cmake
[60.465s] -- Installing: /home/hikari/ROScribe/ros_ws/src/install/rosgraph_msgs/share/rosgraph_msgs/cmake/rosgraph_msgs__rosidl_typesupport_cppExport.cmake
[60.465s] -- Installing: /home/hikari/ROScribe/ros_ws/src/install/rosgraph_msgs/share/rosgraph_msgs/cmake/rosgraph_msgs__rosidl_typesupport_cppExport-noconfig.cmake
[60.465s] -- Installing: /home/hikari/ROScribe/ros_ws/src/install/rosgraph_msgs/share/rosgraph_msgs/cmake/export_rosgraph_msgs__rosidl_generator_pyExport.cmake
[60.465s] -- Installing: /home/hikari/ROScribe/ros_ws/src/install/rosgraph_msgs/share/rosgraph_msgs/cmake/export_rosgraph_msgs__rosidl_generator_pyExport-noconfig.cmake
[60.476s] -- Installing: /home/hikari/ROScribe/ros_ws/src/install/rosgraph_msgs/share/rosgraph_msgs/cmake/rosidl_cmake-extras.cmake
[60.476s] -- Installing: /home/hikari/ROScribe/ros_ws/src/install/rosgraph_msgs/share/rosgraph_msgs/cmake/ament_cmake_export_dependencies-extras.cmake
[60.477s] -- Installing: /home/hikari/ROScribe/ros_ws/src/install/rosgraph_msgs/share/rosgraph_msgs/cmake/ament_cmake_export_include_directories-extras.cmake
[60.477s] -- Installing: /home/hikari/ROScribe/ros_ws/src/install/rosgraph_msgs/share/rosgraph_msgs/cmake/ament_cmake_export_libraries-extras.cmake
[60.478s] -- Installing: /home/hikari/ROScribe/ros_ws/src/install/rosgraph_msgs/share/rosgraph_msgs/cmake/ament_cmake_export_targets-extras.cmake
[60.478s] -- Installing: /home/hikari/ROScribe/ros_ws/src/install/rosgraph_msgs/share/rosgraph_msgs/cmake/rosidl_cmake_export_typesupport_targets-extras.cmake
[60.479s] -- Installing: /home/hikari/ROScribe/ros_ws/src/install/rosgraph_msgs/share/rosgraph_msgs/cmake/rosidl_cmake_export_typesupport_libraries-extras.cmake
[60.479s] -- Installing: /home/hikari/ROScribe/ros_ws/src/install/rosgraph_msgs/share/rosgraph_msgs/cmake/rosgraph_msgsConfig.cmake
[60.479s] -- Installing: /home/hikari/ROScribe/ros_ws/src/install/rosgraph_msgs/share/rosgraph_msgs/cmake/rosgraph_msgsConfig-version.cmake
[60.479s] -- Installing: /home/hikari/ROScribe/ros_ws/src/install/rosgraph_msgs/share/rosgraph_msgs/package.xml
[60.480s] Invoked command in '/home/hikari/ROScribe/ros_ws/src/build/rosgraph_msgs' returned '0': AMENT_PREFIX_PATH=/home/hikari/ROScribe/ros_ws/src/install/builtin_interfaces:/home/hikari/ROScribe/ros_ws/src/install/rosidl_default_runtime:/home/hikari/ROScribe/ros_ws/src/install/rosidl_default_generators:/home/hikari/ROScribe/ros_ws/src/install/rosidl_generator_rs:/home/hikari/ROScribe/ros_ws/src/install/rosidl_runtime_rs:${AMENT_PREFIX_PATH} CMAKE_PREFIX_PATH=/home/hikari/ROScribe/ros_ws/src/install/builtin_interfaces:/home/hikari/ROScribe/ros_ws/src/install/rosidl_default_runtime:/home/hikari/ROScribe/ros_ws/src/install/rosidl_default_generators:/home/hikari/ROScribe/ros_ws/src/install/rosidl_generator_rs:/opt/ros/humble LD_LIBRARY_PATH=/home/hikari/ROScribe/ros_ws/src/install/builtin_interfaces/lib:${LD_LIBRARY_PATH} PYTHONPATH=/home/hikari/ROScribe/ros_ws/src/install/builtin_interfaces/local/lib/python3.10/dist-packages:/home/hikari/ROScribe/ros_ws/src/install/rosidl_generator_rs/local/lib/python3.10/dist-packages:${PYTHONPATH} /usr/local/bin/cmake --install /home/hikari/ROScribe/ros_ws/src/build/rosgraph_msgs
