[0.241s] Invoking command in '/home/hikari/ROScribe/ros_ws/src/build/lifecycle_msgs': AMENT_PREFIX_PATH=/home/hikari/ROScribe/ros_ws/src/install/rosidl_default_runtime:/home/hikari/ROScribe/ros_ws/src/install/rosidl_default_generators:/home/hikari/ROScribe/ros_ws/src/install/rosidl_generator_rs:/home/hikari/ROScribe/ros_ws/src/install/rosidl_runtime_rs:${AMENT_PREFIX_PATH} CMAKE_PREFIX_PATH=/home/hikari/ROScribe/ros_ws/src/install/rosidl_default_runtime:/home/hikari/ROScribe/ros_ws/src/install/rosidl_default_generators:/home/hikari/ROScribe/ros_ws/src/install/rosidl_generator_rs:/opt/ros/humble PYTHONPATH=/home/hikari/ROScribe/ros_ws/src/install/rosidl_generator_rs/local/lib/python3.10/dist-packages:${PYTHONPATH} /usr/local/bin/cmake /home/hikari/ROScribe/ros_ws/src/ros2/rcl_interfaces/lifecycle_msgs -DCMAKE_INSTALL_PREFIX=/home/hikari/ROScribe/ros_ws/src/install/lifecycle_msgs
[0.584s] -- The C compiler identification is GNU 11.4.0
[0.873s] -- The CXX compiler identification is GNU 11.4.0
[1.050s] -- Detecting C compiler ABI info
[1.180s] -- Detecting C compiler ABI info - done
[1.205s] -- Check for working C compiler: /usr/lib/ccache/cc - skipped
[1.205s] -- Detecting C compile features
[1.206s] -- Detecting C compile features - done
[1.215s] -- Detecting CXX compiler ABI info
[1.357s] -- Detecting CXX compiler ABI info - done
[1.384s] -- Check for working CXX compiler: /usr/lib/ccache/c++ - skipped
[1.385s] -- Detecting CXX compile features
[1.386s] -- Detecting CXX compile features - done
[1.391s] -- Found ament_cmake: 1.3.5 (/opt/ros/humble/share/ament_cmake/cmake)
[4.545s] -- Found Python3: /usr/bin/python3.10 (found version "3.10.12") found components: Interpreter 
[4.731s] -- Found rosidl_default_generators: 1.2.0 (/home/hikari/ROScribe/ros_ws/src/install/rosidl_default_generators/share/rosidl_default_generators/cmake)
[4.738s] -- Using all available rosidl_typesupport_c: rosidl_typesupport_fastrtps_c;rosidl_typesupport_introspection_c
[4.752s] -- Found rosidl_adapter: 3.1.5 (/opt/ros/humble/share/rosidl_adapter/cmake)
[4.945s] -- Using all available rosidl_typesupport_cpp: rosidl_typesupport_fastrtps_cpp;rosidl_typesupport_introspection_cpp
[5.751s] -- Found ament_cmake_cppcheck: 0.12.8 (/opt/ros/humble/share/ament_cmake_cppcheck/cmake)
[5.768s] -- Found ament_cmake_cpplint: 0.12.8 (/opt/ros/humble/share/ament_cmake_cpplint/cmake)
[5.784s] -- Found ament_cmake_uncrustify: 0.12.8 (/opt/ros/humble/share/ament_cmake_uncrustify/cmake)
[5.802s] -- Found ament_cmake_ros: 0.10.0 (/opt/ros/humble/share/ament_cmake_ros/cmake)
[6.160s] -- Using all available rosidl_typesupport_c: rosidl_typesupport_fastrtps_c;rosidl_typesupport_introspection_c
[6.527s] -- Using all available rosidl_typesupport_cpp: rosidl_typesupport_fastrtps_cpp;rosidl_typesupport_introspection_cpp
[6.538s] -- Found rmw_implementation_cmake: 6.1.1 (/opt/ros/humble/share/rmw_implementation_cmake/cmake)
[7.387s] -- Found OpenSSL: /usr/lib/x86_64-linux-gnu/libcrypto.so (found version "3.0.2")  
[8.058s] -- Found FastRTPS: /opt/ros/humble/include  
[10.537s] -- Found PythonInterp: /usr/bin/python3 (found suitable version "3.10.12", minimum required is "3.6") 
[10.537s] -- Found python_cmake_module: 0.10.0 (/opt/ros/humble/share/python_cmake_module/cmake)
[11.010s] -- Found PythonLibs: /usr/lib/x86_64-linux-gnu/libpython3.10.so (found suitable version "3.10.12", minimum required is "3.5") 
[11.012s] -- Using PYTHON_EXECUTABLE: /usr/bin/python3
[11.012s] -- Using PYTHON_INCLUDE_DIRS: /usr/include/python3.10
[11.012s] -- Using PYTHON_LIBRARIES: /usr/lib/x86_64-linux-gnu/libpython3.10.so
[11.434s] -- Found PythonExtra: .so  
[11.718s] -- Found ament_cmake_flake8: 0.12.8 (/opt/ros/humble/share/ament_cmake_flake8/cmake)
[11.753s] -- Found ament_cmake_pep257: 0.12.8 (/opt/ros/humble/share/ament_cmake_pep257/cmake)
[11.766s] -- Found ament_lint_auto: 0.12.8 (/opt/ros/humble/share/ament_lint_auto/cmake)
[11.845s] -- Added test 'copyright' to check source files copyright and LICENSE
[11.848s] -- Added test 'lint_cmake' to check CMake code style
[11.867s] -- Added test 'xmllint' to check XML markup files
[11.897s] -- Configuring done
[12.364s] -- Generating done
[12.386s] -- Build files have been written to: /home/hikari/ROScribe/ros_ws/src/build/lifecycle_msgs
[12.459s] Invoked command in '/home/hikari/ROScribe/ros_ws/src/build/lifecycle_msgs' returned '0': AMENT_PREFIX_PATH=/home/hikari/ROScribe/ros_ws/src/install/rosidl_default_runtime:/home/hikari/ROScribe/ros_ws/src/install/rosidl_default_generators:/home/hikari/ROScribe/ros_ws/src/install/rosidl_generator_rs:/home/hikari/ROScribe/ros_ws/src/install/rosidl_runtime_rs:${AMENT_PREFIX_PATH} CMAKE_PREFIX_PATH=/home/hikari/ROScribe/ros_ws/src/install/rosidl_default_runtime:/home/hikari/ROScribe/ros_ws/src/install/rosidl_default_generators:/home/hikari/ROScribe/ros_ws/src/install/rosidl_generator_rs:/opt/ros/humble PYTHONPATH=/home/hikari/ROScribe/ros_ws/src/install/rosidl_generator_rs/local/lib/python3.10/dist-packages:${PYTHONPATH} /usr/local/bin/cmake /home/hikari/ROScribe/ros_ws/src/ros2/rcl_interfaces/lifecycle_msgs -DCMAKE_INSTALL_PREFIX=/home/hikari/ROScribe/ros_ws/src/install/lifecycle_msgs
[12.460s] Invoking command in '/home/hikari/ROScribe/ros_ws/src/build/lifecycle_msgs': AMENT_PREFIX_PATH=/home/hikari/ROScribe/ros_ws/src/install/rosidl_default_runtime:/home/hikari/ROScribe/ros_ws/src/install/rosidl_default_generators:/home/hikari/ROScribe/ros_ws/src/install/rosidl_generator_rs:/home/hikari/ROScribe/ros_ws/src/install/rosidl_runtime_rs:${AMENT_PREFIX_PATH} CMAKE_PREFIX_PATH=/home/hikari/ROScribe/ros_ws/src/install/rosidl_default_runtime:/home/hikari/ROScribe/ros_ws/src/install/rosidl_default_generators:/home/hikari/ROScribe/ros_ws/src/install/rosidl_generator_rs:/opt/ros/humble PYTHONPATH=/home/hikari/ROScribe/ros_ws/src/install/rosidl_generator_rs/local/lib/python3.10/dist-packages:${PYTHONPATH} /usr/local/bin/cmake --build /home/hikari/ROScribe/ros_ws/src/build/lifecycle_msgs -- -j8 -l8
[12.843s] [  1%] [34m[1mGenerating Rust code for ROS interfaces[0m
[12.844s] [  2%] [34m[1mGenerating C code for ROS interfaces[0m
[12.912s] [  3%] [34m[1mGenerating C++ code for ROS interfaces[0m
[12.952s] [  3%] Built target ament_cmake_python_copy_lifecycle_msgs
[15.845s] running egg_info
[15.878s] creating lifecycle_msgs.egg-info
[16.186s] writing lifecycle_msgs.egg-info/PKG-INFO
[16.219s] writing dependency_links to lifecycle_msgs.egg-info/dependency_links.txt
[16.220s] writing top-level names to lifecycle_msgs.egg-info/top_level.txt
[16.221s] writing manifest file 'lifecycle_msgs.egg-info/SOURCES.txt'
[17.265s] reading manifest file 'lifecycle_msgs.egg-info/SOURCES.txt'
[17.280s] writing manifest file 'lifecycle_msgs.egg-info/SOURCES.txt'
[17.492s] [  3%] Built target ament_cmake_python_build_lifecycle_msgs_egg
[24.691s] [  3%] Built target lifecycle_msgs__rs
[28.233s] [  3%] Built target lifecycle_msgs__cpp
[28.453s] [  4%] [32mBuilding C object CMakeFiles/lifecycle_msgs__rosidl_generator_c.dir/rosidl_generator_c/lifecycle_msgs/msg/detail/state__functions.c.o[0m
[28.672s] [  5%] [32mBuilding C object CMakeFiles/lifecycle_msgs__rosidl_generator_c.dir/rosidl_generator_c/lifecycle_msgs/srv/detail/change_state__functions.c.o[0m
[28.905s] [  6%] [32mBuilding C object CMakeFiles/lifecycle_msgs__rosidl_generator_c.dir/rosidl_generator_c/lifecycle_msgs/srv/detail/get_available_states__functions.c.o[0m
[29.146s] [  7%] [32mBuilding C object CMakeFiles/lifecycle_msgs__rosidl_generator_c.dir/rosidl_generator_c/lifecycle_msgs/srv/detail/get_available_transitions__functions.c.o[0m
[29.353s] [  9%] [32mBuilding C object CMakeFiles/lifecycle_msgs__rosidl_generator_c.dir/rosidl_generator_c/lifecycle_msgs/srv/detail/get_state__functions.c.o[0m
[29.533s] [ 10%] [32mBuilding C object CMakeFiles/lifecycle_msgs__rosidl_generator_c.dir/rosidl_generator_c/lifecycle_msgs/msg/detail/transition_event__functions.c.o[0m
[29.673s] [ 11%] [32mBuilding C object CMakeFiles/lifecycle_msgs__rosidl_generator_c.dir/rosidl_generator_c/lifecycle_msgs/msg/detail/transition_description__functions.c.o[0m
[29.810s] [ 12%] [32mBuilding C object CMakeFiles/lifecycle_msgs__rosidl_generator_c.dir/rosidl_generator_c/lifecycle_msgs/msg/detail/transition__functions.c.o[0m
[29.956s] [ 13%] [32m[1mLinking C shared library liblifecycle_msgs__rosidl_generator_c.so[0m
[30.039s] [ 13%] Built target lifecycle_msgs__rosidl_generator_c
[30.047s] [ 14%] [34m[1mGenerating C++ type support dispatch for ROS interfaces[0m
[33.444s] [ 15%] [32mBuilding CXX object CMakeFiles/lifecycle_msgs__rosidl_typesupport_cpp.dir/rosidl_typesupport_cpp/lifecycle_msgs/msg/state__type_support.cpp.o[0m
[34.510s] [ 17%] [32mBuilding CXX object CMakeFiles/lifecycle_msgs__rosidl_typesupport_cpp.dir/rosidl_typesupport_cpp/lifecycle_msgs/msg/transition_description__type_support.cpp.o[0m
[34.955s] [ 18%] [32mBuilding CXX object CMakeFiles/lifecycle_msgs__rosidl_typesupport_cpp.dir/rosidl_typesupport_cpp/lifecycle_msgs/msg/transition_event__type_support.cpp.o[0m
[35.801s] [ 19%] [32mBuilding CXX object CMakeFiles/lifecycle_msgs__rosidl_typesupport_cpp.dir/rosidl_typesupport_cpp/lifecycle_msgs/srv/change_state__type_support.cpp.o[0m
[36.773s] [ 20%] [32mBuilding CXX object CMakeFiles/lifecycle_msgs__rosidl_typesupport_cpp.dir/rosidl_typesupport_cpp/lifecycle_msgs/srv/get_available_states__type_support.cpp.o[0m
[37.526s] [ 21%] [32mBuilding CXX object CMakeFiles/lifecycle_msgs__rosidl_typesupport_cpp.dir/rosidl_typesupport_cpp/lifecycle_msgs/srv/get_available_transitions__type_support.cpp.o[0m
[38.325s] [ 22%] [32mBuilding CXX object CMakeFiles/lifecycle_msgs__rosidl_typesupport_cpp.dir/rosidl_typesupport_cpp/lifecycle_msgs/srv/get_state__type_support.cpp.o[0m
[39.139s] [ 23%] [32mBuilding CXX object CMakeFiles/lifecycle_msgs__rosidl_typesupport_cpp.dir/rosidl_typesupport_cpp/lifecycle_msgs/msg/transition__type_support.cpp.o[0m
[40.065s] [ 25%] [32m[1mLinking CXX shared library liblifecycle_msgs__rosidl_typesupport_cpp.so[0m
[40.248s] [ 25%] Built target lifecycle_msgs__rosidl_typesupport_cpp
[40.261s] [ 26%] [34m[1mGenerating C type support dispatch for ROS interfaces[0m
[43.339s] [ 27%] [32mBuilding CXX object CMakeFiles/lifecycle_msgs__rosidl_typesupport_c.dir/rosidl_typesupport_c/lifecycle_msgs/msg/state__type_support.cpp.o[0m
[43.464s] [ 28%] [32mBuilding CXX object CMakeFiles/lifecycle_msgs__rosidl_typesupport_c.dir/rosidl_typesupport_c/lifecycle_msgs/msg/transition_event__type_support.cpp.o[0m
[43.565s] [ 29%] [32mBuilding CXX object CMakeFiles/lifecycle_msgs__rosidl_typesupport_c.dir/rosidl_typesupport_c/lifecycle_msgs/srv/change_state__type_support.cpp.o[0m
[43.696s] [ 30%] [32mBuilding CXX object CMakeFiles/lifecycle_msgs__rosidl_typesupport_c.dir/rosidl_typesupport_c/lifecycle_msgs/srv/get_available_states__type_support.cpp.o[0m
[43.804s] [ 31%] [32mBuilding CXX object CMakeFiles/lifecycle_msgs__rosidl_typesupport_c.dir/rosidl_typesupport_c/lifecycle_msgs/srv/get_available_transitions__type_support.cpp.o[0m
[43.919s] [ 32%] [32mBuilding CXX object CMakeFiles/lifecycle_msgs__rosidl_typesupport_c.dir/rosidl_typesupport_c/lifecycle_msgs/srv/get_state__type_support.cpp.o[0m
[44.020s] [ 34%] [32mBuilding CXX object CMakeFiles/lifecycle_msgs__rosidl_typesupport_c.dir/rosidl_typesupport_c/lifecycle_msgs/msg/transition_description__type_support.cpp.o[0m
[44.131s] [ 35%] [32mBuilding CXX object CMakeFiles/lifecycle_msgs__rosidl_typesupport_c.dir/rosidl_typesupport_c/lifecycle_msgs/msg/transition__type_support.cpp.o[0m
[44.223s] [ 36%] [32m[1mLinking CXX shared library liblifecycle_msgs__rosidl_typesupport_c.so[0m
[44.320s] [ 36%] Built target lifecycle_msgs__rosidl_typesupport_c
[44.332s] [ 37%] [34m[1mGenerating C introspection for ROS interfaces[0m
[47.695s] [ 38%] [32mBuilding C object CMakeFiles/lifecycle_msgs__rosidl_typesupport_introspection_c.dir/rosidl_typesupport_introspection_c/lifecycle_msgs/msg/detail/state__type_support.c.o[0m
[47.783s] [ 39%] [32mBuilding C object CMakeFiles/lifecycle_msgs__rosidl_typesupport_introspection_c.dir/rosidl_typesupport_introspection_c/lifecycle_msgs/srv/detail/change_state__type_support.c.o[0m
[47.883s] [ 40%] [32mBuilding C object CMakeFiles/lifecycle_msgs__rosidl_typesupport_introspection_c.dir/rosidl_typesupport_introspection_c/lifecycle_msgs/srv/detail/get_available_states__type_support.c.o[0m
[47.989s] [ 42%] [32mBuilding C object CMakeFiles/lifecycle_msgs__rosidl_typesupport_introspection_c.dir/rosidl_typesupport_introspection_c/lifecycle_msgs/srv/detail/get_available_transitions__type_support.c.o[0m
[48.099s] [ 43%] [32mBuilding C object CMakeFiles/lifecycle_msgs__rosidl_typesupport_introspection_c.dir/rosidl_typesupport_introspection_c/lifecycle_msgs/srv/detail/get_state__type_support.c.o[0m
[48.231s] [ 44%] [32mBuilding C object CMakeFiles/lifecycle_msgs__rosidl_typesupport_introspection_c.dir/rosidl_typesupport_introspection_c/lifecycle_msgs/msg/detail/transition_event__type_support.c.o[0m
[48.337s] [ 45%] [32mBuilding C object CMakeFiles/lifecycle_msgs__rosidl_typesupport_introspection_c.dir/rosidl_typesupport_introspection_c/lifecycle_msgs/msg/detail/transition_description__type_support.c.o[0m
[48.432s] [ 46%] [32mBuilding C object CMakeFiles/lifecycle_msgs__rosidl_typesupport_introspection_c.dir/rosidl_typesupport_introspection_c/lifecycle_msgs/msg/detail/transition__type_support.c.o[0m
[48.538s] [ 47%] [32m[1mLinking C shared library liblifecycle_msgs__rosidl_typesupport_introspection_c.so[0m
[48.645s] [ 47%] Built target lifecycle_msgs__rosidl_typesupport_introspection_c
[48.655s] [ 48%] [34m[1mGenerating C type support for eProsima Fast-RTPS[0m
[52.231s] [ 50%] [32mBuilding CXX object CMakeFiles/lifecycle_msgs__rosidl_typesupport_fastrtps_c.dir/rosidl_typesupport_fastrtps_c/lifecycle_msgs/msg/detail/state__type_support_c.cpp.o[0m
[53.442s] [ 51%] [32mBuilding CXX object CMakeFiles/lifecycle_msgs__rosidl_typesupport_fastrtps_c.dir/rosidl_typesupport_fastrtps_c/lifecycle_msgs/srv/detail/get_available_states__type_support_c.cpp.o[0m
[54.779s] [ 52%] [32mBuilding CXX object CMakeFiles/lifecycle_msgs__rosidl_typesupport_fastrtps_c.dir/rosidl_typesupport_fastrtps_c/lifecycle_msgs/srv/detail/get_available_transitions__type_support_c.cpp.o[0m
[55.980s] [ 53%] [32mBuilding CXX object CMakeFiles/lifecycle_msgs__rosidl_typesupport_fastrtps_c.dir/rosidl_typesupport_fastrtps_c/lifecycle_msgs/srv/detail/get_state__type_support_c.cpp.o[0m
[57.188s] [ 54%] [32mBuilding CXX object CMakeFiles/lifecycle_msgs__rosidl_typesupport_fastrtps_c.dir/rosidl_typesupport_fastrtps_c/lifecycle_msgs/srv/detail/change_state__type_support_c.cpp.o[0m
[58.355s] [ 55%] [32mBuilding CXX object CMakeFiles/lifecycle_msgs__rosidl_typesupport_fastrtps_c.dir/rosidl_typesupport_fastrtps_c/lifecycle_msgs/msg/detail/transition_event__type_support_c.cpp.o[0m
[59.560s] [ 56%] [32mBuilding CXX object CMakeFiles/lifecycle_msgs__rosidl_typesupport_fastrtps_c.dir/rosidl_typesupport_fastrtps_c/lifecycle_msgs/msg/detail/transition_description__type_support_c.cpp.o[0m
[60.890s] [ 57%] [32mBuilding CXX object CMakeFiles/lifecycle_msgs__rosidl_typesupport_fastrtps_c.dir/rosidl_typesupport_fastrtps_c/lifecycle_msgs/msg/detail/transition__type_support_c.cpp.o[0m
[62.034s] [ 59%] [32m[1mLinking CXX shared library liblifecycle_msgs__rosidl_typesupport_fastrtps_c.so[0m
[62.243s] [ 59%] Built target lifecycle_msgs__rosidl_typesupport_fastrtps_c
[62.252s] [ 60%] [34m[1mGenerating C++ introspection for ROS interfaces[0m
[65.335s] [ 61%] [32mBuilding CXX object CMakeFiles/lifecycle_msgs__rosidl_typesupport_introspection_cpp.dir/rosidl_typesupport_introspection_cpp/lifecycle_msgs/msg/detail/state__type_support.cpp.o[0m
[66.342s] [ 62%] [32mBuilding CXX object CMakeFiles/lifecycle_msgs__rosidl_typesupport_introspection_cpp.dir/rosidl_typesupport_introspection_cpp/lifecycle_msgs/srv/detail/get_available_transitions__type_support.cpp.o[0m
[66.795s] [ 63%] [32mBuilding CXX object CMakeFiles/lifecycle_msgs__rosidl_typesupport_introspection_cpp.dir/rosidl_typesupport_introspection_cpp/lifecycle_msgs/srv/detail/get_available_states__type_support.cpp.o[0m
[68.732s] [ 64%] [32mBuilding CXX object CMakeFiles/lifecycle_msgs__rosidl_typesupport_introspection_cpp.dir/rosidl_typesupport_introspection_cpp/lifecycle_msgs/srv/detail/get_state__type_support.cpp.o[0m
[69.392s] [ 65%] [32mBuilding CXX object CMakeFiles/lifecycle_msgs__rosidl_typesupport_introspection_cpp.dir/rosidl_typesupport_introspection_cpp/lifecycle_msgs/srv/detail/change_state__type_support.cpp.o[0m
[72.631s] [ 67%] [32mBuilding CXX object CMakeFiles/lifecycle_msgs__rosidl_typesupport_introspection_cpp.dir/rosidl_typesupport_introspection_cpp/lifecycle_msgs/msg/detail/transition_event__type_support.cpp.o[0m
[73.929s] [ 68%] [32mBuilding CXX object CMakeFiles/lifecycle_msgs__rosidl_typesupport_introspection_cpp.dir/rosidl_typesupport_introspection_cpp/lifecycle_msgs/msg/detail/transition_description__type_support.cpp.o[0m
[75.233s] [ 69%] [32mBuilding CXX object CMakeFiles/lifecycle_msgs__rosidl_typesupport_introspection_cpp.dir/rosidl_typesupport_introspection_cpp/lifecycle_msgs/msg/detail/transition__type_support.cpp.o[0m
[76.461s] [ 70%] [32m[1mLinking CXX shared library liblifecycle_msgs__rosidl_typesupport_introspection_cpp.so[0m
[76.662s] [ 70%] Built target lifecycle_msgs__rosidl_typesupport_introspection_cpp
[76.671s] [ 71%] [34m[1mGenerating C++ type support for eProsima Fast-RTPS[0m
[80.188s] [ 72%] [32mBuilding CXX object CMakeFiles/lifecycle_msgs__rosidl_typesupport_fastrtps_cpp.dir/rosidl_typesupport_fastrtps_cpp/lifecycle_msgs/msg/detail/dds_fastrtps/state__type_support.cpp.o[0m
[81.431s] [ 73%] [32mBuilding CXX object CMakeFiles/lifecycle_msgs__rosidl_typesupport_fastrtps_cpp.dir/rosidl_typesupport_fastrtps_cpp/lifecycle_msgs/srv/detail/dds_fastrtps/get_state__type_support.cpp.o[0m
[82.663s] [ 75%] [32mBuilding CXX object CMakeFiles/lifecycle_msgs__rosidl_typesupport_fastrtps_cpp.dir/rosidl_typesupport_fastrtps_cpp/lifecycle_msgs/srv/detail/dds_fastrtps/get_available_transitions__type_support.cpp.o[0m
[84.091s] [ 76%] [32mBuilding CXX object CMakeFiles/lifecycle_msgs__rosidl_typesupport_fastrtps_cpp.dir/rosidl_typesupport_fastrtps_cpp/lifecycle_msgs/srv/detail/dds_fastrtps/get_available_states__type_support.cpp.o[0m
[85.438s] [ 77%] [32mBuilding CXX object CMakeFiles/lifecycle_msgs__rosidl_typesupport_fastrtps_cpp.dir/rosidl_typesupport_fastrtps_cpp/lifecycle_msgs/srv/detail/dds_fastrtps/change_state__type_support.cpp.o[0m
[86.676s] [ 78%] [32mBuilding CXX object CMakeFiles/lifecycle_msgs__rosidl_typesupport_fastrtps_cpp.dir/rosidl_typesupport_fastrtps_cpp/lifecycle_msgs/msg/detail/dds_fastrtps/transition_event__type_support.cpp.o[0m
[87.898s] [ 79%] [32mBuilding CXX object CMakeFiles/lifecycle_msgs__rosidl_typesupport_fastrtps_cpp.dir/rosidl_typesupport_fastrtps_cpp/lifecycle_msgs/msg/detail/dds_fastrtps/transition_description__type_support.cpp.o[0m
[89.115s] [ 80%] [32mBuilding CXX object CMakeFiles/lifecycle_msgs__rosidl_typesupport_fastrtps_cpp.dir/rosidl_typesupport_fastrtps_cpp/lifecycle_msgs/msg/detail/dds_fastrtps/transition__type_support.cpp.o[0m
[90.382s] [ 81%] [32m[1mLinking CXX shared library liblifecycle_msgs__rosidl_typesupport_fastrtps_cpp.so[0m
[90.595s] [ 81%] Built target lifecycle_msgs__rosidl_typesupport_fastrtps_cpp
[90.611s] [ 81%] Built target lifecycle_msgs
[90.631s] [ 82%] [34m[1mGenerating Python code for ROS interfaces[0m
[99.755s] [ 82%] Built target lifecycle_msgs__py
[99.779s] [ 84%] [32mBuilding C object CMakeFiles/lifecycle_msgs__rosidl_generator_py.dir/rosidl_generator_py/lifecycle_msgs/msg/_state_s.c.o[0m
[99.782s] [ 85%] [32mBuilding C object CMakeFiles/lifecycle_msgs__rosidl_generator_py.dir/rosidl_generator_py/lifecycle_msgs/msg/_transition_s.c.o[0m
[100.389s] [ 86%] [32mBuilding C object CMakeFiles/lifecycle_msgs__rosidl_generator_py.dir/rosidl_generator_py/lifecycle_msgs/srv/_get_state_s.c.o[0m
[100.436s] [ 87%] [32mBuilding C object CMakeFiles/lifecycle_msgs__rosidl_generator_py.dir/rosidl_generator_py/lifecycle_msgs/srv/_get_available_transitions_s.c.o[0m
[100.926s] [ 88%] [32mBuilding C object CMakeFiles/lifecycle_msgs__rosidl_generator_py.dir/rosidl_generator_py/lifecycle_msgs/srv/_get_available_states_s.c.o[0m
[101.003s] [ 89%] [32mBuilding C object CMakeFiles/lifecycle_msgs__rosidl_generator_py.dir/rosidl_generator_py/lifecycle_msgs/srv/_change_state_s.c.o[0m
[101.680s] [ 90%] [32mBuilding C object CMakeFiles/lifecycle_msgs__rosidl_generator_py.dir/rosidl_generator_py/lifecycle_msgs/msg/_transition_event_s.c.o[0m
[101.735s] [ 92%] [32mBuilding C object CMakeFiles/lifecycle_msgs__rosidl_generator_py.dir/rosidl_generator_py/lifecycle_msgs/msg/_transition_description_s.c.o[0m
[102.370s] [ 93%] [32m[1mLinking C shared library rosidl_generator_py/lifecycle_msgs/liblifecycle_msgs__rosidl_generator_py.so[0m
[102.504s] [ 93%] Built target lifecycle_msgs__rosidl_generator_py
[102.536s] [ 94%] [32mBuilding C object CMakeFiles/lifecycle_msgs__rosidl_typesupport_fastrtps_c__pyext.dir/rosidl_generator_py/lifecycle_msgs/_lifecycle_msgs_s.ep.rosidl_typesupport_fastrtps_c.c.o[0m
[102.564s] [ 95%] [32mBuilding C object CMakeFiles/lifecycle_msgs__rosidl_typesupport_introspection_c__pyext.dir/rosidl_generator_py/lifecycle_msgs/_lifecycle_msgs_s.ep.rosidl_typesupport_introspection_c.c.o[0m
[103.392s] [ 96%] [32m[1mLinking C shared library rosidl_generator_py/lifecycle_msgs/lifecycle_msgs_s__rosidl_typesupport_introspection_c.cpython-310-x86_64-linux-gnu.so[0m
[103.414s] [ 97%] [32m[1mLinking C shared library rosidl_generator_py/lifecycle_msgs/lifecycle_msgs_s__rosidl_typesupport_fastrtps_c.cpython-310-x86_64-linux-gnu.so[0m
[103.553s] [ 97%] Built target lifecycle_msgs__rosidl_typesupport_introspection_c__pyext
[103.554s] [ 97%] Built target lifecycle_msgs__rosidl_typesupport_fastrtps_c__pyext
[103.579s] [ 98%] [32mBuilding C object CMakeFiles/lifecycle_msgs__rosidl_typesupport_c__pyext.dir/rosidl_generator_py/lifecycle_msgs/_lifecycle_msgs_s.ep.rosidl_typesupport_c.c.o[0m
[104.369s] [100%] [32m[1mLinking C shared library rosidl_generator_py/lifecycle_msgs/lifecycle_msgs_s__rosidl_typesupport_c.cpython-310-x86_64-linux-gnu.so[0m
[104.513s] [100%] Built target lifecycle_msgs__rosidl_typesupport_c__pyext
[104.663s] Invoked command in '/home/hikari/ROScribe/ros_ws/src/build/lifecycle_msgs' returned '0': AMENT_PREFIX_PATH=/home/hikari/ROScribe/ros_ws/src/install/rosidl_default_runtime:/home/hikari/ROScribe/ros_ws/src/install/rosidl_default_generators:/home/hikari/ROScribe/ros_ws/src/install/rosidl_generator_rs:/home/hikari/ROScribe/ros_ws/src/install/rosidl_runtime_rs:${AMENT_PREFIX_PATH} CMAKE_PREFIX_PATH=/home/hikari/ROScribe/ros_ws/src/install/rosidl_default_runtime:/home/hikari/ROScribe/ros_ws/src/install/rosidl_default_generators:/home/hikari/ROScribe/ros_ws/src/install/rosidl_generator_rs:/opt/ros/humble PYTHONPATH=/home/hikari/ROScribe/ros_ws/src/install/rosidl_generator_rs/local/lib/python3.10/dist-packages:${PYTHONPATH} /usr/local/bin/cmake --build /home/hikari/ROScribe/ros_ws/src/build/lifecycle_msgs -- -j8 -l8
[105.891s] Invoking command in '/home/hikari/ROScribe/ros_ws/src/build/lifecycle_msgs': AMENT_PREFIX_PATH=/home/hikari/ROScribe/ros_ws/src/install/rosidl_default_runtime:/home/hikari/ROScribe/ros_ws/src/install/rosidl_default_generators:/home/hikari/ROScribe/ros_ws/src/install/rosidl_generator_rs:/home/hikari/ROScribe/ros_ws/src/install/rosidl_runtime_rs:${AMENT_PREFIX_PATH} CMAKE_PREFIX_PATH=/home/hikari/ROScribe/ros_ws/src/install/rosidl_default_runtime:/home/hikari/ROScribe/ros_ws/src/install/rosidl_default_generators:/home/hikari/ROScribe/ros_ws/src/install/rosidl_generator_rs:/opt/ros/humble PYTHONPATH=/home/hikari/ROScribe/ros_ws/src/install/rosidl_generator_rs/local/lib/python3.10/dist-packages:${PYTHONPATH} /usr/local/bin/cmake --install /home/hikari/ROScribe/ros_ws/src/build/lifecycle_msgs
[105.996s] -- Install configuration: ""
[105.998s] -- Installing: /home/hikari/ROScribe/ros_ws/src/install/lifecycle_msgs/share/ament_index/resource_index/rosidl_interfaces/lifecycle_msgs
[105.999s] -- Installing: /home/hikari/ROScribe/ros_ws/src/install/lifecycle_msgs/include/lifecycle_msgs/lifecycle_msgs
[106.001s] -- Installing: /home/hikari/ROScribe/ros_ws/src/install/lifecycle_msgs/include/lifecycle_msgs/lifecycle_msgs/srv
[106.002s] -- Installing: /home/hikari/ROScribe/ros_ws/src/install/lifecycle_msgs/include/lifecycle_msgs/lifecycle_msgs/srv/get_available_states.h
[106.002s] -- Installing: /home/hikari/ROScribe/ros_ws/src/install/lifecycle_msgs/include/lifecycle_msgs/lifecycle_msgs/srv/change_state.h
[106.003s] -- Installing: /home/hikari/ROScribe/ros_ws/src/install/lifecycle_msgs/include/lifecycle_msgs/lifecycle_msgs/srv/get_available_transitions.h
[106.003s] -- Installing: /home/hikari/ROScribe/ros_ws/src/install/lifecycle_msgs/include/lifecycle_msgs/lifecycle_msgs/srv/get_state.h
[106.004s] -- Installing: /home/hikari/ROScribe/ros_ws/src/install/lifecycle_msgs/include/lifecycle_msgs/lifecycle_msgs/srv/detail
[106.004s] -- Installing: /home/hikari/ROScribe/ros_ws/src/install/lifecycle_msgs/include/lifecycle_msgs/lifecycle_msgs/srv/detail/get_state__type_support.h
[106.004s] -- Installing: /home/hikari/ROScribe/ros_ws/src/install/lifecycle_msgs/include/lifecycle_msgs/lifecycle_msgs/srv/detail/change_state__type_support.h
[106.005s] -- Installing: /home/hikari/ROScribe/ros_ws/src/install/lifecycle_msgs/include/lifecycle_msgs/lifecycle_msgs/srv/detail/get_state__struct.h
[106.005s] -- Installing: /home/hikari/ROScribe/ros_ws/src/install/lifecycle_msgs/include/lifecycle_msgs/lifecycle_msgs/srv/detail/get_available_states__functions.h
[106.006s] -- Installing: /home/hikari/ROScribe/ros_ws/src/install/lifecycle_msgs/include/lifecycle_msgs/lifecycle_msgs/srv/detail/get_available_transitions__functions.h
[106.006s] -- Installing: /home/hikari/ROScribe/ros_ws/src/install/lifecycle_msgs/include/lifecycle_msgs/lifecycle_msgs/srv/detail/get_available_transitions__type_support.h
[106.006s] -- Installing: /home/hikari/ROScribe/ros_ws/src/install/lifecycle_msgs/include/lifecycle_msgs/lifecycle_msgs/srv/detail/get_available_transitions__struct.h
[106.007s] -- Installing: /home/hikari/ROScribe/ros_ws/src/install/lifecycle_msgs/include/lifecycle_msgs/lifecycle_msgs/srv/detail/change_state__functions.c
[106.007s] -- Installing: /home/hikari/ROScribe/ros_ws/src/install/lifecycle_msgs/include/lifecycle_msgs/lifecycle_msgs/srv/detail/get_available_states__functions.c
[106.008s] -- Installing: /home/hikari/ROScribe/ros_ws/src/install/lifecycle_msgs/include/lifecycle_msgs/lifecycle_msgs/srv/detail/change_state__struct.h
[106.014s] -- Installing: /home/hikari/ROScribe/ros_ws/src/install/lifecycle_msgs/include/lifecycle_msgs/lifecycle_msgs/srv/detail/get_available_states__type_support.h
[106.014s] -- Installing: /home/hikari/ROScribe/ros_ws/src/install/lifecycle_msgs/include/lifecycle_msgs/lifecycle_msgs/srv/detail/get_state__functions.h
[106.015s] -- Installing: /home/hikari/ROScribe/ros_ws/src/install/lifecycle_msgs/include/lifecycle_msgs/lifecycle_msgs/srv/detail/get_available_states__struct.h
[106.015s] -- Installing: /home/hikari/ROScribe/ros_ws/src/install/lifecycle_msgs/include/lifecycle_msgs/lifecycle_msgs/srv/detail/change_state__functions.h
[106.015s] -- Installing: /home/hikari/ROScribe/ros_ws/src/install/lifecycle_msgs/include/lifecycle_msgs/lifecycle_msgs/srv/detail/get_available_transitions__functions.c
[106.015s] -- Installing: /home/hikari/ROScribe/ros_ws/src/install/lifecycle_msgs/include/lifecycle_msgs/lifecycle_msgs/srv/detail/get_state__functions.c
[106.016s] -- Installing: /home/hikari/ROScribe/ros_ws/src/install/lifecycle_msgs/include/lifecycle_msgs/lifecycle_msgs/msg
[106.016s] -- Installing: /home/hikari/ROScribe/ros_ws/src/install/lifecycle_msgs/include/lifecycle_msgs/lifecycle_msgs/msg/transition_event.h
[106.016s] -- Installing: /home/hikari/ROScribe/ros_ws/src/install/lifecycle_msgs/include/lifecycle_msgs/lifecycle_msgs/msg/transition.h
[106.016s] -- Installing: /home/hikari/ROScribe/ros_ws/src/install/lifecycle_msgs/include/lifecycle_msgs/lifecycle_msgs/msg/transition_description.h
[106.017s] -- Installing: /home/hikari/ROScribe/ros_ws/src/install/lifecycle_msgs/include/lifecycle_msgs/lifecycle_msgs/msg/rosidl_generator_c__visibility_control.h
[106.017s] -- Installing: /home/hikari/ROScribe/ros_ws/src/install/lifecycle_msgs/include/lifecycle_msgs/lifecycle_msgs/msg/detail
[106.018s] -- Installing: /home/hikari/ROScribe/ros_ws/src/install/lifecycle_msgs/include/lifecycle_msgs/lifecycle_msgs/msg/detail/transition_event__functions.c
[106.019s] -- Installing: /home/hikari/ROScribe/ros_ws/src/install/lifecycle_msgs/include/lifecycle_msgs/lifecycle_msgs/msg/detail/state__struct.h
[106.019s] -- Installing: /home/hikari/ROScribe/ros_ws/src/install/lifecycle_msgs/include/lifecycle_msgs/lifecycle_msgs/msg/detail/transition__type_support.h
[106.020s] -- Installing: /home/hikari/ROScribe/ros_ws/src/install/lifecycle_msgs/include/lifecycle_msgs/lifecycle_msgs/msg/detail/transition_event__struct.h
[106.020s] -- Installing: /home/hikari/ROScribe/ros_ws/src/install/lifecycle_msgs/include/lifecycle_msgs/lifecycle_msgs/msg/detail/transition_description__struct.h
[106.020s] -- Installing: /home/hikari/ROScribe/ros_ws/src/install/lifecycle_msgs/include/lifecycle_msgs/lifecycle_msgs/msg/detail/transition_event__functions.h
[106.021s] -- Installing: /home/hikari/ROScribe/ros_ws/src/install/lifecycle_msgs/include/lifecycle_msgs/lifecycle_msgs/msg/detail/state__type_support.h
[106.022s] -- Installing: /home/hikari/ROScribe/ros_ws/src/install/lifecycle_msgs/include/lifecycle_msgs/lifecycle_msgs/msg/detail/transition_description__functions.c
[106.022s] -- Installing: /home/hikari/ROScribe/ros_ws/src/install/lifecycle_msgs/include/lifecycle_msgs/lifecycle_msgs/msg/detail/transition_description__functions.h
[106.023s] -- Installing: /home/hikari/ROScribe/ros_ws/src/install/lifecycle_msgs/include/lifecycle_msgs/lifecycle_msgs/msg/detail/transition__functions.h
[106.023s] -- Installing: /home/hikari/ROScribe/ros_ws/src/install/lifecycle_msgs/include/lifecycle_msgs/lifecycle_msgs/msg/detail/transition_description__type_support.h
[106.023s] -- Installing: /home/hikari/ROScribe/ros_ws/src/install/lifecycle_msgs/include/lifecycle_msgs/lifecycle_msgs/msg/detail/transition__functions.c
[106.024s] -- Installing: /home/hikari/ROScribe/ros_ws/src/install/lifecycle_msgs/include/lifecycle_msgs/lifecycle_msgs/msg/detail/state__functions.c
[106.024s] -- Installing: /home/hikari/ROScribe/ros_ws/src/install/lifecycle_msgs/include/lifecycle_msgs/lifecycle_msgs/msg/detail/transition_event__type_support.h
[106.024s] -- Installing: /home/hikari/ROScribe/ros_ws/src/install/lifecycle_msgs/include/lifecycle_msgs/lifecycle_msgs/msg/detail/state__functions.h
[106.025s] -- Installing: /home/hikari/ROScribe/ros_ws/src/install/lifecycle_msgs/include/lifecycle_msgs/lifecycle_msgs/msg/detail/transition__struct.h
[106.025s] -- Installing: /home/hikari/ROScribe/ros_ws/src/install/lifecycle_msgs/include/lifecycle_msgs/lifecycle_msgs/msg/state.h
[106.028s] -- Installing: /home/hikari/ROScribe/ros_ws/src/install/lifecycle_msgs/share/lifecycle_msgs/environment/library_path.sh
[106.028s] -- Installing: /home/hikari/ROScribe/ros_ws/src/install/lifecycle_msgs/share/lifecycle_msgs/environment/library_path.dsv
[106.030s] -- Installing: /home/hikari/ROScribe/ros_ws/src/install/lifecycle_msgs/lib/liblifecycle_msgs__rosidl_generator_c.so
[106.032s] -- Set runtime path of "/home/hikari/ROScribe/ros_ws/src/install/lifecycle_msgs/lib/liblifecycle_msgs__rosidl_generator_c.so" to ""
[106.032s] -- Up-to-date: /home/hikari/ROScribe/ros_ws/src/install/lifecycle_msgs/include/lifecycle_msgs/lifecycle_msgs
[106.033s] -- Up-to-date: /home/hikari/ROScribe/ros_ws/src/install/lifecycle_msgs/include/lifecycle_msgs/lifecycle_msgs/srv
[106.033s] -- Up-to-date: /home/hikari/ROScribe/ros_ws/src/install/lifecycle_msgs/include/lifecycle_msgs/lifecycle_msgs/srv/detail
[106.033s] -- Installing: /home/hikari/ROScribe/ros_ws/src/install/lifecycle_msgs/include/lifecycle_msgs/lifecycle_msgs/srv/detail/get_state__rosidl_typesupport_fastrtps_c.h
[106.033s] -- Installing: /home/hikari/ROScribe/ros_ws/src/install/lifecycle_msgs/include/lifecycle_msgs/lifecycle_msgs/srv/detail/get_available_states__rosidl_typesupport_fastrtps_c.h
[106.033s] -- Installing: /home/hikari/ROScribe/ros_ws/src/install/lifecycle_msgs/include/lifecycle_msgs/lifecycle_msgs/srv/detail/change_state__rosidl_typesupport_fastrtps_c.h
[106.034s] -- Installing: /home/hikari/ROScribe/ros_ws/src/install/lifecycle_msgs/include/lifecycle_msgs/lifecycle_msgs/srv/detail/get_available_transitions__rosidl_typesupport_fastrtps_c.h
[106.034s] -- Up-to-date: /home/hikari/ROScribe/ros_ws/src/install/lifecycle_msgs/include/lifecycle_msgs/lifecycle_msgs/msg
[106.034s] -- Installing: /home/hikari/ROScribe/ros_ws/src/install/lifecycle_msgs/include/lifecycle_msgs/lifecycle_msgs/msg/rosidl_typesupport_fastrtps_c__visibility_control.h
[106.034s] -- Up-to-date: /home/hikari/ROScribe/ros_ws/src/install/lifecycle_msgs/include/lifecycle_msgs/lifecycle_msgs/msg/detail
[106.034s] -- Installing: /home/hikari/ROScribe/ros_ws/src/install/lifecycle_msgs/include/lifecycle_msgs/lifecycle_msgs/msg/detail/transition_description__rosidl_typesupport_fastrtps_c.h
[106.035s] -- Installing: /home/hikari/ROScribe/ros_ws/src/install/lifecycle_msgs/include/lifecycle_msgs/lifecycle_msgs/msg/detail/transition__rosidl_typesupport_fastrtps_c.h
[106.035s] -- Installing: /home/hikari/ROScribe/ros_ws/src/install/lifecycle_msgs/include/lifecycle_msgs/lifecycle_msgs/msg/detail/transition_event__rosidl_typesupport_fastrtps_c.h
[106.035s] -- Installing: /home/hikari/ROScribe/ros_ws/src/install/lifecycle_msgs/include/lifecycle_msgs/lifecycle_msgs/msg/detail/state__rosidl_typesupport_fastrtps_c.h
[106.037s] -- Installing: /home/hikari/ROScribe/ros_ws/src/install/lifecycle_msgs/lib/liblifecycle_msgs__rosidl_typesupport_fastrtps_c.so
[106.038s] -- Set runtime path of "/home/hikari/ROScribe/ros_ws/src/install/lifecycle_msgs/lib/liblifecycle_msgs__rosidl_typesupport_fastrtps_c.so" to ""
[106.039s] -- Up-to-date: /home/hikari/ROScribe/ros_ws/src/install/lifecycle_msgs/include/lifecycle_msgs/lifecycle_msgs
[106.039s] -- Up-to-date: /home/hikari/ROScribe/ros_ws/src/install/lifecycle_msgs/include/lifecycle_msgs/lifecycle_msgs/srv
[106.039s] -- Up-to-date: /home/hikari/ROScribe/ros_ws/src/install/lifecycle_msgs/include/lifecycle_msgs/lifecycle_msgs/srv/detail
[106.040s] -- Installing: /home/hikari/ROScribe/ros_ws/src/install/lifecycle_msgs/include/lifecycle_msgs/lifecycle_msgs/srv/detail/change_state__rosidl_typesupport_introspection_c.h
[106.040s] -- Installing: /home/hikari/ROScribe/ros_ws/src/install/lifecycle_msgs/include/lifecycle_msgs/lifecycle_msgs/srv/detail/get_available_transitions__rosidl_typesupport_introspection_c.h
[106.040s] -- Installing: /home/hikari/ROScribe/ros_ws/src/install/lifecycle_msgs/include/lifecycle_msgs/lifecycle_msgs/srv/detail/change_state__type_support.c
[106.041s] -- Installing: /home/hikari/ROScribe/ros_ws/src/install/lifecycle_msgs/include/lifecycle_msgs/lifecycle_msgs/srv/detail/get_state__type_support.c
[106.041s] -- Installing: /home/hikari/ROScribe/ros_ws/src/install/lifecycle_msgs/include/lifecycle_msgs/lifecycle_msgs/srv/detail/get_available_states__rosidl_typesupport_introspection_c.h
[106.041s] -- Installing: /home/hikari/ROScribe/ros_ws/src/install/lifecycle_msgs/include/lifecycle_msgs/lifecycle_msgs/srv/detail/get_state__rosidl_typesupport_introspection_c.h
[106.041s] -- Installing: /home/hikari/ROScribe/ros_ws/src/install/lifecycle_msgs/include/lifecycle_msgs/lifecycle_msgs/srv/detail/get_available_states__type_support.c
[106.042s] -- Installing: /home/hikari/ROScribe/ros_ws/src/install/lifecycle_msgs/include/lifecycle_msgs/lifecycle_msgs/srv/detail/get_available_transitions__type_support.c
[106.042s] -- Up-to-date: /home/hikari/ROScribe/ros_ws/src/install/lifecycle_msgs/include/lifecycle_msgs/lifecycle_msgs/msg
[106.043s] -- Installing: /home/hikari/ROScribe/ros_ws/src/install/lifecycle_msgs/include/lifecycle_msgs/lifecycle_msgs/msg/rosidl_typesupport_introspection_c__visibility_control.h
[106.043s] -- Up-to-date: /home/hikari/ROScribe/ros_ws/src/install/lifecycle_msgs/include/lifecycle_msgs/lifecycle_msgs/msg/detail
[106.044s] -- Installing: /home/hikari/ROScribe/ros_ws/src/install/lifecycle_msgs/include/lifecycle_msgs/lifecycle_msgs/msg/detail/state__rosidl_typesupport_introspection_c.h
[106.044s] -- Installing: /home/hikari/ROScribe/ros_ws/src/install/lifecycle_msgs/include/lifecycle_msgs/lifecycle_msgs/msg/detail/transition_event__type_support.c
[106.044s] -- Installing: /home/hikari/ROScribe/ros_ws/src/install/lifecycle_msgs/include/lifecycle_msgs/lifecycle_msgs/msg/detail/transition_description__type_support.c
[106.044s] -- Installing: /home/hikari/ROScribe/ros_ws/src/install/lifecycle_msgs/include/lifecycle_msgs/lifecycle_msgs/msg/detail/transition_description__rosidl_typesupport_introspection_c.h
[106.045s] -- Installing: /home/hikari/ROScribe/ros_ws/src/install/lifecycle_msgs/include/lifecycle_msgs/lifecycle_msgs/msg/detail/state__type_support.c
[106.045s] -- Installing: /home/hikari/ROScribe/ros_ws/src/install/lifecycle_msgs/include/lifecycle_msgs/lifecycle_msgs/msg/detail/transition_event__rosidl_typesupport_introspection_c.h
[106.045s] -- Installing: /home/hikari/ROScribe/ros_ws/src/install/lifecycle_msgs/include/lifecycle_msgs/lifecycle_msgs/msg/detail/transition__type_support.c
[106.046s] -- Installing: /home/hikari/ROScribe/ros_ws/src/install/lifecycle_msgs/include/lifecycle_msgs/lifecycle_msgs/msg/detail/transition__rosidl_typesupport_introspection_c.h
[106.046s] -- Installing: /home/hikari/ROScribe/ros_ws/src/install/lifecycle_msgs/lib/liblifecycle_msgs__rosidl_typesupport_introspection_c.so
[106.048s] -- Set runtime path of "/home/hikari/ROScribe/ros_ws/src/install/lifecycle_msgs/lib/liblifecycle_msgs__rosidl_typesupport_introspection_c.so" to ""
[106.049s] -- Installing: /home/hikari/ROScribe/ros_ws/src/install/lifecycle_msgs/lib/liblifecycle_msgs__rosidl_typesupport_c.so
[106.049s] -- Set runtime path of "/home/hikari/ROScribe/ros_ws/src/install/lifecycle_msgs/lib/liblifecycle_msgs__rosidl_typesupport_c.so" to ""
[106.049s] -- Up-to-date: /home/hikari/ROScribe/ros_ws/src/install/lifecycle_msgs/include/lifecycle_msgs/lifecycle_msgs
[106.050s] -- Up-to-date: /home/hikari/ROScribe/ros_ws/src/install/lifecycle_msgs/include/lifecycle_msgs/lifecycle_msgs/srv
[106.051s] -- Installing: /home/hikari/ROScribe/ros_ws/src/install/lifecycle_msgs/include/lifecycle_msgs/lifecycle_msgs/srv/get_available_states.hpp
[106.051s] -- Installing: /home/hikari/ROScribe/ros_ws/src/install/lifecycle_msgs/include/lifecycle_msgs/lifecycle_msgs/srv/change_state.hpp
[106.052s] -- Installing: /home/hikari/ROScribe/ros_ws/src/install/lifecycle_msgs/include/lifecycle_msgs/lifecycle_msgs/srv/get_state.hpp
[106.053s] -- Up-to-date: /home/hikari/ROScribe/ros_ws/src/install/lifecycle_msgs/include/lifecycle_msgs/lifecycle_msgs/srv/detail
[106.053s] -- Installing: /home/hikari/ROScribe/ros_ws/src/install/lifecycle_msgs/include/lifecycle_msgs/lifecycle_msgs/srv/detail/get_available_states__traits.hpp
[106.053s] -- Installing: /home/hikari/ROScribe/ros_ws/src/install/lifecycle_msgs/include/lifecycle_msgs/lifecycle_msgs/srv/detail/get_available_states__struct.hpp
[106.054s] -- Installing: /home/hikari/ROScribe/ros_ws/src/install/lifecycle_msgs/include/lifecycle_msgs/lifecycle_msgs/srv/detail/get_available_states__builder.hpp
[106.055s] -- Installing: /home/hikari/ROScribe/ros_ws/src/install/lifecycle_msgs/include/lifecycle_msgs/lifecycle_msgs/srv/detail/get_state__traits.hpp
[106.056s] -- Installing: /home/hikari/ROScribe/ros_ws/src/install/lifecycle_msgs/include/lifecycle_msgs/lifecycle_msgs/srv/detail/change_state__struct.hpp
[106.056s] -- Installing: /home/hikari/ROScribe/ros_ws/src/install/lifecycle_msgs/include/lifecycle_msgs/lifecycle_msgs/srv/detail/get_available_transitions__struct.hpp
[106.057s] -- Installing: /home/hikari/ROScribe/ros_ws/src/install/lifecycle_msgs/include/lifecycle_msgs/lifecycle_msgs/srv/detail/get_state__struct.hpp
[106.063s] -- Installing: /home/hikari/ROScribe/ros_ws/src/install/lifecycle_msgs/include/lifecycle_msgs/lifecycle_msgs/srv/detail/get_state__builder.hpp
[106.063s] -- Installing: /home/hikari/ROScribe/ros_ws/src/install/lifecycle_msgs/include/lifecycle_msgs/lifecycle_msgs/srv/detail/change_state__traits.hpp
[106.063s] -- Installing: /home/hikari/ROScribe/ros_ws/src/install/lifecycle_msgs/include/lifecycle_msgs/lifecycle_msgs/srv/detail/get_available_transitions__traits.hpp
[106.064s] -- Installing: /home/hikari/ROScribe/ros_ws/src/install/lifecycle_msgs/include/lifecycle_msgs/lifecycle_msgs/srv/detail/change_state__builder.hpp
[106.078s] -- Installing: /home/hikari/ROScribe/ros_ws/src/install/lifecycle_msgs/include/lifecycle_msgs/lifecycle_msgs/srv/detail/get_available_transitions__builder.hpp
[106.079s] -- Installing: /home/hikari/ROScribe/ros_ws/src/install/lifecycle_msgs/include/lifecycle_msgs/lifecycle_msgs/srv/get_available_transitions.hpp
[106.079s] -- Up-to-date: /home/hikari/ROScribe/ros_ws/src/install/lifecycle_msgs/include/lifecycle_msgs/lifecycle_msgs/msg
[106.080s] -- Installing: /home/hikari/ROScribe/ros_ws/src/install/lifecycle_msgs/include/lifecycle_msgs/lifecycle_msgs/msg/transition.hpp
[106.080s] -- Installing: /home/hikari/ROScribe/ros_ws/src/install/lifecycle_msgs/include/lifecycle_msgs/lifecycle_msgs/msg/transition_description.hpp
[106.080s] -- Installing: /home/hikari/ROScribe/ros_ws/src/install/lifecycle_msgs/include/lifecycle_msgs/lifecycle_msgs/msg/transition_event.hpp
[106.081s] -- Up-to-date: /home/hikari/ROScribe/ros_ws/src/install/lifecycle_msgs/include/lifecycle_msgs/lifecycle_msgs/msg/detail
[106.082s] -- Installing: /home/hikari/ROScribe/ros_ws/src/install/lifecycle_msgs/include/lifecycle_msgs/lifecycle_msgs/msg/detail/transition__builder.hpp
[106.082s] -- Installing: /home/hikari/ROScribe/ros_ws/src/install/lifecycle_msgs/include/lifecycle_msgs/lifecycle_msgs/msg/detail/state__traits.hpp
[106.083s] -- Installing: /home/hikari/ROScribe/ros_ws/src/install/lifecycle_msgs/include/lifecycle_msgs/lifecycle_msgs/msg/detail/transition__traits.hpp
[106.083s] -- Installing: /home/hikari/ROScribe/ros_ws/src/install/lifecycle_msgs/include/lifecycle_msgs/lifecycle_msgs/msg/detail/transition_description__builder.hpp
[106.083s] -- Installing: /home/hikari/ROScribe/ros_ws/src/install/lifecycle_msgs/include/lifecycle_msgs/lifecycle_msgs/msg/detail/state__struct.hpp
[106.083s] -- Installing: /home/hikari/ROScribe/ros_ws/src/install/lifecycle_msgs/include/lifecycle_msgs/lifecycle_msgs/msg/detail/transition_event__builder.hpp
[106.084s] -- Installing: /home/hikari/ROScribe/ros_ws/src/install/lifecycle_msgs/include/lifecycle_msgs/lifecycle_msgs/msg/detail/state__builder.hpp
[106.084s] -- Installing: /home/hikari/ROScribe/ros_ws/src/install/lifecycle_msgs/include/lifecycle_msgs/lifecycle_msgs/msg/detail/transition_event__traits.hpp
[106.085s] -- Installing: /home/hikari/ROScribe/ros_ws/src/install/lifecycle_msgs/include/lifecycle_msgs/lifecycle_msgs/msg/detail/transition_description__traits.hpp
[106.085s] -- Installing: /home/hikari/ROScribe/ros_ws/src/install/lifecycle_msgs/include/lifecycle_msgs/lifecycle_msgs/msg/detail/transition_event__struct.hpp
[106.085s] -- Installing: /home/hikari/ROScribe/ros_ws/src/install/lifecycle_msgs/include/lifecycle_msgs/lifecycle_msgs/msg/detail/transition__struct.hpp
[106.085s] -- Installing: /home/hikari/ROScribe/ros_ws/src/install/lifecycle_msgs/include/lifecycle_msgs/lifecycle_msgs/msg/detail/transition_description__struct.hpp
[106.086s] -- Installing: /home/hikari/ROScribe/ros_ws/src/install/lifecycle_msgs/include/lifecycle_msgs/lifecycle_msgs/msg/state.hpp
[106.086s] -- Up-to-date: /home/hikari/ROScribe/ros_ws/src/install/lifecycle_msgs/include/lifecycle_msgs/lifecycle_msgs
[106.086s] -- Up-to-date: /home/hikari/ROScribe/ros_ws/src/install/lifecycle_msgs/include/lifecycle_msgs/lifecycle_msgs/srv
[106.087s] -- Up-to-date: /home/hikari/ROScribe/ros_ws/src/install/lifecycle_msgs/include/lifecycle_msgs/lifecycle_msgs/srv/detail
[106.087s] -- Installing: /home/hikari/ROScribe/ros_ws/src/install/lifecycle_msgs/include/lifecycle_msgs/lifecycle_msgs/srv/detail/change_state__rosidl_typesupport_fastrtps_cpp.hpp
[106.088s] -- Installing: /home/hikari/ROScribe/ros_ws/src/install/lifecycle_msgs/include/lifecycle_msgs/lifecycle_msgs/srv/detail/get_state__rosidl_typesupport_fastrtps_cpp.hpp
[106.088s] -- Installing: /home/hikari/ROScribe/ros_ws/src/install/lifecycle_msgs/include/lifecycle_msgs/lifecycle_msgs/srv/detail/dds_fastrtps
[106.088s] -- Installing: /home/hikari/ROScribe/ros_ws/src/install/lifecycle_msgs/include/lifecycle_msgs/lifecycle_msgs/srv/detail/get_available_states__rosidl_typesupport_fastrtps_cpp.hpp
[106.088s] -- Installing: /home/hikari/ROScribe/ros_ws/src/install/lifecycle_msgs/include/lifecycle_msgs/lifecycle_msgs/srv/detail/get_available_transitions__rosidl_typesupport_fastrtps_cpp.hpp
[106.089s] -- Up-to-date: /home/hikari/ROScribe/ros_ws/src/install/lifecycle_msgs/include/lifecycle_msgs/lifecycle_msgs/msg
[106.089s] -- Installing: /home/hikari/ROScribe/ros_ws/src/install/lifecycle_msgs/include/lifecycle_msgs/lifecycle_msgs/msg/rosidl_typesupport_fastrtps_cpp__visibility_control.h
[106.090s] -- Up-to-date: /home/hikari/ROScribe/ros_ws/src/install/lifecycle_msgs/include/lifecycle_msgs/lifecycle_msgs/msg/detail
[106.090s] -- Installing: /home/hikari/ROScribe/ros_ws/src/install/lifecycle_msgs/include/lifecycle_msgs/lifecycle_msgs/msg/detail/transition__rosidl_typesupport_fastrtps_cpp.hpp
[106.090s] -- Installing: /home/hikari/ROScribe/ros_ws/src/install/lifecycle_msgs/include/lifecycle_msgs/lifecycle_msgs/msg/detail/state__rosidl_typesupport_fastrtps_cpp.hpp
[106.090s] -- Installing: /home/hikari/ROScribe/ros_ws/src/install/lifecycle_msgs/include/lifecycle_msgs/lifecycle_msgs/msg/detail/transition_event__rosidl_typesupport_fastrtps_cpp.hpp
[106.090s] -- Installing: /home/hikari/ROScribe/ros_ws/src/install/lifecycle_msgs/include/lifecycle_msgs/lifecycle_msgs/msg/detail/dds_fastrtps
[106.091s] -- Installing: /home/hikari/ROScribe/ros_ws/src/install/lifecycle_msgs/include/lifecycle_msgs/lifecycle_msgs/msg/detail/transition_description__rosidl_typesupport_fastrtps_cpp.hpp
[106.108s] -- Installing: /home/hikari/ROScribe/ros_ws/src/install/lifecycle_msgs/lib/liblifecycle_msgs__rosidl_typesupport_fastrtps_cpp.so
[106.109s] -- Set runtime path of "/home/hikari/ROScribe/ros_ws/src/install/lifecycle_msgs/lib/liblifecycle_msgs__rosidl_typesupport_fastrtps_cpp.so" to ""
[106.109s] -- Up-to-date: /home/hikari/ROScribe/ros_ws/src/install/lifecycle_msgs/include/lifecycle_msgs/lifecycle_msgs
[106.109s] -- Up-to-date: /home/hikari/ROScribe/ros_ws/src/install/lifecycle_msgs/include/lifecycle_msgs/lifecycle_msgs/srv
[106.110s] -- Up-to-date: /home/hikari/ROScribe/ros_ws/src/install/lifecycle_msgs/include/lifecycle_msgs/lifecycle_msgs/srv/detail
[106.110s] -- Installing: /home/hikari/ROScribe/ros_ws/src/install/lifecycle_msgs/include/lifecycle_msgs/lifecycle_msgs/srv/detail/change_state__rosidl_typesupport_introspection_cpp.hpp
[106.110s] -- Installing: /home/hikari/ROScribe/ros_ws/src/install/lifecycle_msgs/include/lifecycle_msgs/lifecycle_msgs/srv/detail/get_state__rosidl_typesupport_introspection_cpp.hpp
[106.110s] -- Installing: /home/hikari/ROScribe/ros_ws/src/install/lifecycle_msgs/include/lifecycle_msgs/lifecycle_msgs/srv/detail/get_available_transitions__rosidl_typesupport_introspection_cpp.hpp
[106.111s] -- Installing: /home/hikari/ROScribe/ros_ws/src/install/lifecycle_msgs/include/lifecycle_msgs/lifecycle_msgs/srv/detail/get_available_states__type_support.cpp
[106.111s] -- Installing: /home/hikari/ROScribe/ros_ws/src/install/lifecycle_msgs/include/lifecycle_msgs/lifecycle_msgs/srv/detail/get_available_states__rosidl_typesupport_introspection_cpp.hpp
[106.111s] -- Installing: /home/hikari/ROScribe/ros_ws/src/install/lifecycle_msgs/include/lifecycle_msgs/lifecycle_msgs/srv/detail/get_state__type_support.cpp
[106.111s] -- Installing: /home/hikari/ROScribe/ros_ws/src/install/lifecycle_msgs/include/lifecycle_msgs/lifecycle_msgs/srv/detail/change_state__type_support.cpp
[106.112s] -- Installing: /home/hikari/ROScribe/ros_ws/src/install/lifecycle_msgs/include/lifecycle_msgs/lifecycle_msgs/srv/detail/get_available_transitions__type_support.cpp
[106.112s] -- Up-to-date: /home/hikari/ROScribe/ros_ws/src/install/lifecycle_msgs/include/lifecycle_msgs/lifecycle_msgs/msg
[106.112s] -- Up-to-date: /home/hikari/ROScribe/ros_ws/src/install/lifecycle_msgs/include/lifecycle_msgs/lifecycle_msgs/msg/detail
[106.112s] -- Installing: /home/hikari/ROScribe/ros_ws/src/install/lifecycle_msgs/include/lifecycle_msgs/lifecycle_msgs/msg/detail/transition_description__rosidl_typesupport_introspection_cpp.hpp
[106.113s] -- Installing: /home/hikari/ROScribe/ros_ws/src/install/lifecycle_msgs/include/lifecycle_msgs/lifecycle_msgs/msg/detail/transition_description__type_support.cpp
[106.113s] -- Installing: /home/hikari/ROScribe/ros_ws/src/install/lifecycle_msgs/include/lifecycle_msgs/lifecycle_msgs/msg/detail/state__rosidl_typesupport_introspection_cpp.hpp
[106.113s] -- Installing: /home/hikari/ROScribe/ros_ws/src/install/lifecycle_msgs/include/lifecycle_msgs/lifecycle_msgs/msg/detail/transition__rosidl_typesupport_introspection_cpp.hpp
[106.114s] -- Installing: /home/hikari/ROScribe/ros_ws/src/install/lifecycle_msgs/include/lifecycle_msgs/lifecycle_msgs/msg/detail/transition__type_support.cpp
[106.114s] -- Installing: /home/hikari/ROScribe/ros_ws/src/install/lifecycle_msgs/include/lifecycle_msgs/lifecycle_msgs/msg/detail/transition_event__type_support.cpp
[106.114s] -- Installing: /home/hikari/ROScribe/ros_ws/src/install/lifecycle_msgs/include/lifecycle_msgs/lifecycle_msgs/msg/detail/transition_event__rosidl_typesupport_introspection_cpp.hpp
[106.114s] -- Installing: /home/hikari/ROScribe/ros_ws/src/install/lifecycle_msgs/include/lifecycle_msgs/lifecycle_msgs/msg/detail/state__type_support.cpp
[106.114s] -- Installing: /home/hikari/ROScribe/ros_ws/src/install/lifecycle_msgs/lib/liblifecycle_msgs__rosidl_typesupport_introspection_cpp.so
[106.115s] -- Set runtime path of "/home/hikari/ROScribe/ros_ws/src/install/lifecycle_msgs/lib/liblifecycle_msgs__rosidl_typesupport_introspection_cpp.so" to ""
[106.115s] -- Installing: /home/hikari/ROScribe/ros_ws/src/install/lifecycle_msgs/lib/liblifecycle_msgs__rosidl_typesupport_cpp.so
[106.115s] -- Set runtime path of "/home/hikari/ROScribe/ros_ws/src/install/lifecycle_msgs/lib/liblifecycle_msgs__rosidl_typesupport_cpp.so" to ""
[106.115s] -- Installing: /home/hikari/ROScribe/ros_ws/src/install/lifecycle_msgs/share/ament_index/resource_index/rust_packages/lifecycle_msgs
[106.115s] -- Installing: /home/hikari/ROScribe/ros_ws/src/install/lifecycle_msgs/share/lifecycle_msgs/rust
[106.115s] -- Installing: /home/hikari/ROScribe/ros_ws/src/install/lifecycle_msgs/share/lifecycle_msgs/rust/src
[106.116s] -- Installing: /home/hikari/ROScribe/ros_ws/src/install/lifecycle_msgs/share/lifecycle_msgs/rust/src/msg.rs
[106.116s] -- Installing: /home/hikari/ROScribe/ros_ws/src/install/lifecycle_msgs/share/lifecycle_msgs/rust/src/srv.rs
[106.116s] -- Installing: /home/hikari/ROScribe/ros_ws/src/install/lifecycle_msgs/share/lifecycle_msgs/rust/src/lib.rs
[106.116s] -- Installing: /home/hikari/ROScribe/ros_ws/src/install/lifecycle_msgs/share/lifecycle_msgs/rust/Cargo.toml
[106.117s] -- Installing: /home/hikari/ROScribe/ros_ws/src/install/lifecycle_msgs/share/lifecycle_msgs/rust/build.rs
[106.117s] -- Up-to-date: /home/hikari/ROScribe/ros_ws/src/install/lifecycle_msgs/share/lifecycle_msgs/rust
[106.117s] -- Up-to-date: /home/hikari/ROScribe/ros_ws/src/install/lifecycle_msgs/share/lifecycle_msgs/rust/src
[106.118s] -- Up-to-date: /home/hikari/ROScribe/ros_ws/src/install/lifecycle_msgs/share/lifecycle_msgs/rust/src/msg.rs
[106.118s] -- Up-to-date: /home/hikari/ROScribe/ros_ws/src/install/lifecycle_msgs/share/lifecycle_msgs/rust/src/srv.rs
[106.118s] -- Up-to-date: /home/hikari/ROScribe/ros_ws/src/install/lifecycle_msgs/share/lifecycle_msgs/rust/src/lib.rs
[106.118s] -- Up-to-date: /home/hikari/ROScribe/ros_ws/src/install/lifecycle_msgs/share/lifecycle_msgs/rust/Cargo.toml
[106.119s] -- Up-to-date: /home/hikari/ROScribe/ros_ws/src/install/lifecycle_msgs/share/lifecycle_msgs/rust/build.rs
[106.119s] -- Up-to-date: /home/hikari/ROScribe/ros_ws/src/install/lifecycle_msgs/share/lifecycle_msgs/rust
[106.119s] -- Up-to-date: /home/hikari/ROScribe/ros_ws/src/install/lifecycle_msgs/share/lifecycle_msgs/rust/src
[106.119s] -- Up-to-date: /home/hikari/ROScribe/ros_ws/src/install/lifecycle_msgs/share/lifecycle_msgs/rust/src/msg.rs
[106.119s] -- Up-to-date: /home/hikari/ROScribe/ros_ws/src/install/lifecycle_msgs/share/lifecycle_msgs/rust/src/srv.rs
[106.120s] -- Up-to-date: /home/hikari/ROScribe/ros_ws/src/install/lifecycle_msgs/share/lifecycle_msgs/rust/src/lib.rs
[106.120s] -- Up-to-date: /home/hikari/ROScribe/ros_ws/src/install/lifecycle_msgs/share/lifecycle_msgs/rust/Cargo.toml
[106.120s] -- Up-to-date: /home/hikari/ROScribe/ros_ws/src/install/lifecycle_msgs/share/lifecycle_msgs/rust/build.rs
[106.120s] -- Installing: /home/hikari/ROScribe/ros_ws/src/install/lifecycle_msgs/share/lifecycle_msgs/environment/pythonpath.sh
[106.120s] -- Installing: /home/hikari/ROScribe/ros_ws/src/install/lifecycle_msgs/share/lifecycle_msgs/environment/pythonpath.dsv
[106.121s] -- Installing: /home/hikari/ROScribe/ros_ws/src/install/lifecycle_msgs/local/lib/python3.10/dist-packages/lifecycle_msgs-1.2.1-py3.10.egg-info
[106.122s] -- Installing: /home/hikari/ROScribe/ros_ws/src/install/lifecycle_msgs/local/lib/python3.10/dist-packages/lifecycle_msgs-1.2.1-py3.10.egg-info/top_level.txt
[106.122s] -- Installing: /home/hikari/ROScribe/ros_ws/src/install/lifecycle_msgs/local/lib/python3.10/dist-packages/lifecycle_msgs-1.2.1-py3.10.egg-info/dependency_links.txt
[106.122s] -- Installing: /home/hikari/ROScribe/ros_ws/src/install/lifecycle_msgs/local/lib/python3.10/dist-packages/lifecycle_msgs-1.2.1-py3.10.egg-info/SOURCES.txt
[106.123s] -- Installing: /home/hikari/ROScribe/ros_ws/src/install/lifecycle_msgs/local/lib/python3.10/dist-packages/lifecycle_msgs-1.2.1-py3.10.egg-info/PKG-INFO
[106.123s] -- Installing: /home/hikari/ROScribe/ros_ws/src/install/lifecycle_msgs/local/lib/python3.10/dist-packages/lifecycle_msgs
[106.123s] -- Installing: /home/hikari/ROScribe/ros_ws/src/install/lifecycle_msgs/local/lib/python3.10/dist-packages/lifecycle_msgs/srv
[106.123s] -- Installing: /home/hikari/ROScribe/ros_ws/src/install/lifecycle_msgs/local/lib/python3.10/dist-packages/lifecycle_msgs/srv/_get_available_states.py
[106.123s] -- Installing: /home/hikari/ROScribe/ros_ws/src/install/lifecycle_msgs/local/lib/python3.10/dist-packages/lifecycle_msgs/srv/_get_available_states_s.c
[106.124s] -- Installing: /home/hikari/ROScribe/ros_ws/src/install/lifecycle_msgs/local/lib/python3.10/dist-packages/lifecycle_msgs/srv/_change_state.py
[106.124s] -- Installing: /home/hikari/ROScribe/ros_ws/src/install/lifecycle_msgs/local/lib/python3.10/dist-packages/lifecycle_msgs/srv/_get_available_transitions_s.c
[106.125s] -- Installing: /home/hikari/ROScribe/ros_ws/src/install/lifecycle_msgs/local/lib/python3.10/dist-packages/lifecycle_msgs/srv/_get_state_s.c
[106.125s] -- Installing: /home/hikari/ROScribe/ros_ws/src/install/lifecycle_msgs/local/lib/python3.10/dist-packages/lifecycle_msgs/srv/_get_available_transitions.py
[106.125s] -- Installing: /home/hikari/ROScribe/ros_ws/src/install/lifecycle_msgs/local/lib/python3.10/dist-packages/lifecycle_msgs/srv/_change_state_s.c
[106.125s] -- Installing: /home/hikari/ROScribe/ros_ws/src/install/lifecycle_msgs/local/lib/python3.10/dist-packages/lifecycle_msgs/srv/_get_state.py
[106.125s] -- Installing: /home/hikari/ROScribe/ros_ws/src/install/lifecycle_msgs/local/lib/python3.10/dist-packages/lifecycle_msgs/srv/__init__.py
[106.125s] -- Installing: /home/hikari/ROScribe/ros_ws/src/install/lifecycle_msgs/local/lib/python3.10/dist-packages/lifecycle_msgs/_lifecycle_msgs_s.ep.rosidl_typesupport_introspection_c.c
[106.126s] -- Installing: /home/hikari/ROScribe/ros_ws/src/install/lifecycle_msgs/local/lib/python3.10/dist-packages/lifecycle_msgs/lifecycle_msgs_s__rosidl_typesupport_fastrtps_c.cpython-310-x86_64-linux-gnu.so
[106.126s] -- Installing: /home/hikari/ROScribe/ros_ws/src/install/lifecycle_msgs/local/lib/python3.10/dist-packages/lifecycle_msgs/_lifecycle_msgs_s.ep.rosidl_typesupport_fastrtps_c.c
[106.126s] -- Installing: /home/hikari/ROScribe/ros_ws/src/install/lifecycle_msgs/local/lib/python3.10/dist-packages/lifecycle_msgs/_lifecycle_msgs_s.ep.rosidl_typesupport_c.c
[106.126s] -- Installing: /home/hikari/ROScribe/ros_ws/src/install/lifecycle_msgs/local/lib/python3.10/dist-packages/lifecycle_msgs/msg
[106.126s] -- Installing: /home/hikari/ROScribe/ros_ws/src/install/lifecycle_msgs/local/lib/python3.10/dist-packages/lifecycle_msgs/msg/_transition_description_s.c
[106.127s] -- Installing: /home/hikari/ROScribe/ros_ws/src/install/lifecycle_msgs/local/lib/python3.10/dist-packages/lifecycle_msgs/msg/_transition.py
[106.127s] -- Installing: /home/hikari/ROScribe/ros_ws/src/install/lifecycle_msgs/local/lib/python3.10/dist-packages/lifecycle_msgs/msg/_transition_event_s.c
[106.127s] -- Installing: /home/hikari/ROScribe/ros_ws/src/install/lifecycle_msgs/local/lib/python3.10/dist-packages/lifecycle_msgs/msg/_state.py
[106.127s] -- Installing: /home/hikari/ROScribe/ros_ws/src/install/lifecycle_msgs/local/lib/python3.10/dist-packages/lifecycle_msgs/msg/_state_s.c
[106.132s] -- Installing: /home/hikari/ROScribe/ros_ws/src/install/lifecycle_msgs/local/lib/python3.10/dist-packages/lifecycle_msgs/msg/_transition_event.py
[106.132s] -- Installing: /home/hikari/ROScribe/ros_ws/src/install/lifecycle_msgs/local/lib/python3.10/dist-packages/lifecycle_msgs/msg/_transition_s.c
[106.132s] -- Installing: /home/hikari/ROScribe/ros_ws/src/install/lifecycle_msgs/local/lib/python3.10/dist-packages/lifecycle_msgs/msg/_transition_description.py
[106.133s] -- Installing: /home/hikari/ROScribe/ros_ws/src/install/lifecycle_msgs/local/lib/python3.10/dist-packages/lifecycle_msgs/msg/__init__.py
[106.133s] -- Installing: /home/hikari/ROScribe/ros_ws/src/install/lifecycle_msgs/local/lib/python3.10/dist-packages/lifecycle_msgs/lifecycle_msgs_s__rosidl_typesupport_c.cpython-310-x86_64-linux-gnu.so
[106.133s] -- Installing: /home/hikari/ROScribe/ros_ws/src/install/lifecycle_msgs/local/lib/python3.10/dist-packages/lifecycle_msgs/lifecycle_msgs_s__rosidl_typesupport_introspection_c.cpython-310-x86_64-linux-gnu.so
[106.134s] -- Installing: /home/hikari/ROScribe/ros_ws/src/install/lifecycle_msgs/local/lib/python3.10/dist-packages/lifecycle_msgs/liblifecycle_msgs__rosidl_generator_py.so
[106.134s] -- Installing: /home/hikari/ROScribe/ros_ws/src/install/lifecycle_msgs/local/lib/python3.10/dist-packages/lifecycle_msgs/__init__.py
[106.284s] Listing '/home/hikari/ROScribe/ros_ws/src/install/lifecycle_msgs/local/lib/python3.10/dist-packages/lifecycle_msgs'...
[106.285s] Compiling '/home/hikari/ROScribe/ros_ws/src/install/lifecycle_msgs/local/lib/python3.10/dist-packages/lifecycle_msgs/__init__.py'...
[106.285s] Listing '/home/hikari/ROScribe/ros_ws/src/install/lifecycle_msgs/local/lib/python3.10/dist-packages/lifecycle_msgs/msg'...
[106.285s] Compiling '/home/hikari/ROScribe/ros_ws/src/install/lifecycle_msgs/local/lib/python3.10/dist-packages/lifecycle_msgs/msg/__init__.py'...
[106.285s] Compiling '/home/hikari/ROScribe/ros_ws/src/install/lifecycle_msgs/local/lib/python3.10/dist-packages/lifecycle_msgs/msg/_state.py'...
[106.285s] Compiling '/home/hikari/ROScribe/ros_ws/src/install/lifecycle_msgs/local/lib/python3.10/dist-packages/lifecycle_msgs/msg/_transition.py'...
[106.286s] Compiling '/home/hikari/ROScribe/ros_ws/src/install/lifecycle_msgs/local/lib/python3.10/dist-packages/lifecycle_msgs/msg/_transition_description.py'...
[106.286s] Compiling '/home/hikari/ROScribe/ros_ws/src/install/lifecycle_msgs/local/lib/python3.10/dist-packages/lifecycle_msgs/msg/_transition_event.py'...
[106.286s] Listing '/home/hikari/ROScribe/ros_ws/src/install/lifecycle_msgs/local/lib/python3.10/dist-packages/lifecycle_msgs/srv'...
[106.286s] Compiling '/home/hikari/ROScribe/ros_ws/src/install/lifecycle_msgs/local/lib/python3.10/dist-packages/lifecycle_msgs/srv/__init__.py'...
[106.287s] Compiling '/home/hikari/ROScribe/ros_ws/src/install/lifecycle_msgs/local/lib/python3.10/dist-packages/lifecycle_msgs/srv/_change_state.py'...
[106.287s] Compiling '/home/hikari/ROScribe/ros_ws/src/install/lifecycle_msgs/local/lib/python3.10/dist-packages/lifecycle_msgs/srv/_get_available_states.py'...
[106.287s] Compiling '/home/hikari/ROScribe/ros_ws/src/install/lifecycle_msgs/local/lib/python3.10/dist-packages/lifecycle_msgs/srv/_get_available_transitions.py'...
[106.287s] Compiling '/home/hikari/ROScribe/ros_ws/src/install/lifecycle_msgs/local/lib/python3.10/dist-packages/lifecycle_msgs/srv/_get_state.py'...
[106.318s] -- Installing: /home/hikari/ROScribe/ros_ws/src/install/lifecycle_msgs/local/lib/python3.10/dist-packages/lifecycle_msgs/lifecycle_msgs_s__rosidl_typesupport_fastrtps_c.cpython-310-x86_64-linux-gnu.so
[106.319s] -- Set runtime path of "/home/hikari/ROScribe/ros_ws/src/install/lifecycle_msgs/local/lib/python3.10/dist-packages/lifecycle_msgs/lifecycle_msgs_s__rosidl_typesupport_fastrtps_c.cpython-310-x86_64-linux-gnu.so" to ""
[106.319s] -- Installing: /home/hikari/ROScribe/ros_ws/src/install/lifecycle_msgs/local/lib/python3.10/dist-packages/lifecycle_msgs/lifecycle_msgs_s__rosidl_typesupport_introspection_c.cpython-310-x86_64-linux-gnu.so
[106.319s] -- Set runtime path of "/home/hikari/ROScribe/ros_ws/src/install/lifecycle_msgs/local/lib/python3.10/dist-packages/lifecycle_msgs/lifecycle_msgs_s__rosidl_typesupport_introspection_c.cpython-310-x86_64-linux-gnu.so" to ""
[106.319s] -- Installing: /home/hikari/ROScribe/ros_ws/src/install/lifecycle_msgs/local/lib/python3.10/dist-packages/lifecycle_msgs/lifecycle_msgs_s__rosidl_typesupport_c.cpython-310-x86_64-linux-gnu.so
[106.320s] -- Set runtime path of "/home/hikari/ROScribe/ros_ws/src/install/lifecycle_msgs/local/lib/python3.10/dist-packages/lifecycle_msgs/lifecycle_msgs_s__rosidl_typesupport_c.cpython-310-x86_64-linux-gnu.so" to ""
[106.320s] -- Installing: /home/hikari/ROScribe/ros_ws/src/install/lifecycle_msgs/lib/liblifecycle_msgs__rosidl_generator_py.so
[106.321s] -- Set runtime path of "/home/hikari/ROScribe/ros_ws/src/install/lifecycle_msgs/lib/liblifecycle_msgs__rosidl_generator_py.so" to ""
[106.322s] -- Installing: /home/hikari/ROScribe/ros_ws/src/install/lifecycle_msgs/share/lifecycle_msgs/msg/State.idl
[106.322s] -- Installing: /home/hikari/ROScribe/ros_ws/src/install/lifecycle_msgs/share/lifecycle_msgs/msg/Transition.idl
[106.322s] -- Installing: /home/hikari/ROScribe/ros_ws/src/install/lifecycle_msgs/share/lifecycle_msgs/msg/TransitionDescription.idl
[106.322s] -- Installing: /home/hikari/ROScribe/ros_ws/src/install/lifecycle_msgs/share/lifecycle_msgs/msg/TransitionEvent.idl
[106.323s] -- Installing: /home/hikari/ROScribe/ros_ws/src/install/lifecycle_msgs/share/lifecycle_msgs/srv/ChangeState.idl
[106.323s] -- Installing: /home/hikari/ROScribe/ros_ws/src/install/lifecycle_msgs/share/lifecycle_msgs/srv/GetAvailableStates.idl
[106.323s] -- Installing: /home/hikari/ROScribe/ros_ws/src/install/lifecycle_msgs/share/lifecycle_msgs/srv/GetAvailableTransitions.idl
[106.323s] -- Installing: /home/hikari/ROScribe/ros_ws/src/install/lifecycle_msgs/share/lifecycle_msgs/srv/GetState.idl
[106.323s] -- Installing: /home/hikari/ROScribe/ros_ws/src/install/lifecycle_msgs/share/lifecycle_msgs/msg/State.msg
[106.323s] -- Installing: /home/hikari/ROScribe/ros_ws/src/install/lifecycle_msgs/share/lifecycle_msgs/msg/Transition.msg
[106.324s] -- Installing: /home/hikari/ROScribe/ros_ws/src/install/lifecycle_msgs/share/lifecycle_msgs/msg/TransitionDescription.msg
[106.324s] -- Installing: /home/hikari/ROScribe/ros_ws/src/install/lifecycle_msgs/share/lifecycle_msgs/msg/TransitionEvent.msg
[106.324s] -- Installing: /home/hikari/ROScribe/ros_ws/src/install/lifecycle_msgs/share/lifecycle_msgs/srv/ChangeState.srv
[106.324s] -- Installing: /home/hikari/ROScribe/ros_ws/src/install/lifecycle_msgs/share/lifecycle_msgs/srv/ChangeState_Request.msg
[106.324s] -- Installing: /home/hikari/ROScribe/ros_ws/src/install/lifecycle_msgs/share/lifecycle_msgs/srv/ChangeState_Response.msg
[106.327s] -- Installing: /home/hikari/ROScribe/ros_ws/src/install/lifecycle_msgs/share/lifecycle_msgs/srv/GetAvailableStates.srv
[106.328s] -- Installing: /home/hikari/ROScribe/ros_ws/src/install/lifecycle_msgs/share/lifecycle_msgs/srv/GetAvailableStates_Request.msg
[106.329s] -- Installing: /home/hikari/ROScribe/ros_ws/src/install/lifecycle_msgs/share/lifecycle_msgs/srv/GetAvailableStates_Response.msg
[106.331s] -- Installing: /home/hikari/ROScribe/ros_ws/src/install/lifecycle_msgs/share/lifecycle_msgs/srv/GetAvailableTransitions.srv
[106.331s] -- Installing: /home/hikari/ROScribe/ros_ws/src/install/lifecycle_msgs/share/lifecycle_msgs/srv/GetAvailableTransitions_Request.msg
[106.332s] -- Installing: /home/hikari/ROScribe/ros_ws/src/install/lifecycle_msgs/share/lifecycle_msgs/srv/GetAvailableTransitions_Response.msg
[106.334s] -- Installing: /home/hikari/ROScribe/ros_ws/src/install/lifecycle_msgs/share/lifecycle_msgs/srv/GetState.srv
[106.335s] -- Installing: /home/hikari/ROScribe/ros_ws/src/install/lifecycle_msgs/share/lifecycle_msgs/srv/GetState_Request.msg
[106.336s] -- Installing: /home/hikari/ROScribe/ros_ws/src/install/lifecycle_msgs/share/lifecycle_msgs/srv/GetState_Response.msg
[106.342s] -- Installing: /home/hikari/ROScribe/ros_ws/src/install/lifecycle_msgs/share/ament_index/resource_index/package_run_dependencies/lifecycle_msgs
[106.344s] -- Installing: /home/hikari/ROScribe/ros_ws/src/install/lifecycle_msgs/share/ament_index/resource_index/parent_prefix_path/lifecycle_msgs
[106.346s] -- Installing: /home/hikari/ROScribe/ros_ws/src/install/lifecycle_msgs/share/lifecycle_msgs/environment/ament_prefix_path.sh
[106.348s] -- Installing: /home/hikari/ROScribe/ros_ws/src/install/lifecycle_msgs/share/lifecycle_msgs/environment/ament_prefix_path.dsv
[106.349s] -- Installing: /home/hikari/ROScribe/ros_ws/src/install/lifecycle_msgs/share/lifecycle_msgs/environment/path.sh
[106.350s] -- Installing: /home/hikari/ROScribe/ros_ws/src/install/lifecycle_msgs/share/lifecycle_msgs/environment/path.dsv
[106.351s] -- Installing: /home/hikari/ROScribe/ros_ws/src/install/lifecycle_msgs/share/lifecycle_msgs/local_setup.bash
[106.353s] -- Installing: /home/hikari/ROScribe/ros_ws/src/install/lifecycle_msgs/share/lifecycle_msgs/local_setup.sh
[106.354s] -- Installing: /home/hikari/ROScribe/ros_ws/src/install/lifecycle_msgs/share/lifecycle_msgs/local_setup.zsh
[106.363s] -- Installing: /home/hikari/ROScribe/ros_ws/src/install/lifecycle_msgs/share/lifecycle_msgs/local_setup.dsv
[106.363s] -- Installing: /home/hikari/ROScribe/ros_ws/src/install/lifecycle_msgs/share/lifecycle_msgs/package.dsv
[106.363s] -- Installing: /home/hikari/ROScribe/ros_ws/src/install/lifecycle_msgs/share/ament_index/resource_index/packages/lifecycle_msgs
[106.363s] -- Installing: /home/hikari/ROScribe/ros_ws/src/install/lifecycle_msgs/share/lifecycle_msgs/cmake/export_lifecycle_msgs__rosidl_generator_cExport.cmake
[106.364s] -- Installing: /home/hikari/ROScribe/ros_ws/src/install/lifecycle_msgs/share/lifecycle_msgs/cmake/export_lifecycle_msgs__rosidl_generator_cExport-noconfig.cmake
[106.364s] -- Installing: /home/hikari/ROScribe/ros_ws/src/install/lifecycle_msgs/share/lifecycle_msgs/cmake/export_lifecycle_msgs__rosidl_typesupport_fastrtps_cExport.cmake
[106.364s] -- Installing: /home/hikari/ROScribe/ros_ws/src/install/lifecycle_msgs/share/lifecycle_msgs/cmake/export_lifecycle_msgs__rosidl_typesupport_fastrtps_cExport-noconfig.cmake
[106.364s] -- Installing: /home/hikari/ROScribe/ros_ws/src/install/lifecycle_msgs/share/lifecycle_msgs/cmake/lifecycle_msgs__rosidl_typesupport_introspection_cExport.cmake
[106.364s] -- Installing: /home/hikari/ROScribe/ros_ws/src/install/lifecycle_msgs/share/lifecycle_msgs/cmake/lifecycle_msgs__rosidl_typesupport_introspection_cExport-noconfig.cmake
[106.365s] -- Installing: /home/hikari/ROScribe/ros_ws/src/install/lifecycle_msgs/share/lifecycle_msgs/cmake/lifecycle_msgs__rosidl_typesupport_cExport.cmake
[106.365s] -- Installing: /home/hikari/ROScribe/ros_ws/src/install/lifecycle_msgs/share/lifecycle_msgs/cmake/lifecycle_msgs__rosidl_typesupport_cExport-noconfig.cmake
[106.366s] -- Installing: /home/hikari/ROScribe/ros_ws/src/install/lifecycle_msgs/share/lifecycle_msgs/cmake/export_lifecycle_msgs__rosidl_generator_cppExport.cmake
[106.368s] -- Installing: /home/hikari/ROScribe/ros_ws/src/install/lifecycle_msgs/share/lifecycle_msgs/cmake/export_lifecycle_msgs__rosidl_typesupport_fastrtps_cppExport.cmake
[106.369s] -- Installing: /home/hikari/ROScribe/ros_ws/src/install/lifecycle_msgs/share/lifecycle_msgs/cmake/export_lifecycle_msgs__rosidl_typesupport_fastrtps_cppExport-noconfig.cmake
[106.370s] -- Installing: /home/hikari/ROScribe/ros_ws/src/install/lifecycle_msgs/share/lifecycle_msgs/cmake/lifecycle_msgs__rosidl_typesupport_introspection_cppExport.cmake
[106.372s] -- Installing: /home/hikari/ROScribe/ros_ws/src/install/lifecycle_msgs/share/lifecycle_msgs/cmake/lifecycle_msgs__rosidl_typesupport_introspection_cppExport-noconfig.cmake
[106.373s] -- Installing: /home/hikari/ROScribe/ros_ws/src/install/lifecycle_msgs/share/lifecycle_msgs/cmake/lifecycle_msgs__rosidl_typesupport_cppExport.cmake
[106.374s] -- Installing: /home/hikari/ROScribe/ros_ws/src/install/lifecycle_msgs/share/lifecycle_msgs/cmake/lifecycle_msgs__rosidl_typesupport_cppExport-noconfig.cmake
[106.374s] -- Installing: /home/hikari/ROScribe/ros_ws/src/install/lifecycle_msgs/share/lifecycle_msgs/cmake/export_lifecycle_msgs__rosidl_generator_pyExport.cmake
[106.376s] -- Installing: /home/hikari/ROScribe/ros_ws/src/install/lifecycle_msgs/share/lifecycle_msgs/cmake/export_lifecycle_msgs__rosidl_generator_pyExport-noconfig.cmake
[106.377s] -- Installing: /home/hikari/ROScribe/ros_ws/src/install/lifecycle_msgs/share/lifecycle_msgs/cmake/rosidl_cmake-extras.cmake
[106.378s] -- Installing: /home/hikari/ROScribe/ros_ws/src/install/lifecycle_msgs/share/lifecycle_msgs/cmake/ament_cmake_export_include_directories-extras.cmake
[106.380s] -- Installing: /home/hikari/ROScribe/ros_ws/src/install/lifecycle_msgs/share/lifecycle_msgs/cmake/ament_cmake_export_libraries-extras.cmake
[106.382s] -- Installing: /home/hikari/ROScribe/ros_ws/src/install/lifecycle_msgs/share/lifecycle_msgs/cmake/ament_cmake_export_targets-extras.cmake
[106.383s] -- Installing: /home/hikari/ROScribe/ros_ws/src/install/lifecycle_msgs/share/lifecycle_msgs/cmake/rosidl_cmake_export_typesupport_targets-extras.cmake
[106.385s] -- Installing: /home/hikari/ROScribe/ros_ws/src/install/lifecycle_msgs/share/lifecycle_msgs/cmake/ament_cmake_export_dependencies-extras.cmake
[106.386s] -- Installing: /home/hikari/ROScribe/ros_ws/src/install/lifecycle_msgs/share/lifecycle_msgs/cmake/rosidl_cmake_export_typesupport_libraries-extras.cmake
[106.387s] -- Installing: /home/hikari/ROScribe/ros_ws/src/install/lifecycle_msgs/share/lifecycle_msgs/cmake/lifecycle_msgsConfig.cmake
[106.389s] -- Installing: /home/hikari/ROScribe/ros_ws/src/install/lifecycle_msgs/share/lifecycle_msgs/cmake/lifecycle_msgsConfig-version.cmake
[106.396s] -- Installing: /home/hikari/ROScribe/ros_ws/src/install/lifecycle_msgs/share/lifecycle_msgs/package.xml
[106.416s] Invoked command in '/home/hikari/ROScribe/ros_ws/src/build/lifecycle_msgs' returned '0': AMENT_PREFIX_PATH=/home/hikari/ROScribe/ros_ws/src/install/rosidl_default_runtime:/home/hikari/ROScribe/ros_ws/src/install/rosidl_default_generators:/home/hikari/ROScribe/ros_ws/src/install/rosidl_generator_rs:/home/hikari/ROScribe/ros_ws/src/install/rosidl_runtime_rs:${AMENT_PREFIX_PATH} CMAKE_PREFIX_PATH=/home/hikari/ROScribe/ros_ws/src/install/rosidl_default_runtime:/home/hikari/ROScribe/ros_ws/src/install/rosidl_default_generators:/home/hikari/ROScribe/ros_ws/src/install/rosidl_generator_rs:/opt/ros/humble PYTHONPATH=/home/hikari/ROScribe/ros_ws/src/install/rosidl_generator_rs/local/lib/python3.10/dist-packages:${PYTHONPATH} /usr/local/bin/cmake --install /home/hikari/ROScribe/ros_ws/src/build/lifecycle_msgs
