-- The C compiler identification is GNU 11.4.0
-- The CXX compiler identification is GNU 11.4.0
-- Detecting C compiler ABI info
-- Detecting C compiler ABI info - done
-- Check for working C compiler: /usr/lib/ccache/cc - skipped
-- Detecting C compile features
-- Detecting C compile features - done
-- Detecting CXX compiler ABI info
-- Detecting CXX compiler ABI info - done
-- Check for working CXX compiler: /usr/lib/ccache/c++ - skipped
-- Detecting CXX compile features
-- Detecting CXX compile features - done
-- Found ament_cmake: 1.3.5 (/opt/ros/humble/share/ament_cmake/cmake)
-- Found Python3: /usr/bin/python3.10 (found version "3.10.12") found components: Interpreter 
-- Found rosidl_default_generators: 1.2.0 (/home/hikari/ROScribe/ros_ws/src/install/rosidl_default_generators/share/rosidl_default_generators/cmake)
-- Using all available rosidl_typesupport_c: rosidl_typesupport_fastrtps_c;rosidl_typesupport_introspection_c
-- Found rosidl_adapter: 3.1.5 (/opt/ros/humble/share/rosidl_adapter/cmake)
-- Using all available rosidl_typesupport_cpp: rosidl_typesupport_fastrtps_cpp;rosidl_typesupport_introspection_cpp
-- Found ament_cmake_cppcheck: 0.12.8 (/opt/ros/humble/share/ament_cmake_cppcheck/cmake)
-- Found ament_cmake_cpplint: 0.12.8 (/opt/ros/humble/share/ament_cmake_cpplint/cmake)
-- Found ament_cmake_uncrustify: 0.12.8 (/opt/ros/humble/share/ament_cmake_uncrustify/cmake)
-- Found ament_cmake_ros: 0.10.0 (/opt/ros/humble/share/ament_cmake_ros/cmake)
-- Using all available rosidl_typesupport_c: rosidl_typesupport_fastrtps_c;rosidl_typesupport_introspection_c
-- Using all available rosidl_typesupport_cpp: rosidl_typesupport_fastrtps_cpp;rosidl_typesupport_introspection_cpp
-- Found rmw_implementation_cmake: 6.1.1 (/opt/ros/humble/share/rmw_implementation_cmake/cmake)
-- Found OpenSSL: /usr/lib/x86_64-linux-gnu/libcrypto.so (found version "3.0.2")  
-- Found FastRTPS: /opt/ros/humble/include  
-- Found PythonInterp: /usr/bin/python3 (found suitable version "3.10.12", minimum required is "3.6") 
-- Found python_cmake_module: 0.10.0 (/opt/ros/humble/share/python_cmake_module/cmake)
-- Found PythonLibs: /usr/lib/x86_64-linux-gnu/libpython3.10.so (found suitable version "3.10.12", minimum required is "3.5") 
-- Using PYTHON_EXECUTABLE: /usr/bin/python3
-- Using PYTHON_INCLUDE_DIRS: /usr/include/python3.10
-- Using PYTHON_LIBRARIES: /usr/lib/x86_64-linux-gnu/libpython3.10.so
-- Found PythonExtra: .so  
-- Found ament_cmake_flake8: 0.12.8 (/opt/ros/humble/share/ament_cmake_flake8/cmake)
-- Found ament_cmake_pep257: 0.12.8 (/opt/ros/humble/share/ament_cmake_pep257/cmake)
-- Configuring done
-- Generating done
-- Build files have been written to: /home/hikari/ROScribe/ros_ws/src/build/custom_msgs
[  0%] [34m[1mGenerating C code for ROS interfaces[0m
[  0%] Built target ament_cmake_python_copy_custom_msgs
[  0%] [34m[1mGenerating C++ code for ROS interfaces[0m
[  1%] [34m[1mGenerating Rust code for ROS interfaces[0m
running egg_info
creating custom_msgs.egg-info
writing custom_msgs.egg-info/PKG-INFO
writing dependency_links to custom_msgs.egg-info/dependency_links.txt
writing top-level names to custom_msgs.egg-info/top_level.txt
writing manifest file 'custom_msgs.egg-info/SOURCES.txt'
reading manifest file 'custom_msgs.egg-info/SOURCES.txt'
writing manifest file 'custom_msgs.egg-info/SOURCES.txt'
[  1%] Built target ament_cmake_python_build_custom_msgs_egg
[  1%] Built target custom_msgs__rs
[  1%] Built target custom_msgs__cpp
[  2%] [32mBuilding C object CMakeFiles/custom_msgs__rosidl_generator_c.dir/rosidl_generator_c/custom_msgs/msg/detail/analog_input__functions.c.o[0m
[  3%] [32mBuilding C object CMakeFiles/custom_msgs__rosidl_generator_c.dir/rosidl_generator_c/custom_msgs/msg/detail/motor_alerts__functions.c.o[0m
[  3%] [32mBuilding C object CMakeFiles/custom_msgs__rosidl_generator_c.dir/rosidl_generator_c/custom_msgs/msg/detail/system_feedback__functions.c.o[0m
[  4%] [32mBuilding C object CMakeFiles/custom_msgs__rosidl_generator_c.dir/rosidl_generator_c/custom_msgs/msg/detail/pid_params__functions.c.o[0m
[  4%] [32mBuilding C object CMakeFiles/custom_msgs__rosidl_generator_c.dir/rosidl_generator_c/custom_msgs/msg/detail/updated_pid_params__functions.c.o[0m
[  5%] [32mBuilding C object CMakeFiles/custom_msgs__rosidl_generator_c.dir/rosidl_generator_c/custom_msgs/msg/detail/tuning_status__functions.c.o[0m
[  6%] [32mBuilding C object CMakeFiles/custom_msgs__rosidl_generator_c.dir/rosidl_generator_c/custom_msgs/msg/detail/servo_feedback__functions.c.o[0m
[  6%] [32mBuilding C object CMakeFiles/custom_msgs__rosidl_generator_c.dir/rosidl_generator_c/custom_msgs/msg/detail/servo_setpoint__functions.c.o[0m
[  7%] [32mBuilding C object CMakeFiles/custom_msgs__rosidl_generator_c.dir/rosidl_generator_c/custom_msgs/msg/detail/servo_status__functions.c.o[0m
[  8%] [32mBuilding C object CMakeFiles/custom_msgs__rosidl_generator_c.dir/rosidl_generator_c/custom_msgs/msg/detail/battery_status__functions.c.o[0m
[  8%] [32mBuilding C object CMakeFiles/custom_msgs__rosidl_generator_c.dir/rosidl_generator_c/custom_msgs/msg/detail/servo_speed__functions.c.o[0m
[  9%] [32mBuilding C object CMakeFiles/custom_msgs__rosidl_generator_c.dir/rosidl_generator_c/custom_msgs/msg/detail/target_position__functions.c.o[0m
[  9%] [32mBuilding C object CMakeFiles/custom_msgs__rosidl_generator_c.dir/rosidl_generator_c/custom_msgs/msg/detail/system_logs__functions.c.o[0m
[ 10%] [32mBuilding C object CMakeFiles/custom_msgs__rosidl_generator_c.dir/rosidl_generator_c/custom_msgs/msg/detail/voltage_reading__functions.c.o[0m
[ 11%] [32mBuilding C object CMakeFiles/custom_msgs__rosidl_generator_c.dir/rosidl_generator_c/custom_msgs/msg/detail/motor_feedback__functions.c.o[0m
[ 11%] [32mBuilding C object CMakeFiles/custom_msgs__rosidl_generator_c.dir/rosidl_generator_c/custom_msgs/msg/detail/motor_status__functions.c.o[0m
[ 12%] [32mBuilding C object CMakeFiles/custom_msgs__rosidl_generator_c.dir/rosidl_generator_c/custom_msgs/msg/detail/pwm_command__functions.c.o[0m
[ 13%] [32m[1mLinking C shared library libcustom_msgs__rosidl_generator_c.so[0m
[ 13%] Built target custom_msgs__rosidl_generator_c
[ 14%] [34m[1mGenerating C++ type support dispatch for ROS interfaces[0m
[ 14%] [32mBuilding CXX object CMakeFiles/custom_msgs__rosidl_typesupport_cpp.dir/rosidl_typesupport_cpp/custom_msgs/msg/analog_input__type_support.cpp.o[0m
[ 15%] [32mBuilding CXX object CMakeFiles/custom_msgs__rosidl_typesupport_cpp.dir/rosidl_typesupport_cpp/custom_msgs/msg/motor_status__type_support.cpp.o[0m
[ 15%] [32mBuilding CXX object CMakeFiles/custom_msgs__rosidl_typesupport_cpp.dir/rosidl_typesupport_cpp/custom_msgs/msg/motor_feedback__type_support.cpp.o[0m
[ 16%] [32mBuilding CXX object CMakeFiles/custom_msgs__rosidl_typesupport_cpp.dir/rosidl_typesupport_cpp/custom_msgs/msg/motor_alerts__type_support.cpp.o[0m
[ 16%] [32mBuilding CXX object CMakeFiles/custom_msgs__rosidl_typesupport_cpp.dir/rosidl_typesupport_cpp/custom_msgs/msg/system_feedback__type_support.cpp.o[0m
[ 17%] [32mBuilding CXX object CMakeFiles/custom_msgs__rosidl_typesupport_cpp.dir/rosidl_typesupport_cpp/custom_msgs/msg/pid_params__type_support.cpp.o[0m
[ 18%] [32mBuilding CXX object CMakeFiles/custom_msgs__rosidl_typesupport_cpp.dir/rosidl_typesupport_cpp/custom_msgs/msg/updated_pid_params__type_support.cpp.o[0m
[ 18%] [32mBuilding CXX object CMakeFiles/custom_msgs__rosidl_typesupport_cpp.dir/rosidl_typesupport_cpp/custom_msgs/msg/tuning_status__type_support.cpp.o[0m
[ 19%] [32mBuilding CXX object CMakeFiles/custom_msgs__rosidl_typesupport_cpp.dir/rosidl_typesupport_cpp/custom_msgs/msg/servo_feedback__type_support.cpp.o[0m
[ 20%] [32mBuilding CXX object CMakeFiles/custom_msgs__rosidl_typesupport_cpp.dir/rosidl_typesupport_cpp/custom_msgs/msg/servo_setpoint__type_support.cpp.o[0m
[ 20%] [32mBuilding CXX object CMakeFiles/custom_msgs__rosidl_typesupport_cpp.dir/rosidl_typesupport_cpp/custom_msgs/msg/servo_status__type_support.cpp.o[0m
[ 21%] [32mBuilding CXX object CMakeFiles/custom_msgs__rosidl_typesupport_cpp.dir/rosidl_typesupport_cpp/custom_msgs/msg/battery_status__type_support.cpp.o[0m
[ 21%] [32mBuilding CXX object CMakeFiles/custom_msgs__rosidl_typesupport_cpp.dir/rosidl_typesupport_cpp/custom_msgs/msg/servo_speed__type_support.cpp.o[0m
[ 22%] [32mBuilding CXX object CMakeFiles/custom_msgs__rosidl_typesupport_cpp.dir/rosidl_typesupport_cpp/custom_msgs/msg/target_position__type_support.cpp.o[0m
[ 23%] [32mBuilding CXX object CMakeFiles/custom_msgs__rosidl_typesupport_cpp.dir/rosidl_typesupport_cpp/custom_msgs/msg/system_logs__type_support.cpp.o[0m
[ 23%] [32mBuilding CXX object CMakeFiles/custom_msgs__rosidl_typesupport_cpp.dir/rosidl_typesupport_cpp/custom_msgs/msg/voltage_reading__type_support.cpp.o[0m
[ 24%] [32mBuilding CXX object CMakeFiles/custom_msgs__rosidl_typesupport_cpp.dir/rosidl_typesupport_cpp/custom_msgs/msg/pwm_command__type_support.cpp.o[0m
[ 25%] [32m[1mLinking CXX shared library libcustom_msgs__rosidl_typesupport_cpp.so[0m
[ 25%] Built target custom_msgs__rosidl_typesupport_cpp
[ 26%] [34m[1mGenerating C type support dispatch for ROS interfaces[0m
[ 26%] [32mBuilding CXX object CMakeFiles/custom_msgs__rosidl_typesupport_c.dir/rosidl_typesupport_c/custom_msgs/msg/analog_input__type_support.cpp.o[0m
[ 27%] [32mBuilding CXX object CMakeFiles/custom_msgs__rosidl_typesupport_c.dir/rosidl_typesupport_c/custom_msgs/msg/motor_feedback__type_support.cpp.o[0m
[ 28%] [32mBuilding CXX object CMakeFiles/custom_msgs__rosidl_typesupport_c.dir/rosidl_typesupport_c/custom_msgs/msg/motor_alerts__type_support.cpp.o[0m
[ 28%] [32mBuilding CXX object CMakeFiles/custom_msgs__rosidl_typesupport_c.dir/rosidl_typesupport_c/custom_msgs/msg/system_feedback__type_support.cpp.o[0m
[ 29%] [32mBuilding CXX object CMakeFiles/custom_msgs__rosidl_typesupport_c.dir/rosidl_typesupport_c/custom_msgs/msg/pid_params__type_support.cpp.o[0m
[ 30%] [32mBuilding CXX object CMakeFiles/custom_msgs__rosidl_typesupport_c.dir/rosidl_typesupport_c/custom_msgs/msg/updated_pid_params__type_support.cpp.o[0m
[ 30%] [32mBuilding CXX object CMakeFiles/custom_msgs__rosidl_typesupport_c.dir/rosidl_typesupport_c/custom_msgs/msg/tuning_status__type_support.cpp.o[0m
[ 31%] [32mBuilding CXX object CMakeFiles/custom_msgs__rosidl_typesupport_c.dir/rosidl_typesupport_c/custom_msgs/msg/servo_feedback__type_support.cpp.o[0m
[ 31%] [32mBuilding CXX object CMakeFiles/custom_msgs__rosidl_typesupport_c.dir/rosidl_typesupport_c/custom_msgs/msg/servo_setpoint__type_support.cpp.o[0m
[ 32%] [32mBuilding CXX object CMakeFiles/custom_msgs__rosidl_typesupport_c.dir/rosidl_typesupport_c/custom_msgs/msg/servo_status__type_support.cpp.o[0m
[ 33%] [32mBuilding CXX object CMakeFiles/custom_msgs__rosidl_typesupport_c.dir/rosidl_typesupport_c/custom_msgs/msg/battery_status__type_support.cpp.o[0m
[ 33%] [32mBuilding CXX object CMakeFiles/custom_msgs__rosidl_typesupport_c.dir/rosidl_typesupport_c/custom_msgs/msg/servo_speed__type_support.cpp.o[0m
[ 34%] [32mBuilding CXX object CMakeFiles/custom_msgs__rosidl_typesupport_c.dir/rosidl_typesupport_c/custom_msgs/msg/target_position__type_support.cpp.o[0m
[ 35%] [32mBuilding CXX object CMakeFiles/custom_msgs__rosidl_typesupport_c.dir/rosidl_typesupport_c/custom_msgs/msg/system_logs__type_support.cpp.o[0m
[ 35%] [32mBuilding CXX object CMakeFiles/custom_msgs__rosidl_typesupport_c.dir/rosidl_typesupport_c/custom_msgs/msg/voltage_reading__type_support.cpp.o[0m
[ 35%] [32mBuilding CXX object CMakeFiles/custom_msgs__rosidl_typesupport_c.dir/rosidl_typesupport_c/custom_msgs/msg/motor_status__type_support.cpp.o[0m
[ 36%] [32mBuilding CXX object CMakeFiles/custom_msgs__rosidl_typesupport_c.dir/rosidl_typesupport_c/custom_msgs/msg/pwm_command__type_support.cpp.o[0m
[ 37%] [32m[1mLinking CXX shared library libcustom_msgs__rosidl_typesupport_c.so[0m
[ 37%] Built target custom_msgs__rosidl_typesupport_c
[ 38%] [34m[1mGenerating C introspection for ROS interfaces[0m
[ 38%] [32mBuilding C object CMakeFiles/custom_msgs__rosidl_typesupport_introspection_c.dir/rosidl_typesupport_introspection_c/custom_msgs/msg/detail/analog_input__type_support.c.o[0m
[ 39%] [32mBuilding C object CMakeFiles/custom_msgs__rosidl_typesupport_introspection_c.dir/rosidl_typesupport_introspection_c/custom_msgs/msg/detail/motor_alerts__type_support.c.o[0m
[ 39%] [32mBuilding C object CMakeFiles/custom_msgs__rosidl_typesupport_introspection_c.dir/rosidl_typesupport_introspection_c/custom_msgs/msg/detail/system_feedback__type_support.c.o[0m
[ 40%] [32mBuilding C object CMakeFiles/custom_msgs__rosidl_typesupport_introspection_c.dir/rosidl_typesupport_introspection_c/custom_msgs/msg/detail/pid_params__type_support.c.o[0m
[ 41%] [32mBuilding C object CMakeFiles/custom_msgs__rosidl_typesupport_introspection_c.dir/rosidl_typesupport_introspection_c/custom_msgs/msg/detail/updated_pid_params__type_support.c.o[0m
[ 41%] [32mBuilding C object CMakeFiles/custom_msgs__rosidl_typesupport_introspection_c.dir/rosidl_typesupport_introspection_c/custom_msgs/msg/detail/tuning_status__type_support.c.o[0m
[ 42%] [32mBuilding C object CMakeFiles/custom_msgs__rosidl_typesupport_introspection_c.dir/rosidl_typesupport_introspection_c/custom_msgs/msg/detail/servo_feedback__type_support.c.o[0m
[ 42%] [32mBuilding C object CMakeFiles/custom_msgs__rosidl_typesupport_introspection_c.dir/rosidl_typesupport_introspection_c/custom_msgs/msg/detail/servo_setpoint__type_support.c.o[0m
[ 43%] [32mBuilding C object CMakeFiles/custom_msgs__rosidl_typesupport_introspection_c.dir/rosidl_typesupport_introspection_c/custom_msgs/msg/detail/servo_status__type_support.c.o[0m
[ 44%] [32mBuilding C object CMakeFiles/custom_msgs__rosidl_typesupport_introspection_c.dir/rosidl_typesupport_introspection_c/custom_msgs/msg/detail/battery_status__type_support.c.o[0m
[ 44%] [32mBuilding C object CMakeFiles/custom_msgs__rosidl_typesupport_introspection_c.dir/rosidl_typesupport_introspection_c/custom_msgs/msg/detail/servo_speed__type_support.c.o[0m
[ 45%] [32mBuilding C object CMakeFiles/custom_msgs__rosidl_typesupport_introspection_c.dir/rosidl_typesupport_introspection_c/custom_msgs/msg/detail/target_position__type_support.c.o[0m
[ 46%] [32mBuilding C object CMakeFiles/custom_msgs__rosidl_typesupport_introspection_c.dir/rosidl_typesupport_introspection_c/custom_msgs/msg/detail/system_logs__type_support.c.o[0m
[ 46%] [32mBuilding C object CMakeFiles/custom_msgs__rosidl_typesupport_introspection_c.dir/rosidl_typesupport_introspection_c/custom_msgs/msg/detail/voltage_reading__type_support.c.o[0m
[ 47%] [32mBuilding C object CMakeFiles/custom_msgs__rosidl_typesupport_introspection_c.dir/rosidl_typesupport_introspection_c/custom_msgs/msg/detail/motor_feedback__type_support.c.o[0m
[ 47%] [32mBuilding C object CMakeFiles/custom_msgs__rosidl_typesupport_introspection_c.dir/rosidl_typesupport_introspection_c/custom_msgs/msg/detail/motor_status__type_support.c.o[0m
[ 48%] [32mBuilding C object CMakeFiles/custom_msgs__rosidl_typesupport_introspection_c.dir/rosidl_typesupport_introspection_c/custom_msgs/msg/detail/pwm_command__type_support.c.o[0m
[ 49%] [32m[1mLinking C shared library libcustom_msgs__rosidl_typesupport_introspection_c.so[0m
[ 49%] Built target custom_msgs__rosidl_typesupport_introspection_c
[ 50%] [34m[1mGenerating C type support for eProsima Fast-RTPS[0m
[ 50%] [32mBuilding CXX object CMakeFiles/custom_msgs__rosidl_typesupport_fastrtps_c.dir/rosidl_typesupport_fastrtps_c/custom_msgs/msg/detail/analog_input__type_support_c.cpp.o[0m
[ 51%] [32mBuilding CXX object CMakeFiles/custom_msgs__rosidl_typesupport_fastrtps_c.dir/rosidl_typesupport_fastrtps_c/custom_msgs/msg/detail/pwm_command__type_support_c.cpp.o[0m
[ 51%] [32mBuilding CXX object CMakeFiles/custom_msgs__rosidl_typesupport_fastrtps_c.dir/rosidl_typesupport_fastrtps_c/custom_msgs/msg/detail/system_feedback__type_support_c.cpp.o[0m
[ 52%] [32mBuilding CXX object CMakeFiles/custom_msgs__rosidl_typesupport_fastrtps_c.dir/rosidl_typesupport_fastrtps_c/custom_msgs/msg/detail/motor_alerts__type_support_c.cpp.o[0m
[ 53%] [32mBuilding CXX object CMakeFiles/custom_msgs__rosidl_typesupport_fastrtps_c.dir/rosidl_typesupport_fastrtps_c/custom_msgs/msg/detail/motor_feedback__type_support_c.cpp.o[0m
[ 53%] [32mBuilding CXX object CMakeFiles/custom_msgs__rosidl_typesupport_fastrtps_c.dir/rosidl_typesupport_fastrtps_c/custom_msgs/msg/detail/motor_status__type_support_c.cpp.o[0m
[ 54%] [32mBuilding CXX object CMakeFiles/custom_msgs__rosidl_typesupport_fastrtps_c.dir/rosidl_typesupport_fastrtps_c/custom_msgs/msg/detail/pid_params__type_support_c.cpp.o[0m
[ 55%] [32mBuilding CXX object CMakeFiles/custom_msgs__rosidl_typesupport_fastrtps_c.dir/rosidl_typesupport_fastrtps_c/custom_msgs/msg/detail/servo_status__type_support_c.cpp.o[0m
[ 56%] [32mBuilding CXX object CMakeFiles/custom_msgs__rosidl_typesupport_fastrtps_c.dir/rosidl_typesupport_fastrtps_c/custom_msgs/msg/detail/battery_status__type_support_c.cpp.o[0m
[ 56%] [32mBuilding CXX object CMakeFiles/custom_msgs__rosidl_typesupport_fastrtps_c.dir/rosidl_typesupport_fastrtps_c/custom_msgs/msg/detail/servo_speed__type_support_c.cpp.o[0m
[ 57%] [32mBuilding CXX object CMakeFiles/custom_msgs__rosidl_typesupport_fastrtps_c.dir/rosidl_typesupport_fastrtps_c/custom_msgs/msg/detail/target_position__type_support_c.cpp.o[0m
[ 58%] [32mBuilding CXX object CMakeFiles/custom_msgs__rosidl_typesupport_fastrtps_c.dir/rosidl_typesupport_fastrtps_c/custom_msgs/msg/detail/system_logs__type_support_c.cpp.o[0m
[ 58%] [32mBuilding CXX object CMakeFiles/custom_msgs__rosidl_typesupport_fastrtps_c.dir/rosidl_typesupport_fastrtps_c/custom_msgs/msg/detail/voltage_reading__type_support_c.cpp.o[0m
[ 58%] [32mBuilding CXX object CMakeFiles/custom_msgs__rosidl_typesupport_fastrtps_c.dir/rosidl_typesupport_fastrtps_c/custom_msgs/msg/detail/servo_setpoint__type_support_c.cpp.o[0m
[ 59%] [32mBuilding CXX object CMakeFiles/custom_msgs__rosidl_typesupport_fastrtps_c.dir/rosidl_typesupport_fastrtps_c/custom_msgs/msg/detail/servo_feedback__type_support_c.cpp.o[0m
[ 59%] [32mBuilding CXX object CMakeFiles/custom_msgs__rosidl_typesupport_fastrtps_c.dir/rosidl_typesupport_fastrtps_c/custom_msgs/msg/detail/tuning_status__type_support_c.cpp.o[0m
[ 60%] [32mBuilding CXX object CMakeFiles/custom_msgs__rosidl_typesupport_fastrtps_c.dir/rosidl_typesupport_fastrtps_c/custom_msgs/msg/detail/updated_pid_params__type_support_c.cpp.o[0m
[ 61%] [32m[1mLinking CXX shared library libcustom_msgs__rosidl_typesupport_fastrtps_c.so[0m
[ 61%] Built target custom_msgs__rosidl_typesupport_fastrtps_c
[ 62%] [34m[1mGenerating C++ introspection for ROS interfaces[0m
[ 62%] [32mBuilding CXX object CMakeFiles/custom_msgs__rosidl_typesupport_introspection_cpp.dir/rosidl_typesupport_introspection_cpp/custom_msgs/msg/detail/analog_input__type_support.cpp.o[0m
[ 63%] [32mBuilding CXX object CMakeFiles/custom_msgs__rosidl_typesupport_introspection_cpp.dir/rosidl_typesupport_introspection_cpp/custom_msgs/msg/detail/pid_params__type_support.cpp.o[0m
[ 64%] [32mBuilding CXX object CMakeFiles/custom_msgs__rosidl_typesupport_introspection_cpp.dir/rosidl_typesupport_introspection_cpp/custom_msgs/msg/detail/updated_pid_params__type_support.cpp.o[0m
[ 64%] [32mBuilding CXX object CMakeFiles/custom_msgs__rosidl_typesupport_introspection_cpp.dir/rosidl_typesupport_introspection_cpp/custom_msgs/msg/detail/tuning_status__type_support.cpp.o[0m
[ 65%] [32mBuilding CXX object CMakeFiles/custom_msgs__rosidl_typesupport_introspection_cpp.dir/rosidl_typesupport_introspection_cpp/custom_msgs/msg/detail/servo_feedback__type_support.cpp.o[0m
[ 66%] [32mBuilding CXX object CMakeFiles/custom_msgs__rosidl_typesupport_introspection_cpp.dir/rosidl_typesupport_introspection_cpp/custom_msgs/msg/detail/servo_setpoint__type_support.cpp.o[0m
[ 66%] [32mBuilding CXX object CMakeFiles/custom_msgs__rosidl_typesupport_introspection_cpp.dir/rosidl_typesupport_introspection_cpp/custom_msgs/msg/detail/servo_status__type_support.cpp.o[0m
[ 67%] [32mBuilding CXX object CMakeFiles/custom_msgs__rosidl_typesupport_introspection_cpp.dir/rosidl_typesupport_introspection_cpp/custom_msgs/msg/detail/battery_status__type_support.cpp.o[0m
[ 67%] [32mBuilding CXX object CMakeFiles/custom_msgs__rosidl_typesupport_introspection_cpp.dir/rosidl_typesupport_introspection_cpp/custom_msgs/msg/detail/servo_speed__type_support.cpp.o[0m
[ 68%] [32mBuilding CXX object CMakeFiles/custom_msgs__rosidl_typesupport_introspection_cpp.dir/rosidl_typesupport_introspection_cpp/custom_msgs/msg/detail/target_position__type_support.cpp.o[0m
[ 68%] [32mBuilding CXX object CMakeFiles/custom_msgs__rosidl_typesupport_introspection_cpp.dir/rosidl_typesupport_introspection_cpp/custom_msgs/msg/detail/system_feedback__type_support.cpp.o[0m
[ 68%] [32mBuilding CXX object CMakeFiles/custom_msgs__rosidl_typesupport_introspection_cpp.dir/rosidl_typesupport_introspection_cpp/custom_msgs/msg/detail/voltage_reading__type_support.cpp.o[0m
[ 69%] [32mBuilding CXX object CMakeFiles/custom_msgs__rosidl_typesupport_introspection_cpp.dir/rosidl_typesupport_introspection_cpp/custom_msgs/msg/detail/motor_alerts__type_support.cpp.o[0m
[ 70%] [32mBuilding CXX object CMakeFiles/custom_msgs__rosidl_typesupport_introspection_cpp.dir/rosidl_typesupport_introspection_cpp/custom_msgs/msg/detail/system_logs__type_support.cpp.o[0m
[ 70%] [32mBuilding CXX object CMakeFiles/custom_msgs__rosidl_typesupport_introspection_cpp.dir/rosidl_typesupport_introspection_cpp/custom_msgs/msg/detail/motor_feedback__type_support.cpp.o[0m
[ 71%] [32mBuilding CXX object CMakeFiles/custom_msgs__rosidl_typesupport_introspection_cpp.dir/rosidl_typesupport_introspection_cpp/custom_msgs/msg/detail/motor_status__type_support.cpp.o[0m
[ 72%] [32mBuilding CXX object CMakeFiles/custom_msgs__rosidl_typesupport_introspection_cpp.dir/rosidl_typesupport_introspection_cpp/custom_msgs/msg/detail/pwm_command__type_support.cpp.o[0m
[ 73%] [32m[1mLinking CXX shared library libcustom_msgs__rosidl_typesupport_introspection_cpp.so[0m
[ 73%] Built target custom_msgs__rosidl_typesupport_introspection_cpp
[ 74%] [34m[1mGenerating C++ type support for eProsima Fast-RTPS[0m
[ 74%] [32mBuilding CXX object CMakeFiles/custom_msgs__rosidl_typesupport_fastrtps_cpp.dir/rosidl_typesupport_fastrtps_cpp/custom_msgs/msg/detail/dds_fastrtps/analog_input__type_support.cpp.o[0m
[ 75%] [32mBuilding CXX object CMakeFiles/custom_msgs__rosidl_typesupport_fastrtps_cpp.dir/rosidl_typesupport_fastrtps_cpp/custom_msgs/msg/detail/dds_fastrtps/updated_pid_params__type_support.cpp.o[0m
[ 75%] [32mBuilding CXX object CMakeFiles/custom_msgs__rosidl_typesupport_fastrtps_cpp.dir/rosidl_typesupport_fastrtps_cpp/custom_msgs/msg/detail/dds_fastrtps/tuning_status__type_support.cpp.o[0m
[ 76%] [32mBuilding CXX object CMakeFiles/custom_msgs__rosidl_typesupport_fastrtps_cpp.dir/rosidl_typesupport_fastrtps_cpp/custom_msgs/msg/detail/dds_fastrtps/servo_feedback__type_support.cpp.o[0m
[ 77%] [32mBuilding CXX object CMakeFiles/custom_msgs__rosidl_typesupport_fastrtps_cpp.dir/rosidl_typesupport_fastrtps_cpp/custom_msgs/msg/detail/dds_fastrtps/servo_setpoint__type_support.cpp.o[0m
[ 77%] [32mBuilding CXX object CMakeFiles/custom_msgs__rosidl_typesupport_fastrtps_cpp.dir/rosidl_typesupport_fastrtps_cpp/custom_msgs/msg/detail/dds_fastrtps/servo_status__type_support.cpp.o[0m
[ 78%] [32mBuilding CXX object CMakeFiles/custom_msgs__rosidl_typesupport_fastrtps_cpp.dir/rosidl_typesupport_fastrtps_cpp/custom_msgs/msg/detail/dds_fastrtps/battery_status__type_support.cpp.o[0m
[ 78%] [32mBuilding CXX object CMakeFiles/custom_msgs__rosidl_typesupport_fastrtps_cpp.dir/rosidl_typesupport_fastrtps_cpp/custom_msgs/msg/detail/dds_fastrtps/servo_speed__type_support.cpp.o[0m
[ 79%] [32mBuilding CXX object CMakeFiles/custom_msgs__rosidl_typesupport_fastrtps_cpp.dir/rosidl_typesupport_fastrtps_cpp/custom_msgs/msg/detail/dds_fastrtps/target_position__type_support.cpp.o[0m
[ 80%] [32mBuilding CXX object CMakeFiles/custom_msgs__rosidl_typesupport_fastrtps_cpp.dir/rosidl_typesupport_fastrtps_cpp/custom_msgs/msg/detail/dds_fastrtps/pid_params__type_support.cpp.o[0m
[ 81%] [32mBuilding CXX object CMakeFiles/custom_msgs__rosidl_typesupport_fastrtps_cpp.dir/rosidl_typesupport_fastrtps_cpp/custom_msgs/msg/detail/dds_fastrtps/system_logs__type_support.cpp.o[0m
[ 81%] [32mBuilding CXX object CMakeFiles/custom_msgs__rosidl_typesupport_fastrtps_cpp.dir/rosidl_typesupport_fastrtps_cpp/custom_msgs/msg/detail/dds_fastrtps/system_feedback__type_support.cpp.o[0m
[ 81%] [32mBuilding CXX object CMakeFiles/custom_msgs__rosidl_typesupport_fastrtps_cpp.dir/rosidl_typesupport_fastrtps_cpp/custom_msgs/msg/detail/dds_fastrtps/voltage_reading__type_support.cpp.o[0m
[ 82%] [32mBuilding CXX object CMakeFiles/custom_msgs__rosidl_typesupport_fastrtps_cpp.dir/rosidl_typesupport_fastrtps_cpp/custom_msgs/msg/detail/dds_fastrtps/motor_alerts__type_support.cpp.o[0m
[ 82%] [32mBuilding CXX object CMakeFiles/custom_msgs__rosidl_typesupport_fastrtps_cpp.dir/rosidl_typesupport_fastrtps_cpp/custom_msgs/msg/detail/dds_fastrtps/motor_feedback__type_support.cpp.o[0m
[ 83%] [32mBuilding CXX object CMakeFiles/custom_msgs__rosidl_typesupport_fastrtps_cpp.dir/rosidl_typesupport_fastrtps_cpp/custom_msgs/msg/detail/dds_fastrtps/motor_status__type_support.cpp.o[0m
[ 84%] [32mBuilding CXX object CMakeFiles/custom_msgs__rosidl_typesupport_fastrtps_cpp.dir/rosidl_typesupport_fastrtps_cpp/custom_msgs/msg/detail/dds_fastrtps/pwm_command__type_support.cpp.o[0m
[ 85%] [32m[1mLinking CXX shared library libcustom_msgs__rosidl_typesupport_fastrtps_cpp.so[0m
[ 85%] Built target custom_msgs__rosidl_typesupport_fastrtps_cpp
[ 85%] Built target custom_msgs
[ 86%] [34m[1mGenerating Python code for ROS interfaces[0m
[ 86%] Built target custom_msgs__py
[ 86%] [32mBuilding C object CMakeFiles/custom_msgs__rosidl_generator_py.dir/rosidl_generator_py/custom_msgs/msg/_analog_input_s.c.o[0m
[ 87%] [32mBuilding C object CMakeFiles/custom_msgs__rosidl_generator_py.dir/rosidl_generator_py/custom_msgs/msg/_updated_pid_params_s.c.o[0m
[ 87%] [32mBuilding C object CMakeFiles/custom_msgs__rosidl_generator_py.dir/rosidl_generator_py/custom_msgs/msg/_tuning_status_s.c.o[0m
[ 88%] [32mBuilding C object CMakeFiles/custom_msgs__rosidl_generator_py.dir/rosidl_generator_py/custom_msgs/msg/_servo_feedback_s.c.o[0m
[ 89%] [32mBuilding C object CMakeFiles/custom_msgs__rosidl_generator_py.dir/rosidl_generator_py/custom_msgs/msg/_servo_setpoint_s.c.o[0m
[ 89%] [32mBuilding C object CMakeFiles/custom_msgs__rosidl_generator_py.dir/rosidl_generator_py/custom_msgs/msg/_servo_status_s.c.o[0m
[ 90%] [32mBuilding C object CMakeFiles/custom_msgs__rosidl_generator_py.dir/rosidl_generator_py/custom_msgs/msg/_battery_status_s.c.o[0m
[ 91%] [32mBuilding C object CMakeFiles/custom_msgs__rosidl_generator_py.dir/rosidl_generator_py/custom_msgs/msg/_pid_params_s.c.o[0m
[ 91%] [32mBuilding C object CMakeFiles/custom_msgs__rosidl_generator_py.dir/rosidl_generator_py/custom_msgs/msg/_servo_speed_s.c.o[0m
[ 92%] [32mBuilding C object CMakeFiles/custom_msgs__rosidl_generator_py.dir/rosidl_generator_py/custom_msgs/msg/_target_position_s.c.o[0m
[ 93%] [32mBuilding C object CMakeFiles/custom_msgs__rosidl_generator_py.dir/rosidl_generator_py/custom_msgs/msg/_system_logs_s.c.o[0m
[ 93%] [32mBuilding C object CMakeFiles/custom_msgs__rosidl_generator_py.dir/rosidl_generator_py/custom_msgs/msg/_voltage_reading_s.c.o[0m
[ 93%] [32mBuilding C object CMakeFiles/custom_msgs__rosidl_generator_py.dir/rosidl_generator_py/custom_msgs/msg/_system_feedback_s.c.o[0m
[ 94%] [32mBuilding C object CMakeFiles/custom_msgs__rosidl_generator_py.dir/rosidl_generator_py/custom_msgs/msg/_motor_alerts_s.c.o[0m
[ 94%] [32mBuilding C object CMakeFiles/custom_msgs__rosidl_generator_py.dir/rosidl_generator_py/custom_msgs/msg/_motor_feedback_s.c.o[0m
[ 95%] [32mBuilding C object CMakeFiles/custom_msgs__rosidl_generator_py.dir/rosidl_generator_py/custom_msgs/msg/_motor_status_s.c.o[0m
[ 96%] [32mBuilding C object CMakeFiles/custom_msgs__rosidl_generator_py.dir/rosidl_generator_py/custom_msgs/msg/_pwm_command_s.c.o[0m
[ 97%] [32m[1mLinking C shared library rosidl_generator_py/custom_msgs/libcustom_msgs__rosidl_generator_py.so[0m
[ 97%] Built target custom_msgs__rosidl_generator_py
[ 97%] [32mBuilding C object CMakeFiles/custom_msgs__rosidl_typesupport_fastrtps_c__pyext.dir/rosidl_generator_py/custom_msgs/_custom_msgs_s.ep.rosidl_typesupport_fastrtps_c.c.o[0m
[ 98%] [32m[1mLinking C shared library rosidl_generator_py/custom_msgs/custom_msgs_s__rosidl_typesupport_fastrtps_c.cpython-310-x86_64-linux-gnu.so[0m
[ 98%] Built target custom_msgs__rosidl_typesupport_fastrtps_c__pyext
[ 98%] [32mBuilding C object CMakeFiles/custom_msgs__rosidl_typesupport_c__pyext.dir/rosidl_generator_py/custom_msgs/_custom_msgs_s.ep.rosidl_typesupport_c.c.o[0m
[ 99%] [32m[1mLinking C shared library rosidl_generator_py/custom_msgs/custom_msgs_s__rosidl_typesupport_c.cpython-310-x86_64-linux-gnu.so[0m
[ 99%] Built target custom_msgs__rosidl_typesupport_c__pyext
[ 99%] [32mBuilding C object CMakeFiles/custom_msgs__rosidl_typesupport_introspection_c__pyext.dir/rosidl_generator_py/custom_msgs/_custom_msgs_s.ep.rosidl_typesupport_introspection_c.c.o[0m
[100%] [32m[1mLinking C shared library rosidl_generator_py/custom_msgs/custom_msgs_s__rosidl_typesupport_introspection_c.cpython-310-x86_64-linux-gnu.so[0m
[100%] Built target custom_msgs__rosidl_typesupport_introspection_c__pyext
-- Install configuration: ""
-- Installing: /home/hikari/ROScribe/ros_ws/src/install/custom_msgs/share/ament_index/resource_index/rosidl_interfaces/custom_msgs
-- Installing: /home/hikari/ROScribe/ros_ws/src/install/custom_msgs/include/custom_msgs/custom_msgs
-- Installing: /home/hikari/ROScribe/ros_ws/src/install/custom_msgs/include/custom_msgs/custom_msgs/msg
-- Installing: /home/hikari/ROScribe/ros_ws/src/install/custom_msgs/include/custom_msgs/custom_msgs/msg/servo_status.h
-- Installing: /home/hikari/ROScribe/ros_ws/src/install/custom_msgs/include/custom_msgs/custom_msgs/msg/servo_setpoint.h
-- Installing: /home/hikari/ROScribe/ros_ws/src/install/custom_msgs/include/custom_msgs/custom_msgs/msg/motor_status.h
-- Installing: /home/hikari/ROScribe/ros_ws/src/install/custom_msgs/include/custom_msgs/custom_msgs/msg/updated_pid_params.h
-- Installing: /home/hikari/ROScribe/ros_ws/src/install/custom_msgs/include/custom_msgs/custom_msgs/msg/motor_alerts.h
-- Installing: /home/hikari/ROScribe/ros_ws/src/install/custom_msgs/include/custom_msgs/custom_msgs/msg/analog_input.h
-- Installing: /home/hikari/ROScribe/ros_ws/src/install/custom_msgs/include/custom_msgs/custom_msgs/msg/system_feedback.h
-- Installing: /home/hikari/ROScribe/ros_ws/src/install/custom_msgs/include/custom_msgs/custom_msgs/msg/pwm_command.h
-- Installing: /home/hikari/ROScribe/ros_ws/src/install/custom_msgs/include/custom_msgs/custom_msgs/msg/system_logs.h
-- Installing: /home/hikari/ROScribe/ros_ws/src/install/custom_msgs/include/custom_msgs/custom_msgs/msg/target_position.h
-- Installing: /home/hikari/ROScribe/ros_ws/src/install/custom_msgs/include/custom_msgs/custom_msgs/msg/servo_feedback.h
-- Installing: /home/hikari/ROScribe/ros_ws/src/install/custom_msgs/include/custom_msgs/custom_msgs/msg/servo_speed.h
-- Installing: /home/hikari/ROScribe/ros_ws/src/install/custom_msgs/include/custom_msgs/custom_msgs/msg/motor_feedback.h
-- Installing: /home/hikari/ROScribe/ros_ws/src/install/custom_msgs/include/custom_msgs/custom_msgs/msg/tuning_status.h
-- Installing: /home/hikari/ROScribe/ros_ws/src/install/custom_msgs/include/custom_msgs/custom_msgs/msg/voltage_reading.h
-- Installing: /home/hikari/ROScribe/ros_ws/src/install/custom_msgs/include/custom_msgs/custom_msgs/msg/rosidl_generator_c__visibility_control.h
-- Installing: /home/hikari/ROScribe/ros_ws/src/install/custom_msgs/include/custom_msgs/custom_msgs/msg/battery_status.h
-- Installing: /home/hikari/ROScribe/ros_ws/src/install/custom_msgs/include/custom_msgs/custom_msgs/msg/detail
-- Installing: /home/hikari/ROScribe/ros_ws/src/install/custom_msgs/include/custom_msgs/custom_msgs/msg/detail/voltage_reading__functions.c
-- Installing: /home/hikari/ROScribe/ros_ws/src/install/custom_msgs/include/custom_msgs/custom_msgs/msg/detail/voltage_reading__functions.h
-- Installing: /home/hikari/ROScribe/ros_ws/src/install/custom_msgs/include/custom_msgs/custom_msgs/msg/detail/target_position__functions.c
-- Installing: /home/hikari/ROScribe/ros_ws/src/install/custom_msgs/include/custom_msgs/custom_msgs/msg/detail/servo_setpoint__functions.h
-- Installing: /home/hikari/ROScribe/ros_ws/src/install/custom_msgs/include/custom_msgs/custom_msgs/msg/detail/system_feedback__functions.c
-- Installing: /home/hikari/ROScribe/ros_ws/src/install/custom_msgs/include/custom_msgs/custom_msgs/msg/detail/pid_params__functions.h
-- Installing: /home/hikari/ROScribe/ros_ws/src/install/custom_msgs/include/custom_msgs/custom_msgs/msg/detail/system_logs__functions.h
-- Installing: /home/hikari/ROScribe/ros_ws/src/install/custom_msgs/include/custom_msgs/custom_msgs/msg/detail/target_position__type_support.h
-- Installing: /home/hikari/ROScribe/ros_ws/src/install/custom_msgs/include/custom_msgs/custom_msgs/msg/detail/motor_alerts__functions.h
-- Installing: /home/hikari/ROScribe/ros_ws/src/install/custom_msgs/include/custom_msgs/custom_msgs/msg/detail/system_feedback__type_support.h
-- Installing: /home/hikari/ROScribe/ros_ws/src/install/custom_msgs/include/custom_msgs/custom_msgs/msg/detail/battery_status__struct.h
-- Installing: /home/hikari/ROScribe/ros_ws/src/install/custom_msgs/include/custom_msgs/custom_msgs/msg/detail/system_logs__type_support.h
-- Installing: /home/hikari/ROScribe/ros_ws/src/install/custom_msgs/include/custom_msgs/custom_msgs/msg/detail/servo_status__struct.h
-- Installing: /home/hikari/ROScribe/ros_ws/src/install/custom_msgs/include/custom_msgs/custom_msgs/msg/detail/pid_params__functions.c
-- Installing: /home/hikari/ROScribe/ros_ws/src/install/custom_msgs/include/custom_msgs/custom_msgs/msg/detail/servo_status__type_support.h
-- Installing: /home/hikari/ROScribe/ros_ws/src/install/custom_msgs/include/custom_msgs/custom_msgs/msg/detail/servo_feedback__type_support.h
-- Installing: /home/hikari/ROScribe/ros_ws/src/install/custom_msgs/include/custom_msgs/custom_msgs/msg/detail/servo_setpoint__functions.c
-- Installing: /home/hikari/ROScribe/ros_ws/src/install/custom_msgs/include/custom_msgs/custom_msgs/msg/detail/servo_feedback__functions.h
-- Installing: /home/hikari/ROScribe/ros_ws/src/install/custom_msgs/include/custom_msgs/custom_msgs/msg/detail/tuning_status__functions.c
-- Installing: /home/hikari/ROScribe/ros_ws/src/install/custom_msgs/include/custom_msgs/custom_msgs/msg/detail/pwm_command__functions.c
-- Installing: /home/hikari/ROScribe/ros_ws/src/install/custom_msgs/include/custom_msgs/custom_msgs/msg/detail/pid_params__struct.h
-- Installing: /home/hikari/ROScribe/ros_ws/src/install/custom_msgs/include/custom_msgs/custom_msgs/msg/detail/tuning_status__functions.h
-- Installing: /home/hikari/ROScribe/ros_ws/src/install/custom_msgs/include/custom_msgs/custom_msgs/msg/detail/battery_status__functions.c
-- Installing: /home/hikari/ROScribe/ros_ws/src/install/custom_msgs/include/custom_msgs/custom_msgs/msg/detail/motor_alerts__functions.c
-- Installing: /home/hikari/ROScribe/ros_ws/src/install/custom_msgs/include/custom_msgs/custom_msgs/msg/detail/updated_pid_params__functions.c
-- Installing: /home/hikari/ROScribe/ros_ws/src/install/custom_msgs/include/custom_msgs/custom_msgs/msg/detail/system_logs__struct.h
-- Installing: /home/hikari/ROScribe/ros_ws/src/install/custom_msgs/include/custom_msgs/custom_msgs/msg/detail/servo_speed__struct.h
-- Installing: /home/hikari/ROScribe/ros_ws/src/install/custom_msgs/include/custom_msgs/custom_msgs/msg/detail/motor_feedback__type_support.h
-- Installing: /home/hikari/ROScribe/ros_ws/src/install/custom_msgs/include/custom_msgs/custom_msgs/msg/detail/motor_feedback__functions.h
-- Installing: /home/hikari/ROScribe/ros_ws/src/install/custom_msgs/include/custom_msgs/custom_msgs/msg/detail/motor_feedback__functions.c
-- Installing: /home/hikari/ROScribe/ros_ws/src/install/custom_msgs/include/custom_msgs/custom_msgs/msg/detail/updated_pid_params__type_support.h
-- Installing: /home/hikari/ROScribe/ros_ws/src/install/custom_msgs/include/custom_msgs/custom_msgs/msg/detail/servo_feedback__functions.c
-- Installing: /home/hikari/ROScribe/ros_ws/src/install/custom_msgs/include/custom_msgs/custom_msgs/msg/detail/motor_alerts__struct.h
-- Installing: /home/hikari/ROScribe/ros_ws/src/install/custom_msgs/include/custom_msgs/custom_msgs/msg/detail/pid_params__type_support.h
-- Installing: /home/hikari/ROScribe/ros_ws/src/install/custom_msgs/include/custom_msgs/custom_msgs/msg/detail/tuning_status__struct.h
-- Installing: /home/hikari/ROScribe/ros_ws/src/install/custom_msgs/include/custom_msgs/custom_msgs/msg/detail/pwm_command__struct.h
-- Installing: /home/hikari/ROScribe/ros_ws/src/install/custom_msgs/include/custom_msgs/custom_msgs/msg/detail/motor_status__functions.c
-- Installing: /home/hikari/ROScribe/ros_ws/src/install/custom_msgs/include/custom_msgs/custom_msgs/msg/detail/system_feedback__functions.h
-- Installing: /home/hikari/ROScribe/ros_ws/src/install/custom_msgs/include/custom_msgs/custom_msgs/msg/detail/battery_status__type_support.h
-- Installing: /home/hikari/ROScribe/ros_ws/src/install/custom_msgs/include/custom_msgs/custom_msgs/msg/detail/battery_status__functions.h
-- Installing: /home/hikari/ROScribe/ros_ws/src/install/custom_msgs/include/custom_msgs/custom_msgs/msg/detail/system_logs__functions.c
-- Installing: /home/hikari/ROScribe/ros_ws/src/install/custom_msgs/include/custom_msgs/custom_msgs/msg/detail/updated_pid_params__struct.h
-- Installing: /home/hikari/ROScribe/ros_ws/src/install/custom_msgs/include/custom_msgs/custom_msgs/msg/detail/pwm_command__type_support.h
-- Installing: /home/hikari/ROScribe/ros_ws/src/install/custom_msgs/include/custom_msgs/custom_msgs/msg/detail/servo_setpoint__struct.h
-- Installing: /home/hikari/ROScribe/ros_ws/src/install/custom_msgs/include/custom_msgs/custom_msgs/msg/detail/analog_input__functions.h
-- Installing: /home/hikari/ROScribe/ros_ws/src/install/custom_msgs/include/custom_msgs/custom_msgs/msg/detail/servo_speed__functions.c
-- Installing: /home/hikari/ROScribe/ros_ws/src/install/custom_msgs/include/custom_msgs/custom_msgs/msg/detail/system_feedback__struct.h
-- Installing: /home/hikari/ROScribe/ros_ws/src/install/custom_msgs/include/custom_msgs/custom_msgs/msg/detail/servo_speed__functions.h
-- Installing: /home/hikari/ROScribe/ros_ws/src/install/custom_msgs/include/custom_msgs/custom_msgs/msg/detail/motor_status__type_support.h
-- Installing: /home/hikari/ROScribe/ros_ws/src/install/custom_msgs/include/custom_msgs/custom_msgs/msg/detail/voltage_reading__type_support.h
-- Installing: /home/hikari/ROScribe/ros_ws/src/install/custom_msgs/include/custom_msgs/custom_msgs/msg/detail/updated_pid_params__functions.h
-- Installing: /home/hikari/ROScribe/ros_ws/src/install/custom_msgs/include/custom_msgs/custom_msgs/msg/detail/analog_input__functions.c
-- Installing: /home/hikari/ROScribe/ros_ws/src/install/custom_msgs/include/custom_msgs/custom_msgs/msg/detail/motor_status__functions.h
-- Installing: /home/hikari/ROScribe/ros_ws/src/install/custom_msgs/include/custom_msgs/custom_msgs/msg/detail/analog_input__type_support.h
-- Installing: /home/hikari/ROScribe/ros_ws/src/install/custom_msgs/include/custom_msgs/custom_msgs/msg/detail/tuning_status__type_support.h
-- Installing: /home/hikari/ROScribe/ros_ws/src/install/custom_msgs/include/custom_msgs/custom_msgs/msg/detail/servo_feedback__struct.h
-- Installing: /home/hikari/ROScribe/ros_ws/src/install/custom_msgs/include/custom_msgs/custom_msgs/msg/detail/motor_feedback__struct.h
-- Installing: /home/hikari/ROScribe/ros_ws/src/install/custom_msgs/include/custom_msgs/custom_msgs/msg/detail/servo_status__functions.h
-- Installing: /home/hikari/ROScribe/ros_ws/src/install/custom_msgs/include/custom_msgs/custom_msgs/msg/detail/servo_speed__type_support.h
-- Installing: /home/hikari/ROScribe/ros_ws/src/install/custom_msgs/include/custom_msgs/custom_msgs/msg/detail/motor_status__struct.h
-- Installing: /home/hikari/ROScribe/ros_ws/src/install/custom_msgs/include/custom_msgs/custom_msgs/msg/detail/servo_setpoint__type_support.h
-- Installing: /home/hikari/ROScribe/ros_ws/src/install/custom_msgs/include/custom_msgs/custom_msgs/msg/detail/pwm_command__functions.h
-- Installing: /home/hikari/ROScribe/ros_ws/src/install/custom_msgs/include/custom_msgs/custom_msgs/msg/detail/voltage_reading__struct.h
-- Installing: /home/hikari/ROScribe/ros_ws/src/install/custom_msgs/include/custom_msgs/custom_msgs/msg/detail/servo_status__functions.c
-- Installing: /home/hikari/ROScribe/ros_ws/src/install/custom_msgs/include/custom_msgs/custom_msgs/msg/detail/target_position__struct.h
-- Installing: /home/hikari/ROScribe/ros_ws/src/install/custom_msgs/include/custom_msgs/custom_msgs/msg/detail/motor_alerts__type_support.h
-- Installing: /home/hikari/ROScribe/ros_ws/src/install/custom_msgs/include/custom_msgs/custom_msgs/msg/detail/analog_input__struct.h
-- Installing: /home/hikari/ROScribe/ros_ws/src/install/custom_msgs/include/custom_msgs/custom_msgs/msg/detail/target_position__functions.h
-- Installing: /home/hikari/ROScribe/ros_ws/src/install/custom_msgs/include/custom_msgs/custom_msgs/msg/pid_params.h
-- Installing: /home/hikari/ROScribe/ros_ws/src/install/custom_msgs/share/custom_msgs/environment/library_path.sh
-- Installing: /home/hikari/ROScribe/ros_ws/src/install/custom_msgs/share/custom_msgs/environment/library_path.dsv
-- Installing: /home/hikari/ROScribe/ros_ws/src/install/custom_msgs/lib/libcustom_msgs__rosidl_generator_c.so
-- Set runtime path of "/home/hikari/ROScribe/ros_ws/src/install/custom_msgs/lib/libcustom_msgs__rosidl_generator_c.so" to ""
-- Up-to-date: /home/hikari/ROScribe/ros_ws/src/install/custom_msgs/include/custom_msgs/custom_msgs
-- Up-to-date: /home/hikari/ROScribe/ros_ws/src/install/custom_msgs/include/custom_msgs/custom_msgs/msg
-- Installing: /home/hikari/ROScribe/ros_ws/src/install/custom_msgs/include/custom_msgs/custom_msgs/msg/rosidl_typesupport_fastrtps_c__visibility_control.h
-- Up-to-date: /home/hikari/ROScribe/ros_ws/src/install/custom_msgs/include/custom_msgs/custom_msgs/msg/detail
-- Installing: /home/hikari/ROScribe/ros_ws/src/install/custom_msgs/include/custom_msgs/custom_msgs/msg/detail/analog_input__rosidl_typesupport_fastrtps_c.h
-- Installing: /home/hikari/ROScribe/ros_ws/src/install/custom_msgs/include/custom_msgs/custom_msgs/msg/detail/motor_alerts__rosidl_typesupport_fastrtps_c.h
-- Installing: /home/hikari/ROScribe/ros_ws/src/install/custom_msgs/include/custom_msgs/custom_msgs/msg/detail/servo_speed__rosidl_typesupport_fastrtps_c.h
-- Installing: /home/hikari/ROScribe/ros_ws/src/install/custom_msgs/include/custom_msgs/custom_msgs/msg/detail/system_logs__rosidl_typesupport_fastrtps_c.h
-- Installing: /home/hikari/ROScribe/ros_ws/src/install/custom_msgs/include/custom_msgs/custom_msgs/msg/detail/pwm_command__rosidl_typesupport_fastrtps_c.h
-- Installing: /home/hikari/ROScribe/ros_ws/src/install/custom_msgs/include/custom_msgs/custom_msgs/msg/detail/motor_feedback__rosidl_typesupport_fastrtps_c.h
-- Installing: /home/hikari/ROScribe/ros_ws/src/install/custom_msgs/include/custom_msgs/custom_msgs/msg/detail/servo_setpoint__rosidl_typesupport_fastrtps_c.h
-- Installing: /home/hikari/ROScribe/ros_ws/src/install/custom_msgs/include/custom_msgs/custom_msgs/msg/detail/target_position__rosidl_typesupport_fastrtps_c.h
-- Installing: /home/hikari/ROScribe/ros_ws/src/install/custom_msgs/include/custom_msgs/custom_msgs/msg/detail/voltage_reading__rosidl_typesupport_fastrtps_c.h
-- Installing: /home/hikari/ROScribe/ros_ws/src/install/custom_msgs/include/custom_msgs/custom_msgs/msg/detail/pid_params__rosidl_typesupport_fastrtps_c.h
-- Installing: /home/hikari/ROScribe/ros_ws/src/install/custom_msgs/include/custom_msgs/custom_msgs/msg/detail/servo_feedback__rosidl_typesupport_fastrtps_c.h
-- Installing: /home/hikari/ROScribe/ros_ws/src/install/custom_msgs/include/custom_msgs/custom_msgs/msg/detail/servo_status__rosidl_typesupport_fastrtps_c.h
-- Installing: /home/hikari/ROScribe/ros_ws/src/install/custom_msgs/include/custom_msgs/custom_msgs/msg/detail/updated_pid_params__rosidl_typesupport_fastrtps_c.h
-- Installing: /home/hikari/ROScribe/ros_ws/src/install/custom_msgs/include/custom_msgs/custom_msgs/msg/detail/tuning_status__rosidl_typesupport_fastrtps_c.h
-- Installing: /home/hikari/ROScribe/ros_ws/src/install/custom_msgs/include/custom_msgs/custom_msgs/msg/detail/system_feedback__rosidl_typesupport_fastrtps_c.h
-- Installing: /home/hikari/ROScribe/ros_ws/src/install/custom_msgs/include/custom_msgs/custom_msgs/msg/detail/motor_status__rosidl_typesupport_fastrtps_c.h
-- Installing: /home/hikari/ROScribe/ros_ws/src/install/custom_msgs/include/custom_msgs/custom_msgs/msg/detail/battery_status__rosidl_typesupport_fastrtps_c.h
-- Installing: /home/hikari/ROScribe/ros_ws/src/install/custom_msgs/lib/libcustom_msgs__rosidl_typesupport_fastrtps_c.so
-- Set runtime path of "/home/hikari/ROScribe/ros_ws/src/install/custom_msgs/lib/libcustom_msgs__rosidl_typesupport_fastrtps_c.so" to ""
-- Up-to-date: /home/hikari/ROScribe/ros_ws/src/install/custom_msgs/include/custom_msgs/custom_msgs
-- Up-to-date: /home/hikari/ROScribe/ros_ws/src/install/custom_msgs/include/custom_msgs/custom_msgs/msg
-- Installing: /home/hikari/ROScribe/ros_ws/src/install/custom_msgs/include/custom_msgs/custom_msgs/msg/rosidl_typesupport_introspection_c__visibility_control.h
-- Up-to-date: /home/hikari/ROScribe/ros_ws/src/install/custom_msgs/include/custom_msgs/custom_msgs/msg/detail
-- Installing: /home/hikari/ROScribe/ros_ws/src/install/custom_msgs/include/custom_msgs/custom_msgs/msg/detail/servo_speed__rosidl_typesupport_introspection_c.h
-- Installing: /home/hikari/ROScribe/ros_ws/src/install/custom_msgs/include/custom_msgs/custom_msgs/msg/detail/servo_setpoint__type_support.c
-- Installing: /home/hikari/ROScribe/ros_ws/src/install/custom_msgs/include/custom_msgs/custom_msgs/msg/detail/motor_alerts__rosidl_typesupport_introspection_c.h
-- Installing: /home/hikari/ROScribe/ros_ws/src/install/custom_msgs/include/custom_msgs/custom_msgs/msg/detail/servo_status__type_support.c
-- Installing: /home/hikari/ROScribe/ros_ws/src/install/custom_msgs/include/custom_msgs/custom_msgs/msg/detail/motor_status__rosidl_typesupport_introspection_c.h
-- Installing: /home/hikari/ROScribe/ros_ws/src/install/custom_msgs/include/custom_msgs/custom_msgs/msg/detail/system_feedback__rosidl_typesupport_introspection_c.h
-- Installing: /home/hikari/ROScribe/ros_ws/src/install/custom_msgs/include/custom_msgs/custom_msgs/msg/detail/servo_feedback__type_support.c
-- Installing: /home/hikari/ROScribe/ros_ws/src/install/custom_msgs/include/custom_msgs/custom_msgs/msg/detail/target_position__rosidl_typesupport_introspection_c.h
-- Installing: /home/hikari/ROScribe/ros_ws/src/install/custom_msgs/include/custom_msgs/custom_msgs/msg/detail/pid_params__type_support.c
-- Installing: /home/hikari/ROScribe/ros_ws/src/install/custom_msgs/include/custom_msgs/custom_msgs/msg/detail/pwm_command__type_support.c
-- Installing: /home/hikari/ROScribe/ros_ws/src/install/custom_msgs/include/custom_msgs/custom_msgs/msg/detail/tuning_status__rosidl_typesupport_introspection_c.h
-- Installing: /home/hikari/ROScribe/ros_ws/src/install/custom_msgs/include/custom_msgs/custom_msgs/msg/detail/voltage_reading__type_support.c
-- Installing: /home/hikari/ROScribe/ros_ws/src/install/custom_msgs/include/custom_msgs/custom_msgs/msg/detail/pwm_command__rosidl_typesupport_introspection_c.h
-- Installing: /home/hikari/ROScribe/ros_ws/src/install/custom_msgs/include/custom_msgs/custom_msgs/msg/detail/battery_status__type_support.c
-- Installing: /home/hikari/ROScribe/ros_ws/src/install/custom_msgs/include/custom_msgs/custom_msgs/msg/detail/updated_pid_params__type_support.c
-- Installing: /home/hikari/ROScribe/ros_ws/src/install/custom_msgs/include/custom_msgs/custom_msgs/msg/detail/motor_feedback__rosidl_typesupport_introspection_c.h
-- Installing: /home/hikari/ROScribe/ros_ws/src/install/custom_msgs/include/custom_msgs/custom_msgs/msg/detail/battery_status__rosidl_typesupport_introspection_c.h
-- Installing: /home/hikari/ROScribe/ros_ws/src/install/custom_msgs/include/custom_msgs/custom_msgs/msg/detail/tuning_status__type_support.c
-- Installing: /home/hikari/ROScribe/ros_ws/src/install/custom_msgs/include/custom_msgs/custom_msgs/msg/detail/motor_status__type_support.c
-- Installing: /home/hikari/ROScribe/ros_ws/src/install/custom_msgs/include/custom_msgs/custom_msgs/msg/detail/system_logs__type_support.c
-- Installing: /home/hikari/ROScribe/ros_ws/src/install/custom_msgs/include/custom_msgs/custom_msgs/msg/detail/pid_params__rosidl_typesupport_introspection_c.h
-- Installing: /home/hikari/ROScribe/ros_ws/src/install/custom_msgs/include/custom_msgs/custom_msgs/msg/detail/system_logs__rosidl_typesupport_introspection_c.h
-- Installing: /home/hikari/ROScribe/ros_ws/src/install/custom_msgs/include/custom_msgs/custom_msgs/msg/detail/system_feedback__type_support.c
-- Installing: /home/hikari/ROScribe/ros_ws/src/install/custom_msgs/include/custom_msgs/custom_msgs/msg/detail/voltage_reading__rosidl_typesupport_introspection_c.h
-- Installing: /home/hikari/ROScribe/ros_ws/src/install/custom_msgs/include/custom_msgs/custom_msgs/msg/detail/motor_alerts__type_support.c
-- Installing: /home/hikari/ROScribe/ros_ws/src/install/custom_msgs/include/custom_msgs/custom_msgs/msg/detail/analog_input__rosidl_typesupport_introspection_c.h
-- Installing: /home/hikari/ROScribe/ros_ws/src/install/custom_msgs/include/custom_msgs/custom_msgs/msg/detail/servo_feedback__rosidl_typesupport_introspection_c.h
-- Installing: /home/hikari/ROScribe/ros_ws/src/install/custom_msgs/include/custom_msgs/custom_msgs/msg/detail/servo_setpoint__rosidl_typesupport_introspection_c.h
-- Installing: /home/hikari/ROScribe/ros_ws/src/install/custom_msgs/include/custom_msgs/custom_msgs/msg/detail/servo_speed__type_support.c
-- Installing: /home/hikari/ROScribe/ros_ws/src/install/custom_msgs/include/custom_msgs/custom_msgs/msg/detail/updated_pid_params__rosidl_typesupport_introspection_c.h
-- Installing: /home/hikari/ROScribe/ros_ws/src/install/custom_msgs/include/custom_msgs/custom_msgs/msg/detail/servo_status__rosidl_typesupport_introspection_c.h
-- Installing: /home/hikari/ROScribe/ros_ws/src/install/custom_msgs/include/custom_msgs/custom_msgs/msg/detail/motor_feedback__type_support.c
-- Installing: /home/hikari/ROScribe/ros_ws/src/install/custom_msgs/include/custom_msgs/custom_msgs/msg/detail/target_position__type_support.c
-- Installing: /home/hikari/ROScribe/ros_ws/src/install/custom_msgs/include/custom_msgs/custom_msgs/msg/detail/analog_input__type_support.c
-- Installing: /home/hikari/ROScribe/ros_ws/src/install/custom_msgs/lib/libcustom_msgs__rosidl_typesupport_introspection_c.so
-- Set runtime path of "/home/hikari/ROScribe/ros_ws/src/install/custom_msgs/lib/libcustom_msgs__rosidl_typesupport_introspection_c.so" to ""
-- Installing: /home/hikari/ROScribe/ros_ws/src/install/custom_msgs/lib/libcustom_msgs__rosidl_typesupport_c.so
-- Set runtime path of "/home/hikari/ROScribe/ros_ws/src/install/custom_msgs/lib/libcustom_msgs__rosidl_typesupport_c.so" to ""
-- Up-to-date: /home/hikari/ROScribe/ros_ws/src/install/custom_msgs/include/custom_msgs/custom_msgs
-- Up-to-date: /home/hikari/ROScribe/ros_ws/src/install/custom_msgs/include/custom_msgs/custom_msgs/msg
-- Installing: /home/hikari/ROScribe/ros_ws/src/install/custom_msgs/include/custom_msgs/custom_msgs/msg/updated_pid_params.hpp
-- Installing: /home/hikari/ROScribe/ros_ws/src/install/custom_msgs/include/custom_msgs/custom_msgs/msg/system_logs.hpp
-- Installing: /home/hikari/ROScribe/ros_ws/src/install/custom_msgs/include/custom_msgs/custom_msgs/msg/voltage_reading.hpp
-- Installing: /home/hikari/ROScribe/ros_ws/src/install/custom_msgs/include/custom_msgs/custom_msgs/msg/servo_speed.hpp
-- Installing: /home/hikari/ROScribe/ros_ws/src/install/custom_msgs/include/custom_msgs/custom_msgs/msg/motor_feedback.hpp
-- Installing: /home/hikari/ROScribe/ros_ws/src/install/custom_msgs/include/custom_msgs/custom_msgs/msg/analog_input.hpp
-- Installing: /home/hikari/ROScribe/ros_ws/src/install/custom_msgs/include/custom_msgs/custom_msgs/msg/servo_setpoint.hpp
-- Installing: /home/hikari/ROScribe/ros_ws/src/install/custom_msgs/include/custom_msgs/custom_msgs/msg/tuning_status.hpp
-- Installing: /home/hikari/ROScribe/ros_ws/src/install/custom_msgs/include/custom_msgs/custom_msgs/msg/pid_params.hpp
-- Installing: /home/hikari/ROScribe/ros_ws/src/install/custom_msgs/include/custom_msgs/custom_msgs/msg/battery_status.hpp
-- Installing: /home/hikari/ROScribe/ros_ws/src/install/custom_msgs/include/custom_msgs/custom_msgs/msg/motor_status.hpp
-- Installing: /home/hikari/ROScribe/ros_ws/src/install/custom_msgs/include/custom_msgs/custom_msgs/msg/motor_alerts.hpp
-- Installing: /home/hikari/ROScribe/ros_ws/src/install/custom_msgs/include/custom_msgs/custom_msgs/msg/target_position.hpp
-- Installing: /home/hikari/ROScribe/ros_ws/src/install/custom_msgs/include/custom_msgs/custom_msgs/msg/pwm_command.hpp
-- Installing: /home/hikari/ROScribe/ros_ws/src/install/custom_msgs/include/custom_msgs/custom_msgs/msg/servo_status.hpp
-- Installing: /home/hikari/ROScribe/ros_ws/src/install/custom_msgs/include/custom_msgs/custom_msgs/msg/servo_feedback.hpp
-- Up-to-date: /home/hikari/ROScribe/ros_ws/src/install/custom_msgs/include/custom_msgs/custom_msgs/msg/detail
-- Installing: /home/hikari/ROScribe/ros_ws/src/install/custom_msgs/include/custom_msgs/custom_msgs/msg/detail/battery_status__traits.hpp
-- Installing: /home/hikari/ROScribe/ros_ws/src/install/custom_msgs/include/custom_msgs/custom_msgs/msg/detail/target_position__builder.hpp
-- Installing: /home/hikari/ROScribe/ros_ws/src/install/custom_msgs/include/custom_msgs/custom_msgs/msg/detail/target_position__struct.hpp
-- Installing: /home/hikari/ROScribe/ros_ws/src/install/custom_msgs/include/custom_msgs/custom_msgs/msg/detail/system_logs__builder.hpp
-- Installing: /home/hikari/ROScribe/ros_ws/src/install/custom_msgs/include/custom_msgs/custom_msgs/msg/detail/pid_params__builder.hpp
-- Installing: /home/hikari/ROScribe/ros_ws/src/install/custom_msgs/include/custom_msgs/custom_msgs/msg/detail/target_position__traits.hpp
-- Installing: /home/hikari/ROScribe/ros_ws/src/install/custom_msgs/include/custom_msgs/custom_msgs/msg/detail/updated_pid_params__builder.hpp
-- Installing: /home/hikari/ROScribe/ros_ws/src/install/custom_msgs/include/custom_msgs/custom_msgs/msg/detail/motor_status__builder.hpp
-- Installing: /home/hikari/ROScribe/ros_ws/src/install/custom_msgs/include/custom_msgs/custom_msgs/msg/detail/servo_status__builder.hpp
-- Installing: /home/hikari/ROScribe/ros_ws/src/install/custom_msgs/include/custom_msgs/custom_msgs/msg/detail/servo_speed__builder.hpp
-- Installing: /home/hikari/ROScribe/ros_ws/src/install/custom_msgs/include/custom_msgs/custom_msgs/msg/detail/voltage_reading__struct.hpp
-- Installing: /home/hikari/ROScribe/ros_ws/src/install/custom_msgs/include/custom_msgs/custom_msgs/msg/detail/pid_params__struct.hpp
-- Installing: /home/hikari/ROScribe/ros_ws/src/install/custom_msgs/include/custom_msgs/custom_msgs/msg/detail/servo_feedback__traits.hpp
-- Installing: /home/hikari/ROScribe/ros_ws/src/install/custom_msgs/include/custom_msgs/custom_msgs/msg/detail/battery_status__builder.hpp
-- Installing: /home/hikari/ROScribe/ros_ws/src/install/custom_msgs/include/custom_msgs/custom_msgs/msg/detail/pwm_command__builder.hpp
-- Installing: /home/hikari/ROScribe/ros_ws/src/install/custom_msgs/include/custom_msgs/custom_msgs/msg/detail/updated_pid_params__struct.hpp
-- Installing: /home/hikari/ROScribe/ros_ws/src/install/custom_msgs/include/custom_msgs/custom_msgs/msg/detail/servo_speed__traits.hpp
-- Installing: /home/hikari/ROScribe/ros_ws/src/install/custom_msgs/include/custom_msgs/custom_msgs/msg/detail/pwm_command__struct.hpp
-- Installing: /home/hikari/ROScribe/ros_ws/src/install/custom_msgs/include/custom_msgs/custom_msgs/msg/detail/motor_status__traits.hpp
-- Installing: /home/hikari/ROScribe/ros_ws/src/install/custom_msgs/include/custom_msgs/custom_msgs/msg/detail/servo_status__struct.hpp
-- Installing: /home/hikari/ROScribe/ros_ws/src/install/custom_msgs/include/custom_msgs/custom_msgs/msg/detail/motor_alerts__builder.hpp
-- Installing: /home/hikari/ROScribe/ros_ws/src/install/custom_msgs/include/custom_msgs/custom_msgs/msg/detail/servo_feedback__struct.hpp
-- Installing: /home/hikari/ROScribe/ros_ws/src/install/custom_msgs/include/custom_msgs/custom_msgs/msg/detail/tuning_status__traits.hpp
-- Installing: /home/hikari/ROScribe/ros_ws/src/install/custom_msgs/include/custom_msgs/custom_msgs/msg/detail/motor_feedback__builder.hpp
-- Installing: /home/hikari/ROScribe/ros_ws/src/install/custom_msgs/include/custom_msgs/custom_msgs/msg/detail/system_feedback__traits.hpp
-- Installing: /home/hikari/ROScribe/ros_ws/src/install/custom_msgs/include/custom_msgs/custom_msgs/msg/detail/servo_status__traits.hpp
-- Installing: /home/hikari/ROScribe/ros_ws/src/install/custom_msgs/include/custom_msgs/custom_msgs/msg/detail/updated_pid_params__traits.hpp
-- Installing: /home/hikari/ROScribe/ros_ws/src/install/custom_msgs/include/custom_msgs/custom_msgs/msg/detail/system_logs__struct.hpp
-- Installing: /home/hikari/ROScribe/ros_ws/src/install/custom_msgs/include/custom_msgs/custom_msgs/msg/detail/servo_setpoint__builder.hpp
-- Installing: /home/hikari/ROScribe/ros_ws/src/install/custom_msgs/include/custom_msgs/custom_msgs/msg/detail/tuning_status__struct.hpp
-- Installing: /home/hikari/ROScribe/ros_ws/src/install/custom_msgs/include/custom_msgs/custom_msgs/msg/detail/servo_setpoint__struct.hpp
-- Installing: /home/hikari/ROScribe/ros_ws/src/install/custom_msgs/include/custom_msgs/custom_msgs/msg/detail/motor_feedback__struct.hpp
-- Installing: /home/hikari/ROScribe/ros_ws/src/install/custom_msgs/include/custom_msgs/custom_msgs/msg/detail/analog_input__builder.hpp
-- Installing: /home/hikari/ROScribe/ros_ws/src/install/custom_msgs/include/custom_msgs/custom_msgs/msg/detail/analog_input__struct.hpp
-- Installing: /home/hikari/ROScribe/ros_ws/src/install/custom_msgs/include/custom_msgs/custom_msgs/msg/detail/battery_status__struct.hpp
-- Installing: /home/hikari/ROScribe/ros_ws/src/install/custom_msgs/include/custom_msgs/custom_msgs/msg/detail/motor_status__struct.hpp
-- Installing: /home/hikari/ROScribe/ros_ws/src/install/custom_msgs/include/custom_msgs/custom_msgs/msg/detail/system_feedback__struct.hpp
-- Installing: /home/hikari/ROScribe/ros_ws/src/install/custom_msgs/include/custom_msgs/custom_msgs/msg/detail/pid_params__traits.hpp
-- Installing: /home/hikari/ROScribe/ros_ws/src/install/custom_msgs/include/custom_msgs/custom_msgs/msg/detail/system_logs__traits.hpp
-- Installing: /home/hikari/ROScribe/ros_ws/src/install/custom_msgs/include/custom_msgs/custom_msgs/msg/detail/motor_alerts__struct.hpp
-- Installing: /home/hikari/ROScribe/ros_ws/src/install/custom_msgs/include/custom_msgs/custom_msgs/msg/detail/system_feedback__builder.hpp
-- Installing: /home/hikari/ROScribe/ros_ws/src/install/custom_msgs/include/custom_msgs/custom_msgs/msg/detail/motor_feedback__traits.hpp
-- Installing: /home/hikari/ROScribe/ros_ws/src/install/custom_msgs/include/custom_msgs/custom_msgs/msg/detail/pwm_command__traits.hpp
-- Installing: /home/hikari/ROScribe/ros_ws/src/install/custom_msgs/include/custom_msgs/custom_msgs/msg/detail/motor_alerts__traits.hpp
-- Installing: /home/hikari/ROScribe/ros_ws/src/install/custom_msgs/include/custom_msgs/custom_msgs/msg/detail/analog_input__traits.hpp
-- Installing: /home/hikari/ROScribe/ros_ws/src/install/custom_msgs/include/custom_msgs/custom_msgs/msg/detail/servo_speed__struct.hpp
-- Installing: /home/hikari/ROScribe/ros_ws/src/install/custom_msgs/include/custom_msgs/custom_msgs/msg/detail/voltage_reading__traits.hpp
-- Installing: /home/hikari/ROScribe/ros_ws/src/install/custom_msgs/include/custom_msgs/custom_msgs/msg/detail/servo_feedback__builder.hpp
-- Installing: /home/hikari/ROScribe/ros_ws/src/install/custom_msgs/include/custom_msgs/custom_msgs/msg/detail/servo_setpoint__traits.hpp
-- Installing: /home/hikari/ROScribe/ros_ws/src/install/custom_msgs/include/custom_msgs/custom_msgs/msg/detail/tuning_status__builder.hpp
-- Installing: /home/hikari/ROScribe/ros_ws/src/install/custom_msgs/include/custom_msgs/custom_msgs/msg/detail/voltage_reading__builder.hpp
-- Installing: /home/hikari/ROScribe/ros_ws/src/install/custom_msgs/include/custom_msgs/custom_msgs/msg/system_feedback.hpp
-- Up-to-date: /home/hikari/ROScribe/ros_ws/src/install/custom_msgs/include/custom_msgs/custom_msgs
-- Up-to-date: /home/hikari/ROScribe/ros_ws/src/install/custom_msgs/include/custom_msgs/custom_msgs/msg
-- Installing: /home/hikari/ROScribe/ros_ws/src/install/custom_msgs/include/custom_msgs/custom_msgs/msg/rosidl_typesupport_fastrtps_cpp__visibility_control.h
-- Up-to-date: /home/hikari/ROScribe/ros_ws/src/install/custom_msgs/include/custom_msgs/custom_msgs/msg/detail
-- Installing: /home/hikari/ROScribe/ros_ws/src/install/custom_msgs/include/custom_msgs/custom_msgs/msg/detail/motor_status__rosidl_typesupport_fastrtps_cpp.hpp
-- Installing: /home/hikari/ROScribe/ros_ws/src/install/custom_msgs/include/custom_msgs/custom_msgs/msg/detail/voltage_reading__rosidl_typesupport_fastrtps_cpp.hpp
-- Installing: /home/hikari/ROScribe/ros_ws/src/install/custom_msgs/include/custom_msgs/custom_msgs/msg/detail/motor_feedback__rosidl_typesupport_fastrtps_cpp.hpp
-- Installing: /home/hikari/ROScribe/ros_ws/src/install/custom_msgs/include/custom_msgs/custom_msgs/msg/detail/target_position__rosidl_typesupport_fastrtps_cpp.hpp
-- Installing: /home/hikari/ROScribe/ros_ws/src/install/custom_msgs/include/custom_msgs/custom_msgs/msg/detail/analog_input__rosidl_typesupport_fastrtps_cpp.hpp
-- Installing: /home/hikari/ROScribe/ros_ws/src/install/custom_msgs/include/custom_msgs/custom_msgs/msg/detail/servo_speed__rosidl_typesupport_fastrtps_cpp.hpp
-- Installing: /home/hikari/ROScribe/ros_ws/src/install/custom_msgs/include/custom_msgs/custom_msgs/msg/detail/system_feedback__rosidl_typesupport_fastrtps_cpp.hpp
-- Installing: /home/hikari/ROScribe/ros_ws/src/install/custom_msgs/include/custom_msgs/custom_msgs/msg/detail/motor_alerts__rosidl_typesupport_fastrtps_cpp.hpp
-- Installing: /home/hikari/ROScribe/ros_ws/src/install/custom_msgs/include/custom_msgs/custom_msgs/msg/detail/tuning_status__rosidl_typesupport_fastrtps_cpp.hpp
-- Installing: /home/hikari/ROScribe/ros_ws/src/install/custom_msgs/include/custom_msgs/custom_msgs/msg/detail/dds_fastrtps
-- Installing: /home/hikari/ROScribe/ros_ws/src/install/custom_msgs/include/custom_msgs/custom_msgs/msg/detail/servo_status__rosidl_typesupport_fastrtps_cpp.hpp
-- Installing: /home/hikari/ROScribe/ros_ws/src/install/custom_msgs/include/custom_msgs/custom_msgs/msg/detail/servo_setpoint__rosidl_typesupport_fastrtps_cpp.hpp
-- Installing: /home/hikari/ROScribe/ros_ws/src/install/custom_msgs/include/custom_msgs/custom_msgs/msg/detail/servo_feedback__rosidl_typesupport_fastrtps_cpp.hpp
-- Installing: /home/hikari/ROScribe/ros_ws/src/install/custom_msgs/include/custom_msgs/custom_msgs/msg/detail/updated_pid_params__rosidl_typesupport_fastrtps_cpp.hpp
-- Installing: /home/hikari/ROScribe/ros_ws/src/install/custom_msgs/include/custom_msgs/custom_msgs/msg/detail/battery_status__rosidl_typesupport_fastrtps_cpp.hpp
-- Installing: /home/hikari/ROScribe/ros_ws/src/install/custom_msgs/include/custom_msgs/custom_msgs/msg/detail/pid_params__rosidl_typesupport_fastrtps_cpp.hpp
-- Installing: /home/hikari/ROScribe/ros_ws/src/install/custom_msgs/include/custom_msgs/custom_msgs/msg/detail/system_logs__rosidl_typesupport_fastrtps_cpp.hpp
-- Installing: /home/hikari/ROScribe/ros_ws/src/install/custom_msgs/include/custom_msgs/custom_msgs/msg/detail/pwm_command__rosidl_typesupport_fastrtps_cpp.hpp
-- Installing: /home/hikari/ROScribe/ros_ws/src/install/custom_msgs/lib/libcustom_msgs__rosidl_typesupport_fastrtps_cpp.so
-- Set runtime path of "/home/hikari/ROScribe/ros_ws/src/install/custom_msgs/lib/libcustom_msgs__rosidl_typesupport_fastrtps_cpp.so" to ""
-- Up-to-date: /home/hikari/ROScribe/ros_ws/src/install/custom_msgs/include/custom_msgs/custom_msgs
-- Up-to-date: /home/hikari/ROScribe/ros_ws/src/install/custom_msgs/include/custom_msgs/custom_msgs/msg
-- Up-to-date: /home/hikari/ROScribe/ros_ws/src/install/custom_msgs/include/custom_msgs/custom_msgs/msg/detail
-- Installing: /home/hikari/ROScribe/ros_ws/src/install/custom_msgs/include/custom_msgs/custom_msgs/msg/detail/battery_status__type_support.cpp
-- Installing: /home/hikari/ROScribe/ros_ws/src/install/custom_msgs/include/custom_msgs/custom_msgs/msg/detail/system_logs__type_support.cpp
-- Installing: /home/hikari/ROScribe/ros_ws/src/install/custom_msgs/include/custom_msgs/custom_msgs/msg/detail/system_feedback__rosidl_typesupport_introspection_cpp.hpp
-- Installing: /home/hikari/ROScribe/ros_ws/src/install/custom_msgs/include/custom_msgs/custom_msgs/msg/detail/motor_feedback__type_support.cpp
-- Installing: /home/hikari/ROScribe/ros_ws/src/install/custom_msgs/include/custom_msgs/custom_msgs/msg/detail/voltage_reading__type_support.cpp
-- Installing: /home/hikari/ROScribe/ros_ws/src/install/custom_msgs/include/custom_msgs/custom_msgs/msg/detail/motor_alerts__rosidl_typesupport_introspection_cpp.hpp
-- Installing: /home/hikari/ROScribe/ros_ws/src/install/custom_msgs/include/custom_msgs/custom_msgs/msg/detail/analog_input__rosidl_typesupport_introspection_cpp.hpp
-- Installing: /home/hikari/ROScribe/ros_ws/src/install/custom_msgs/include/custom_msgs/custom_msgs/msg/detail/tuning_status__type_support.cpp
-- Installing: /home/hikari/ROScribe/ros_ws/src/install/custom_msgs/include/custom_msgs/custom_msgs/msg/detail/motor_feedback__rosidl_typesupport_introspection_cpp.hpp
-- Installing: /home/hikari/ROScribe/ros_ws/src/install/custom_msgs/include/custom_msgs/custom_msgs/msg/detail/updated_pid_params__rosidl_typesupport_introspection_cpp.hpp
-- Installing: /home/hikari/ROScribe/ros_ws/src/install/custom_msgs/include/custom_msgs/custom_msgs/msg/detail/battery_status__rosidl_typesupport_introspection_cpp.hpp
-- Installing: /home/hikari/ROScribe/ros_ws/src/install/custom_msgs/include/custom_msgs/custom_msgs/msg/detail/voltage_reading__rosidl_typesupport_introspection_cpp.hpp
-- Installing: /home/hikari/ROScribe/ros_ws/src/install/custom_msgs/include/custom_msgs/custom_msgs/msg/detail/tuning_status__rosidl_typesupport_introspection_cpp.hpp
-- Installing: /home/hikari/ROScribe/ros_ws/src/install/custom_msgs/include/custom_msgs/custom_msgs/msg/detail/servo_setpoint__type_support.cpp
-- Installing: /home/hikari/ROScribe/ros_ws/src/install/custom_msgs/include/custom_msgs/custom_msgs/msg/detail/servo_feedback__type_support.cpp
-- Installing: /home/hikari/ROScribe/ros_ws/src/install/custom_msgs/include/custom_msgs/custom_msgs/msg/detail/system_feedback__type_support.cpp
-- Installing: /home/hikari/ROScribe/ros_ws/src/install/custom_msgs/include/custom_msgs/custom_msgs/msg/detail/target_position__type_support.cpp
-- Installing: /home/hikari/ROScribe/ros_ws/src/install/custom_msgs/include/custom_msgs/custom_msgs/msg/detail/pwm_command__rosidl_typesupport_introspection_cpp.hpp
-- Installing: /home/hikari/ROScribe/ros_ws/src/install/custom_msgs/include/custom_msgs/custom_msgs/msg/detail/updated_pid_params__type_support.cpp
-- Installing: /home/hikari/ROScribe/ros_ws/src/install/custom_msgs/include/custom_msgs/custom_msgs/msg/detail/analog_input__type_support.cpp
-- Installing: /home/hikari/ROScribe/ros_ws/src/install/custom_msgs/include/custom_msgs/custom_msgs/msg/detail/pid_params__rosidl_typesupport_introspection_cpp.hpp
-- Installing: /home/hikari/ROScribe/ros_ws/src/install/custom_msgs/include/custom_msgs/custom_msgs/msg/detail/pwm_command__type_support.cpp
-- Installing: /home/hikari/ROScribe/ros_ws/src/install/custom_msgs/include/custom_msgs/custom_msgs/msg/detail/servo_status__rosidl_typesupport_introspection_cpp.hpp
-- Installing: /home/hikari/ROScribe/ros_ws/src/install/custom_msgs/include/custom_msgs/custom_msgs/msg/detail/system_logs__rosidl_typesupport_introspection_cpp.hpp
-- Installing: /home/hikari/ROScribe/ros_ws/src/install/custom_msgs/include/custom_msgs/custom_msgs/msg/detail/servo_speed__type_support.cpp
-- Installing: /home/hikari/ROScribe/ros_ws/src/install/custom_msgs/include/custom_msgs/custom_msgs/msg/detail/target_position__rosidl_typesupport_introspection_cpp.hpp
-- Installing: /home/hikari/ROScribe/ros_ws/src/install/custom_msgs/include/custom_msgs/custom_msgs/msg/detail/servo_status__type_support.cpp
-- Installing: /home/hikari/ROScribe/ros_ws/src/install/custom_msgs/include/custom_msgs/custom_msgs/msg/detail/pid_params__type_support.cpp
-- Installing: /home/hikari/ROScribe/ros_ws/src/install/custom_msgs/include/custom_msgs/custom_msgs/msg/detail/servo_feedback__rosidl_typesupport_introspection_cpp.hpp
-- Installing: /home/hikari/ROScribe/ros_ws/src/install/custom_msgs/include/custom_msgs/custom_msgs/msg/detail/motor_status__rosidl_typesupport_introspection_cpp.hpp
-- Installing: /home/hikari/ROScribe/ros_ws/src/install/custom_msgs/include/custom_msgs/custom_msgs/msg/detail/motor_alerts__type_support.cpp
-- Installing: /home/hikari/ROScribe/ros_ws/src/install/custom_msgs/include/custom_msgs/custom_msgs/msg/detail/servo_speed__rosidl_typesupport_introspection_cpp.hpp
-- Installing: /home/hikari/ROScribe/ros_ws/src/install/custom_msgs/include/custom_msgs/custom_msgs/msg/detail/motor_status__type_support.cpp
-- Installing: /home/hikari/ROScribe/ros_ws/src/install/custom_msgs/include/custom_msgs/custom_msgs/msg/detail/servo_setpoint__rosidl_typesupport_introspection_cpp.hpp
-- Installing: /home/hikari/ROScribe/ros_ws/src/install/custom_msgs/lib/libcustom_msgs__rosidl_typesupport_introspection_cpp.so
-- Set runtime path of "/home/hikari/ROScribe/ros_ws/src/install/custom_msgs/lib/libcustom_msgs__rosidl_typesupport_introspection_cpp.so" to ""
-- Installing: /home/hikari/ROScribe/ros_ws/src/install/custom_msgs/lib/libcustom_msgs__rosidl_typesupport_cpp.so
-- Set runtime path of "/home/hikari/ROScribe/ros_ws/src/install/custom_msgs/lib/libcustom_msgs__rosidl_typesupport_cpp.so" to ""
-- Installing: /home/hikari/ROScribe/ros_ws/src/install/custom_msgs/share/ament_index/resource_index/rust_packages/custom_msgs
-- Installing: /home/hikari/ROScribe/ros_ws/src/install/custom_msgs/share/custom_msgs/rust
-- Installing: /home/hikari/ROScribe/ros_ws/src/install/custom_msgs/share/custom_msgs/rust/src
-- Installing: /home/hikari/ROScribe/ros_ws/src/install/custom_msgs/share/custom_msgs/rust/src/msg.rs
-- Installing: /home/hikari/ROScribe/ros_ws/src/install/custom_msgs/share/custom_msgs/rust/src/lib.rs
-- Installing: /home/hikari/ROScribe/ros_ws/src/install/custom_msgs/share/custom_msgs/rust/Cargo.toml
-- Installing: /home/hikari/ROScribe/ros_ws/src/install/custom_msgs/share/custom_msgs/rust/build.rs
-- Up-to-date: /home/hikari/ROScribe/ros_ws/src/install/custom_msgs/share/custom_msgs/rust
-- Up-to-date: /home/hikari/ROScribe/ros_ws/src/install/custom_msgs/share/custom_msgs/rust/src
-- Up-to-date: /home/hikari/ROScribe/ros_ws/src/install/custom_msgs/share/custom_msgs/rust/src/msg.rs
-- Up-to-date: /home/hikari/ROScribe/ros_ws/src/install/custom_msgs/share/custom_msgs/rust/src/lib.rs
-- Up-to-date: /home/hikari/ROScribe/ros_ws/src/install/custom_msgs/share/custom_msgs/rust/Cargo.toml
-- Up-to-date: /home/hikari/ROScribe/ros_ws/src/install/custom_msgs/share/custom_msgs/rust/build.rs
-- Up-to-date: /home/hikari/ROScribe/ros_ws/src/install/custom_msgs/share/custom_msgs/rust
-- Up-to-date: /home/hikari/ROScribe/ros_ws/src/install/custom_msgs/share/custom_msgs/rust/src
-- Up-to-date: /home/hikari/ROScribe/ros_ws/src/install/custom_msgs/share/custom_msgs/rust/src/msg.rs
-- Up-to-date: /home/hikari/ROScribe/ros_ws/src/install/custom_msgs/share/custom_msgs/rust/src/lib.rs
-- Up-to-date: /home/hikari/ROScribe/ros_ws/src/install/custom_msgs/share/custom_msgs/rust/Cargo.toml
-- Up-to-date: /home/hikari/ROScribe/ros_ws/src/install/custom_msgs/share/custom_msgs/rust/build.rs
-- Installing: /home/hikari/ROScribe/ros_ws/src/install/custom_msgs/share/custom_msgs/environment/pythonpath.sh
-- Installing: /home/hikari/ROScribe/ros_ws/src/install/custom_msgs/share/custom_msgs/environment/pythonpath.dsv
-- Installing: /home/hikari/ROScribe/ros_ws/src/install/custom_msgs/local/lib/python3.10/dist-packages/custom_msgs-0.1.0-py3.10.egg-info
-- Installing: /home/hikari/ROScribe/ros_ws/src/install/custom_msgs/local/lib/python3.10/dist-packages/custom_msgs-0.1.0-py3.10.egg-info/top_level.txt
-- Installing: /home/hikari/ROScribe/ros_ws/src/install/custom_msgs/local/lib/python3.10/dist-packages/custom_msgs-0.1.0-py3.10.egg-info/dependency_links.txt
-- Installing: /home/hikari/ROScribe/ros_ws/src/install/custom_msgs/local/lib/python3.10/dist-packages/custom_msgs-0.1.0-py3.10.egg-info/SOURCES.txt
-- Installing: /home/hikari/ROScribe/ros_ws/src/install/custom_msgs/local/lib/python3.10/dist-packages/custom_msgs-0.1.0-py3.10.egg-info/PKG-INFO
-- Installing: /home/hikari/ROScribe/ros_ws/src/install/custom_msgs/local/lib/python3.10/dist-packages/custom_msgs
-- Installing: /home/hikari/ROScribe/ros_ws/src/install/custom_msgs/local/lib/python3.10/dist-packages/custom_msgs/custom_msgs_s__rosidl_typesupport_introspection_c.cpython-310-x86_64-linux-gnu.so
-- Installing: /home/hikari/ROScribe/ros_ws/src/install/custom_msgs/local/lib/python3.10/dist-packages/custom_msgs/_custom_msgs_s.ep.rosidl_typesupport_c.c
-- Installing: /home/hikari/ROScribe/ros_ws/src/install/custom_msgs/local/lib/python3.10/dist-packages/custom_msgs/_custom_msgs_s.ep.rosidl_typesupport_fastrtps_c.c
-- Installing: /home/hikari/ROScribe/ros_ws/src/install/custom_msgs/local/lib/python3.10/dist-packages/custom_msgs/custom_msgs_s__rosidl_typesupport_fastrtps_c.cpython-310-x86_64-linux-gnu.so
-- Installing: /home/hikari/ROScribe/ros_ws/src/install/custom_msgs/local/lib/python3.10/dist-packages/custom_msgs/libcustom_msgs__rosidl_generator_py.so
-- Installing: /home/hikari/ROScribe/ros_ws/src/install/custom_msgs/local/lib/python3.10/dist-packages/custom_msgs/msg
-- Installing: /home/hikari/ROScribe/ros_ws/src/install/custom_msgs/local/lib/python3.10/dist-packages/custom_msgs/msg/_system_feedback_s.c
-- Installing: /home/hikari/ROScribe/ros_ws/src/install/custom_msgs/local/lib/python3.10/dist-packages/custom_msgs/msg/_battery_status_s.c
-- Installing: /home/hikari/ROScribe/ros_ws/src/install/custom_msgs/local/lib/python3.10/dist-packages/custom_msgs/msg/_pwm_command.py
-- Installing: /home/hikari/ROScribe/ros_ws/src/install/custom_msgs/local/lib/python3.10/dist-packages/custom_msgs/msg/_target_position.py
-- Installing: /home/hikari/ROScribe/ros_ws/src/install/custom_msgs/local/lib/python3.10/dist-packages/custom_msgs/msg/_motor_status_s.c
-- Installing: /home/hikari/ROScribe/ros_ws/src/install/custom_msgs/local/lib/python3.10/dist-packages/custom_msgs/msg/_servo_speed_s.c
-- Installing: /home/hikari/ROScribe/ros_ws/src/install/custom_msgs/local/lib/python3.10/dist-packages/custom_msgs/msg/_analog_input.py
-- Installing: /home/hikari/ROScribe/ros_ws/src/install/custom_msgs/local/lib/python3.10/dist-packages/custom_msgs/msg/_motor_status.py
-- Installing: /home/hikari/ROScribe/ros_ws/src/install/custom_msgs/local/lib/python3.10/dist-packages/custom_msgs/msg/_analog_input_s.c
-- Installing: /home/hikari/ROScribe/ros_ws/src/install/custom_msgs/local/lib/python3.10/dist-packages/custom_msgs/msg/_tuning_status.py
-- Installing: /home/hikari/ROScribe/ros_ws/src/install/custom_msgs/local/lib/python3.10/dist-packages/custom_msgs/msg/_motor_alerts.py
-- Installing: /home/hikari/ROScribe/ros_ws/src/install/custom_msgs/local/lib/python3.10/dist-packages/custom_msgs/msg/_updated_pid_params_s.c
-- Installing: /home/hikari/ROScribe/ros_ws/src/install/custom_msgs/local/lib/python3.10/dist-packages/custom_msgs/msg/_servo_setpoint.py
-- Installing: /home/hikari/ROScribe/ros_ws/src/install/custom_msgs/local/lib/python3.10/dist-packages/custom_msgs/msg/_servo_speed.py
-- Installing: /home/hikari/ROScribe/ros_ws/src/install/custom_msgs/local/lib/python3.10/dist-packages/custom_msgs/msg/_pid_params_s.c
-- Installing: /home/hikari/ROScribe/ros_ws/src/install/custom_msgs/local/lib/python3.10/dist-packages/custom_msgs/msg/_voltage_reading.py
-- Installing: /home/hikari/ROScribe/ros_ws/src/install/custom_msgs/local/lib/python3.10/dist-packages/custom_msgs/msg/_pid_params.py
-- Installing: /home/hikari/ROScribe/ros_ws/src/install/custom_msgs/local/lib/python3.10/dist-packages/custom_msgs/msg/_pwm_command_s.c
-- Installing: /home/hikari/ROScribe/ros_ws/src/install/custom_msgs/local/lib/python3.10/dist-packages/custom_msgs/msg/_target_position_s.c
-- Installing: /home/hikari/ROScribe/ros_ws/src/install/custom_msgs/local/lib/python3.10/dist-packages/custom_msgs/msg/_servo_feedback_s.c
-- Installing: /home/hikari/ROScribe/ros_ws/src/install/custom_msgs/local/lib/python3.10/dist-packages/custom_msgs/msg/_system_logs.py
-- Installing: /home/hikari/ROScribe/ros_ws/src/install/custom_msgs/local/lib/python3.10/dist-packages/custom_msgs/msg/_tuning_status_s.c
-- Installing: /home/hikari/ROScribe/ros_ws/src/install/custom_msgs/local/lib/python3.10/dist-packages/custom_msgs/msg/_motor_alerts_s.c
-- Installing: /home/hikari/ROScribe/ros_ws/src/install/custom_msgs/local/lib/python3.10/dist-packages/custom_msgs/msg/_motor_feedback_s.c
-- Installing: /home/hikari/ROScribe/ros_ws/src/install/custom_msgs/local/lib/python3.10/dist-packages/custom_msgs/msg/_updated_pid_params.py
-- Installing: /home/hikari/ROScribe/ros_ws/src/install/custom_msgs/local/lib/python3.10/dist-packages/custom_msgs/msg/_servo_setpoint_s.c
-- Installing: /home/hikari/ROScribe/ros_ws/src/install/custom_msgs/local/lib/python3.10/dist-packages/custom_msgs/msg/_system_logs_s.c
-- Installing: /home/hikari/ROScribe/ros_ws/src/install/custom_msgs/local/lib/python3.10/dist-packages/custom_msgs/msg/_voltage_reading_s.c
-- Installing: /home/hikari/ROScribe/ros_ws/src/install/custom_msgs/local/lib/python3.10/dist-packages/custom_msgs/msg/_servo_feedback.py
-- Installing: /home/hikari/ROScribe/ros_ws/src/install/custom_msgs/local/lib/python3.10/dist-packages/custom_msgs/msg/_battery_status.py
-- Installing: /home/hikari/ROScribe/ros_ws/src/install/custom_msgs/local/lib/python3.10/dist-packages/custom_msgs/msg/_system_feedback.py
-- Installing: /home/hikari/ROScribe/ros_ws/src/install/custom_msgs/local/lib/python3.10/dist-packages/custom_msgs/msg/_servo_status.py
-- Installing: /home/hikari/ROScribe/ros_ws/src/install/custom_msgs/local/lib/python3.10/dist-packages/custom_msgs/msg/__init__.py
-- Installing: /home/hikari/ROScribe/ros_ws/src/install/custom_msgs/local/lib/python3.10/dist-packages/custom_msgs/msg/_motor_feedback.py
-- Installing: /home/hikari/ROScribe/ros_ws/src/install/custom_msgs/local/lib/python3.10/dist-packages/custom_msgs/msg/_servo_status_s.c
-- Installing: /home/hikari/ROScribe/ros_ws/src/install/custom_msgs/local/lib/python3.10/dist-packages/custom_msgs/custom_msgs_s__rosidl_typesupport_c.cpython-310-x86_64-linux-gnu.so
-- Installing: /home/hikari/ROScribe/ros_ws/src/install/custom_msgs/local/lib/python3.10/dist-packages/custom_msgs/_custom_msgs_s.ep.rosidl_typesupport_introspection_c.c
-- Installing: /home/hikari/ROScribe/ros_ws/src/install/custom_msgs/local/lib/python3.10/dist-packages/custom_msgs/__init__.py
Listing '/home/hikari/ROScribe/ros_ws/src/install/custom_msgs/local/lib/python3.10/dist-packages/custom_msgs'...
Compiling '/home/hikari/ROScribe/ros_ws/src/install/custom_msgs/local/lib/python3.10/dist-packages/custom_msgs/__init__.py'...
Listing '/home/hikari/ROScribe/ros_ws/src/install/custom_msgs/local/lib/python3.10/dist-packages/custom_msgs/msg'...
Compiling '/home/hikari/ROScribe/ros_ws/src/install/custom_msgs/local/lib/python3.10/dist-packages/custom_msgs/msg/__init__.py'...
Compiling '/home/hikari/ROScribe/ros_ws/src/install/custom_msgs/local/lib/python3.10/dist-packages/custom_msgs/msg/_analog_input.py'...
Compiling '/home/hikari/ROScribe/ros_ws/src/install/custom_msgs/local/lib/python3.10/dist-packages/custom_msgs/msg/_battery_status.py'...
Compiling '/home/hikari/ROScribe/ros_ws/src/install/custom_msgs/local/lib/python3.10/dist-packages/custom_msgs/msg/_motor_alerts.py'...
Compiling '/home/hikari/ROScribe/ros_ws/src/install/custom_msgs/local/lib/python3.10/dist-packages/custom_msgs/msg/_motor_feedback.py'...
Compiling '/home/hikari/ROScribe/ros_ws/src/install/custom_msgs/local/lib/python3.10/dist-packages/custom_msgs/msg/_motor_status.py'...
Compiling '/home/hikari/ROScribe/ros_ws/src/install/custom_msgs/local/lib/python3.10/dist-packages/custom_msgs/msg/_pid_params.py'...
Compiling '/home/hikari/ROScribe/ros_ws/src/install/custom_msgs/local/lib/python3.10/dist-packages/custom_msgs/msg/_pwm_command.py'...
Compiling '/home/hikari/ROScribe/ros_ws/src/install/custom_msgs/local/lib/python3.10/dist-packages/custom_msgs/msg/_servo_feedback.py'...
Compiling '/home/hikari/ROScribe/ros_ws/src/install/custom_msgs/local/lib/python3.10/dist-packages/custom_msgs/msg/_servo_setpoint.py'...
Compiling '/home/hikari/ROScribe/ros_ws/src/install/custom_msgs/local/lib/python3.10/dist-packages/custom_msgs/msg/_servo_speed.py'...
Compiling '/home/hikari/ROScribe/ros_ws/src/install/custom_msgs/local/lib/python3.10/dist-packages/custom_msgs/msg/_servo_status.py'...
Compiling '/home/hikari/ROScribe/ros_ws/src/install/custom_msgs/local/lib/python3.10/dist-packages/custom_msgs/msg/_system_feedback.py'...
Compiling '/home/hikari/ROScribe/ros_ws/src/install/custom_msgs/local/lib/python3.10/dist-packages/custom_msgs/msg/_system_logs.py'...
Compiling '/home/hikari/ROScribe/ros_ws/src/install/custom_msgs/local/lib/python3.10/dist-packages/custom_msgs/msg/_target_position.py'...
Compiling '/home/hikari/ROScribe/ros_ws/src/install/custom_msgs/local/lib/python3.10/dist-packages/custom_msgs/msg/_tuning_status.py'...
Compiling '/home/hikari/ROScribe/ros_ws/src/install/custom_msgs/local/lib/python3.10/dist-packages/custom_msgs/msg/_updated_pid_params.py'...
Compiling '/home/hikari/ROScribe/ros_ws/src/install/custom_msgs/local/lib/python3.10/dist-packages/custom_msgs/msg/_voltage_reading.py'...
-- Installing: /home/hikari/ROScribe/ros_ws/src/install/custom_msgs/local/lib/python3.10/dist-packages/custom_msgs/custom_msgs_s__rosidl_typesupport_fastrtps_c.cpython-310-x86_64-linux-gnu.so
-- Set runtime path of "/home/hikari/ROScribe/ros_ws/src/install/custom_msgs/local/lib/python3.10/dist-packages/custom_msgs/custom_msgs_s__rosidl_typesupport_fastrtps_c.cpython-310-x86_64-linux-gnu.so" to ""
-- Installing: /home/hikari/ROScribe/ros_ws/src/install/custom_msgs/local/lib/python3.10/dist-packages/custom_msgs/custom_msgs_s__rosidl_typesupport_introspection_c.cpython-310-x86_64-linux-gnu.so
-- Set runtime path of "/home/hikari/ROScribe/ros_ws/src/install/custom_msgs/local/lib/python3.10/dist-packages/custom_msgs/custom_msgs_s__rosidl_typesupport_introspection_c.cpython-310-x86_64-linux-gnu.so" to ""
-- Installing: /home/hikari/ROScribe/ros_ws/src/install/custom_msgs/local/lib/python3.10/dist-packages/custom_msgs/custom_msgs_s__rosidl_typesupport_c.cpython-310-x86_64-linux-gnu.so
-- Set runtime path of "/home/hikari/ROScribe/ros_ws/src/install/custom_msgs/local/lib/python3.10/dist-packages/custom_msgs/custom_msgs_s__rosidl_typesupport_c.cpython-310-x86_64-linux-gnu.so" to ""
-- Installing: /home/hikari/ROScribe/ros_ws/src/install/custom_msgs/lib/libcustom_msgs__rosidl_generator_py.so
-- Set runtime path of "/home/hikari/ROScribe/ros_ws/src/install/custom_msgs/lib/libcustom_msgs__rosidl_generator_py.so" to ""
-- Installing: /home/hikari/ROScribe/ros_ws/src/install/custom_msgs/share/custom_msgs/msg/AnalogInput.idl
-- Installing: /home/hikari/ROScribe/ros_ws/src/install/custom_msgs/share/custom_msgs/msg/PWMCommand.idl
-- Installing: /home/hikari/ROScribe/ros_ws/src/install/custom_msgs/share/custom_msgs/msg/MotorStatus.idl
-- Installing: /home/hikari/ROScribe/ros_ws/src/install/custom_msgs/share/custom_msgs/msg/MotorFeedback.idl
-- Installing: /home/hikari/ROScribe/ros_ws/src/install/custom_msgs/share/custom_msgs/msg/MotorAlerts.idl
-- Installing: /home/hikari/ROScribe/ros_ws/src/install/custom_msgs/share/custom_msgs/msg/SystemFeedback.idl
-- Installing: /home/hikari/ROScribe/ros_ws/src/install/custom_msgs/share/custom_msgs/msg/PIDParams.idl
-- Installing: /home/hikari/ROScribe/ros_ws/src/install/custom_msgs/share/custom_msgs/msg/UpdatedPIDParams.idl
-- Installing: /home/hikari/ROScribe/ros_ws/src/install/custom_msgs/share/custom_msgs/msg/TuningStatus.idl
-- Installing: /home/hikari/ROScribe/ros_ws/src/install/custom_msgs/share/custom_msgs/msg/ServoFeedback.idl
-- Installing: /home/hikari/ROScribe/ros_ws/src/install/custom_msgs/share/custom_msgs/msg/ServoSetpoint.idl
-- Installing: /home/hikari/ROScribe/ros_ws/src/install/custom_msgs/share/custom_msgs/msg/ServoStatus.idl
-- Installing: /home/hikari/ROScribe/ros_ws/src/install/custom_msgs/share/custom_msgs/msg/BatteryStatus.idl
-- Installing: /home/hikari/ROScribe/ros_ws/src/install/custom_msgs/share/custom_msgs/msg/ServoSpeed.idl
-- Installing: /home/hikari/ROScribe/ros_ws/src/install/custom_msgs/share/custom_msgs/msg/TargetPosition.idl
-- Installing: /home/hikari/ROScribe/ros_ws/src/install/custom_msgs/share/custom_msgs/msg/SystemLogs.idl
-- Installing: /home/hikari/ROScribe/ros_ws/src/install/custom_msgs/share/custom_msgs/msg/VoltageReading.idl
-- Installing: /home/hikari/ROScribe/ros_ws/src/install/custom_msgs/share/custom_msgs/msg/AnalogInput.msg
-- Installing: /home/hikari/ROScribe/ros_ws/src/install/custom_msgs/share/custom_msgs/msg/PWMCommand.msg
-- Installing: /home/hikari/ROScribe/ros_ws/src/install/custom_msgs/share/custom_msgs/msg/MotorStatus.msg
-- Installing: /home/hikari/ROScribe/ros_ws/src/install/custom_msgs/share/custom_msgs/msg/MotorFeedback.msg
-- Installing: /home/hikari/ROScribe/ros_ws/src/install/custom_msgs/share/custom_msgs/msg/MotorAlerts.msg
-- Installing: /home/hikari/ROScribe/ros_ws/src/install/custom_msgs/share/custom_msgs/msg/SystemFeedback.msg
-- Installing: /home/hikari/ROScribe/ros_ws/src/install/custom_msgs/share/custom_msgs/msg/PIDParams.msg
-- Installing: /home/hikari/ROScribe/ros_ws/src/install/custom_msgs/share/custom_msgs/msg/UpdatedPIDParams.msg
-- Installing: /home/hikari/ROScribe/ros_ws/src/install/custom_msgs/share/custom_msgs/msg/TuningStatus.msg
-- Installing: /home/hikari/ROScribe/ros_ws/src/install/custom_msgs/share/custom_msgs/msg/ServoFeedback.msg
-- Installing: /home/hikari/ROScribe/ros_ws/src/install/custom_msgs/share/custom_msgs/msg/ServoSetpoint.msg
-- Installing: /home/hikari/ROScribe/ros_ws/src/install/custom_msgs/share/custom_msgs/msg/ServoStatus.msg
-- Installing: /home/hikari/ROScribe/ros_ws/src/install/custom_msgs/share/custom_msgs/msg/BatteryStatus.msg
-- Installing: /home/hikari/ROScribe/ros_ws/src/install/custom_msgs/share/custom_msgs/msg/ServoSpeed.msg
-- Installing: /home/hikari/ROScribe/ros_ws/src/install/custom_msgs/share/custom_msgs/msg/TargetPosition.msg
-- Installing: /home/hikari/ROScribe/ros_ws/src/install/custom_msgs/share/custom_msgs/msg/SystemLogs.msg
-- Installing: /home/hikari/ROScribe/ros_ws/src/install/custom_msgs/share/custom_msgs/msg/VoltageReading.msg
-- Installing: /home/hikari/ROScribe/ros_ws/src/install/custom_msgs/share/ament_index/resource_index/package_run_dependencies/custom_msgs
-- Installing: /home/hikari/ROScribe/ros_ws/src/install/custom_msgs/share/ament_index/resource_index/parent_prefix_path/custom_msgs
-- Installing: /home/hikari/ROScribe/ros_ws/src/install/custom_msgs/share/custom_msgs/environment/ament_prefix_path.sh
-- Installing: /home/hikari/ROScribe/ros_ws/src/install/custom_msgs/share/custom_msgs/environment/ament_prefix_path.dsv
-- Installing: /home/hikari/ROScribe/ros_ws/src/install/custom_msgs/share/custom_msgs/environment/path.sh
-- Installing: /home/hikari/ROScribe/ros_ws/src/install/custom_msgs/share/custom_msgs/environment/path.dsv
-- Installing: /home/hikari/ROScribe/ros_ws/src/install/custom_msgs/share/custom_msgs/local_setup.bash
-- Installing: /home/hikari/ROScribe/ros_ws/src/install/custom_msgs/share/custom_msgs/local_setup.sh
-- Installing: /home/hikari/ROScribe/ros_ws/src/install/custom_msgs/share/custom_msgs/local_setup.zsh
-- Installing: /home/hikari/ROScribe/ros_ws/src/install/custom_msgs/share/custom_msgs/local_setup.dsv
-- Installing: /home/hikari/ROScribe/ros_ws/src/install/custom_msgs/share/custom_msgs/package.dsv
-- Installing: /home/hikari/ROScribe/ros_ws/src/install/custom_msgs/share/ament_index/resource_index/packages/custom_msgs
-- Installing: /home/hikari/ROScribe/ros_ws/src/install/custom_msgs/share/custom_msgs/cmake/export_custom_msgs__rosidl_generator_cExport.cmake
-- Installing: /home/hikari/ROScribe/ros_ws/src/install/custom_msgs/share/custom_msgs/cmake/export_custom_msgs__rosidl_generator_cExport-noconfig.cmake
-- Installing: /home/hikari/ROScribe/ros_ws/src/install/custom_msgs/share/custom_msgs/cmake/export_custom_msgs__rosidl_typesupport_fastrtps_cExport.cmake
-- Installing: /home/hikari/ROScribe/ros_ws/src/install/custom_msgs/share/custom_msgs/cmake/export_custom_msgs__rosidl_typesupport_fastrtps_cExport-noconfig.cmake
-- Installing: /home/hikari/ROScribe/ros_ws/src/install/custom_msgs/share/custom_msgs/cmake/custom_msgs__rosidl_typesupport_introspection_cExport.cmake
-- Installing: /home/hikari/ROScribe/ros_ws/src/install/custom_msgs/share/custom_msgs/cmake/custom_msgs__rosidl_typesupport_introspection_cExport-noconfig.cmake
-- Installing: /home/hikari/ROScribe/ros_ws/src/install/custom_msgs/share/custom_msgs/cmake/custom_msgs__rosidl_typesupport_cExport.cmake
-- Installing: /home/hikari/ROScribe/ros_ws/src/install/custom_msgs/share/custom_msgs/cmake/custom_msgs__rosidl_typesupport_cExport-noconfig.cmake
-- Installing: /home/hikari/ROScribe/ros_ws/src/install/custom_msgs/share/custom_msgs/cmake/export_custom_msgs__rosidl_generator_cppExport.cmake
-- Installing: /home/hikari/ROScribe/ros_ws/src/install/custom_msgs/share/custom_msgs/cmake/export_custom_msgs__rosidl_typesupport_fastrtps_cppExport.cmake
-- Installing: /home/hikari/ROScribe/ros_ws/src/install/custom_msgs/share/custom_msgs/cmake/export_custom_msgs__rosidl_typesupport_fastrtps_cppExport-noconfig.cmake
-- Installing: /home/hikari/ROScribe/ros_ws/src/install/custom_msgs/share/custom_msgs/cmake/custom_msgs__rosidl_typesupport_introspection_cppExport.cmake
-- Installing: /home/hikari/ROScribe/ros_ws/src/install/custom_msgs/share/custom_msgs/cmake/custom_msgs__rosidl_typesupport_introspection_cppExport-noconfig.cmake
-- Installing: /home/hikari/ROScribe/ros_ws/src/install/custom_msgs/share/custom_msgs/cmake/custom_msgs__rosidl_typesupport_cppExport.cmake
-- Installing: /home/hikari/ROScribe/ros_ws/src/install/custom_msgs/share/custom_msgs/cmake/custom_msgs__rosidl_typesupport_cppExport-noconfig.cmake
-- Installing: /home/hikari/ROScribe/ros_ws/src/install/custom_msgs/share/custom_msgs/cmake/export_custom_msgs__rosidl_generator_pyExport.cmake
-- Installing: /home/hikari/ROScribe/ros_ws/src/install/custom_msgs/share/custom_msgs/cmake/export_custom_msgs__rosidl_generator_pyExport-noconfig.cmake
-- Installing: /home/hikari/ROScribe/ros_ws/src/install/custom_msgs/share/custom_msgs/cmake/rosidl_cmake-extras.cmake
-- Installing: /home/hikari/ROScribe/ros_ws/src/install/custom_msgs/share/custom_msgs/cmake/ament_cmake_export_include_directories-extras.cmake
-- Installing: /home/hikari/ROScribe/ros_ws/src/install/custom_msgs/share/custom_msgs/cmake/ament_cmake_export_libraries-extras.cmake
-- Installing: /home/hikari/ROScribe/ros_ws/src/install/custom_msgs/share/custom_msgs/cmake/ament_cmake_export_targets-extras.cmake
-- Installing: /home/hikari/ROScribe/ros_ws/src/install/custom_msgs/share/custom_msgs/cmake/rosidl_cmake_export_typesupport_targets-extras.cmake
-- Installing: /home/hikari/ROScribe/ros_ws/src/install/custom_msgs/share/custom_msgs/cmake/ament_cmake_export_dependencies-extras.cmake
-- Installing: /home/hikari/ROScribe/ros_ws/src/install/custom_msgs/share/custom_msgs/cmake/rosidl_cmake_export_typesupport_libraries-extras.cmake
-- Installing: /home/hikari/ROScribe/ros_ws/src/install/custom_msgs/share/custom_msgs/cmake/custom_msgsConfig.cmake
-- Installing: /home/hikari/ROScribe/ros_ws/src/install/custom_msgs/share/custom_msgs/cmake/custom_msgsConfig-version.cmake
-- Installing: /home/hikari/ROScribe/ros_ws/src/install/custom_msgs/share/custom_msgs/package.xml
